 lattice_pars_list
&LATTICE_PARS_LIST
 LATTICE_PARS%NAME="Au",
 LATTICE_PARS%ETA2=  3.1634000000000002     ,
 LATTICE_PARS%N0=  4.7440799999999998E-002,
 LATTICE_PARS%E0= -3.7999999999999998     ,
 LATTICE_PARS%LAMBDA=  4.1233800000000000     ,
 LATTICE_PARS%V0=  2.3210000000000002     ,
 LATTICE_PARS%KAPPA=  5.4291799999999997     ,
 LATTICE_PARS%S0=  1.6417400000000000     ,
 /
 particle_pars_list
&PARTICLE_PARS_LIST
 PARTICLE_PARS%NAME="H ",
 PARTICLE_PARS%ETA2=  5.4253999999999998     ,
 PARTICLE_PARS%N0= 0.18220500000000001     ,
 PARTICLE_PARS%E0= -2.3710000000000000     ,
 PARTICLE_PARS%LAMBDA=  7.7270899999999996     ,
 PARTICLE_PARS%V0= 0.42699999999999999     ,
 PARTICLE_PARS%KAPPA=  8.8628199999999993     ,
 PARTICLE_PARS%S0= 0.68041099999999999     ,
 /


the reference energy =  43.06611 eV


     0.0000000000    0.0000000000   15.2763096766    0.2418992592
     0.0000000000    0.0000000000   15.4763111108    0.2461721604
     0.0000000000    0.0000000000   15.6763125471   -0.0044454189
     0.0000000000    0.0000000000   15.8763139834   -0.4433666693
     0.0000000000    0.0000000000   16.0763154196   -0.9298372925
     0.0000000000    0.0000000000   16.2763168559   -1.3288967967
     0.0000000000    0.0000000000   16.4763182901   -1.5652105115
     0.0000000000    0.0000000000   16.6763197264   -1.6209476845
     0.0000000000    0.0000000000   16.8763211627   -1.4963530927
     0.0000000000    0.0000000000   17.0763225989   -1.1935164528
     0.0000000000    0.0000000000   17.2763240352   -0.7484451091
     0.0000000000    0.0000000000   17.4763254715   -0.2621922134
     0.0000000000    0.0000000000   17.6763269057    0.1192890584
     0.0000000000    0.0000000000   17.8763283420    0.2743002025
     0.0000000000    0.0000000000   18.0763297783    0.1817897207
     0.0000000000    0.0000000000   18.2763312145   -0.0438357798
     0.0000000000    0.0000000000   18.4763326508   -0.1670315524
     0.0000000000    0.0000000000   18.6763340850    0.1816233285
     0.0000000000    0.0000000000   18.8763355213    1.7195368052
     0.0000000000    0.0000000000   19.0763369576    6.1530977451
     0.0000000000    0.0000000000   19.2763383939   17.6680718167
     0.0000000000    0.0000000000    1.0000071793   16.5977070437
     0.0000000000    0.0000000000    1.2000086156    4.7276701508
     0.0000000000    0.0000000000    1.4000100519    0.0185160216
     0.0000000000    0.0000000000    1.6000114881   -1.6494639544
     0.0000000000    0.0000000000    1.8000129224   -2.0113455201
     0.0000000000    0.0000000000    2.0000143586   -1.8467680461
     0.0000000000    0.0000000000    2.2000157949   -1.5120329132
     0.0000000000    0.0000000000    2.4000172312   -1.1630871204
     0.0000000000    0.0000000000    2.6000186674   -0.8602662646
     0.0000000000    0.0000000000    2.8000201017   -0.6196001908
     0.0000000000    0.0000000000    3.0000215380   -0.4376853117
     0.0000000000    0.0000000000    3.2000229742   -0.3046734580
     0.0000000000    0.0000000000    3.4000244105   -0.2096615854
     0.0000000000    0.0000000000    3.6000258468   -0.1429522795
     0.0000000000    0.0000000000    3.8000272830   -0.0967254885
     0.0000000000    0.0000000000    4.0000287173   -0.0648781833
     0.0000000000    0.0000000000    4.2000301535   -0.0400351637
     0.0000000000    0.0000000000    4.4000315898   -0.0237961050
     0.0000000000    0.0000000000    4.6000330261   -0.0153872639
     0.0000000000    0.0000000000    4.8000344624   -0.0099451511
     0.0000000000    0.0000000000    5.0000358966   -0.0062893369
     0.0000000000    0.0000000000    5.2000373329   -0.0013288358
     0.0000000000    0.0000000000    5.4000387691   -0.0000266580
     0.0000000000    0.0000000000    5.6000402054   -0.0000004155
     0.0000000000    0.0000000000    5.8000416417   -0.0000000061
     0.0000000000    0.0000000000    6.0000430779   -0.0000000001
     0.4950926067    0.0000000000   15.2763096766    3.3200272920
     0.4950926067    0.0000000000   15.4763111108    3.4580483319
     0.4950926067    0.0000000000   15.6763125471    2.8682062535
     0.4950926067    0.0000000000   15.8763139834    1.7835164183
     0.4950926067    0.0000000000   16.0763154196    0.6053820540
     0.4950926067    0.0000000000   16.2763168559   -0.3316987673
     0.4950926067    0.0000000000   16.4763182901   -0.8725015215
     0.4950926067    0.0000000000   16.6763197264   -0.9983684935
     0.4950926067    0.0000000000   16.8763211627   -0.7160884249
     0.4950926067    0.0000000000   17.0763225989   -0.0170095143
     0.4950926067    0.0000000000   17.2763240352    1.0404288504
     0.4950926067    0.0000000000   17.4763254715    2.2302916742
     0.4950926067    0.0000000000   17.6763269057    3.1702808401
     0.4950926067    0.0000000000   17.8763283420    3.4934457606
     0.4950926067    0.0000000000   18.0763297783    3.0877790012
     0.4950926067    0.0000000000   18.2763312145    2.1946537843
     0.4950926067    0.0000000000   18.4763326508    1.2744100701
     0.4950926067    0.0000000000   18.6763340850    0.8086541057
     0.4950926067    0.0000000000   18.8763355213    1.3041010761
     0.4950926067    0.0000000000   19.0763369576    3.6550047375
     0.4950926067    0.0000000000   19.2763383939    9.8125030216
     0.4950926067    0.0000000000    1.0000071793    8.5340141720
     0.4950926067    0.0000000000    1.2000086156    1.9062171810
     0.4950926067    0.0000000000    1.4000100519   -0.9084128422
     0.4950926067    0.0000000000    1.6000114881   -1.8797629333
     0.4950926067    0.0000000000    1.8000129224   -1.9997435013
     0.4950926067    0.0000000000    2.0000143586   -1.7683769932
     0.4950926067    0.0000000000    2.2000157949   -1.4305218836
     0.4950926067    0.0000000000    2.4000172312   -1.0976796299
     0.4950926067    0.0000000000    2.6000186674   -0.8132887701
     0.4950926067    0.0000000000    2.8000201017   -0.5878622795
     0.4950926067    0.0000000000    3.0000215380   -0.4171067425
     0.4950926067    0.0000000000    3.2000229742   -0.2917081462
     0.4950926067    0.0000000000    3.4000244105   -0.2016657767
     0.4950926067    0.0000000000    3.6000258468   -0.1380788371
     0.4950926067    0.0000000000    3.8000272830   -0.0934000946
     0.4950926067    0.0000000000    4.0000287173   -0.0617444216
     0.4950926067    0.0000000000    4.2000301535   -0.0404976588
     0.4950926067    0.0000000000    4.4000315898   -0.0248765934
     0.4950926067    0.0000000000    4.6000330261   -0.0147183129
     0.4950926067    0.0000000000    4.8000344624   -0.0094061032
     0.4950926067    0.0000000000    5.0000358966   -0.0058688199
     0.4950926067    0.0000000000    5.2000373329   -0.0008866188
     0.4950926067    0.0000000000    5.4000387691   -0.0000167090
     0.4950926067    0.0000000000    5.6000402054   -0.0000002627
     0.4950926067    0.0000000000    5.8000416417   -0.0000000039
     0.4950926067    0.0000000000    6.0000430779   -0.0000000001
     0.9901852128    0.0000000000   15.2763096766   17.8509200829
     0.9901852128    0.0000000000   15.4763111108   18.7604582135
     0.9901852128    0.0000000000   15.6763125471   16.1231166715
     0.9901852128    0.0000000000   15.8763139834   11.4196430522
     0.9901852128    0.0000000000   16.0763154196    6.7290498064
     0.9901852128    0.0000000000   16.2763168559    3.3165209494
     0.9901852128    0.0000000000   16.4763182901    1.4771384821
     0.9901852128    0.0000000000   16.6763197264    1.0632938155
     0.9901852128    0.0000000000   16.8763211627    1.9990678217
     0.9901852128    0.0000000000   17.0763225989    4.4310059087
     0.9901852128    0.0000000000   17.2763240352    8.4091894531
     0.9901852128    0.0000000000   17.4763254715   13.3143679158
     0.9901852128    0.0000000000   17.6763269057   17.4855716820
     0.9901852128    0.0000000000   17.8763283420   18.8526020004
     0.9901852128    0.0000000000   18.0763297783   16.6171085117
     0.9901852128    0.0000000000   18.2763312145   12.0542692956
     0.9901852128    0.0000000000   18.4763326508    7.2673899937
     0.9901852128    0.0000000000   18.6763340850    3.6575231096
     0.9901852128    0.0000000000   18.8763355213    1.6171945852
     0.9901852128    0.0000000000   19.0763369576    1.0182945313
     0.9901852128    0.0000000000   19.2763383939    1.7516869688
     0.9901852128    0.0000000000   19.4763398301    3.9401009113
     0.9901852128    0.0000000000   19.6763412664    7.6780949879
     0.9901852128    0.0000000000   19.8763427006   12.4727951009
     0.9901852128    0.0000000000   20.0763441369   16.7957247583
     0.9901852128    0.0000000000    0.0000000000   18.5397501559
     0.9901852128    0.0000000000    0.2000014363   16.6421132727
     0.9901852128    0.0000000000    0.4000028725   12.1251158438
     0.9901852128    0.0000000000    0.6000043068    7.0555082034
     0.9901852128    0.0000000000    0.8000057430    2.9254194126
     0.9901852128    0.0000000000    1.0000071793    0.1954391438
     0.9901852128    0.0000000000    1.2000086156   -1.3025471735
     0.9901852128    0.0000000000    1.4000100519   -1.9305936915
     0.9901852128    0.0000000000    1.6000114881   -2.0289536600
     0.9901852128    0.0000000000    1.8000129224   -1.8497360702
     0.9901852128    0.0000000000    2.0000143586   -1.5559116094
     0.9901852128    0.0000000000    2.2000157949   -1.2416360307
     0.9901852128    0.0000000000    2.4000172312   -0.9543756572
     0.9901852128    0.0000000000    2.6000186674   -0.7131731825
     0.9901852128    0.0000000000    2.8000201017   -0.5211218122
     0.9901852128    0.0000000000    3.0000215380   -0.3740901349
     0.9901852128    0.0000000000    3.2000229742   -0.2646557187
     0.9901852128    0.0000000000    3.4000244105   -0.1847532195
     0.9901852128    0.0000000000    3.6000258468   -0.1275422123
     0.9901852128    0.0000000000    3.8000272830   -0.0864980188
     0.9901852128    0.0000000000    4.0000287173   -0.0585766094
     0.9901852128    0.0000000000    4.2000301535   -0.0394386970
     0.9901852128    0.0000000000    4.4000315898   -0.0253087772
     0.9901852128    0.0000000000    4.6000330261   -0.0152719167
     0.9901852128    0.0000000000    4.8000344624   -0.0084675084
     0.9901852128    0.0000000000    5.0000358966   -0.0042993651
     0.9901852128    0.0000000000    5.2000373329   -0.0002329346
     0.9901852128    0.0000000000    5.4000387691   -0.0000041347
     0.9901852128    0.0000000000    5.6000402054   -0.0000000669
     0.9901852128    0.0000000000    5.8000416417   -0.0000000010
     0.9901852128    0.0000000000    6.0000430779   -0.0000000000
     1.4852778195    0.0000000000   16.0763154196   12.2294545616
     1.4852778195    0.0000000000   16.2763168559    6.3099952485
     1.4852778195    0.0000000000   16.4763182901    3.2612709047
     1.4852778195    0.0000000000   16.6763197264    2.5902424365
     1.4852778195    0.0000000000   16.8763211627    4.1155902782
     1.4852778195    0.0000000000   17.0763225989    8.2068320537
     1.4852778195    0.0000000000   17.2763240352   15.2616769874
     1.4852778195    0.0000000000   18.4763326508   12.8772818523
     1.4852778195    0.0000000000   18.6763340850    6.2888835499
     1.4852778195    0.0000000000   18.8763355213    2.3964357128
     1.4852778195    0.0000000000   19.0763369576    0.5097165952
     1.4852778195    0.0000000000   19.2763383939   -0.1158132748
     1.4852778195    0.0000000000   19.4763398301    0.0270603433
     1.4852778195    0.0000000000   19.6763412664    0.6472707813
     1.4852778195    0.0000000000   19.8763427006    1.4693332691
     1.4852778195    0.0000000000   20.0763441369    2.1539102927
     1.4852778195    0.0000000000    0.0000000000    2.3837762679
     1.4852778195    0.0000000000    0.2000014363    2.0164433787
     1.4852778195    0.0000000000    0.4000028725    1.1585529540
     1.4852778195    0.0000000000    0.6000043068    0.0900548564
     1.4852778195    0.0000000000    0.8000057430   -0.8939707456
     1.4852778195    0.0000000000    1.0000071793   -1.6030870087
     1.4852778195    0.0000000000    1.2000086156   -1.9801196221
     1.4852778195    0.0000000000    1.4000100519   -2.0653326267
     1.4852778195    0.0000000000    1.6000114881   -1.9434932288
     1.4852778195    0.0000000000    1.8000129224   -1.7033313417
     1.4852778195    0.0000000000    2.0000143586   -1.4165367067
     1.4852778195    0.0000000000    2.2000157949   -1.1311994179
     1.4852778195    0.0000000000    2.4000172312   -0.8747883704
     1.4852778195    0.0000000000    2.6000186674   -0.6589750992
     1.4852778195    0.0000000000    2.8000201017   -0.4857696695
     1.4852778195    0.0000000000    3.0000215380   -0.3518585935
     1.4852778195    0.0000000000    3.2000229742   -0.2507900218
     1.4852778195    0.0000000000    3.4000244105   -0.1754390551
     1.4852778195    0.0000000000    3.6000258468   -0.1217179540
     1.4852778195    0.0000000000    3.8000272830   -0.0837792313
     1.4852778195    0.0000000000    4.0000287173   -0.0571723248
     1.4852778195    0.0000000000    4.2000301535   -0.0386972031
     1.4852778195    0.0000000000    4.4000315898   -0.0252438123
     1.4852778195    0.0000000000    4.6000330261   -0.0150195897
     1.4852778195    0.0000000000    4.8000344624   -0.0095132135
     1.4852778195    0.0000000000    5.0000358966   -0.0016620975
     1.4852778195    0.0000000000    5.2000373329   -0.0000376265
     1.4852778195    0.0000000000    5.4000387691   -0.0000006890
     1.4852778195    0.0000000000    5.6000402054   -0.0000000118
     1.4852778195    0.0000000000    5.8000416417   -0.0000000002
     1.4852778195    0.0000000000    6.0000430779   -0.0000000000
     0.7426389097    0.4287627438   15.2763096766    2.3901108384
     0.7426389097    0.4287627438   15.4763111108    2.5321655177
     0.7426389097    0.4287627438   15.6763125471    2.1148355620
     0.7426389097    0.4287627438   15.8763139834    1.3265606903
     0.7426389097    0.4287627438   16.0763154196    0.5001915696
     0.7426389097    0.4287627438   16.2763168559   -0.0402306697
     0.7426389097    0.4287627438   16.4763182901   -0.0312239077
     0.7426389097    0.4287627438   16.6763197264    0.8503943299
     0.7426389097    0.4287627438   16.8763211627    3.1660283536
     0.7426389097    0.4287627438   17.0763225989    7.6920706127
     0.7426389097    0.4287627438   17.2763240352   14.9938488225
     0.7426389097    0.4287627438   18.4763326508   13.1936655657
     0.7426389097    0.4287627438   18.6763340850    6.8879607570
     0.7426389097    0.4287627438   18.8763355213    3.4918721748
     0.7426389097    0.4287627438   19.0763369576    2.5212335600
     0.7426389097    0.4287627438   19.2763383939    3.7177886918
     0.7426389097    0.4287627438   19.4763398301    7.3915547613
     0.7426389097    0.4287627438   19.6763412664   14.0005940718
     0.7426389097    0.4287627438    0.6000043068   13.2329815033
     0.7426389097    0.4287627438    0.8000057430    6.0953392838
     0.7426389097    0.4287627438    1.0000071793    1.6425830984
     0.7426389097    0.4287627438    1.2000086156   -0.7319325385
     0.7426389097    0.4287627438    1.4000100519   -1.7653796070
     0.7426389097    0.4287627438    1.6000114881   -2.0299366186
     0.7426389097    0.4287627438    1.8000129224   -1.9046964174
     0.7426389097    0.4287627438    2.0000143586   -1.6174882878
     0.7426389097    0.4287627438    2.2000157949   -1.2930382046
     0.7426389097    0.4287627438    2.4000172312   -0.9923376201
     0.7426389097    0.4287627438    2.6000186674   -0.7393402992
     0.7426389097    0.4287627438    2.8000201017   -0.5384221888
     0.7426389097    0.4287627438    3.0000215380   -0.3851927810
     0.7426389097    0.4287627438    3.2000229742   -0.2716738312
     0.7426389097    0.4287627438    3.4000244105   -0.1892308217
     0.7426389097    0.4287627438    3.6000258468   -0.1298349569
     0.7426389097    0.4287627438    3.8000272830   -0.0885047444
     0.7426389097    0.4287627438    4.0000287173   -0.0597490655
     0.7426389097    0.4287627438    4.2000301535   -0.0387717095
     0.7426389097    0.4287627438    4.4000315898   -0.0256005599
     0.7426389097    0.4287627438    4.6000330261   -0.0154281377
     0.7426389097    0.4287627438    4.8000344624   -0.0084607658
     0.7426389097    0.4287627438    5.0000358966   -0.0048970420
     0.7426389097    0.4287627438    5.2000373329   -0.0003680074
     0.7426389097    0.4287627438    5.4000387691   -0.0000065783
     0.7426389097    0.4287627438    5.6000402054   -0.0000001054
     0.7426389097    0.4287627438    5.8000416417   -0.0000000016
     0.7426389097    0.4287627438    6.0000430779   -0.0000000000
     1.2377315164    0.4287627438   15.2763096766    3.2511729677
     1.2377315164    0.4287627438   15.4763111108    3.4807773680
     1.2377315164    0.4287627438   15.6763125471    2.9935919639
     1.2377315164    0.4287627438   15.8763139834    2.0706301569
     1.2377315164    0.4287627438   16.0763154196    1.1854454571
     1.2377315164    0.4287627438   16.2763168559    0.8193867904
     1.2377315164    0.4287627438   16.4763182901    1.5086825396
     1.2377315164    0.4287627438   16.6763197264    4.2539053690
     1.2377315164    0.4287627438   16.8763211627   11.2071109647
     1.2377315164    0.4287627438   18.8763355213    8.8510161228
     1.2377315164    0.4287627438   19.0763369576    3.2611133520
     1.2377315164    0.4287627438   19.2763383939    1.1741109108
     1.2377315164    0.4287627438   19.4763398301    0.8044957882
     1.2377315164    0.4287627438   19.6763412664    1.3250741019
     1.2377315164    0.4287627438   19.8763427006    2.2381324308
     1.2377315164    0.4287627438   20.0763441369    3.0568962718
     1.2377315164    0.4287627438    0.0000000000    3.3344195151
     1.2377315164    0.4287627438    0.2000014363    2.8645851433
     1.2377315164    0.4287627438    0.4000028725    1.7911861897
     1.2377315164    0.4287627438    0.6000043068    0.4856441246
     1.2377315164    0.4287627438    0.8000057430   -0.6863139892
     1.2377315164    0.4287627438    1.0000071793   -1.5135823640
     1.2377315164    0.4287627438    1.2000086156   -1.9517929031
     1.2377315164    0.4287627438    1.4000100519   -2.0628598430
     1.2377315164    0.4287627438    1.6000114881   -1.9490222680
     1.2377315164    0.4287627438    1.8000129224   -1.7095966698
     1.2377315164    0.4287627438    2.0000143586   -1.4211433307
     1.2377315164    0.4287627438    2.2000157949   -1.1341359640
     1.2377315164    0.4287627438    2.4000172312   -0.8765545079
     1.2377315164    0.4287627438    2.6000186674   -0.6600685038
     1.2377315164    0.4287627438    2.8000201017   -0.4862987723
     1.2377315164    0.4287627438    3.0000215380   -0.3519205802
     1.2377315164    0.4287627438    3.2000229742   -0.2506960311
     1.2377315164    0.4287627438    3.4000244105   -0.1760936892
     1.2377315164    0.4287627438    3.6000258468   -0.1223106678
     1.2377315164    0.4287627438    3.8000272830   -0.0838701205
     1.2377315164    0.4287627438    4.0000287173   -0.0568969426
     1.2377315164    0.4287627438    4.2000301535   -0.0378143186
     1.2377315164    0.4287627438    4.4000315898   -0.0250845634
     1.2377315164    0.4287627438    4.6000330261   -0.0163231280
     1.2377315164    0.4287627438    4.8000344624   -0.0086050354
     1.2377315164    0.4287627438    5.0000358966   -0.0021759767
     1.2377315164    0.4287627438    5.2000373329   -0.0000585967
     1.2377315164    0.4287627438    5.4000387691   -0.0000010510
     1.2377315164    0.4287627438    5.6000402054   -0.0000000176
     1.2377315164    0.4287627438    5.8000416417   -0.0000000003
     1.2377315164    0.4287627438    6.0000430779   -0.0000000000
     1.4852778195    0.8575254875   15.2763096766    0.1532319595
     1.4852778195    0.8575254875   15.4763111108    0.2754639397
     1.4852778195    0.8575254875   15.6763125471    0.1574679600
     1.4852778195    0.8575254875   15.8763139834   -0.0688812826
     1.4852778195    0.8575254875   16.0763154196   -0.1518724982
     1.4852778195    0.8575254875   16.2763168559    0.3090209756
     1.4852778195    0.8575254875   16.4763182901    2.1224124202
     1.4852778195    0.8575254875   16.6763197264    7.2178901745
     1.4852778195    0.8575254875   18.8763355213   15.7512438508
     1.4852778195    0.8575254875   19.0763369576    5.4219400269
     1.4852778195    0.8575254875   19.2763383939    1.4477072386
     1.4852778195    0.8575254875   19.4763398301    0.0921490177
     1.4852778195    0.8575254875   19.6763412664   -0.1874530296
     1.4852778195    0.8575254875   19.8763427006   -0.0516350795
     1.4852778195    0.8575254875   20.0763441369    0.1471740115
     1.4852778195    0.8575254875    0.0000000000    0.1839045111
     1.4852778195    0.8575254875    0.2000014363   -0.0429874827
     1.4852778195    0.8575254875    0.4000028725   -0.5008366955
     1.4852778195    0.8575254875    0.6000043068   -1.0611055546
     1.4852778195    0.8575254875    0.8000057430   -1.5726581015
     1.4852778195    0.8575254875    1.0000071793   -1.9255736896
     1.4852778195    0.8575254875    1.2000086156   -2.0773245779
     1.4852778195    0.8575254875    1.4000100519   -2.0438233020
     1.4852778195    0.8575254875    1.6000114881   -1.8740990349
     1.4852778195    0.8575254875    1.8000129224   -1.6254641467
     1.4852778195    0.8575254875    2.0000143586   -1.3483337846
     1.4852778195    0.8575254875    2.2000157949   -1.0784347784
     1.4852778195    0.8575254875    2.4000172312   -0.8366227110
     1.4852778195    0.8575254875    2.6000186674   -0.6326233098
     1.4852778195    0.8575254875    2.8000201017   -0.4683060328
     1.4852778195    0.8575254875    3.0000215380   -0.3406094894
     1.4852778195    0.8575254875    3.2000229742   -0.2439340219
     1.4852778195    0.8575254875    3.4000244105   -0.1723727738
     1.4852778195    0.8575254875    3.6000258468   -0.1203536834
     1.4852778195    0.8575254875    3.8000272830   -0.0823441232
     1.4852778195    0.8575254875    4.0000287173   -0.0551141262
     1.4852778195    0.8575254875    4.2000301535   -0.0372618233
     1.4852778195    0.8575254875    4.4000315898   -0.0250493719
     1.4852778195    0.8575254875    4.6000330261   -0.0167009465
     1.4852778195    0.8575254875    4.8000344624   -0.0092505604
     1.4852778195    0.8575254875    5.0000358966   -0.0005964446
     1.4852778195    0.8575254875    5.2000373329   -0.0000125728
     1.4852778195    0.8575254875    5.4000387691   -0.0000002372
     1.4852778195    0.8575254875    5.6000402054   -0.0000000042
     1.4852778195    0.8575254875    5.8000416417   -0.0000000001
     1.4852778195    0.8575254875    6.0000430779   -0.0000000000
    -2.2279166781    4.7163903687   16.0763154196   11.8837170700
    -2.2279166781    4.7163903687   16.2763168559    5.6577575750
    -2.2279166781    4.7163903687   16.4763182901    2.0673384592
    -2.2279166781    4.7163903687   16.6763197264    0.3823308309
    -2.2279166781    4.7163903687   16.8763211627   -0.1163130478
    -2.2279166781    4.7163903687   17.0763225989    0.1144790324
    -2.2279166781    4.7163903687   17.2763240352    0.7973632714
    -2.2279166781    4.7163903687   17.4763254715    1.6506946675
    -2.2279166781    4.7163903687   17.6763269057    2.3326610477
    -2.2279166781    4.7163903687   17.8763283420    2.5463948791
    -2.2279166781    4.7163903687   18.0763297783    2.1941161883
    -2.2279166781    4.7163903687   18.2763312145    1.4353214793
    -2.2279166781    4.7163903687   18.4763326508    0.5930512523
    -2.2279166781    4.7163903687   18.6763340850   -0.0026571608
    -2.2279166781    4.7163903687   18.8763355213   -0.0868726174
    -2.2279166781    4.7163903687   19.0763369576    0.6389760762
    -2.2279166781    4.7163903687   19.2763383939    2.6925534961
    -2.2279166781    4.7163903687   19.4763398301    6.8328432223
    -2.2279166781    4.7163903687   19.6763412664   13.7052721050
    -2.2279166781    4.7163903687    0.6000043068   13.2295297988
    -2.2279166781    4.7163903687    0.8000057430    6.0938862708
    -2.2279166781    4.7163903687    1.0000071793    1.6420346030
    -2.2279166781    4.7163903687    1.2000086156   -0.7320946168
    -2.2279166781    4.7163903687    1.4000100519   -1.7653947516
