 lattice_pars_list
&LATTICE_PARS_LIST
 LATTICE_PARS%NAME="Au",
 LATTICE_PARS%ETA2=  3.1634000000000002     ,
 LATTICE_PARS%KAPPA=  5.4291799999999997     ,
 LATTICE_PARS%LAMBDA=  4.1233800000000000     ,
 LATTICE_PARS%E0= -3.7999999999999998     ,
 LATTICE_PARS%N0=  4.7440799999999998E-002,
 LATTICE_PARS%S0=  1.6417400000000000     ,
 LATTICE_PARS%V0=  2.3210000000000002     ,
 /
 particle_pars_list
&PARTICLE_PARS_LIST
 PARTICLE_PARS%NAME="H ",
 PARTICLE_PARS%ETA2=  5.4253999999999998     ,
 PARTICLE_PARS%KAPPA=  8.8628199999999993     ,
 PARTICLE_PARS%LAMBDA=  7.7270899999999996     ,
 PARTICLE_PARS%E0= -2.3710000000000000     ,
 PARTICLE_PARS%N0= 0.18220500000000001     ,
 PARTICLE_PARS%S0= 0.68041099999999999     ,
 PARTICLE_PARS%V0= 0.42699999999999999     ,
 /


the reference energy =  43.06635 eV


  1    0.0000000000    0.0000000000   -5.0000000000    0.2423990243
  1    0.0000000000    0.0000000000   -4.8000000000    0.2462578416
  1    0.0000000000    0.0000000000   -4.6000000000   -0.0045731521
  1    0.0000000000    0.0000000000   -4.4000000000   -0.4435882629
  1    0.0000000000    0.0000000000   -4.2000000000   -0.9300614811
  1    0.0000000000    0.0000000000   -4.0000000000   -1.3290680397
  1    0.0000000000    0.0000000000   -3.8000000000   -1.5653111905
  1    0.0000000000    0.0000000000   -3.6000000000   -1.6209818714
  1    0.0000000000    0.0000000000   -3.4000000000   -1.4963273734
  1    0.0000000000    0.0000000000   -3.2000000000   -1.1934391539
  1    0.0000000000    0.0000000000   -3.0000000000   -0.7483379289
  1    0.0000000000    0.0000000000   -2.8000000000   -0.2620925194
  1    0.0000000000    0.0000000000   -2.6000000000    0.1193417397
  1    0.0000000000    0.0000000000   -2.4000000000    0.2742838679
  1    0.0000000000    0.0000000000   -2.2000000000    0.1817113099
  1    0.0000000000    0.0000000000   -2.0000000000   -0.0439456834
  1    0.0000000000    0.0000000000   -1.8000000000   -0.1671350743
  1    0.0000000000    0.0000000000   -1.6000000000    0.1815616893
  1    0.0000000000    0.0000000000   -1.4000000000    1.7195635025
  1    0.0000000000    0.0000000000   -1.2000000000    6.1533010517
  1    0.0000000000    0.0000000000   -1.0000000000   17.6686225400
  1    0.0000000000    0.0000000000    1.0000000000   16.5983419742
  1    0.0000000000    0.0000000000    1.2000000000    4.7279759531
  1    0.0000000000    0.0000000000    1.4000000000    0.0186523856
  1    0.0000000000    0.0000000000    1.6000000000   -1.6494171759
  1    0.0000000000    0.0000000000    1.8000000000   -2.0113449190
  1    0.0000000000    0.0000000000    2.0000000000   -1.8467888616
  1    0.0000000000    0.0000000000    2.2000000000   -1.5120612793
  1    0.0000000000    0.0000000000    2.4000000000   -1.1631157364
  1    0.0000000000    0.0000000000    2.6000000000   -0.8602917973
  1    0.0000000000    0.0000000000    2.8000000000   -0.6196214041
  1    0.0000000000    0.0000000000    3.0000000000   -0.4377021600
  1    0.0000000000    0.0000000000    3.2000000000   -0.3046864216
  1    0.0000000000    0.0000000000    3.4000000000   -0.2096713271
  1    0.0000000000    0.0000000000    3.6000000000   -0.1429594672
  1    0.0000000000    0.0000000000    3.8000000000   -0.0967307163
  1    0.0000000000    0.0000000000    4.0000000000   -0.0648820167
  1    0.0000000000    0.0000000000    4.2000000000   -0.0400387430
  1    0.0000000000    0.0000000000    4.4000000000   -0.0237977851
  1    0.0000000000    0.0000000000    4.6000000000   -0.0153883738
  1    0.0000000000    0.0000000000    4.8000000000   -0.0099459068
  1    0.0000000000    0.0000000000    5.0000000000   -0.0062899393
  1    0.0000000000    0.0000000000    5.2000000000   -0.0013296419
  1    0.0000000000    0.0000000000    5.4000000000   -0.0000266791
  1    0.0000000000    0.0000000000    5.6000000000   -0.0000004159
  1    0.0000000000    0.0000000000    5.8000000000   -0.0000000061
  1    0.0000000000    0.0000000000    6.0000000000   -0.0000000001
  2    0.4950925980    0.0000000000   -5.0000000000    3.3206305753
  2    0.4950925980    0.0000000000   -4.8000000000    3.4580605807
  2    0.4950925980    0.0000000000   -4.6000000000    2.8678218786
  2    0.4950925980    0.0000000000   -4.4000000000    1.7829606861
  2    0.4950925980    0.0000000000   -4.2000000000    0.6048568019
  2    0.4950925980    0.0000000000   -4.0000000000   -0.3320790268
  2    0.4950925980    0.0000000000   -3.8000000000   -0.8727122505
  2    0.4950925980    0.0000000000   -3.6000000000   -0.9984278685
  2    0.4950925980    0.0000000000   -3.4000000000   -0.7160118866
  2    0.4950925980    0.0000000000   -3.2000000000   -0.0168111556
  2    0.4950925980    0.0000000000   -3.0000000000    1.0407041335
  2    0.4950925980    0.0000000000   -2.8000000000    2.2305539781
  2    0.4950925980    0.0000000000   -2.6000000000    3.1704232530
  2    0.4950925980    0.0000000000   -2.4000000000    3.4934035444
  2    0.4950925980    0.0000000000   -2.2000000000    3.0875721698
  2    0.4950925980    0.0000000000   -2.0000000000    2.1943691090
  2    0.4950925980    0.0000000000   -1.8000000000    1.2741413271
  2    0.4950925980    0.0000000000   -1.6000000000    0.8084587960
  2    0.4950925980    0.0000000000   -1.4000000000    1.3040054955
  2    0.4950925980    0.0000000000   -1.2000000000    3.6550403096
  2    0.4950925980    0.0000000000   -1.0000000000    9.8127279514
  2    0.4950925980    0.0000000000    1.0000000000    8.5343489159
  2    0.4950925980    0.0000000000    1.2000000000    1.9063963118
  2    0.4950925980    0.0000000000    1.4000000000   -0.9083308689
  2    0.4950925980    0.0000000000    1.6000000000   -1.8797387431
  2    0.4950925980    0.0000000000    1.8000000000   -1.9997509988
  2    0.4950925980    0.0000000000    2.0000000000   -1.7683994985
  2    0.4950925980    0.0000000000    2.2000000000   -1.4305493821
  2    0.4950925980    0.0000000000    2.4000000000   -1.0977066398
  2    0.4950925980    0.0000000000    2.6000000000   -0.8133126828
  2    0.4950925980    0.0000000000    2.8000000000   -0.5878821642
  2    0.4950925980    0.0000000000    3.0000000000   -0.4171225929
  2    0.4950925980    0.0000000000    3.2000000000   -0.2917204024
  2    0.4950925980    0.0000000000    3.4000000000   -0.2016750368
  2    0.4950925980    0.0000000000    3.6000000000   -0.1380857163
  2    0.4950925980    0.0000000000    3.8000000000   -0.0934052218
  2    0.4950925980    0.0000000000    4.0000000000   -0.0617482417
  2    0.4950925980    0.0000000000    4.2000000000   -0.0405002682
  2    0.4950925980    0.0000000000    4.4000000000   -0.0248786580
  2    0.4950925980    0.0000000000    4.6000000000   -0.0147194887
  2    0.4950925980    0.0000000000    4.8000000000   -0.0094068172
  2    0.4950925980    0.0000000000    5.0000000000   -0.0058694553
  2    0.4950925980    0.0000000000    5.2000000000   -0.0008872022
  2    0.4950925980    0.0000000000    5.4000000000   -0.0000167222
  2    0.4950925980    0.0000000000    5.6000000000   -0.0000002630
  2    0.4950925980    0.0000000000    5.8000000000   -0.0000000039
  2    0.4950925980    0.0000000000    6.0000000000   -0.0000000001
  3    0.9901851960    0.0000000000   -5.0000000000   17.8524801873
  3    0.9901851960    0.0000000000   -4.8000000000   18.7601126328
  3    0.9901851960    0.0000000000   -4.6000000000   16.1212567286
  3    0.9901851960    0.0000000000   -4.4000000000   11.4173176749
  3    0.9901851960    0.0000000000   -4.2000000000    6.7271011491
  3    0.9901851960    0.0000000000   -4.0000000000    3.3152544278
  3    0.9901851960    0.0000000000   -3.8000000000    1.4765058687
  3    0.9901851960    0.0000000000   -3.6000000000    1.0631657235
  3    0.9901851960    0.0000000000   -3.4000000000    1.9993924350
  3    0.9901851960    0.0000000000   -3.2000000000    4.4317861826
  3    0.9901851960    0.0000000000   -3.0000000000    8.4103386550
  3    0.9901851960    0.0000000000   -2.8000000000   13.3155659969
  3    0.9901851960    0.0000000000   -2.6000000000   17.4862876747
  3    0.9901851960    0.0000000000   -2.4000000000   18.8524394513
  3    0.9901851960    0.0000000000   -2.2000000000   16.6161821753
  3    0.9901851960    0.0000000000   -2.0000000000   12.0530761873
  3    0.9901851960    0.0000000000   -1.8000000000    7.2663616276
  3    0.9901851960    0.0000000000   -1.6000000000    3.6568190672
  3    0.9901851960    0.0000000000   -1.4000000000    1.6167811678
  3    0.9901851960    0.0000000000   -1.2000000000    1.0180789942
  3    0.9901851960    0.0000000000   -1.0000000000    1.7515966178
  3    0.9901851960    0.0000000000   -0.8000000000    3.9400913360
  3    0.9901851960    0.0000000000   -0.6000000000    7.6781256077
  3    0.9901851960    0.0000000000   -0.4000000000   12.4728209088
  3    0.9901851960    0.0000000000   -0.2000000000   16.7957176961
  3    0.9901851960    0.0000000000    0.0000000000   18.5397275306
  3    0.9901851960    0.0000000000    0.2000000000   16.6421213103
  3    0.9901851960    0.0000000000    0.4000000000   12.1251760816
  3    0.9901851960    0.0000000000    0.6000000000    7.0556009808
  3    0.9901851960    0.0000000000    0.8000000000    2.9255122063
  3    0.9901851960    0.0000000000    1.0000000000    0.1955101039
  3    0.9901851960    0.0000000000    1.2000000000   -1.3025052995
  3    0.9901851960    0.0000000000    1.4000000000   -1.9305783999
  3    0.9901851960    0.0000000000    1.6000000000   -2.0289581146
  3    0.9901851960    0.0000000000    1.8000000000   -1.8497527902
  3    0.9901851960    0.0000000000    2.0000000000   -1.5559343236
  3    0.9901851960    0.0000000000    2.2000000000   -1.2416602866
  3    0.9901851960    0.0000000000    2.4000000000   -0.9543986574
  3    0.9901851960    0.0000000000    2.6000000000   -0.7131934583
  3    0.9901851960    0.0000000000    2.8000000000   -0.5211388476
  3    0.9901851960    0.0000000000    3.0000000000   -0.3741038734
  3    0.9901851960    0.0000000000    3.2000000000   -0.2646665150
  3    0.9901851960    0.0000000000    3.4000000000   -0.1847614886
  3    0.9901851960    0.0000000000    3.6000000000   -0.1275484881
  3    0.9901851960    0.0000000000    3.8000000000   -0.0865026475
  3    0.9901851960    0.0000000000    4.0000000000   -0.0585799209
  3    0.9901851960    0.0000000000    4.2000000000   -0.0394410971
  3    0.9901851960    0.0000000000    4.4000000000   -0.0253108998
  3    0.9901851960    0.0000000000    4.6000000000   -0.0152730819
  3    0.9901851960    0.0000000000    4.8000000000   -0.0084684493
  3    0.9901851960    0.0000000000    5.0000000000   -0.0043003128
  3    0.9901851960    0.0000000000    5.2000000000   -0.0002331028
  3    0.9901851960    0.0000000000    5.4000000000   -0.0000041380
  3    0.9901851960    0.0000000000    5.6000000000   -0.0000000670
  3    0.9901851960    0.0000000000    5.8000000000   -0.0000000010
  3    0.9901851960    0.0000000000    6.0000000000   -0.0000000000
  4    1.4852777940    0.0000000000   -4.2000000000   12.2260001034
  4    1.4852777940    0.0000000000   -4.0000000000    6.3078911762
  4    1.4852777940    0.0000000000   -3.8000000000    3.2602754390
  4    1.4852777940    0.0000000000   -3.6000000000    2.5900711908
  4    1.4852777940    0.0000000000   -3.4000000000    4.1161605284
  4    1.4852777940    0.0000000000   -3.2000000000    8.2082093729
  4    1.4852777940    0.0000000000   -3.0000000000   15.2638143812
  4    1.4852777940    0.0000000000   -1.8000000000   12.8754602683
  4    1.4852777940    0.0000000000   -1.6000000000    6.2877135077
  4    1.4852777940    0.0000000000   -1.4000000000    2.3957835248
  4    1.4852777940    0.0000000000   -1.2000000000    0.5093834641
  4    1.4852777940    0.0000000000   -1.0000000000   -0.1159775867
  4    1.4852777940    0.0000000000   -0.8000000000    0.0269799864
  4    1.4852777940    0.0000000000   -0.6000000000    0.6472310430
  4    1.4852777940    0.0000000000   -0.4000000000    1.4693100799
  4    1.4852777940    0.0000000000   -0.2000000000    2.1538920883
  4    1.4852777940    0.0000000000    0.0000000000    2.3837624743
  4    1.4852777940    0.0000000000    0.2000000000    2.0164393367
  4    1.4852777940    0.0000000000    0.4000000000    1.1585622573
  4    1.4852777940    0.0000000000    0.6000000000    0.0900749111
  4    1.4852777940    0.0000000000    0.8000000000   -0.8939473230
  4    1.4852777940    0.0000000000    1.0000000000   -1.6030681289
  4    1.4852777940    0.0000000000    1.2000000000   -1.9801103757
  4    1.4852777940    0.0000000000    1.4000000000   -2.0653343685
  4    1.4852777940    0.0000000000    1.6000000000   -1.9435044308
  4    1.4852777940    0.0000000000    1.8000000000   -1.7033490548
  4    1.4852777940    0.0000000000    2.0000000000   -1.4165577524
  4    1.4852777940    0.0000000000    2.2000000000   -1.1312211188
  4    1.4852777940    0.0000000000    2.4000000000   -0.8748088903
  4    1.4852777940    0.0000000000    2.6000000000   -0.6589933114
  4    1.4852777940    0.0000000000    2.8000000000   -0.4857850966
  4    1.4852777940    0.0000000000    3.0000000000   -0.3518711947
  4    1.4852777940    0.0000000000    3.2000000000   -0.2508000889
  4    1.4852777940    0.0000000000    3.4000000000   -0.1754468751
  4    1.4852777940    0.0000000000    3.6000000000   -0.1217237918
  4    1.4852777940    0.0000000000    3.8000000000   -0.0837835748
  4    1.4852777940    0.0000000000    4.0000000000   -0.0571755119
  4    1.4852777940    0.0000000000    4.2000000000   -0.0386995230
  4    1.4852777940    0.0000000000    4.4000000000   -0.0252458332
  4    1.4852777940    0.0000000000    4.6000000000   -0.0150206970
  4    1.4852777940    0.0000000000    4.8000000000   -0.0095141563
  4    1.4852777940    0.0000000000    5.0000000000   -0.0016630805
  4    1.4852777940    0.0000000000    5.2000000000   -0.0000376540
  4    1.4852777940    0.0000000000    5.4000000000   -0.0000006895
  4    1.4852777940    0.0000000000    5.6000000000   -0.0000000118
  4    1.4852777940    0.0000000000    5.8000000000   -0.0000000002
  4    1.4852777940    0.0000000000    6.0000000000   -0.0000000000
  5    0.7426388970    0.4287627670   -5.0000000000    2.3905346049
  5    0.7426388970    0.4287627670   -4.8000000000    2.5321710662
  5    0.7426388970    0.4287627670   -4.6000000000    2.1145433756
  5    0.7426388970    0.4287627670   -4.4000000000    1.3261386010
  5    0.7426388970    0.4287627670   -4.2000000000    0.4998038380
  5    0.7426388970    0.4287627670   -4.0000000000   -0.0404683033
  5    0.7426388970    0.4287627670   -3.8000000000   -0.0312339622
  5    0.7426388970    0.4287627670   -3.6000000000    0.8507174720
  5    0.7426388970    0.4287627670   -3.4000000000    3.1668587063
  5    0.7426388970    0.4287627670   -3.2000000000    7.6935909012
  5    0.7426388970    0.4287627670   -3.0000000000   14.9960640157
  5    0.7426388970    0.4287627670   -1.8000000000   13.1918558987
  5    0.7426388970    0.4287627670   -1.6000000000    6.8868040419
  5    0.7426388970    0.4287627670   -1.4000000000    3.4912336958
  5    0.7426388970    0.4287627670   -1.2000000000    2.5209220987
  5    0.7426388970    0.4287627670   -1.0000000000    3.7176769347
  5    0.7426388970    0.4287627670   -0.8000000000    7.3915743715
  5    0.7426388970    0.4287627670   -0.6000000000   14.0006841009
  5    0.7426388970    0.4287627670    0.6000000000   13.2331507901
  5    0.7426388970    0.4287627670    0.8000000000    6.0954949410
  5    0.7426388970    0.4287627670    1.0000000000    1.6426961506
  5    0.7426388970    0.4287627670    1.2000000000   -0.7318660490
  5    0.7426388970    0.4287627670    1.4000000000   -1.7653516800
  5    0.7426388970    0.4287627670    1.6000000000   -2.0299356849
  5    0.7426388970    0.4287627670    1.8000000000   -1.9047116699
  5    0.7426388970    0.4287627670    2.0000000000   -1.6175113790
  5    0.7426388970    0.4287627670    2.2000000000   -1.2930634816
  5    0.7426388970    0.4287627670    2.4000000000   -0.9923617483
  5    0.7426388970    0.4287627670    2.6000000000   -0.7393615447
  5    0.7426388970    0.4287627670    2.8000000000   -0.5384399644
  5    0.7426388970    0.4287627670    3.0000000000   -0.3852070678
  5    0.7426388970    0.4287627670    3.2000000000   -0.2716849870
  5    0.7426388970    0.4287627670    3.4000000000   -0.1892393754
  5    0.7426388970    0.4287627670    3.6000000000   -0.1298413990
  5    0.7426388970    0.4287627670    3.8000000000   -0.0885094269
  5    0.7426388970    0.4287627670    4.0000000000   -0.0597525758
  5    0.7426388970    0.4287627670    4.2000000000   -0.0387742198
  5    0.7426388970    0.4287627670    4.4000000000   -0.0256022542
  5    0.7426388970    0.4287627670    4.6000000000   -0.0154299037
  5    0.7426388970    0.4287627670    4.8000000000   -0.0084614420
  5    0.7426388970    0.4287627670    5.0000000000   -0.0048978528
  5    0.7426388970    0.4287627670    5.2000000000   -0.0003682690
  5    0.7426388970    0.4287627670    5.4000000000   -0.0000065834
  5    0.7426388970    0.4287627670    5.6000000000   -0.0000001055
  5    0.7426388970    0.4287627670    5.8000000000   -0.0000000016
  5    0.7426388970    0.4287627670    6.0000000000   -0.0000000000
  6    1.2377314950    0.4287627670   -5.0000000000    3.2515836792
  6    1.2377314950    0.4287627670   -4.8000000000    3.4807511391
  6    1.2377314950    0.4287627670   -4.6000000000    2.9932245575
  6    1.2377314950    0.4287627670   -4.4000000000    2.0701307643
  6    1.2377314950    0.4287627670   -4.2000000000    1.1850307423
  6    1.2377314950    0.4287627670   -4.0000000000    0.8192263475
  6    1.2377314950    0.4287627670   -3.8000000000    1.5089665329
  6    1.2377314950    0.4287627670   -3.6000000000    4.2550199944
  6    1.2377314950    0.4287627670   -3.4000000000   11.2098458859
  6    1.2377314950    0.4287627670   -1.4000000000    8.8491914304
  6    1.2377314950    0.4287627670   -1.2000000000    3.2603022115
  6    1.2377314950    0.4287627670   -1.0000000000    1.1737543027
  6    1.2377314950    0.4287627670   -0.8000000000    0.8043360068
  6    1.2377314950    0.4287627670   -0.6000000000    1.3250001985
  6    1.2377314950    0.4287627670   -0.4000000000    2.2380936683
  6    1.2377314950    0.4287627670   -0.2000000000    3.0568696657
  6    1.2377314950    0.4287627670    0.0000000000    3.3344007176
  6    1.2377314950    0.4287627670    0.2000000000    2.8645794773
  6    1.2377314950    0.4287627670    0.4000000000    1.7911972729
  6    1.2377314950    0.4287627670    0.6000000000    0.4856679412
  6    1.2377314950    0.4287627670    0.8000000000   -0.6862866939
  6    1.2377314950    0.4287627670    1.0000000000   -1.5135606318
  6    1.2377314950    0.4287627670    1.2000000000   -1.9517820265
  6    1.2377314950    0.4287627670    1.4000000000   -2.0628608741
  6    1.2377314950    0.4287627670    1.6000000000   -1.9490332953
  6    1.2377314950    0.4287627670    1.8000000000   -1.7096144405
  6    1.2377314950    0.4287627670    2.0000000000   -1.4211645011
  6    1.2377314950    0.4287627670    2.2000000000   -1.1341578042
  6    1.2377314950    0.4287627670    2.4000000000   -0.8765751071
  6    1.2377314950    0.4287627670    2.6000000000   -0.6600867667
  6    1.2377314950    0.4287627670    2.8000000000   -0.4863142442
  6    1.2377314950    0.4287627670    3.0000000000   -0.3519332202
  6    1.2377314950    0.4287627670    3.2000000000   -0.2507060659
  6    1.2377314950    0.4287627670    3.4000000000   -0.1761014667
  6    1.2377314950    0.4287627670    3.6000000000   -0.1223165348
  6    1.2377314950    0.4287627670    3.8000000000   -0.0838745659
  6    1.2377314950    0.4287627670    4.0000000000   -0.0569001513
  6    1.2377314950    0.4287627670    4.2000000000   -0.0378167409
  6    1.2377314950    0.4287627670    4.4000000000   -0.0250861776
  6    1.2377314950    0.4287627670    4.6000000000   -0.0163244827
  6    1.2377314950    0.4287627670    4.8000000000   -0.0086062589
  6    1.2377314950    0.4287627670    5.0000000000   -0.0021770058
  6    1.2377314950    0.4287627670    5.2000000000   -0.0000586396
  6    1.2377314950    0.4287627670    5.4000000000   -0.0000010518
  6    1.2377314950    0.4287627670    5.6000000000   -0.0000000176
  6    1.2377314950    0.4287627670    5.8000000000   -0.0000000003
  6    1.2377314950    0.4287627670    6.0000000000   -0.0000000000
  7    1.4852777940    0.8575255340   -5.0000000000    0.1534190436
  7    1.4852777940    0.8575255340   -4.8000000000    0.2754737814
  7    1.4852777940    0.8575255340   -4.6000000000    0.1573522163
  7    1.4852777940    0.8575255340   -4.4000000000   -0.0690299858
  7    1.4852777940    0.8575255340   -4.2000000000   -0.1519398623
  7    1.4852777940    0.8575255340   -4.0000000000    0.3092011826
  7    1.4852777940    0.8575255340   -3.8000000000    2.1231823028
  7    1.4852777940    0.8575255340   -3.6000000000    7.2200498668
  7    1.4852777940    0.8575255340   -1.4000000000   15.7478952803
  7    1.4852777940    0.8575255340   -1.2000000000    5.4206036128
  7    1.4852777940    0.8575255340   -1.0000000000    1.4471672116
  7    1.4852777940    0.8575255340   -0.8000000000    0.0919226631
  7    1.4852777940    0.8575255340   -0.6000000000   -0.1875548489
  7    1.4852777940    0.8575255340   -0.4000000000   -0.0516851735
  7    1.4852777940    0.8575255340   -0.2000000000    0.1471466151
  7    1.4852777940    0.8575255340    0.0000000000    0.1838892461
  7    1.4852777940    0.8575255340    0.2000000000   -0.0429930173
  7    1.4852777940    0.8575255340    0.4000000000   -0.5008331682
  7    1.4852777940    0.8575255340    0.6000000000   -1.0610954831
  7    1.4852777940    0.8575255340    0.8000000000   -1.5726461180
  7    1.4852777940    0.8575255340    1.0000000000   -1.9255647996
  7    1.4852777940    0.8575255340    1.2000000000   -2.0773222924
  7    1.4852777940    0.8575255340    1.4000000000   -2.0438288240
  7    1.4852777940    0.8575255340    1.6000000000   -1.8741115306
  7    1.4852777940    0.8575255340    1.8000000000   -1.6254815678
  7    1.4852777940    0.8575255340    2.0000000000   -1.3483538096
  7    1.4852777940    0.8575255340    2.2000000000   -1.0784552489
  7    1.4852777940    0.8575255340    2.4000000000   -0.8366420774
  7    1.4852777940    0.8575255340    2.6000000000   -0.6326405374
  7    1.4852777940    0.8575255340    2.8000000000   -0.4683206942
  7    1.4852777940    0.8575255340    3.0000000000   -0.3406215357
  7    1.4852777940    0.8575255340    3.2000000000   -0.2439436286
  7    1.4852777940    0.8575255340    3.4000000000   -0.1723802502
  7    1.4852777940    0.8575255340    3.6000000000   -0.1203594001
  7    1.4852777940    0.8575255340    3.8000000000   -0.0823486495
  7    1.4852777940    0.8575255340    4.0000000000   -0.0551172407
  7    1.4852777940    0.8575255340    4.2000000000   -0.0372640472
  7    1.4852777940    0.8575255340    4.4000000000   -0.0250509647
  7    1.4852777940    0.8575255340    4.6000000000   -0.0167020977
  7    1.4852777940    0.8575255340    4.8000000000   -0.0092524120
  7    1.4852777940    0.8575255340    5.0000000000   -0.0005968381
  7    1.4852777940    0.8575255340    5.2000000000   -0.0000125819
  7    1.4852777940    0.8575255340    5.4000000000   -0.0000002374
  7    1.4852777940    0.8575255340    5.6000000000   -0.0000000042
  7    1.4852777940    0.8575255340    5.8000000000   -0.0000000001
  7    1.4852777940    0.8575255340    6.0000000000   -0.0000000000
  8    0.7426388970   -0.4287627670   -4.2000000000   11.8801974282
  8    0.7426388970   -0.4287627670   -4.0000000000    5.6555436598
  8    0.7426388970   -0.4287627670   -3.8000000000    2.0661548289
  8    0.7426388970   -0.4287627670   -3.6000000000    0.3817961442
  8    0.7426388970   -0.4287627670   -3.4000000000   -0.1164783061
  8    0.7426388970   -0.4287627670   -3.2000000000    0.1145273308
  8    0.7426388970   -0.4287627670   -3.0000000000    0.7975244188
  8    0.7426388970   -0.4287627670   -2.8000000000    1.6508689854
  8    0.7426388970   -0.4287627670   -2.6000000000    2.3327535163
  8    0.7426388970   -0.4287627670   -2.4000000000    2.5463507481
  8    0.7426388970   -0.4287627670   -2.2000000000    2.1939455079
  8    0.7426388970   -0.4287627670   -2.0000000000    1.4350853211
  8    0.7426388970   -0.4287627670   -1.8000000000    0.5928204023
  8    0.7426388970   -0.4287627670   -1.6000000000   -0.0028371606
  8    0.7426388970   -0.4287627670   -1.4000000000   -0.0869873361
  8    0.7426388970   -0.4287627670   -1.2000000000    0.6389287005
  8    0.7426388970   -0.4287627670   -1.0000000000    2.6925772917
  8    0.7426388970   -0.4287627670   -0.8000000000    6.8329340815
  8    0.7426388970   -0.4287627670   -0.6000000000   13.7053989780
  8    0.7426388970   -0.4287627670    0.6000000000   13.2296994657
  8    0.7426388970   -0.4287627670    0.8000000000    6.0940420801
  8    0.7426388970   -0.4287627670    1.0000000000    1.6421477101
  8    0.7426388970   -0.4287627670    1.2000000000   -0.7320281138
  8    0.7426388970   -0.4287627670    1.4000000000   -1.7653668247
  8    0.7426388970   -0.4287627670    1.6000000000   -2.0299133467
  8    0.7426388970   -0.4287627670    1.8000000000   -1.9047353883
  8    0.7426388970   -0.4287627670    2.0000000000   -1.6174923624
  8    0.7426388970   -0.4287627670    2.2000000000   -1.2930730910
  8    0.7426388970   -0.4287627670    2.4000000000   -0.9924081936
  8    0.7426388970   -0.4287627670    2.6000000000   -0.7392245116
  8    0.7426388970   -0.4287627670    2.8000000000   -0.5384366769
  8    0.7426388970   -0.4287627670    3.0000000000   -0.3852070509
  8    0.7426388970   -0.4287627670    3.2000000000   -0.2716849869
  8    0.7426388970   -0.4287627670    3.4000000000   -0.1892393754
  8    0.7426388970   -0.4287627670    3.6000000000   -0.1298413990
  8    0.7426388970   -0.4287627670    3.8000000000   -0.0885094269
  8    0.7426388970   -0.4287627670    4.0000000000   -0.0597525758
  8    0.7426388970   -0.4287627670    4.2000000000   -0.0387742198
  8    0.7426388970   -0.4287627670    4.4000000000   -0.0256022542
  8    0.7426388970   -0.4287627670    4.6000000000   -0.0154299037
  8    0.7426388970   -0.4287627670    4.8000000000   -0.0084614420
  8    0.7426388970   -0.4287627670    5.0000000000   -0.0048978528
  8    0.7426388970   -0.4287627670    5.2000000000   -0.0003682690
  8    0.7426388970   -0.4287627670    5.4000000000   -0.0000065834
  8    0.7426388970   -0.4287627670    5.6000000000   -0.0000001055
  8    0.7426388970   -0.4287627670    5.8000000000   -0.0000000016
  8    0.7426388970   -0.4287627670    6.0000000000   -0.0000000000
  9    1.2377314950   -0.4287627670   -3.8000000000    7.8478478670
  9    1.2377314950   -0.4287627670   -3.6000000000    2.8616718776
  9    1.2377314950   -0.4287627670   -3.4000000000    1.0746734635
  9    1.2377314950   -0.4287627670   -3.2000000000    0.8677055965
  9    1.2377314950   -0.4287627670   -3.0000000000    1.4868999759
  9    1.2377314950   -0.4287627670   -2.8000000000    2.4452825134
  9    1.2377314950   -0.4287627670   -2.6000000000    3.2525729587
  9    1.2377314950   -0.4287627670   -2.4000000000    3.4822239823
  9    1.2377314950   -0.4287627670   -2.2000000000    2.9777688496
  9    1.2377314950   -0.4287627670   -2.0000000000    1.9343238823
  9    1.2377314950   -0.4287627670   -1.8000000000    0.7458155206
  9    1.2377314950   -0.4287627670   -1.6000000000   -0.2353583617
  9    1.2377314950   -0.4287627670   -1.4000000000   -0.8314834090
  9    1.2377314950   -0.4287627670   -1.2000000000   -1.0138258787
  9    1.2377314950   -0.4287627670   -1.0000000000   -0.7929189264
  9    1.2377314950   -0.4287627670   -0.8000000000   -0.1620603928
  9    1.2377314950   -0.4287627670   -0.6000000000    0.8332447683
  9    1.2377314950   -0.4287627670   -0.4000000000    1.9892758715
  9    1.2377314950   -0.4287627670   -0.2000000000    2.9341237320
  9    1.2377314950   -0.4287627670    0.0000000000    3.2757369229
  9    1.2377314950   -0.4287627670    0.2000000000    2.8375247822
  9    1.2377314950   -0.4287627670    0.4000000000    1.7792574688
  9    1.2377314950   -0.4287627670    0.6000000000    0.4807224909
  9    1.2377314950   -0.4287627670    0.8000000000   -0.6881201820
  9    1.2377314950   -0.4287627670    1.0000000000   -1.5140801727
  9    1.2377314950   -0.4287627670    1.2000000000   -1.9517980825
  9    1.2377314950   -0.4287627670    1.4000000000   -2.0627254470
  9    1.2377314950   -0.4287627670    1.6000000000   -1.9489273191
  9    1.2377314950   -0.4287627670    1.8000000000   -1.7095252511
  9    1.2377314950   -0.4287627670    2.0000000000   -1.4212140303
  9    1.2377314950   -0.4287627670    2.2000000000   -1.1342540511
  9    1.2377314950   -0.4287627670    2.4000000000   -0.8765078898
  9    1.2377314950   -0.4287627670    2.6000000000   -0.6598808352
  9    1.2377314950   -0.4287627670    2.8000000000   -0.4863014627
  9    1.2377314950   -0.4287627670    3.0000000000   -0.3519331550
  9    1.2377314950   -0.4287627670    3.2000000000   -0.2507060656
  9    1.2377314950   -0.4287627670    3.4000000000   -0.1761014667
  9    1.2377314950   -0.4287627670    3.6000000000   -0.1223165348
  9    1.2377314950   -0.4287627670    3.8000000000   -0.0838745659
  9    1.2377314950   -0.4287627670    4.0000000000   -0.0569001513
  9    1.2377314950   -0.4287627670    4.2000000000   -0.0378167409
  9    1.2377314950   -0.4287627670    4.4000000000   -0.0250861776
  9    1.2377314950   -0.4287627670    4.6000000000   -0.0163244827
  9    1.2377314950   -0.4287627670    4.8000000000   -0.0086062589
  9    1.2377314950   -0.4287627670    5.0000000000   -0.0021770058
  9    1.2377314950   -0.4287627670    5.2000000000   -0.0000586396
  9    1.2377314950   -0.4287627670    5.4000000000   -0.0000010518
  9    1.2377314950   -0.4287627670    5.6000000000   -0.0000000176
  9    1.2377314950   -0.4287627670    5.8000000000   -0.0000000003
  9    1.2377314950   -0.4287627670    6.0000000000   -0.0000000000
 10    1.4852777940   -0.8575255340   -3.8000000000   13.8501716974
 10    1.4852777940   -0.8575255340   -3.6000000000    4.6796288493
 10    1.4852777940   -0.8575255340   -3.4000000000    1.1854024404
 10    1.4852777940   -0.8575255340   -3.2000000000    0.0320707772
 10    1.4852777940   -0.8575255340   -3.0000000000   -0.1580550276
 10    1.4852777940   -0.8575255340   -2.8000000000    0.0165309631
 10    1.4852777940   -0.8575255340   -2.6000000000    0.2252634612
 10    1.4852777940   -0.8575255340   -2.4000000000    0.2599251791
 10    1.4852777940   -0.8575255340   -2.2000000000    0.0401188305
 10    1.4852777940   -0.8575255340   -2.0000000000   -0.3821313217
 10    1.4852777940   -0.8575255340   -1.8000000000   -0.8711654040
 10    1.4852777940   -0.8575255340   -1.6000000000   -1.2874593779
 10    1.4852777940   -0.8575255340   -1.4000000000   -1.5473111530
 10    1.4852777940   -0.8575255340   -1.2000000000   -1.6280272781
 10    1.4852777940   -0.8575255340   -1.0000000000   -1.5305003216
 10    1.4852777940   -0.8575255340   -0.8000000000   -1.2571044196
 10    1.4852777940   -0.8575255340   -0.6000000000   -0.8393863001
 10    1.4852777940   -0.8575255340   -0.4000000000   -0.3735887167
 10    1.4852777940   -0.8575255340   -0.2000000000   -0.0097328603
 10    1.4852777940   -0.8575255340    0.0000000000    0.1097447527
 10    1.4852777940   -0.8575255340    0.2000000000   -0.0766122687
 10    1.4852777940   -0.8575255340    0.4000000000   -0.5152413928
 10    1.4852777940   -0.8575255340    0.6000000000   -1.0667558884
 10    1.4852777940   -0.8575255340    0.8000000000   -1.5745235099
 10    1.4852777940   -0.8575255340    1.0000000000   -1.9259287416
 10    1.4852777940   -0.8575255340    1.2000000000   -2.0771598027
 10    1.4852777940   -0.8575255340    1.4000000000   -2.0434943133
 10    1.4852777940   -0.8575255340    1.6000000000   -1.8737648665
 10    1.4852777940   -0.8575255340    1.8000000000   -1.6254443788
 10    1.4852777940   -0.8575255340    2.0000000000   -1.3484627475
 10    1.4852777940   -0.8575255340    2.2000000000   -1.0785543973
 10    1.4852777940   -0.8575255340    2.4000000000   -0.8365451914
 10    1.4852777940   -0.8575255340    2.6000000000   -0.6323590074
 10    1.4852777940   -0.8575255340    2.8000000000   -0.4682961302
 10    1.4852777940   -0.8575255340    3.0000000000   -0.3406214072
