 TIME   Etot      ELFEN     ELEN       EKIN      mag Nel
     .00   -19.8607   -25.0032   -24.9229     5.1425  1.000   16
     .10   -19.8607   -25.0034   -24.9231     5.1427  1.000    9
     .20   -19.8607   -25.0036   -24.9233     5.1429  1.000    8
     .30   -19.8607   -25.0038   -24.9235     5.1432  1.000    6
     .40   -19.8607   -25.0040   -24.9237     5.1434  1.000    7
     .50   -19.8607   -25.0043   -24.9240     5.1436  1.000    9
     .60   -19.8607   -25.0045   -24.9242     5.1438  1.000    8
     .70   -19.8607   -25.0047   -24.9244     5.1440  1.000    8
     .80   -19.8607   -25.0049   -24.9246     5.1442  1.000    7
     .90   -19.8607   -25.0051   -24.9248     5.1444  1.000    6
    1.00   -19.8607   -25.0053   -24.9250     5.1447  1.000    7
    1.10   -19.8607   -25.0056   -24.9252     5.1449  1.000    7
    1.20   -19.8607   -25.0058   -24.9254     5.1451  1.000    6
    1.30   -19.8607   -25.0060   -24.9257     5.1453  1.000    6
    1.40   -19.8607   -25.0063   -24.9259     5.1456  1.000    7
    1.50   -19.8607   -25.0065   -24.9261     5.1458  1.000    7
    1.60   -19.8607   -25.0067   -24.9264     5.1460  1.000    8
    1.70   -19.8606   -25.0069   -24.9265     5.1462  1.000    7
    1.80   -19.8607   -25.0072   -24.9268     5.1465  1.000    8
    1.90   -19.8607   -25.0074   -24.9271     5.1467  1.000    9
    2.00   -19.8607   -25.0076   -24.9273     5.1469  1.000    8
    2.10   -19.8607   -25.0078   -24.9275     5.1472  1.000    8
    2.20   -19.8607   -25.0081   -24.9277     5.1474  1.000    7
    2.30   -19.8607   -25.0083   -24.9280     5.1476  1.000    7
    2.40   -19.8607   -25.0085   -24.9282     5.1478  1.000    8
    2.50   -19.8607   -25.0088   -24.9284     5.1481  1.000    7
    2.60   -19.8607   -25.0090   -24.9287     5.1483  1.000    6
    2.70   -19.8607   -25.0092   -24.9289     5.1485  1.000    6
    2.80   -19.8607   -25.0095   -24.9291     5.1488  1.000    7
    2.90   -19.8607   -25.0097   -24.9294     5.1490  1.000    7
    3.00   -19.8607   -25.0099   -24.9296     5.1493  1.000    7
    3.10   -19.8607   -25.0102   -24.9298     5.1495  1.000    7
    3.20   -19.8607   -25.0104   -24.9301     5.1497  1.000    7
    3.30   -19.8607   -25.0106   -24.9303     5.1500   .999    6
    3.40   -19.8607   -25.0109   -24.9305     5.1502   .999    6
    3.50   -19.8606   -25.0111   -24.9307     5.1504   .999    6
    3.60   -19.8607   -25.0113   -24.9310     5.1507   .999    6
    3.70   -19.8607   -25.0115   -24.9312     5.1509   .999    6
    3.80   -19.8607   -25.0118   -24.9314     5.1511   .999    6
    3.90   -19.8607   -25.0120   -24.9317     5.1514   .999    6
    4.00   -19.8606   -25.0122   -24.9318     5.1516   .999    5
    4.10   -19.8606   -25.0125   -24.9321     5.1518   .999    7
    4.20   -19.8606   -25.0127   -24.9323     5.1520   .998    6
    4.30   -19.8606   -25.0129   -24.9326     5.1523   .998    6
    4.40   -19.8606   -25.0131   -24.9328     5.1525   .998    6
    4.50   -19.8606   -25.0133   -24.9329     5.1527   .998    5
    4.60   -19.8606   -25.0136   -24.9332     5.1529   .998    7
    4.70   -19.8606   -25.0138   -24.9334     5.1532   .997    6
    4.80   -19.8606   -25.0140   -24.9337     5.1534   .997    6
    4.90   -19.8606   -25.0142   -24.9339     5.1536   .997    6
    5.00   -19.8606   -25.0144   -24.9341     5.1538   .997    6
    5.10   -19.8606   -25.0146   -24.9343     5.1540   .996    5
    5.20   -19.8606   -25.0148   -24.9345     5.1542   .996    4
    5.30   -19.8606   -25.0150   -24.9347     5.1544   .996    4
    5.40   -19.8606   -25.0153   -24.9349     5.1546   .996    5
    5.50   -19.8606   -25.0155   -24.9351     5.1549   .995    5
    5.60   -19.8606   -25.0157   -24.9353     5.1551   .995    6
    5.70   -19.8606   -25.0159   -24.9355     5.1553   .994    5
    5.80   -19.8606   -25.0161   -24.9357     5.1555   .994    6
    5.90   -19.8606   -25.0163   -24.9359     5.1557   .994    5
    6.00   -19.8606   -25.0165   -24.9361     5.1559   .993    4
    6.10   -19.8606   -25.0167   -24.9363     5.1561   .993    5
    6.20   -19.8606   -25.0169   -24.9365     5.1563   .992    5
    6.30   -19.8606   -25.0171   -24.9367     5.1565   .992    4
    6.40   -19.8606   -25.0173   -24.9369     5.1567   .991    4
    6.50   -19.8606   -25.0175   -24.9371     5.1569   .990    4
    6.60   -19.8606   -25.0177   -24.9374     5.1572   .990    4
    6.70   -19.8606   -25.0179   -24.9376     5.1574   .989    4
    6.80   -19.8606   -25.0182   -24.9378     5.1576   .988    5
    6.90   -19.8606   -25.0184   -24.9381     5.1578   .987    4
    7.00   -19.8605   -25.0186   -24.9383     5.1581   .987    4
    7.10   -19.8606   -25.0189   -24.9385     5.1583   .986    6
    7.20   -19.8606   -25.0191   -24.9388     5.1586   .985    4
    7.30   -19.8605   -25.0194   -24.9391     5.1589   .984    4
    7.40   -19.8605   -25.0197   -24.9394     5.1592   .983    4
    7.50   -19.8605   -25.0200   -24.9397     5.1595   .981    4
    7.60   -19.8605   -25.0203   -24.9400     5.1598   .980    4
    7.70   -19.8605   -25.0207   -24.9403     5.1601   .979    4
    7.80   -19.8605   -25.0210   -24.9407     5.1605   .978    4
    7.90   -19.8605   -25.0214   -24.9411     5.1609   .976    4
    8.00   -19.8605   -25.0219   -24.9415     5.1613   .975    3
    8.10   -19.8605   -25.0223   -24.9420     5.1618   .973    4
    8.20   -19.8605   -25.0228   -24.9425     5.1623   .971    3
    8.30   -19.8605   -25.0234   -24.9430     5.1629   .969    3
    8.40   -19.8605   -25.0240   -24.9436     5.1635   .967    4
    8.50   -19.8605   -25.0247   -24.9443     5.1642   .965    4
    8.60   -19.8605   -25.0254   -24.9451     5.1649   .963    3
    8.70   -19.8605   -25.0262   -24.9459     5.1657   .960    4
    8.80   -19.8605   -25.0271   -24.9468     5.1666   .958    4
    8.90   -19.8605   -25.0281   -24.9478     5.1677   .955    4
    9.00   -19.8605   -25.0292   -24.9489     5.1688   .952    3
    9.10   -19.8604   -25.0305   -24.9501     5.1700   .949    4
    9.20   -19.8604   -25.0318   -24.9515     5.1714   .945    3
    9.30   -19.8604   -25.0334   -24.9530     5.1729   .941    4
    9.40   -19.8604   -25.0351   -24.9548     5.1746   .937    3
    9.50   -19.8604   -25.0370   -24.9567     5.1765   .933    3
    9.60   -19.8604   -25.0391   -24.9588     5.1787   .929    4
    9.70   -19.8604   -25.0415   -24.9612     5.1810   .923    3
    9.80   -19.8604   -25.0441   -24.9638     5.1837   .918    4
    9.90   -19.8604   -25.0471   -24.9668     5.1867   .912    4
   10.00   -19.8604   -25.0504   -24.9701     5.1901   .906    3
   10.10   -19.8604   -25.0542   -24.9739     5.1938   .899    4
   10.20   -19.8604   -25.0583   -24.9781     5.1980   .892    3
   10.30   -19.8603   -25.0630   -24.9828     5.2027   .884    3
   10.40   -19.8603   -25.0683   -24.9880     5.2079   .875    4
   10.50   -19.8603   -25.0742   -24.9939     5.2138   .866    3
   10.60   -19.8603   -25.0808   -25.0005     5.2204   .856    4
   10.70   -19.8603   -25.0881   -25.0078     5.2278   .845    3
   10.80   -19.8603   -25.0964   -25.0160     5.2361   .834    3
   10.90   -19.8603   -25.1056   -25.0252     5.2453   .821    4
   11.00   -19.8603   -25.1159   -25.0354     5.2557   .807    3
   11.10   -19.8602   -25.1274   -25.0468     5.2672   .793    4
   11.20   -19.8602   -25.1402   -25.0594     5.2800   .777    4
   11.30   -19.8602   -25.1544   -25.0734     5.2941   .760    4
   11.40   -19.8602   -25.1701   -25.0889     5.3099   .742    3
   11.50   -19.8602   -25.1875   -25.1059     5.3273   .722    4
   11.60   -19.8602   -25.2067   -25.1247     5.3465   .700    4
   11.70   -19.8601   -25.2279   -25.1453     5.3678   .676    3
   11.80   -19.8601   -25.2512   -25.1680     5.3911   .649    3
   11.90   -19.8601   -25.2769   -25.1928     5.4168   .620    3
   12.00   -19.8601   -25.3051   -25.2199     5.4450   .584    4
   12.10   -19.8601   -25.3361   -25.2496     5.4759   .543    4
   12.20   -19.8601   -25.3700   -25.2820     5.5099   .493    3
   12.30   -19.8601   -25.4072   -25.3174     5.5471   .429    4
   12.40   -19.8602   -25.4480   -25.3564     5.5879   .341    4
   12.50   -19.8604   -25.4930   -25.3999     5.6325   .216    3
   12.60   -19.8614   -25.5420   -25.4487     5.6806   .019    4
   12.70   -19.8614   -25.5923   -25.4994     5.7309   .001   13
   12.80   -19.8614   -25.6436   -25.5512     5.7822   .000    7
   12.90   -19.8614   -25.6959   -25.6039     5.8345  -.001    4
   13.00   -19.8614   -25.7492   -25.6575     5.8878  -.001    4
   13.10   -19.8614   -25.8033   -25.7120     5.9419   .000    3
   13.20   -19.8614   -25.8582   -25.7673     5.9968   .000    3
   13.30   -19.8614   -25.9138   -25.8233     6.0524   .000    3
   13.40   -19.8614   -25.9700   -25.8798     6.1086   .000    3
   13.50   -19.8613   -26.0266   -25.9367     6.1652   .000    3
   13.60   -19.8613   -26.0834   -25.9939     6.2221   .001    3
   13.70   -19.8613   -26.1403   -26.0512     6.2790   .001    3
   13.80   -19.8613   -26.1971   -26.1083     6.3358   .000    3
   13.90   -19.8613   -26.2535   -26.1650     6.3921   .000    3
   14.00   -19.8614   -26.3092   -26.2210     6.4479   .000    3
   14.10   -19.8614   -26.3639   -26.2760     6.5026   .000    3
   14.20   -19.8614   -26.4173   -26.3297     6.5559   .000   15
   14.30   -19.8615   -26.4689   -26.3815     6.6075   .000    6
   14.40   -19.8616   -26.5183   -26.4312     6.6568   .000    3
   14.50   -19.8616   -26.5650   -26.4782     6.7034   .000    4
   14.60   -19.8617   -26.6085   -26.5218     6.7468   .000    4
   14.70   -19.8617   -26.6480   -26.5617     6.7863   .000    3
   14.80   -19.8617   -26.6829   -26.5969     6.8212   .000    4
   14.90   -19.8617   -26.7125   -26.6268     6.8508   .000    3
   15.00   -19.8617   -26.7360   -26.6506     6.8743   .000    4
   15.10   -19.8618   -26.7525   -26.6675     6.8907   .000    4
   15.20   -19.8618   -26.7611   -26.6764     6.8993   .000    3
   15.30   -19.8618   -26.7608   -26.6765     6.8990   .000    4
   15.40   -19.8619   -26.7507   -26.6668     6.8888   .000    5
   15.50   -19.8619   -26.7298   -26.6463     6.8679   .000    4
   15.60   -19.8620   -26.6972   -26.6140     6.8351   .000    4
   15.70   -19.8621   -26.6519   -26.5693     6.7899   .000    4
   15.80   -19.8621   -26.5934   -26.5112     6.7314   .000    4
   15.90   -19.8621   -26.5211   -26.4395     6.6591   .000    3
   16.00   -19.8620   -26.4347   -26.3534     6.5728   .000    5
   16.10   -19.8620   -26.3345   -26.2537     6.4725   .000    5
   16.20   -19.8620   -26.2210   -26.1406     6.3591   .000    4
   16.30   -19.8618   -26.0954   -26.0153     6.2336   .000    3
   16.40   -19.8615   -25.9594   -25.8799     6.0979   .000    5
   16.50   -19.8613   -25.8156   -25.7364     5.9543   .000    6
   16.60   -19.8611   -25.6669   -25.5882     5.8059   .000    5
   16.70   -19.8608   -25.5173   -25.4389     5.6565   .000    3
   16.80   -19.8604   -25.3710   -25.2930     5.5106   .000    4
   16.90   -19.8600   -25.2327   -25.1549     5.3726   .000    5
   17.00   -19.8597   -25.1071   -25.0297     5.2474   .000    5
   17.10   -19.8594   -24.9991   -24.9219     5.1397   .000    4
   17.20   -19.8592   -24.9127   -24.8359     5.0536   .000    4
   17.30   -19.8590   -24.8515   -24.7749     4.9925   .000    4
   17.40   -19.8589   -24.8178   -24.7414     4.9589   .000    4
   17.50   -19.8589   -24.8129   -24.7367     4.9539   .000    3
   17.60   -19.8590   -24.8365   -24.7604     4.9775   .000    5
   17.70   -19.8592   -24.8873   -24.8114     5.0281   .000    5
   17.80   -19.8594   -24.9626   -24.8869     5.1032   .000    4
   17.90   -19.8597   -25.0591   -24.9835     5.1993   .000    2
   18.00   -19.8600   -25.1723   -25.0969     5.3123   .000    4
   18.10   -19.8603   -25.2978   -25.2223     5.4375   .000    4
   18.20   -19.8606   -25.4309   -25.3556     5.5703   .000    5
   18.30   -19.8609   -25.5673   -25.4921     5.7065   .000    3
   18.40   -19.8611   -25.7030   -25.6277     5.8419   .000    4
   18.50   -19.8613   -25.8345   -25.7593     5.9732   .000    4
   18.60   -19.8614   -25.9590   -25.8838     6.0976   .000    4
   18.70   -19.8615   -26.0744   -25.9994     6.2129   .000    3
   18.80   -19.8615   -26.1791   -26.1041     6.3176   .000    4
   18.90   -19.8615   -26.2724   -26.1974     6.4109   .000    5
   19.00   -19.8615   -26.3536   -26.2787     6.4921   .000    4
   19.10   -19.8614   -26.4227   -26.3478     6.5613   .000    3
   19.20   -19.8613   -26.4800   -26.4051     6.6187   .000    4
   19.30   -19.8613   -26.5259   -26.4510     6.6646   .000    5
   19.40   -19.8612   -26.5610   -26.4861     6.6998   .000    5
   19.50   -19.8611   -26.5860   -26.5112     6.7248   .000    3
   19.60   -19.8610   -26.6016   -26.5268     6.7406   .000    4
   19.70   -19.8609   -26.6086   -26.5338     6.7476   .000    4
   19.80   -19.8609   -26.6077   -26.5330     6.7468   .000    4
   19.90   -19.8608   -26.5996   -26.5250     6.7388   .000    3
   20.00   -19.8607   -26.5849   -26.5106     6.7242   .000    3
   20.10   -19.8606   -26.5643   -26.4899     6.7037   .000    4
   20.20   -19.8605   -26.5384   -26.4640     6.6778   .000    4
   20.30   -19.8605   -26.5076   -26.4333     6.6471   .000    3
   20.40   -19.8604   -26.4725   -26.3984     6.6122   .000    4
   20.50   -19.8603   -26.4337   -26.3596     6.5734   .000    4
   20.60   -19.8602   -26.3917   -26.3176     6.5314   .000    3
   20.70   -19.8602   -26.3469   -26.2729     6.4867   .000    4
   20.80   -19.8601   -26.2999   -26.2259     6.4398   .000    4
   20.90   -19.8600   -26.2512   -26.1774     6.3912   .000    4
   21.00   -19.8599   -26.2014   -26.1275     6.3415   .000    4
   21.10   -19.8598   -26.1511   -26.0774     6.2913   .000    5
   21.20   -19.8598   -26.1008   -26.0272     6.2410   .000    5
   21.30   -19.8597   -26.0512   -25.9777     6.1915   .000    4
   21.40   -19.8596   -26.0029   -25.9293     6.1433   .000    2
   21.50   -19.8595   -25.9565   -25.8831     6.0970   .000    5
   21.60   -19.8594   -25.9126   -25.8392     6.0532   .000    6
   21.70   -19.8594   -25.8719   -25.7985     6.0125   .000    4
   21.80   -19.8593   -25.8348   -25.7616     5.9755   .000    3
   21.90   -19.8592   -25.8019   -25.7288     5.9427   .000    4
   22.00   -19.8592   -25.7736   -25.7004     5.9144   .000    4
   22.10   -19.8591   -25.7503   -25.6773     5.8912   .000    4
   22.20   -19.8591   -25.7323   -25.6594     5.8732   .000    4
   22.30   -19.8591   -25.7197   -25.6469     5.8606   .000    4
   22.40   -19.8591   -25.7127   -25.6400     5.8536   .000    4
   22.50   -19.8591   -25.7111   -25.6386     5.8521   .000    4
   22.60   -19.8591   -25.7148   -25.6423     5.8558   .000    3
   22.70   -19.8590   -25.7236   -25.6512     5.8645   .000    4
   22.80   -19.8591   -25.7369   -25.6648     5.8778   .000    4
   22.90   -19.8591   -25.7543   -25.6823     5.8952   .000    4
   23.00   -19.8591   -25.7754   -25.7035     5.9162   .000    2
   23.10   -19.8592   -25.7993   -25.7276     5.9401   .000    4
   23.20   -19.8592   -25.8253   -25.7538     5.9661   .000    4
   23.30   -19.8592   -25.8529   -25.7815     5.9936   .000    3
   23.40   -19.8592   -25.8810   -25.8099     6.0218   .000    4
   23.50   -19.8593   -25.9091   -25.8382     6.0498   .000    4
   23.60   -19.8593   -25.9363   -25.8656     6.0769   .000    3
   23.70   -19.8594   -25.9617   -25.8912     6.1023   .000    4
   23.80   -19.8594   -25.9846   -25.9142     6.1252   .000    4
   23.90   -19.8595   -26.0042   -25.9342     6.1448   .000    3
   24.00   -19.8595   -26.0196   -25.9496     6.1602   .000    3
   24.10   -19.8595   -26.0301   -25.9603     6.1705   .000    4
   24.20   -19.8596   -26.0346   -25.9649     6.1750   .000    4
   24.30   -19.8597   -26.0323   -25.9627     6.1727   .000    4
   24.40   -19.8597   -26.0221   -25.9526     6.1624   .000    2
   24.50   -19.8598   -26.0030   -25.9335     6.1432   .000    4
   24.60   -19.8599   -25.9737   -25.9042     6.1138   .000    4
   24.70   -19.8600   -25.9329   -25.8633     6.0729   .000    4
   24.80   -19.8601   -25.8791   -25.8097     6.0191   .000    3
   24.90   -19.8602   -25.8111   -25.7414     5.9509   .000    4
   25.00   -19.8603   -25.7272   -25.6573     5.8669   .000    4
   25.10   -19.8604   -25.6260   -25.5560     5.7656   .000    4
   25.20   -19.8605   -25.5064   -25.4360     5.6459   .000    3
   25.30   -19.8605   -25.3672   -25.2966     5.5067   .000    4
   25.40   -19.8605   -25.2080   -25.1372     5.3475   .000    5
   25.50   -19.8605   -25.0289   -24.9577     5.1683   .000    5
   25.60   -19.8605   -24.8307   -24.7592     4.9702   .000    4
   25.70   -19.8603   -24.6155   -24.5436     4.7552   .000    4
   25.80   -19.8600   -24.3864   -24.3143     4.5265   .000    5
   25.90   -19.8596   -24.1482   -24.0757     4.2886   .000    4
   26.00   -19.8592   -23.9066   -23.8339     4.0475   .000    4
   26.10   -19.8586   -23.6691   -23.5960     3.8105   .000    4
   26.20   -19.8580   -23.4439   -23.3706     3.5858   .000    4
   26.30   -19.8574   -23.2398   -23.1663     3.3824   .000    4
   26.40   -19.8569   -23.0659   -22.9922     3.2090   .000    4
   26.50   -19.8564   -22.9304   -22.8565     3.0739   .000    4
   26.60   -19.8561   -22.8400   -22.7661     2.9839   .000    4
   26.70   -19.8560   -22.7997   -22.7257     2.9437   .000    4
   26.80   -19.8560   -22.8116   -22.7376     2.9556   .000    4
   26.90   -19.8562   -22.8753   -22.8013     3.0191   .000    4
   27.00   -19.8566   -22.9876   -22.9137     3.1310   .000    3
   27.10   -19.8571   -23.1429   -23.0692     3.2858   .000    4
   27.20   -19.8577   -23.3338   -23.2602     3.4761   .000    4
   27.30   -19.8583   -23.5516   -23.4783     3.6934   .000    4
   27.40   -19.8588   -23.7874   -23.7143     3.9286   .000    3
   27.50   -19.8594   -24.0323   -23.9594     4.1729   .000    4
   27.60   -19.8598   -24.2782   -24.2056     4.4184   .000    5
   27.70   -19.8601   -24.5181   -24.4459     4.6580   .000    5
   27.80   -19.8604   -24.7465   -24.6746     4.8862   .000    3
   27.90   -19.8605   -24.9591   -24.8874     5.0986   .000    3
   28.00   -19.8606   -25.1528   -25.0814     5.2921   .000    4
   28.10   -19.8606   -25.3257   -25.2547     5.4651   .000    5
   28.20   -19.8606   -25.4770   -25.4062     5.6163   .000    4
   28.30   -19.8605   -25.6061   -25.5356     5.7456   .000    3
   28.40   -19.8604   -25.7133   -25.6430     5.8528   .000    4
   28.50   -19.8604   -25.7987   -25.7285     5.9383   .000    5
   28.60   -19.8604   -25.8626   -25.7926     6.0022   .000    5
   28.70   -19.8604   -25.9052   -25.8354     6.0448   .000    2
   28.80   -19.8603   -25.9259   -25.8560     6.0657   .000    3
   28.90   -19.8603   -25.9245   -25.8546     6.0641   .000    4
   29.00   -19.8604   -25.8995   -25.8295     6.0391   .000    4
   29.10   -19.8606   -25.8494   -25.7795     5.9888   .000    4
   29.20   -19.8608   -25.7720   -25.7019     5.9112   .000    4
   29.30   -19.8611   -25.6645   -25.5942     5.8034   .000    3
   29.40   -19.8613   -25.5238   -25.4535     5.6625   .000    5
   29.50   -19.8617   -25.3468   -25.2764     5.4851   .000    4
   29.60   -19.8620   -25.1301   -25.0595     5.2682   .000    3
   29.70   -19.8622   -24.8712   -24.8006     5.0090   .000    5
   29.80   -19.8624   -24.5684   -24.4974     4.7060   .000    3
   29.90   -19.8623   -24.2215   -24.1506     4.3591   .000    5
   30.00   -19.8622   -23.8329   -23.7619     3.9707   .000    5
   30.10   -19.8618   -23.4080   -23.3369     3.5462   .000    5
   30.20   -19.8611   -22.9557   -22.8846     3.0946   .000    3
   30.30   -19.8601   -22.4892   -22.4180     2.6291   .000    4
   30.40   -19.8589   -22.0256   -21.9542     2.1667   .000    4
   30.50   -19.8576   -21.5855   -21.5140     1.7280   .000    4
   30.60   -19.8562   -21.1915   -21.1197     1.3353   .000    3
   30.70   -19.8549   -20.8662   -20.7947     1.0113   .000    3
   30.80   -19.8539   -20.6304   -20.5587      .7765   .000    4
   30.90   -19.8533   -20.5001   -20.4283      .6468   .000    5
   31.00   -19.8532   -20.4844   -20.4125      .6312   .000    3
   31.10   -19.8537   -20.5848   -20.5128      .7311   .000    4
   31.20   -19.8545   -20.7944   -20.7224      .9398   .000    5
   31.30   -19.8558   -21.0991   -21.0271     1.2433   .000    3
   31.40   -19.8571   -21.4797   -21.4076     1.6225   .000    4
   31.50   -19.8586   -21.9137   -21.8416     2.0552   .000    4
   31.60   -19.8599   -22.3784   -22.3061     2.5186   .000    3
   31.70   -19.8609   -22.8525   -22.7803     2.9916   .000    5
   31.80   -19.8617   -23.3176   -23.2454     3.4560   .000    5
   31.90   -19.8622   -23.7597   -23.6874     3.8975   .000    4
   32.00   -19.8624   -24.1683   -24.0959     4.3059   .000    2
   32.10   -19.8625   -24.5373   -24.4650     4.6749   .000    4
   32.20   -19.8623   -24.8637   -24.7913     5.0014   .000    5
   32.30   -19.8621   -25.1471   -25.0747     5.2850   .000    5
   32.40   -19.8617   -25.3891   -25.3167     5.5273   .000    3
   32.50   -19.8614   -25.5925   -25.5201     5.7311   .000    4
   32.60   -19.8610   -25.7609   -25.6885     5.8999   .000    4
   32.70   -19.8606   -25.8982   -25.8259     6.0376   .000    4
   32.80   -19.8603   -26.0084   -25.9362     6.1481   .000    3
   32.90   -19.8600   -26.0951   -26.0229     6.2351   .000    4
   33.00   -19.8598   -26.1618   -26.0897     6.3021   .000    5
   33.10   -19.8595   -26.2115   -26.1395     6.3520   .000    4
   33.20   -19.8593   -26.2469   -26.1748     6.3876   .000    3
   33.30   -19.8591   -26.2701   -26.1982     6.4110   .000    4
   33.40   -19.8590   -26.2830   -26.2113     6.4240   .000    4
   33.50   -19.8588   -26.2871   -26.2156     6.4282   .000    3
   33.60   -19.8587   -26.2836   -26.2120     6.4248   .000    5
   33.70   -19.8587   -26.2734   -26.2020     6.4147   .000    5
   33.80   -19.8586   -26.2572   -26.1859     6.3986   .000    4
   33.90   -19.8585   -26.2356   -26.1644     6.3771   .000    3
   34.00   -19.8585   -26.2090   -26.1380     6.3506   .000    4
   34.10   -19.8584   -26.1777   -26.1068     6.3193   .000    5
   34.20   -19.8584   -26.1419   -26.0712     6.2835   .000    4
   34.30   -19.8584   -26.1018   -26.0312     6.2434   .000    4
   34.40   -19.8583   -26.0575   -25.9871     6.1992   .000    4
   34.50   -19.8583   -26.0093   -25.9390     6.1510   .000    5
   34.60   -19.8583   -25.9573   -25.8871     6.0991   .000    4
   34.70   -19.8582   -25.9018   -25.8317     6.0436   .000    4
   34.80   -19.8582   -25.8430   -25.7731     5.9848   .000    4
   34.90   -19.8581   -25.7814   -25.7117     5.9233   .000    5
   35.00   -19.8581   -25.7174   -25.6478     5.8593   .000    4
   35.10   -19.8580   -25.6516   -25.5821     5.7936   .000    3
   35.20   -19.8579   -25.5847   -25.5154     5.7268   .000    4
   35.30   -19.8578   -25.5174   -25.4483     5.6596   .000    5
   35.40   -19.8577   -25.4507   -25.3818     5.5930   .000    5
   35.50   -19.8576   -25.3854   -25.3166     5.5278   .000    2
   35.60   -19.8575   -25.3227   -25.2540     5.4652   .000    3
   35.70   -19.8573   -25.2636   -25.1952     5.4063   .000    4
   35.80   -19.8572   -25.2091   -25.1410     5.3520   .000    4
   35.90   -19.8571   -25.1605   -25.0926     5.3033   .000    3
   36.00   -19.8571   -25.1185   -25.0507     5.2614   .000    4
   36.10   -19.8570   -25.0842   -25.0166     5.2272   .000    4
   36.20   -19.8569   -25.0581   -24.9908     5.2012   .000    4
   36.30   -19.8569   -25.0410   -24.9739     5.1841   .000    3
   36.40   -19.8568   -25.0330   -24.9661     5.1761   .000    4
   36.50   -19.8569   -25.0343   -24.9676     5.1774   .000    4
   36.60   -19.8569   -25.0447   -24.9782     5.1878   .000    4
   36.70   -19.8569   -25.0639   -24.9976     5.2070   .000    2
   36.80   -19.8569   -25.0914   -25.0253     5.2345   .000    2
   36.90   -19.8569   -25.1263   -25.0606     5.2693   .000    4
   37.00   -19.8570   -25.1677   -25.1022     5.3108   .000    5
   37.10   -19.8571   -25.2148   -25.1496     5.3577   .000    4
   37.20   -19.8571   -25.2664   -25.2014     5.4093   .000    2
   37.30   -19.8572   -25.3215   -25.2567     5.4643   .000    4
   37.40   -19.8573   -25.3790   -25.3144     5.5217   .000    4
   37.50   -19.8573   -25.4379   -25.3735     5.5805   .000    4
   37.60   -19.8573   -25.4972   -25.4331     5.6399   .000    2
   37.70   -19.8574   -25.5562   -25.4923     5.6988   .000    4
   37.80   -19.8574   -25.6140   -25.5504     5.7566   .000    4
   37.90   -19.8574   -25.6701   -25.6068     5.8127   .000    4
   38.00   -19.8574   -25.7240   -25.6608     5.8666   .000    2
   38.10   -19.8574   -25.7751   -25.7122     5.9177   .000    4
   38.20   -19.8575   -25.8232   -25.7605     5.9658   .000    3
   38.30   -19.8574   -25.8680   -25.8055     6.0106   .000    4
   38.40   -19.8574   -25.9093   -25.8470     6.0519   .000    4
   38.50   -19.8574   -25.9470   -25.8848     6.0896   .000    2
   38.60   -19.8574   -25.9808   -25.9187     6.1235   .000    4
   38.70   -19.8574   -26.0108   -25.9489     6.1534   .000    4
   38.80   -19.8574   -26.0367   -25.9748     6.1794   .000    4
   38.90   -19.8573   -26.0584   -25.9967     6.2011   .000    2
   39.00   -19.8573   -26.0758   -26.0141     6.2185   .000    4
   39.10   -19.8573   -26.0884   -26.0268     6.2311   .000    4
   39.20   -19.8573   -26.0959   -26.0344     6.2386   .000    4
   39.30   -19.8573   -26.0979   -26.0364     6.2406   .000    2
   39.40   -19.8573   -26.0936   -26.0321     6.2362   .000    4
   39.50   -19.8574   -26.0822   -26.0208     6.2248   .000    4
   39.60   -19.8575   -26.0627   -26.0013     6.2052   .000    3
   39.70   -19.8576   -26.0338   -25.9724     6.1762   .000    3
   39.80   -19.8577   -25.9940   -25.9327     6.1363   .000    4
   39.90   -19.8578   -25.9417   -25.8804     6.0839   .000    4
   40.00   -19.8580   -25.8748   -25.8135     6.0168   .000    4
   40.10   -19.8582   -25.7913   -25.7301     5.9331   .000    4
   40.20   -19.8584   -25.6888   -25.6276     5.8304   .000    5
   40.30   -19.8586   -25.5651   -25.5040     5.7065   .000    4
   40.40   -19.8588   -25.4178   -25.3567     5.5590   .000    3
   40.50   -19.8590   -25.2450   -25.1840     5.3860   .000    5
   40.60   -19.8591   -25.0452   -24.9842     5.1861   .000    5
   40.70   -19.8591   -24.8176   -24.7567     4.9585   .000    4
   40.80   -19.8591   -24.5627   -24.5019     4.7036   .000    2
   40.90   -19.8589   -24.2824   -24.2217     4.4234   .000    4
   41.00   -19.8586   -23.9802   -23.9197     4.1216   .000    5
   41.10   -19.8582   -23.6621   -23.6016     3.8039   .000    4
   41.20   -19.8576   -23.3359   -23.2755     3.4783   .000    3
   41.30   -19.8569   -23.0118   -22.9515     3.1549   .000    4
   41.40   -19.8560   -22.7018   -22.6416     2.8457   .000    5
   41.50   -19.8552   -22.4189   -22.3588     2.5637   .000    4
   41.60   -19.8544   -22.1766   -22.1166     2.3222   .000    2
   41.70   -19.8538   -21.9874   -21.9275     2.1337   .000    4
   41.80   -19.8533   -21.8617   -21.8019     2.0084   .000    4
   41.90   -19.8531   -21.8067   -21.7470     1.9536   .000    4
   42.00   -19.8532   -21.8256   -21.7659     1.9724   .000    2
   42.10   -19.8535   -21.9172   -21.8576     2.0636   .000    4
   42.20   -19.8541   -22.0760   -22.0165     2.2219   .000    4
   42.30   -19.8549   -22.2931   -22.2336     2.4382   .000    4
   42.40   -19.8557   -22.5567   -22.4973     2.7010   .000    2
   42.50   -19.8565   -22.8537   -22.7944     2.9972   .000    4
   42.60   -19.8573   -23.1708   -23.1116     3.3135   .000    4
   42.70   -19.8580   -23.4954   -23.4362     3.6375   .000    4
   42.80   -19.8585   -23.8166   -23.7573     3.9580   .000    2
   42.90   -19.8589   -24.1252   -24.0660     4.2663   .000    4
   43.00   -19.8591   -24.4145   -24.3554     4.5554   .000    4
   43.10   -19.8592   -24.6799   -24.6208     4.8207   .000    4
   43.20   -19.8592   -24.9188   -24.8597     5.0596   .000    2
   43.30   -19.8591   -25.1301   -25.0711     5.2710   .000    4
   43.40   -19.8589   -25.3140   -25.2550     5.4551   .000    4
   43.50   -19.8587   -25.4717   -25.4127     5.6130   .000    5
   43.60   -19.8585   -25.6049   -25.5460     5.7465   .000    3
   43.70   -19.8583   -25.7158   -25.6569     5.8575   .000    4
   43.80   -19.8581   -25.8065   -25.7476     5.9484   .000    5
   43.90   -19.8579   -25.8793   -25.8205     6.0214   .000    4
   44.00   -19.8577   -25.9364   -25.8775     6.0787   .000    4
   44.10   -19.8575   -25.9796   -25.9208     6.1221   .000    4
   44.20   -19.8574   -26.0107   -25.9519     6.1533   .000    4
   44.30   -19.8573   -26.0311   -25.9724     6.1738   .000    3
   44.40   -19.8571   -26.0419   -25.9833     6.1848   .000    4
   44.50   -19.8570   -26.0442   -25.9856     6.1872   .000    4
   44.60   -19.8570   -26.0387   -25.9802     6.1818   .000    4
   44.70   -19.8569   -26.0259   -25.9674     6.1690   .000    3
   44.80   -19.8569   -26.0062   -25.9476     6.1493   .000    4
   44.90   -19.8569   -25.9798   -25.9213     6.1229   .000    4
   45.00   -19.8568   -25.9468   -25.8883     6.0900   .000    3
   45.10   -19.8568   -25.9074   -25.8490     6.0507   .000    3
   45.20   -19.8567   -25.8617   -25.8032     6.0050   .000    4
   45.30   -19.8567   -25.8097   -25.7513     5.9530   .000    5
   45.40   -19.8567   -25.7517   -25.6933     5.8951   .000    3
   45.50   -19.8566   -25.6880   -25.6295     5.8314   .000    4
   45.60   -19.8566   -25.6191   -25.5606     5.7625   .000    5
   45.70   -19.8565   -25.5455   -25.4870     5.6890   .000    4
   45.80   -19.8564   -25.4681   -25.4095     5.6117   .000    2
   45.90   -19.8563   -25.3881   -25.3295     5.5318   .000    4
   46.00   -19.8561   -25.3067   -25.2481     5.4505   .000    5
   46.10   -19.8560   -25.2254   -25.1667     5.3694   .000    4
   46.20   -19.8559   -25.1460   -25.0873     5.2901   .000    4
   46.30   -19.8557   -25.0703   -25.0116     5.2145   .000    4
   46.40   -19.8556   -25.0002   -24.9414     5.1446   .000    4
   46.50   -19.8554   -24.9376   -24.8788     5.0822   .000    4
   46.60   -19.8553   -24.8844   -24.8255     5.0291   .000    3
   46.70   -19.8552   -24.8420   -24.7831     4.9868   .000    4
   46.80   -19.8551   -24.8120   -24.7530     4.9568   .000    4
   46.90   -19.8551   -24.7951   -24.7360     4.9400   .000    3
   47.00   -19.8550   -24.7920   -24.7328     4.9369   .000    4
   47.10   -19.8551   -24.8026   -24.7434     4.9476   .000    4
   47.20   -19.8551   -24.8267   -24.7674     4.9716   .000    2
   47.30   -19.8551   -24.8632   -24.8039     5.0081   .000    4
   47.40   -19.8552   -24.9112   -24.8518     5.0559   .000    5
   47.50   -19.8554   -24.9689   -24.9094     5.1135   .000    5
   47.60   -19.8555   -25.0346   -24.9750     5.1791   .000    2
   47.70   -19.8556   -25.1064   -25.0467     5.2508   .000    4
   47.80   -19.8557   -25.1823   -25.1227     5.3266   .000    4
   47.90   -19.8558   -25.2605   -25.2008     5.4047   .000    4
   48.00   -19.8559   -25.3392   -25.2794     5.4833   .000    2
   48.10   -19.8560   -25.4167   -25.3569     5.5607   .000    4
   48.20   -19.8561   -25.4916   -25.4318     5.6356   .000    4
   48.30   -19.8561   -25.5628   -25.5029     5.7067   .000    4
   48.40   -19.8561   -25.6293   -25.5693     5.7731   .000    2
   48.50   -19.8561   -25.6902   -25.6303     5.8341   .000    4
   48.60   -19.8561   -25.7452   -25.6852     5.8891   .000    4
   48.70   -19.8561   -25.7938   -25.7338     5.9377   .000    4
   48.80   -19.8561   -25.8359   -25.7758     5.9798   .000    2
   48.90   -19.8560   -25.8713   -25.8111     6.0153   .000    4
   49.00   -19.8560   -25.9001   -25.8399     6.0441   .000    4
   49.10   -19.8560   -25.9223   -25.8620     6.0664   .000    4
   49.20   -19.8559   -25.9382   -25.8778     6.0822   .000    2
   49.30   -19.8558   -25.9478   -25.8874     6.0919   .000    4
   49.40   -19.8558   -25.9514   -25.8909     6.0956   .000    4
   49.50   -19.8558   -25.9494   -25.8888     6.0936   .000    3
   49.60   -19.8557   -25.9418   -25.8812     6.0861   .000    3
   49.70   -19.8556   -25.9291   -25.8684     6.0735   .000    4
   49.80   -19.8556   -25.9116   -25.8508     6.0560   .000    5
   49.90   -19.8556   -25.8897   -25.8287     6.0341   .000    4
   50.00   -19.8555   -25.8637   -25.8028     6.0083   .000    2
   50.10   -19.8554   -25.8343   -25.7730     5.9789   .000    4
   50.20   -19.8553   -25.8018   -25.7406     5.9465   .000    4
   50.30   -19.8552   -25.7670   -25.7055     5.9118   .000    4
   50.40   -19.8551   -25.7306   -25.6690     5.8754   .000    3
   50.50   -19.8550   -25.6932   -25.6315     5.8382   .000    4
   50.60   -19.8550   -25.6558   -25.5939     5.8008   .000    4
   50.70   -19.8549   -25.6191   -25.5571     5.7642   .000    4
   50.80   -19.8548   -25.5840   -25.5219     5.7292   .000    2
   50.90   -19.8547   -25.5514   -25.4891     5.6967   .000    4
   51.00   -19.8546   -25.5221   -25.4597     5.6675   .000    4
   51.10   -19.8545   -25.4969   -25.4342     5.6423   .000    4
   51.20   -19.8545   -25.4763   -25.4135     5.6219   .000    2
   51.30   -19.8544   -25.4610   -25.3981     5.6066   .000    4
   51.40   -19.8544   -25.4512   -25.3881     5.5968   .000    4
   51.50   -19.8544   -25.4472   -25.3840     5.5928   .000    3
   51.60   -19.8543   -25.4489   -25.3856     5.5946   .000    4
   51.70   -19.8543   -25.4562   -25.3927     5.6019   .000    4
   51.80   -19.8543   -25.4686   -25.4050     5.6143   .000    4
   51.90   -19.8544   -25.4857   -25.4219     5.6313   .000    4
   52.00   -19.8544   -25.5067   -25.4428     5.6523   .000    2
   52.10   -19.8544   -25.5309   -25.4668     5.6765   .000    4
   52.20   -19.8545   -25.5574   -25.4932     5.7029   .000    4
   52.30   -19.8545   -25.5853   -25.5209     5.7308   .000    4
   52.40   -19.8545   -25.6138   -25.5491     5.7592   .000    2
   52.50   -19.8545   -25.6418   -25.5770     5.7872   .000    4
   52.60   -19.8546   -25.6687   -25.6038     5.8141   .000    4
   52.70   -19.8546   -25.6936   -25.6285     5.8390   .000    4
   52.80   -19.8546   -25.7160   -25.6507     5.8614   .000    2
   52.90   -19.8546   -25.7354   -25.6700     5.8808   .000    4
   53.00   -19.8546   -25.7513   -25.6856     5.8967   .000    4
   53.10   -19.8546   -25.7635   -25.6977     5.9090   .000    4
   53.20   -19.8546   -25.7720   -25.7060     5.9174   .000    3
   53.30   -19.8545   -25.7767   -25.7104     5.9222   .000    3
   53.40   -19.8545   -25.7778   -25.7114     5.9233   .000    3
   53.50   -19.8544   -25.7754   -25.7088     5.9210   .000    5
   53.60   -19.8543   -25.7701   -25.7034     5.9158   .000    3
   53.70   -19.8543   -25.7623   -25.6953     5.9080   .000    4
   53.80   -19.8542   -25.7526   -25.6853     5.8983   .000    4
   53.90   -19.8541   -25.7414   -25.6741     5.8873   .000    4
   54.00   -19.8541   -25.7296   -25.6620     5.8755   .000    3
   54.10   -19.8540   -25.7178   -25.6500     5.8638   .000    4
   54.20   -19.8539   -25.7066   -25.6386     5.8527   .000    5
   54.30   -19.8539   -25.6967   -25.6286     5.8428   .000    5
   54.40   -19.8538   -25.6887   -25.6204     5.8348   .000    2
   54.50   -19.8537   -25.6830   -25.6146     5.8293   .000    4
   54.60   -19.8537   -25.6802   -25.6118     5.8266   .000    4
   54.70   -19.8536   -25.6805   -25.6120     5.8269   .000    4
   54.80   -19.8536   -25.6842   -25.6156     5.8306   .000    2
   54.90   -19.8535   -25.6912   -25.6226     5.8377   .000    4
   55.00   -19.8535   -25.7015   -25.6329     5.8480   .000    4
   55.10   -19.8535   -25.7149   -25.6463     5.8613   .000    4
   55.20   -19.8536   -25.7309   -25.6623     5.8774   .000    3
   55.30   -19.8536   -25.7492   -25.6806     5.8956   .000    4
   55.40   -19.8536   -25.7691   -25.7006     5.9155   .000    4
   55.50   -19.8536   -25.7899   -25.7214     5.9363   .000    3
   55.60   -19.8537   -25.8109   -25.7424     5.9572   .000    4
   55.70   -19.8537   -25.8311   -25.7629     5.9774   .000    4
   55.80   -19.8538   -25.8498   -25.7816     5.9960   .000    3
   55.90   -19.8538   -25.8658   -25.7976     6.0120   .000    3
   56.00   -19.8539   -25.8782   -25.8102     6.0243   .000    4
   56.10   -19.8540   -25.8858   -25.8180     6.0319   .000    5
   56.20   -19.8541   -25.8877   -25.8200     6.0336   .000    3
   56.30   -19.8541   -25.8824   -25.8147     6.0282   .000    4
   56.40   -19.8542   -25.8688   -25.8013     6.0145   .000    5
   56.50   -19.8543   -25.8455   -25.7781     5.9912   .000    4
   56.60   -19.8544   -25.8113   -25.7440     5.9568   .000    3
   56.70   -19.8545   -25.7647   -25.6975     5.9102   .000    4
   56.80   -19.8546   -25.7044   -25.6374     5.8498   .000    4
   56.90   -19.8547   -25.6292   -25.5621     5.7745   .000    4
   57.00   -19.8547   -25.5377   -25.4708     5.6830   .000    4
   57.10   -19.8548   -25.4292   -25.3623     5.5745   .000    3
   57.20   -19.8548   -25.3030   -25.2361     5.4482   .000    4
   57.30   -19.8548   -25.1590   -25.0923     5.3042   .000    4
   57.40   -19.8547   -24.9977   -24.9311     5.1430   .000    5
   57.50   -19.8546   -24.8205   -24.7539     4.9659   .000    4
   57.60   -19.8544   -24.6294   -24.5628     4.7750   .000    4
   57.70   -19.8542   -24.4279   -24.3615     4.5737   .000    4
   57.80   -19.8538   -24.2203   -24.1538     4.3665   .000    5
   57.90   -19.8534   -24.0120   -23.9456     4.1586   .000    4
   58.00   -19.8530   -23.8095   -23.7430     3.9565   .000    4
   58.10   -19.8525   -23.6197   -23.5532     3.7672   .000    4
   58.20   -19.8520   -23.4500   -23.3836     3.5980   .000    4
   58.30   -19.8516   -23.3076   -23.2413     3.4560   .000    4
   58.40   -19.8512   -23.1989   -23.1326     3.3477   .000    3
   58.50   -19.8510   -23.1291   -23.0629     3.2781   .000    4
   58.60   -19.8509   -23.1016   -23.0355     3.2507   .000    5
   58.70   -19.8510   -23.1178   -23.0518     3.2668   .000    4
   58.80   -19.8512   -23.1769   -23.1109     3.3257   .000    2
   58.90   -19.8515   -23.2760   -23.2102     3.4245   .000    4
   59.00   -19.8519   -23.4104   -23.3449     3.5586   .000    4
   59.10   -19.8523   -23.5741   -23.5087     3.7218   .000    3
   59.20   -19.8528   -23.7601   -23.6949     3.9073   .000    4
   59.30   -19.8533   -23.9612   -23.8961     4.1079   .000    3
   59.40   -19.8537   -24.1702   -24.1054     4.3165   .000    4
   59.50   -19.8540   -24.3807   -24.3162     4.5267   .000    4
   59.60   -19.8543   -24.5872   -24.5228     4.7329   .000    2
   59.70   -19.8545   -24.7850   -24.7209     4.9305   .000    4
   59.80   -19.8546   -24.9707   -24.9068     5.1161   .000    5
   59.90   -19.8546   -25.1419   -25.0783     5.2873   .000    5
   60.00   -19.8546   -25.2972   -25.2340     5.4426   .000    2
   60.10   -19.8546   -25.4361   -25.3729     5.5815   .000   14
   60.20   -19.8545   -25.5584   -25.4956     5.7040   .000    7
   60.30   -19.8544   -25.6649   -25.6023     5.8105   .000    3
   60.40   -19.8544   -25.7563   -25.6941     5.9019   .000    5
   60.50   -19.8543   -25.8338   -25.7717     5.9795   .000    6
   60.60   -19.8542   -25.8985   -25.8366     6.0444   .000    4
   60.70   -19.8540   -25.9517   -25.8901     6.0977   .000    2
   60.80   -19.8539   -25.9945   -25.9331     6.1405   .000    4
   60.90   -19.8538   -26.0279   -25.9667     6.1741   .000    4
   61.00   -19.8537   -26.0530   -25.9920     6.1993   .000    3
   61.10   -19.8536   -26.0704   -26.0096     6.2168   .000    2
   61.20   -19.8535   -26.0808   -26.0201     6.2273   .000    4
   61.30   -19.8535   -26.0845   -26.0241     6.2311   .000    4
   61.40   -19.8534   -26.0820   -26.0216     6.2285   .000    4
   61.50   -19.8534   -26.0731   -26.0129     6.2197   .000    2
   61.60   -19.8533   -26.0579   -25.9980     6.2046   .000    3
   61.70   -19.8533   -26.0362   -25.9764     6.1829   .000    4
   61.80   -19.8533   -26.0076   -25.9479     6.1543   .000    5
   61.90   -19.8533   -25.9718   -25.9122     6.1184   .000    4
   62.00   -19.8534   -25.9281   -25.8687     6.0747   .000    4
   62.10   -19.8534   -25.8762   -25.8169     6.0228   .000    4
   62.20   -19.8534   -25.8155   -25.7563     5.9621   .000    4
   62.30   -19.8534   -25.7455   -25.6864     5.8921   .000    4
   62.40   -19.8534   -25.6660   -25.6070     5.8126   .000    4
   62.50   -19.8534   -25.5768   -25.5179     5.7234   .000    4
   62.60   -19.8534   -25.4780   -25.4193     5.6246   .000    4
   62.70   -19.8533   -25.3700   -25.3114     5.5167   .000    4
   62.80   -19.8532   -25.2537   -25.1951     5.4004   .000    4
   62.90   -19.8531   -25.1302   -25.0718     5.2771   .000    3
   63.00   -19.8530   -25.0014   -24.9431     5.1485   .000    4
   63.10   -19.8528   -24.8695   -24.8113     5.0168   .000    5
   63.20   -19.8526   -24.7372   -24.6791     4.8847   .000    4
   63.30   -19.8523   -24.6077   -24.5497     4.7554   .000    4
   63.40   -19.8521   -24.4845   -24.4266     4.6325   .000    3
   63.50   -19.8518   -24.3713   -24.3134     4.5195   .000    4
   63.60   -19.8515   -24.2716   -24.2138     4.4201   .000    4
   63.70   -19.8513   -24.1891   -24.1314     4.3377   .000    4
   63.80   -19.8512   -24.1266   -24.0689     4.2754   .000    2
   63.90   -19.8511   -24.0865   -24.0289     4.2354   .000    4
   64.00   -19.8510   -24.0703   -24.0127     4.2193   .000    4
   64.10   -19.8510   -24.0786   -24.0212     4.2276   .000    4
   64.20   -19.8511   -24.1111   -24.0536     4.2600   .000    3
   64.30   -19.8513   -24.1663   -24.1089     4.3150   .000    4
   64.40   -19.8515   -24.2420   -24.1846     4.3906   .000    5
   64.50   -19.8517   -24.3354   -24.2780     4.4837   .000    4
   64.60   -19.8520   -24.4429   -24.3855     4.5910   .000    2
   64.70   -19.8522   -24.5611   -24.5037     4.7089   .000    2
   64.80   -19.8524   -24.6861   -24.6287     4.8337   .000    4
   64.90   -19.8526   -24.8144   -24.7570     4.9618   .000    5
   65.00   -19.8528   -24.9429   -24.8855     5.0901   .000    5
   65.10   -19.8529   -25.0686   -25.0111     5.2157   .000    2
   65.20   -19.8530   -25.1892   -25.1317     5.3362   .000    4
   65.30   -19.8531   -25.3029   -25.2454     5.4498   .000    4
   65.40   -19.8531   -25.4083   -25.3508     5.5552   .000    4
   65.50   -19.8531   -25.5047   -25.4471     5.6516   .000    2
   65.60   -19.8531   -25.5914   -25.5337     5.7383   .000    4
   65.70   -19.8530   -25.6684   -25.6107     5.8153   .000    4
   65.80   -19.8530   -25.7358   -25.6781     5.8828   .000    4
   65.90   -19.8529   -25.7941   -25.7363     5.9411   .000    2
   66.00   -19.8528   -25.8437   -25.7858     5.9908   .000    4
   66.10   -19.8528   -25.8853   -25.8274     6.0325   .000    4
   66.20   -19.8527   -25.9197   -25.8617     6.0670   .000    4
   66.30   -19.8526   -25.9475   -25.8895     6.0949   .000    2
   66.40   -19.8525   -25.9695   -25.9115     6.1170   .000    4
   66.50   -19.8524   -25.9865   -25.9284     6.1341   .000    4
   66.60   -19.8524   -25.9992   -25.9410     6.1468   .000    4
   66.70   -19.8523   -26.0081   -25.9499     6.1559   .000    2
   66.80   -19.8522   -26.0140   -25.9557     6.1618   .000    4
   66.90   -19.8521   -26.0172   -25.9590     6.1651   .000    4
   67.00   -19.8521   -26.0184   -25.9601     6.1664   .000    4
   67.10   -19.8520   -26.0180   -25.9597     6.1660   .000    3
   67.20   -19.8519   -26.0163   -25.9579     6.1644   .000    4
   67.30   -19.8519   -26.0137   -25.9553     6.1618   .000    5
   67.40   -19.8519   -26.0104   -25.9520     6.1585   .000    4
   67.50   -19.8519   -26.0067   -25.9483     6.1549   .000    3
   67.60   -19.8518   -26.0028   -25.9443     6.1510   .000    4
   67.70   -19.8518   -25.9988   -25.9403     6.1470   .000    5
   67.80   -19.8518   -25.9948   -25.9364     6.1431   .000    3
   67.90   -19.8517   -25.9909   -25.9324     6.1392   .000    4
   68.00   -19.8517   -25.9871   -25.9287     6.1354   .000    4
   68.10   -19.8517   -25.9835   -25.9250     6.1318   .000    3
   68.20   -19.8517   -25.9799   -25.9214     6.1282   .000    3
   68.30   -19.8516   -25.9762   -25.9177     6.1246   .000    4
   68.40   -19.8516   -25.9725   -25.9141     6.1209   .000    4
   68.50   -19.8516   -25.9686   -25.9102     6.1170   .000    3
   68.60   -19.8516   -25.9642   -25.9058     6.1126   .000    3
   68.70   -19.8516   -25.9593   -25.9009     6.1077   .000    4
   68.80   -19.8516   -25.9535   -25.8952     6.1019   .000    4
   68.90   -19.8516   -25.9467   -25.8884     6.0951   .000    4
   69.00   -19.8516   -25.9385   -25.8804     6.0869   .000    2
   69.10   -19.8516   -25.9287   -25.8705     6.0771   .000    4
   69.20   -19.8516   -25.9168   -25.8588     6.0653   .000    4
   69.30   -19.8516   -25.9026   -25.8446     6.0510   .000    3
   69.40   -19.8516   -25.8855   -25.8276     6.0339   .000    3
   69.50   -19.8516   -25.8651   -25.8073     6.0136   .000    4
   69.60   -19.8516   -25.8411   -25.7833     5.9895   .000    4
   69.70   -19.8516   -25.8127   -25.7551     5.9611   .000    4
   69.80   -19.8516   -25.7796   -25.7221     5.9279   .000    4
   69.90   -19.8517   -25.7411   -25.6837     5.8894   .000    3
   70.00   -19.8517   -25.6967   -25.6394     5.8450   .000    4
   70.10   -19.8518   -25.6459   -25.5887     5.7941   .000    3
   70.20   -19.8518   -25.5880   -25.5309     5.7362   .000    5
   70.30   -19.8518   -25.5227   -25.4656     5.6709   .000    5
   70.40   -19.8518   -25.4494   -25.3925     5.5976   .000    4
   70.50   -19.8518   -25.3681   -25.3112     5.5163   .000    3
   70.60   -19.8518   -25.2785   -25.2217     5.4267   .000    4
   70.70   -19.8517   -25.1807   -25.1241     5.3290   .000    4
   70.80   -19.8517   -25.0753   -25.0187     5.2236   .000    4
   70.90   -19.8516   -24.9627   -24.9062     5.1111   .000    4
   71.00   -19.8515   -24.8442   -24.7878     4.9927   .000    4
   71.10   -19.8514   -24.7212   -24.6648     4.8698   .000    4
   71.20   -19.8512   -24.5955   -24.5391     4.7442   .000    4
   71.30   -19.8510   -24.4693   -24.4129     4.6182   .000    4
   71.40   -19.8508   -24.3452   -24.2890     4.4944   .000    4
   71.50   -19.8506   -24.2262   -24.1699     4.3756   .000    4
   71.60   -19.8504   -24.1152   -24.0589     4.2648   .000    4
   71.70   -19.8502   -24.0152   -23.9590     4.1650   .000    4
   71.80   -19.8500   -23.9292   -23.8730     4.0792   .000    4
   71.90   -19.8499   -23.8598   -23.8035     4.0099   .000    4
   72.00   -19.8498   -23.8091   -23.7528     3.9593   .000    4
   72.10   -19.8497   -23.7786   -23.7223     3.9288   .000    2
   72.20   -19.8497   -23.7690   -23.7126     3.9193   .000    4
   72.30   -19.8497   -23.7803   -23.7239     3.9306   .000    4
   72.40   -19.8498   -23.8118   -23.7553     3.9619   .000    4
   72.50   -19.8500   -23.8619   -23.8054     4.0119   .000    2
   72.60   -19.8501   -23.9284   -23.8718     4.0783   .000    4
   72.70   -19.8503   -24.0088   -23.9521     4.1585   .000    4
   72.80   -19.8505   -24.1001   -24.0433     4.2496   .000    4
   72.90   -19.8507   -24.1993   -24.1424     4.3486   .000    2
   73.00   -19.8509   -24.3034   -24.2464     4.4525   .000    4
   73.10   -19.8511   -24.4095   -24.3524     4.5585   .000    4
   73.20   -19.8512   -24.5152   -24.4580     4.6640   .000    4
   73.30   -19.8513   -24.6183   -24.5610     4.7670   .000    2
   73.40   -19.8513   -24.7170   -24.6595     4.8656   .000    4
   73.50   -19.8514   -24.8101   -24.7525     4.9587   .000    4
   73.60   -19.8514   -24.8967   -24.8390     5.0453   .000    2
   73.70   -19.8514   -24.9762   -24.9184     5.1249   .000    4
   73.80   -19.8513   -25.0486   -24.9907     5.1973   .000    4
   73.90   -19.8513   -25.1140   -25.0559     5.2627   .000    4
   74.00   -19.8512   -25.1727   -25.1145     5.3215   .000    2
   74.10   -19.8512   -25.2253   -25.1669     5.3741   .000    4
   74.20   -19.8511   -25.2723   -25.2138     5.4212   .000    5
   74.30   -19.8510   -25.3144   -25.2558     5.4634   .000    4
   74.40   -19.8509   -25.3524   -25.2936     5.5015   .000    2
   74.50   -19.8509   -25.3869   -25.3280     5.5361   .000    4
   74.60   -19.8508   -25.4185   -25.3594     5.5677   .000    4
   74.70   -19.8507   -25.4477   -25.3884     5.5969   .000    4
   74.80   -19.8507   -25.4748   -25.4154     5.6241   .000    2
   74.90   -19.8506   -25.5002   -25.4406     5.6496   .000    3
   75.00   -19.8506   -25.5239   -25.4641     5.6733   .000    4
   75.10   -19.8506   -25.5459   -25.4860     5.6953   .000    5
   75.20   -19.8506   -25.5661   -25.5060     5.7155   .000    4
   75.30   -19.8506   -25.5840   -25.5237     5.7334   .000    3
   75.40   -19.8506   -25.5993   -25.5388     5.7486   .000    4
   75.50   -19.8507   -25.6112   -25.5506     5.7606   .000    5
   75.60   -19.8507   -25.6192   -25.5584     5.7685   .000    4
   75.70   -19.8508   -25.6222   -25.5612     5.7714   .000    4
   75.80   -19.8509   -25.6193   -25.5581     5.7684   .000    4
   75.90   -19.8509   -25.6093   -25.5479     5.7584   .000    4
   76.00   -19.8510   -25.5910   -25.5294     5.7400   .000    4
   76.10   -19.8512   -25.5631   -25.5012     5.7119   .000    4
   76.20   -19.8513   -25.5241   -25.4620     5.6728   .000    4
   76.30   -19.8514   -25.4725   -25.4101     5.6211   .000    4
   76.40   -19.8515   -25.4070   -25.3443     5.5555   .000    4
   76.50   -19.8516   -25.3259   -25.2630     5.4744   .000    4
   76.60   -19.8517   -25.2282   -25.1652     5.3766   .000    4
   76.70   -19.8517   -25.1128   -25.0493     5.2611   .000    4
   76.80   -19.8517   -24.9790   -24.9152     5.1272   .000    4
   76.90   -19.8518   -24.8266   -24.7626     4.9748   .000    4
   77.00   -19.8517   -24.6562   -24.5921     4.8045   .000    4
   77.10   -19.8515   -24.4693   -24.4048     4.6178   .000    5
   77.20   -19.8513   -24.2682   -24.2034     4.4169   .000    4
   77.30   -19.8511   -24.0566   -23.9914     4.2055   .000    4
   77.40   -19.8507   -23.8390   -23.7737     3.9883   .000    4
   77.50   -19.8503   -23.6216   -23.5560     3.7713   .000    5
   77.60   -19.8498   -23.4111   -23.3453     3.5614   .000    4
   77.70   -19.8493   -23.2153   -23.1491     3.3660   .000    4
   77.80   -19.8488   -23.0418   -22.9754     3.1930   .000    4
   77.90   -19.8483   -22.8983   -22.8317     3.0500   .000    5
   78.00   -19.8480   -22.7917   -22.7248     2.9437   .000    4
   78.10   -19.8478   -22.7270   -22.6600     2.8792   .000    2
   78.20   -19.8477   -22.7078   -22.6406     2.8601   .000    4
   78.30   -19.8478   -22.7351   -22.6676     2.8873   .000    4
   78.40   -19.8480   -22.8076   -22.7401     2.9596   .000    4
   78.50   -19.8484   -22.9220   -22.8543     3.0736   .000    2
   78.60   -19.8488   -23.0727   -23.0048     3.2239   .000    4
   78.70   -19.8493   -23.2531   -23.1851     3.4038   .000    4
   78.80   -19.8498   -23.4556   -23.3873     3.6057   .000    4
   78.90   -19.8503   -23.6722   -23.6037     3.8218   .000    2
   79.00   -19.8507   -23.8953   -23.8268     4.0446   .000    4
   79.10   -19.8511   -24.1183   -24.0497     4.2673   .000    4
   79.20   -19.8514   -24.3353   -24.2665     4.4839   .000    4
   79.30   -19.8515   -24.5416   -24.4726     4.6901   .000    2
   79.40   -19.8516   -24.7338   -24.6647     4.8821   .000    4
   79.50   -19.8517   -24.9095   -24.8402     5.0578   .000    4
   79.60   -19.8516   -25.0675   -24.9982     5.2158   .000    3
   79.70   -19.8516   -25.2073   -25.1378     5.3557   .000    4
   79.80   -19.8515   -25.3291   -25.2594     5.4777   .000    4
   79.90   -19.8513   -25.4338   -25.3641     5.5825   .000    3
   80.00   -19.8512   -25.5225   -25.4525     5.6713   .000    4
   80.10   -19.8510   -25.5964   -25.5262     5.7453   .000    4
   80.20   -19.8509   -25.6570   -25.5868     5.8061   .000    3
   80.30   -19.8508   -25.7060   -25.6356     5.8552   .000    4
   80.40   -19.8506   -25.7447   -25.6741     5.8941   .000    4
   80.50   -19.8505   -25.7746   -25.7039     5.9241   .000    4
   80.60   -19.8504   -25.7970   -25.7262     5.9466   .000    2
   80.70   -19.8502   -25.8131   -25.7422     5.9629   .000    4
   80.80   -19.8501   -25.8240   -25.7530     5.9739   .000    4
   80.90   -19.8500   -25.8307   -25.7596     5.9807   .000    4
   81.00   -19.8500   -25.8340   -25.7628     5.9840   .000    3
   81.10   -19.8499   -25.8345   -25.7633     5.9846   .000    4
   81.20   -19.8498   -25.8329   -25.7616     5.9831   .000    4
   81.30   -19.8498   -25.8296   -25.7581     5.9798   .000    3
   81.40   -19.8497   -25.8248   -25.7534     5.9751   .000    4
   81.50   -19.8497   -25.8190   -25.7477     5.9693   .000    4
   81.60   -19.8496   -25.8122   -25.7409     5.9626   .000    2
   81.70   -19.8496   -25.8046   -25.7332     5.9550   .000    4
   81.80   -19.8496   -25.7961   -25.7249     5.9465   .000    4
   81.90   -19.8495   -25.7867   -25.7155     5.9372   .000    4
   82.00   -19.8495   -25.7765   -25.7053     5.9270   .000    2
   82.10   -19.8495   -25.7652   -25.6942     5.9157   .000    4
   82.20   -19.8495   -25.7529   -25.6818     5.9034   .000    4
   82.30   -19.8494   -25.7394   -25.6685     5.8900   .000    4
   82.40   -19.8494   -25.7247   -25.6540     5.8753   .000    2
   82.50   -19.8494   -25.7088   -25.6380     5.8594   .000    3
   82.60   -19.8493   -25.6917   -25.6210     5.8424   .000    4
   82.70   -19.8493   -25.6735   -25.6030     5.8242   .000    5
   82.80   -19.8492   -25.6543   -25.5840     5.8051   .000    4
   82.90   -19.8492   -25.6345   -25.5642     5.7853   .000    2
   83.00   -19.8492   -25.6143   -25.5442     5.7651   .000    4
   83.10   -19.8491   -25.5940   -25.5240     5.7449   .000    4
   83.20   -19.8491   -25.5741   -25.5042     5.7250   .000    4
   83.30   -19.8490   -25.5551   -25.4853     5.7061   .000    3
   83.40   -19.8489   -25.5374   -25.4677     5.6885   .000    3
   83.50   -19.8488   -25.5217   -25.4520     5.6728   .000    4
   83.60   -19.8488   -25.5084   -25.4389     5.6596   .000    5
   83.70   -19.8487   -25.4980   -25.4286     5.6493   .000    4
   83.80   -19.8487   -25.4910   -25.4218     5.6423   .000    4
   83.90   -19.8487   -25.4878   -25.4187     5.6391   .000    4
   84.00   -19.8486   -25.4886   -25.4196     5.6400   .000    4
   84.10   -19.8486   -25.4937   -25.4248     5.6451   .000    4
   84.20   -19.8486   -25.5030   -25.4342     5.6544   .000    4
   84.30   -19.8486   -25.5165   -25.4478     5.6679   .000    4
   84.40   -19.8486   -25.5341   -25.4655     5.6855   .000    2
   84.50   -19.8486   -25.5554   -25.4868     5.7068   .000    4
   84.60   -19.8486   -25.5800   -25.5117     5.7314   .000    4
   84.70   -19.8486   -25.6075   -25.5392     5.7589   .000    4
   84.80   -19.8487   -25.6374   -25.5691     5.7887   .000    2
   84.90   -19.8487   -25.6689   -25.6008     5.8203   .000    4
   85.00   -19.8487   -25.7016   -25.6336     5.8529   .000    4
   85.10   -19.8487   -25.7348   -25.6669     5.8861   .000    4
   85.20   -19.8487   -25.7680   -25.7002     5.9192   .000    2
   85.30   -19.8487   -25.8006   -25.7328     5.9518   .000    2
   85.40   -19.8487   -25.8321   -25.7646     5.9834   .000    4
   85.50   -19.8487   -25.8622   -25.7949     6.0135   .000    4
   85.60   -19.8487   -25.8905   -25.8233     6.0418   .000    5
   85.70   -19.8487   -25.9168   -25.8497     6.0681   .000    3
   85.80   -19.8487   -25.9409   -25.8739     6.0922   .000    4
   85.90   -19.8487   -25.9626   -25.8958     6.1139   .000    4
   86.00   -19.8487   -25.9821   -25.9154     6.1334   .000    4
   86.10   -19.8486   -25.9992   -25.9326     6.1505   .000    3
   86.20   -19.8486   -26.0140   -25.9476     6.1654   .000    4
   86.30   -19.8486   -26.0267   -25.9603     6.1781   .000    4
   86.40   -19.8486   -26.0374   -25.9711     6.1888   .000    3
   86.50   -19.8485   -26.0462   -25.9802     6.1977   .000    4
   86.60   -19.8485   -26.0534   -25.9875     6.2050   .000    4
   86.70   -19.8484   -26.0591   -25.9932     6.2107   .000    3
   86.80   -19.8484   -26.0634   -25.9977     6.2150   .000    4
   86.90   -19.8484   -26.0664   -26.0007     6.2181   .000    3
   87.00   -19.8483   -26.0683   -26.0028     6.2200   .000    5
   87.10   -19.8483   -26.0691   -26.0036     6.2207   .000    5
   87.20   -19.8483   -26.0687   -26.0033     6.2203   .000    3
   87.30   -19.8483   -26.0671   -26.0018     6.2187   .000    3
   87.40   -19.8483   -26.0641   -25.9988     6.2158   .000    3
   87.50   -19.8483   -26.0595   -25.9942     6.2112   .000    4
   87.60   -19.8483   -26.0530   -25.9878     6.2047   .000    4
   87.70   -19.8483   -26.0443   -25.9791     6.1960   .000    4
   87.80   -19.8483   -26.0328   -25.9677     6.1845   .000    2
   87.90   -19.8483   -26.0181   -25.9530     6.1697   .000    3
   88.00   -19.8483   -25.9994   -25.9342     6.1510   .000    4
   88.10   -19.8484   -25.9761   -25.9109     6.1277   .000    5
   88.20   -19.8484   -25.9474   -25.8823     6.0990   .000    4
   88.30   -19.8484   -25.9126   -25.8474     6.0641   .000    2
   88.40   -19.8484   -25.8707   -25.8055     6.0222   .000    4
   88.50   -19.8485   -25.8210   -25.7558     5.9725   .000    5
   88.60   -19.8486   -25.7626   -25.6974     5.9140   .000    4
   88.70   -19.8486   -25.6949   -25.6296     5.8463   .000    3
   88.80   -19.8486   -25.6173   -25.5521     5.7687   .000    4
   88.90   -19.8486   -25.5294   -25.4642     5.6808   .000    5
   89.00   -19.8486   -25.4312   -25.3661     5.5826   .000    4
   89.10   -19.8486   -25.3228   -25.2577     5.4742   .000    4
   89.20   -19.8486   -25.2051   -25.1400     5.3565   .000    4
   89.30   -19.8484   -25.0790   -25.0138     5.2306   .000    4
   89.40   -19.8482   -24.9462   -24.8810     5.0980   .000    5
   89.50   -19.8481   -24.8091   -24.7438     4.9610   .000    4
   89.60   -19.8479   -24.6702   -24.6049     4.8224   .000    3
   89.70   -19.8476   -24.5330   -24.4677     4.6853   .000    4
   89.80   -19.8473   -24.4008   -24.3356     4.5535   .000    5
   89.90   -19.8471   -24.2778   -24.2126     4.4307   .000    4
   90.00   -19.8468   -24.1677   -24.1027     4.3209   .000    2
   90.10   -19.8466   -24.0743   -24.0092     4.2277   .000    4
   90.20   -19.8464   -24.0009   -23.9358     4.1545   .000    4
   90.30   -19.8462   -23.9501   -23.8851     4.1039   .000    4
   90.40   -19.8462   -23.9238   -23.8588     4.0776   .000    2
   90.50   -19.8462   -23.9228   -23.8580     4.0766   .000    4
   90.60   -19.8463   -23.9468   -23.8820     4.1006   .000    4
   90.70   -19.8464   -23.9947   -23.9300     4.1483   .000    4
   90.80   -19.8466   -24.0641   -23.9995     4.2175   .000    3
   90.90   -19.8468   -24.1522   -24.0877     4.3054   .000    4
   91.00   -19.8471   -24.2555   -24.1912     4.4084   .000    4
   91.10   -19.8473   -24.3701   -24.3059     4.5228   .000    4
   91.20   -19.8475   -24.4921   -24.4281     4.6446   .000    2
   91.30   -19.8478   -24.6179   -24.5541     4.7701   .000    4
   91.40   -19.8480   -24.7439   -24.6801     4.8959   .000    4
   91.50   -19.8481   -24.8670   -24.8035     5.0189   .000    4
   91.60   -19.8482   -24.9848   -24.9214     5.1365   .000    2
   91.70   -19.8483   -25.0952   -25.0319     5.2469   .000    4
   91.80   -19.8483   -25.1967   -25.1337     5.3484   .000    4
   91.90   -19.8483   -25.2884   -25.2255     5.4401   .000    4
   92.00   -19.8483   -25.3696   -25.3069     5.5213   .000    2
   92.10   -19.8483   -25.4401   -25.3776     5.5918   .000    4
   92.20   -19.8482   -25.4999   -25.4376     5.6517   .000    4
   92.30   -19.8481   -25.5494   -25.4872     5.7013   .000    2
   92.40   -19.8480   -25.5890   -25.5270     5.7410   .000    4
   92.50   -19.8479   -25.6194   -25.5576     5.7715   .000    4
   92.60   -19.8478   -25.6410   -25.5794     5.7932   .000    4
   92.70   -19.8477   -25.6548   -25.5933     5.8071   .000    2
   92.80   -19.8476   -25.6614   -25.6001     5.8137   .000    4
   92.90   -19.8475   -25.6615   -25.6004     5.8140   .000    4
   93.00   -19.8475   -25.6560   -25.5950     5.8085   .000    4
   93.10   -19.8474   -25.6455   -25.5848     5.7981   .000    2
   93.20   -19.8473   -25.6308   -25.5702     5.7836   .000    3
   93.30   -19.8472   -25.6128   -25.5524     5.7656   .000    4
   93.40   -19.8471   -25.5920   -25.5317     5.7449   .000    4
   93.50   -19.8470   -25.5692   -25.5092     5.7222   .000    3
   93.60   -19.8469   -25.5452   -25.4853     5.6983   .000    4
   93.70   -19.8469   -25.5206   -25.4609     5.6738   .000    4
   93.80   -19.8468   -25.4961   -25.4365     5.6493   .000    3
   93.90   -19.8467   -25.4723   -25.4129     5.6256   .000    4
   94.00   -19.8466   -25.4497   -25.3904     5.6031   .000    4
   94.10   -19.8466   -25.4289   -25.3698     5.5823   .000    3
   94.20   -19.8465   -25.4101   -25.3511     5.5636   .000    4
   94.30   -19.8465   -25.3937   -25.3349     5.5472   .000    4
   94.40   -19.8465   -25.3799   -25.3212     5.5334   .000    3
   94.50   -19.8465   -25.3686   -25.3100     5.5221   .000    4
   94.60   -19.8465   -25.3598   -25.3014     5.5133   .000    4
   94.70   -19.8465   -25.3532   -25.2949     5.5067   .000    3
   94.80   -19.8465   -25.3485   -25.2902     5.5020   .000    4
   94.90   -19.8465   -25.3451   -25.2869     5.4986   .000    5
   95.00   -19.8465   -25.3424   -25.2844     5.4958   .000    3
   95.10   -19.8466   -25.3398   -25.2819     5.4932   .000    4
   95.20   -19.8466   -25.3365   -25.2787     5.4899   .000    4
   95.30   -19.8467   -25.3317   -25.2739     5.4850   .000    4
   95.40   -19.8467   -25.3246   -25.2669     5.4779   .000    4
   95.50   -19.8468   -25.3145   -25.2568     5.4677   .000    3
   95.60   -19.8468   -25.3005   -25.2429     5.4537   .000    3
   95.70   -19.8468   -25.2819   -25.2244     5.4351   .000    5
   95.80   -19.8468   -25.2583   -25.2008     5.4114   .000    4
   95.90   -19.8468   -25.2291   -25.1717     5.3823   .000    3
   96.00   -19.8468   -25.1942   -25.1368     5.3473   .000    4
   96.10   -19.8468   -25.1533   -25.0960     5.3065   .000    4
   96.20   -19.8468   -25.1067   -25.0494     5.2599   .000    4
   96.30   -19.8467   -25.0547   -24.9974     5.2079   .000    4
   96.40   -19.8467   -24.9979   -24.9406     5.1512   .000    4
   96.50   -19.8466   -24.9372   -24.8799     5.0906   .000    4
   96.60   -19.8465   -24.8737   -24.8165     5.0272   .000    4
   96.70   -19.8463   -24.8089   -24.7517     4.9625   .000    4
   96.80   -19.8462   -24.7443   -24.6870     4.8980   .000    3
   96.90   -19.8460   -24.6816   -24.6244     4.8356   .000    4
   97.00   -19.8459   -24.6229   -24.5657     4.7770   .000    4
   97.10   -19.8457   -24.5700   -24.5127     4.7242   .000    4
   97.20   -19.8456   -24.5247   -24.4674     4.6791   .000    2
   97.30   -19.8455   -24.4887   -24.4315     4.6433   .000    4
   97.40   -19.8454   -24.4636   -24.4063     4.6182   .000    5
   97.50   -19.8453   -24.4504   -24.3931     4.6051   .000    5
   97.60   -19.8453   -24.4499   -24.3925     4.6046   .000    3
   97.70   -19.8453   -24.4623   -24.4049     4.6170   .000    3
   97.80   -19.8453   -24.4875   -24.4301     4.6422   .000    4
   97.90   -19.8454   -24.5249   -24.4673     4.6795   .000    3
   98.00   -19.8454   -24.5734   -24.5158     4.7279   .000    4
   98.10   -19.8456   -24.6316   -24.5739     4.7861   .000    4
   98.20   -19.8457   -24.6979   -24.6402     4.8523   .000    4
   98.30   -19.8458   -24.7706   -24.7128     4.9247   .000    2
   98.40   -19.8459   -24.8475   -24.7895     5.0016   .000    4
   98.50   -19.8461   -24.9269   -24.8688     5.0808   .000    3
   98.60   -19.8461   -25.0068   -24.9486     5.1607   .000    4
   98.70   -19.8462   -25.0857   -25.0274     5.2394   .000    5
   98.80   -19.8463   -25.1619   -25.1036     5.3156   .000    3
   98.90   -19.8464   -25.2342   -25.1757     5.3878   .000    4
   99.00   -19.8464   -25.3014   -25.2429     5.4550   .000    3
   99.10   -19.8464   -25.3626   -25.3041     5.5162   .000    4
   99.20   -19.8464   -25.4171   -25.3584     5.5707   .000    4
   99.30   -19.8464   -25.4642   -25.4055     5.6178   .000    3
   99.40   -19.8464   -25.5035   -25.4447     5.6571   .000    4
   99.50   -19.8464   -25.5345   -25.4755     5.6880   .000    4
   99.60   -19.8465   -25.5567   -25.4977     5.7103   .000    4
   99.70   -19.8465   -25.5698   -25.5107     5.7233   .000    3
   99.80   -19.8465   -25.5733   -25.5141     5.7268   .000    4
   99.90   -19.8465   -25.5666   -25.5074     5.7200   .000    4
  100.00   -19.8466   -25.5490   -25.4897     5.7024   .000    3
  100.10   -19.8466   -25.5199   -25.4605     5.6732   .000    5
  100.20   -19.8467   -25.4784   -25.4190     5.6317   .000    5
  100.30   -19.8468   -25.4237   -25.3642     5.5769   .000    4
  100.40   -19.8468   -25.3548   -25.2953     5.5080   .000    3
  100.50   -19.8469   -25.2710   -25.2116     5.4242   .000    4
  100.60   -19.8469   -25.1716   -25.1120     5.3247   .000    4
  100.70   -19.8469   -25.0560   -24.9965     5.2091   .000    4
  100.80   -19.8469   -24.9244   -24.8648     5.0774   .000    3
  100.90   -19.8468   -24.7769   -24.7173     4.9301   .000    4
  101.00   -19.8467   -24.6148   -24.5552     4.7680   .000    5
  101.10   -19.8466   -24.4398   -24.3803     4.5933   .000    4
  101.20   -19.8463   -24.2549   -24.1954     4.4086   .000    3
  101.30   -19.8460   -24.0637   -24.0043     4.2177   .000    3
  101.40   -19.8456   -23.8709   -23.8114     4.0253   .000    5
  101.50   -19.8452   -23.6820   -23.6226     3.8368   .000    4
  101.60   -19.8449   -23.5034   -23.4442     3.6585   .000    3
  101.70   -19.8444   -23.3415   -23.2823     3.4971   .000    4
  101.80   -19.8440   -23.2029   -23.1437     3.3588   .000    5
  101.90   -19.8437   -23.0935   -23.0344     3.2498   .000    4
  102.00   -19.8434   -23.0185   -22.9595     3.1750   .000    2
  102.10   -19.8433   -22.9813   -22.9224     3.1380   .000    4
  102.20   -19.8433   -22.9840   -22.9251     3.1407   .000    4
  102.30   -19.8434   -23.0265   -22.9677     3.1831   .000    4
  102.40   -19.8437   -23.1069   -23.0481     3.2632   .000    3
  102.50   -19.8440   -23.2215   -23.1627     3.3774   .000    4
  102.60   -19.8444   -23.3651   -23.3065     3.5207   .000    5
  102.70   -19.8448   -23.5319   -23.4733     3.6871   .000    4
  102.80   -19.8453   -23.7152   -23.6566     3.8699   .000    2
  102.90   -19.8457   -23.9085   -23.8499     4.0628   .000    2
  103.00   -19.8460   -24.1054   -24.0469     4.2594   .000    4
  103.10   -19.8463   -24.3004   -24.2419     4.4541   .000    4
  103.20   -19.8465   -24.4888   -24.4303     4.6423   .000    4
  103.30   -19.8467   -24.6667   -24.6083     4.8200   .000    2
  103.40   -19.8468   -24.8312   -24.7728     4.9844   .000    4
  103.50   -19.8468   -24.9804   -24.9219     5.1336   .000    4
  103.60   -19.8468   -25.1129   -25.0545     5.2661   .000    4
  103.70   -19.8468   -25.2283   -25.1699     5.3815   .000    3
  103.80   -19.8467   -25.3262   -25.2677     5.4794   .000    4
  103.90   -19.8467   -25.4068   -25.3484     5.5602   .000    5
  104.00   -19.8466   -25.4706   -25.4122     5.6240   .000    3
  104.10   -19.8465   -25.5179   -25.4595     5.6714   .000    3
  104.20   -19.8464   -25.5492   -25.4909     5.7028   .000    4
  104.30   -19.8464   -25.5650   -25.5066     5.7186   .000    5
  104.40   -19.8464   -25.5656   -25.5072     5.7192   .000    4
  104.50   -19.8464   -25.5513   -25.4929     5.7049   .000    3
  104.60   -19.8463   -25.5222   -25.4639     5.6759   .000    5
  104.70   -19.8463   -25.4786   -25.4202     5.6323   .000    5
  104.80   -19.8463   -25.4206   -25.3622     5.5743   .000    3
  104.90   -19.8462   -25.3484   -25.2901     5.5022   .000    3
  105.00   -19.8461   -25.2625   -25.2042     5.4164   .000    4
  105.10   -19.8461   -25.1635   -25.1052     5.3175   .000    5
  105.20   -19.8460   -25.0525   -24.9941     5.2065   .000    5
  105.30   -19.8459   -24.9308   -24.8724     5.0849   .000    4
  105.40   -19.8457   -24.8003   -24.7419     4.9546   .000    2
  105.50   -19.8454   -24.6636   -24.6051     4.8181   .000    4
  105.60   -19.8452   -24.5236   -24.4652     4.6784   .000    5
  105.70   -19.8449   -24.3838   -24.3254     4.5389   .000    5
  105.80   -19.8447   -24.2484   -24.1900     4.4037   .000    4
  105.90   -19.8443   -24.1214   -24.0630     4.2770   .000    2
  106.00   -19.8440   -24.0072   -23.9488     4.1632   .000    4
  106.10   -19.8437   -23.9101   -23.8516     4.0663   .000    5
  106.20   -19.8435   -23.8336   -23.7751     3.9900   .000    5
  106.30   -19.8434   -23.7809   -23.7223     3.9374   .000    2
  106.40   -19.8433   -23.7539   -23.6953     3.9106   .000    4
  106.50   -19.8433   -23.7537   -23.6952     3.9104   .000    4
  106.60   -19.8434   -23.7802   -23.7216     3.9368   .000    4
  106.70   -19.8436   -23.8319   -23.7732     3.9883   .000    4
  106.80   -19.8438   -23.9063   -23.8477     4.0625   .000    3
  106.90   -19.8441   -24.0003   -23.9415     4.1562   .000    4
  107.00   -19.8444   -24.1097   -24.0509     4.2653   .000    4
  107.10   -19.8446   -24.2302   -24.1714     4.3855   .000    2
  107.20   -19.8449   -24.3572   -24.2983     4.5122   .000    5
  107.30   -19.8452   -24.4863   -24.4274     4.6411   .000    4
  107.40   -19.8454   -24.6134   -24.5544     4.7679   .000    3
  107.50   -19.8457   -24.7346   -24.6755     4.8889   .000    2
  107.60   -19.8458   -24.8466   -24.7875     5.0008   .000    4
  107.70   -19.8460   -24.9467   -24.8875     5.1007   .000    4
  107.80   -19.8461   -25.0324   -24.9731     5.1863   .000    5
  107.90   -19.8462   -25.1019   -25.0426     5.2557   .000    2
  108.00   -19.8463   -25.1535   -25.0941     5.3073   .000    3
  108.10   -19.8463   -25.1860   -25.1265     5.3397   .000    4
  108.20   -19.8464   -25.1983   -25.1388     5.3519   .000    4
  108.30   -19.8464   -25.1894   -25.1298     5.3429   .000    4
  108.40   -19.8465   -25.1586   -25.0989     5.3121   .000    2
  108.50   -19.8465   -25.1053   -25.0456     5.2588   .000    4
  108.60   -19.8465   -25.0291   -24.9694     5.1826   .000    4
  108.70   -19.8465   -24.9300   -24.8703     5.0835   .000    6
  108.80   -19.8465   -24.8083   -24.7485     4.9618   .000    6
  108.90   -19.8464   -24.6648   -24.6050     4.8184   .000    2
  109.00   -19.8463   -24.5011   -24.4412     4.6548   .000    6
  109.10   -19.8461   -24.3196   -24.2597     4.4735   .000    6
  109.20   -19.8459   -24.1238   -24.0639     4.2779   .000    4
  109.30   -19.8455   -23.9180   -23.8581     4.0725   .000    3
  109.40   -19.8451   -23.7081   -23.6481     3.8631   .000    3
  109.50   -19.8445   -23.5006   -23.4405     3.6561   .000    5
  109.60   -19.8440   -23.3030   -23.2429     3.4590   .000    5
  109.70   -19.8435   -23.1233   -23.0631     3.2797   .000    4
  109.80   -19.8430   -22.9692   -22.9090     3.1262   .000    2
  109.90   -19.8426   -22.8482   -22.7880     3.0056   .000    4
  110.00   -19.8423   -22.7665   -22.7061     2.9241   .000    5
  110.10   -19.8422   -22.7284   -22.6679     2.8862   .000    4
  110.20   -19.8422   -22.7363   -22.6758     2.8942   .000    3
  110.30   -19.8423   -22.7904   -22.7298     2.9481   .000    4
  110.40   -19.8426   -22.8884   -22.8278     3.0458   .000    4
  110.50   -19.8430   -23.0259   -22.9652     3.1829   .000    4
  110.60   -19.8435   -23.1970   -23.1362     3.3535   .000    2
  110.70   -19.8440   -23.3945   -23.3335     3.5505   .000    4
  110.80   -19.8445   -23.6107   -23.5497     3.7662   .000    4
  110.90   -19.8449   -23.8379   -23.7768     3.9930   .000    4
  111.00   -19.8453   -24.0689   -24.0077     4.2236   .000    2
  111.10   -19.8456   -24.2975   -24.2362     4.4519   .000    4
  111.20   -19.8458   -24.5183   -24.4569     4.6725   .000    4
  111.30   -19.8460   -24.7273   -24.6658     4.8813   .000    4
  111.40   -19.8461   -24.9215   -24.8598     5.0754   .000    2
  111.50   -19.8461   -25.0990   -25.0372     5.2529   .000    4
  111.60   -19.8460   -25.2589   -25.1970     5.4128   .000    5
  111.70   -19.8460   -25.4010   -25.3390     5.5550   .000    4
  111.80   -19.8459   -25.5258   -25.4636     5.6799   .000    4
  111.90   -19.8458   -25.6340   -25.5717     5.7883   .000    2
  112.00   -19.8456   -25.7269   -25.6645     5.8813   .000    4
  112.10   -19.8455   -25.8057   -25.7433     5.9603   .000    4
  112.20   -19.8453   -25.8719   -25.8093     6.0266   .000    4
  112.30   -19.8452   -25.9270   -25.8642     6.0817   .000    2
  112.40   -19.8451   -25.9721   -25.9092     6.1270   .000    4
  112.50   -19.8449   -26.0087   -25.9458     6.1638   .000    4
  112.60   -19.8448   -26.0380   -25.9749     6.1932   .000    4
  112.70   -19.8447   -26.0611   -25.9978     6.2164   .000    2
  112.80   -19.8446   -26.0788   -26.0154     6.2342   .000    4
  112.90   -19.8445   -26.0921   -26.0286     6.2476   .000    4
  113.00   -19.8444   -26.1017   -26.0381     6.2573   .000    3
  113.10   -19.8443   -26.1082   -26.0445     6.2639   .000    2
  113.20   -19.8442   -26.1122   -26.0483     6.2680   .000    4
  113.30   -19.8442   -26.1141   -26.0500     6.2699   .000    4
  113.40   -19.8441   -26.1142   -26.0500     6.2701   .000    4
  113.50   -19.8441   -26.1129   -26.0486     6.2688   .000    2
  113.60   -19.8440   -26.1104   -26.0459     6.2664   .000    4
  113.70   -19.8440   -26.1069   -26.0424     6.2630   .000    4
  113.80   -19.8440   -26.1026   -26.0379     6.2587   .000    4
  113.90   -19.8439   -26.0976   -26.0327     6.2537   .000    2
  114.00   -19.8439   -26.0919   -26.0269     6.2481   .000    4
  114.10   -19.8438   -26.0857   -26.0205     6.2419   .000    4
  114.20   -19.8438   -26.0790   -26.0137     6.2352   .000    2
  114.30   -19.8437   -26.0719   -26.0064     6.2282   .000    4
  114.40   -19.8437   -26.0644   -25.9987     6.2207   .000    4
  114.50   -19.8437   -26.0565   -25.9907     6.2128   .000    4
  114.60   -19.8437   -26.0484   -25.9825     6.2047   .000    2
  114.70   -19.8436   -26.0400   -25.9739     6.1964   .000    4
  114.80   -19.8436   -26.0314   -25.9652     6.1879   .000    4
  114.90   -19.8435   -26.0228   -25.9564     6.1792   .000    4
  115.00   -19.8435   -26.0141   -25.9476     6.1706   .000    2
  115.10   -19.8434   -26.0055   -25.9388     6.1621   .000    4
  115.20   -19.8434   -25.9971   -25.9302     6.1537   .000    4
  115.30   -19.8434   -25.9890   -25.9219     6.1456   .000    4
  115.40   -19.8433   -25.9812   -25.9139     6.1379   .000    2
  115.50   -19.8433   -25.9740   -25.9065     6.1307   .000    4
  115.60   -19.8433   -25.9673   -25.8997     6.1241   .000    4
  115.70   -19.8432   -25.9614   -25.8936     6.1182   .000    4
  115.80   -19.8432   -25.9563   -25.8883     6.1131   .000    2
  115.90   -19.8431   -25.9520   -25.8838     6.1089   .000    4
  116.00   -19.8431   -25.9487   -25.8803     6.1056   .000    4
  116.10   -19.8431   -25.9463   -25.8777     6.1032   .000    4
  116.20   -19.8431   -25.9449   -25.8761     6.1019   .000    2
  116.30   -19.8430   -25.9445   -25.8755     6.1015   .000    4
  116.40   -19.8430   -25.9449   -25.8756     6.1019   .000    4
  116.50   -19.8430   -25.9461   -25.8767     6.1031   .000    3
  116.60   -19.8430   -25.9479   -25.8784     6.1050   .000    3
  116.70   -19.8429   -25.9503   -25.8805     6.1073   .000    4
  116.80   -19.8429   -25.9530   -25.8830     6.1100   .000    4
  116.90   -19.8429   -25.9557   -25.8855     6.1128   .000    4
  117.00   -19.8430   -25.9584   -25.8879     6.1154   .000    2
  117.10   -19.8429   -25.9606   -25.8901     6.1176   .000    4
  117.20   -19.8429   -25.9621   -25.8914     6.1192   .000    5
  117.30   -19.8429   -25.9627   -25.8918     6.1197   .000    3
  117.40   -19.8429   -25.9619   -25.8909     6.1190   .000    4
  117.50   -19.8429   -25.9597   -25.8884     6.1168   .000    4
  117.60   -19.8429   -25.9556   -25.8842     6.1127   .000    3
  117.70   -19.8429   -25.9495   -25.8778     6.1066   .000    5
  117.80   -19.8429   -25.9410   -25.8692     6.0981   .000    4
  117.90   -19.8429   -25.9300   -25.8581     6.0871   .000    4
  118.00   -19.8429   -25.9165   -25.8445     6.0736   .000    2
  118.10   -19.8428   -25.9001   -25.8277     6.0573   .000    4
  118.20   -19.8428   -25.8810   -25.8085     6.0381   .000    5
  118.30   -19.8428   -25.8591   -25.7865     6.0163   .000    5
  118.40   -19.8428   -25.8347   -25.7618     5.9919   .000    2
  118.50   -19.8427   -25.8078   -25.7348     5.9651   .000    4
  118.60   -19.8427   -25.7789   -25.7058     5.9362   .000    4
  118.70   -19.8426   -25.7482   -25.6750     5.9056   .000    2
  118.80   -19.8425   -25.7163   -25.6428     5.8738   .000    4
  118.90   -19.8424   -25.6837   -25.6101     5.8413   .000    5
  119.00   -19.8424   -25.6512   -25.5774     5.8088   .000    5
  119.10   -19.8423   -25.6192   -25.5454     5.7769   .000    4
  119.20   -19.8422   -25.5888   -25.5147     5.7466   .000    3
  119.30   -19.8421   -25.5604   -25.4862     5.7183   .000    4
  119.40   -19.8420   -25.5351   -25.4608     5.6930   .000    4
  119.50   -19.8420   -25.5134   -25.4390     5.6714   .000    2
  119.60   -19.8419   -25.4960   -25.4213     5.6541   .000    4
  119.70   -19.8419   -25.4834   -25.4086     5.6416   .000    5
  119.80   -19.8418   -25.4762   -25.4013     5.6344   .000    4
  119.90   -19.8418   -25.4746   -25.3994     5.6328   .000    2
  120.00   -19.8417   -25.4787   -25.4035     5.6370   .000    2
  