 site       X              Y              Z             EMT           DFT
  1   0.0000000000   0.0000000000  -5.0000000000  62.6567428346  -1.0481367200
  1   0.0000000000   0.0000000000  -4.8000000000  63.4508928868  -1.0341551400
  1   0.0000000000   0.0000000000  -4.6000000000  56.9838936864  -1.0634472300
  1   0.0000000000   0.0000000000  -4.4000000000  45.2505926074  -1.1120685600
  1   0.0000000000   0.0000000000  -4.2000000000  32.2383552197  -1.1441723700
  1   0.0000000000   0.0000000000  -4.0000000000  21.5944869434  -1.1428062800
  1   0.0000000000   0.0000000000  -3.8000000000  15.2880477989  -1.1234914100
  1   0.0000000000   0.0000000000  -3.6000000000  13.7989716152  -1.1164879700
  1   0.0000000000   0.0000000000  -3.4000000000  17.1313219966  -1.1326124900
  1   0.0000000000   0.0000000000  -3.2000000000  25.2115662969  -1.1507669400
  1   0.0000000000   0.0000000000  -3.0000000000  37.0942723809  -1.1421717100
  1   0.0000000000   0.0000000000  -2.8000000000  50.1125322496  -1.1025158700
  1   0.0000000000   0.0000000000  -2.6000000000  60.2516021977  -1.0585963200
  1   0.0000000000   0.0000000000  -2.4000000000  64.0012759175  -1.0456280500
  1   0.0000000000   0.0000000000  -2.2000000000  60.6781675350  -1.0771306200
  1   0.0000000000   0.0000000000  -2.0000000000  53.6122393986  -1.1313340400
  1   0.0000000000   0.0000000000  -1.8000000000  49.9008595831  -1.1516515500
  1   0.0000000000   0.0000000000  -1.6000000000  61.5489041008  -1.0166319300
  1   0.0000000000   0.0000000000  -1.4000000000 115.2766432452  -0.3742959700
  1   0.0000000000   0.0000000000  -1.2000000000 282.7271603437   1.8422229800
  1   0.0000000000   0.0000000000  -1.0000000000 752.7353985092   8.5517769600
  1   0.0000000000   0.0000000000   1.0000000000 737.6575377834   7.6765841000
  1   0.0000000000   0.0000000000   1.2000000000 261.0531588290   0.8766178600
  1   0.0000000000   0.0000000000   1.4000000000  86.3101983561  -1.3052850000
  1   0.0000000000   0.0000000000   1.6000000000  25.0889569268  -1.7566152900
  1   0.0000000000   0.0000000000   1.8000000000   5.1933695053  -1.5797203200
  1   0.0000000000   0.0000000000   2.0000000000  -0.3823322604  -1.1983958900
  1   0.0000000000   0.0000000000   2.2000000000  -1.3937618087  -0.7846930900
  1   0.0000000000   0.0000000000   2.4000000000  -1.1806343521  -0.4237280100
  1   0.0000000000   0.0000000000   2.6000000000  -0.7844008432  -0.2072099100
  1   0.0000000000   0.0000000000   2.8000000000  -0.4700547472  -0.0962708300
  1   0.0000000000   0.0000000000   3.0000000000  -0.2662983469  -0.0451418900
  1   0.0000000000   0.0000000000   3.2000000000  -0.1457805715  -0.0222995900
  1   0.0000000000   0.0000000000   3.4000000000  -0.0780515764  -0.0120612900
  1   0.0000000000   0.0000000000   3.6000000000  -0.0411762421  -0.0075157000
  1   0.0000000000   0.0000000000   3.8000000000  -0.0215100846  -0.0055164800
  1   0.0000000000   0.0000000000   4.0000000000  -0.0111440534  -0.0045484600
  1   0.0000000000   0.0000000000   4.2000000000  -0.0053690051  -0.0039407100
  1   0.0000000000   0.0000000000   4.4000000000  -0.0025021953  -0.0034222300
  1   0.0000000000   0.0000000000   4.6000000000  -0.0012538586  -0.0029049400
  1   0.0000000000   0.0000000000   4.8000000000  -0.0006298387  -0.0023772200
  1   0.0000000000   0.0000000000   5.0000000000  -0.0003090282  -0.0018477500
  1   0.0000000000   0.0000000000   5.2000000000  -0.0000358517  -0.0013408400
  1   0.0000000000   0.0000000000   5.4000000000  -0.0000002007  -0.0008915600
  1   0.0000000000   0.0000000000   5.6000000000  -0.0000000001  -0.0004981300
  1   0.0000000000   0.0000000000   5.8000000000   0.0000000008  -0.0001762000
  1   0.0000000000   0.0000000000   6.0000000000   0.0000000008   0.0000742300
  2   0.4950925980   0.0000000000  -5.0000000000 170.0593067858   0.2716979800
  2   0.4950925980   0.0000000000  -4.8000000000 175.6712926594   0.3770731100
  2   0.4950925980   0.0000000000  -4.6000000000 155.9616345054   0.1762262800

 
  Test of EMT_fit_1   
 NO OF DATA POINTS IS  50   NO OF PARAMETERS IS 14   NO OF INDEPENDENT VARIABLES IS  3
 DELTA= 0.99999997E-05   E= 0.49999999E-04   FF= 0.40000000E+01   GAMCR= 0.45000000E+02
   T= 0.20000000E+01   TAU= 0.54110893-311   ZETA= 0.21219958-313   AL= 0.10000000E+00
 XXXXXXXXXXXXXXXXXXXXXXXXXXXXXXXXXXXXXXXXXXXXXXXXXXXXXXXXXXXXXXXXXXXXXXXXXXXXXXXXXXXXXXXXXXXXXXXXXXX
 

 NO OF ITERATIONS =  1
 PHI = 0.20339247E+06    LAMBDA = 0.10000000E-01
 PARAMETERS
    0.45490358E+01   0.78418301E+01   0.74618559E+01  -0.23710000E+01   0.18220500E+00   0.68041100E+00   0.18601309E-01

    0.40984277E+01   0.54485078E+01   0.57795021E+01  -0.38000000E+01   0.47440800E-01   0.16417400E+01   0.23210000E+01

 GAMMA = 0.30008302E+02    LENGTH OF DB = 0.58514564E+03
 DB CORRECTION VECTOR
    0.12363581E+00  -0.10209899E+01  -0.26523411E+00   0.00000000E+00   0.00000000E+00   0.00000000E+00  -0.40839869E+00

   -0.64972344E-01   0.19327844E-01   0.16561221E+01   0.00000000E+00   0.00000000E+00   0.00000000E+00   0.00000000E+00

 XXXXXXXXXXXXXXXXXXXXXXXXXXXXXXXXXXXXXXXXXXXXXXXXXXXXXXXXXXXXXXXXXXXXXXXXXXXXXXXXXXXXXXXXXXXXXXXXXXX
 

 NO OF ITERATIONS =  2
 PHI = 0.20263300E+05    LAMBDA = 0.10000000E-02
 PARAMETERS
    0.47938852E+01   0.77100350E+01   0.70617535E+01  -0.23710000E+01   0.18220500E+00   0.68041100E+00  -0.27740405E+00

    0.40298879E+01   0.53992455E+01   0.67742420E+01  -0.38000000E+01   0.47440800E-01   0.16417400E+01   0.23210000E+01

 GAMMA = 0.33879354E+02    LENGTH OF DB = 0.24968533E+03
 DB CORRECTION VECTOR
    0.24484938E+00  -0.13179512E+00  -0.40010237E+00   0.00000000E+00   0.00000000E+00   0.00000000E+00  -0.29600536E+00

   -0.68539806E-01  -0.49262316E-01   0.99473993E+00   0.00000000E+00   0.00000000E+00   0.00000000E+00   0.00000000E+00

 XXXXXXXXXXXXXXXXXXXXXXXXXXXXXXXXXXXXXXXXXXXXXXXXXXXXXXXXXXXXXXXXXXXXXXXXXXXXXXXXXXXXXXXXXXXXXXXXXXX
 

 NO OF ITERATIONS =  3
 PHI = 0.10732618E+04    LAMBDA = 0.10000000E-02
 PARAMETERS
    0.50160659E+01   0.94277787E+01   0.67765668E+01  -0.23710000E+01   0.18220500E+00   0.68041100E+00  -0.18546492E+00

    0.40003317E+01   0.53907186E+01   0.70627611E+01  -0.38000000E+01   0.47440800E-01   0.16417400E+01   0.23210000E+01

 GAMMA = 0.52322676E+02    LENGTH OF DB = 0.10682821E+03
 DB CORRECTION VECTOR
    0.22218069E+00   0.17177437E+01  -0.28518667E+00   0.00000000E+00   0.00000000E+00   0.00000000E+00   0.91939128E-01

   -0.29556109E-01  -0.85269474E-02   0.28851906E+00   0.00000000E+00   0.00000000E+00   0.00000000E+00   0.00000000E+00

 XXXXXXXXXXXXXXXXXXXXXXXXXXXXXXXXXXXXXXXXXXXXXXXXXXXXXXXXXXXXXXXXXXXXXXXXXXXXXXXXXXXXXXXXXXXXXXXXXXX
 

 NO OF ITERATIONS =  4
 PHI = 0.20493358E+03    LAMBDA = 0.10000000E-03
 PARAMETERS
    0.64512105E+01   0.88858161E+01   0.64747821E+01  -0.23710000E+01   0.18220500E+00   0.68041100E+00  -0.13444067E+00

    0.39057522E+01   0.53432001E+01   0.79740798E+01  -0.38000000E+01   0.47440800E-01   0.16417400E+01   0.23210000E+01

 GAMMA = 0.82119915E+02    LENGTH OF DB = 0.11137448E+03
 DB CORRECTION VECTOR
    0.14351446E+01  -0.54196259E+00  -0.30178477E+00   0.00000000E+00   0.00000000E+00   0.00000000E+00   0.51024254E-01

   -0.94579545E-01  -0.47518503E-01   0.91131869E+00   0.00000000E+00   0.00000000E+00   0.00000000E+00   0.00000000E+00

 XXXXXXXXXXXXXXXXXXXXXXXXXXXXXXXXXXXXXXXXXXXXXXXXXXXXXXXXXXXXXXXXXXXXXXXXXXXXXXXXXXXXXXXXXXXXXXXXXXX
 

 NO OF ITERATIONS =  5
 PHI = 0.74863566E+02    LAMBDA = 0.10000000E-03
 PARAMETERS
    0.66754127E+01   0.10005388E+02   0.59957043E+01  -0.23710000E+01   0.18220500E+00   0.68041100E+00  -0.33323040E-01

    0.38626870E+01   0.53237331E+01   0.83130026E+01  -0.38000000E+01   0.47440800E-01   0.16417400E+01   0.23210000E+01

 GAMMA = 0.80741970E+02    LENGTH OF DB = 0.43136435E+02
 DB CORRECTION VECTOR
    0.22420223E+00   0.11195716E+01  -0.47907782E+00   0.00000000E+00   0.00000000E+00   0.00000000E+00   0.10111763E+00

   -0.43065174E-01  -0.19467025E-01   0.33892286E+00   0.00000000E+00   0.00000000E+00   0.00000000E+00   0.00000000E+00

 XXXXXXXXXXXXXXXXXXXXXXXXXXXXXXXXXXXXXXXXXXXXXXXXXXXXXXXXXXXXXXXXXXXXXXXXXXXXXXXXXXXXXXXXXXXXXXXXXXX
 

 NO OF ITERATIONS =  6
 PHI = 0.65830129E+02    LAMBDA = 0.10000000E-04
 PARAMETERS
    0.53356728E+01   0.82290082E+01   0.44961099E+01  -0.23710000E+01   0.18220500E+00   0.68041100E+00   0.12864040E-01

    0.36019192E+01   0.51305414E+01   0.96643406E+01  -0.38000000E+01   0.47440800E-01   0.16417400E+01   0.23210000E+01

 GAMMA = 0.89026367E+02    LENGTH OF DB = 0.23971044E+03
 DB CORRECTION VECTOR
   -0.13397399E+01  -0.17763795E+01  -0.14995944E+01   0.00000000E+00   0.00000000E+00   0.00000000E+00   0.46187080E-01

   -0.26076779E+00  -0.19319167E+00   0.13513380E+01   0.00000000E+00   0.00000000E+00   0.00000000E+00   0.00000000E+00

 XXXXXXXXXXXXXXXXXXXXXXXXXXXXXXXXXXXXXXXXXXXXXXXXXXXXXXXXXXXXXXXXXXXXXXXXXXXXXXXXXXXXXXXXXXXXXXXXXXX
 

 NO OF ITERATIONS =  7
 PHI = 0.74159550E+01    LAMBDA = 0.10000000E-04
 PARAMETERS
    0.55597745E+01   0.87956659E+01   0.50224280E+01  -0.23710000E+01   0.18220500E+00   0.68041100E+00   0.15686543E-01

    0.34481830E+01   0.49468145E+01   0.93847068E+01  -0.38000000E+01   0.47440800E-01   0.16417400E+01   0.23210000E+01

 GAMMA = 0.88797125E+02    LENGTH OF DB = 0.17339118E+03
 DB CORRECTION VECTOR
    0.22410168E+00   0.56665764E+00   0.52631816E+00   0.00000000E+00   0.00000000E+00   0.00000000E+00   0.28225030E-02

   -0.15373619E+00  -0.18372688E+00  -0.27963379E+00   0.00000000E+00   0.00000000E+00   0.00000000E+00   0.00000000E+00

 XXXXXXXXXXXXXXXXXXXXXXXXXXXXXXXXXXXXXXXXXXXXXXXXXXXXXXXXXXXXXXXXXXXXXXXXXXXXXXXXXXXXXXXXXXXXXXXXXXX
 

 NO OF ITERATIONS =  8
 PHI = 0.66526145E+01    LAMBDA = 0.10000000E-04
 PARAMETERS
    0.52832007E+01   0.83363278E+01   0.51046698E+01  -0.23710000E+01   0.18220500E+00   0.68041100E+00   0.44173935E-01

    0.32965440E+01   0.47635868E+01   0.92163598E+01  -0.38000000E+01   0.47440800E-01   0.16417400E+01   0.23210000E+01

 GAMMA = 0.89817441E+02    LENGTH OF DB = 0.18044738E+03
 DB CORRECTION VECTOR
   -0.27657377E+00  -0.45933804E+00   0.82241791E-01   0.00000000E+00   0.00000000E+00   0.00000000E+00   0.28487392E-01

   -0.15163900E+00  -0.18322771E+00  -0.16834699E+00   0.00000000E+00   0.00000000E+00   0.00000000E+00   0.00000000E+00

 XXXXXXXXXXXXXXXXXXXXXXXXXXXXXXXXXXXXXXXXXXXXXXXXXXXXXXXXXXXXXXXXXXXXXXXXXXXXXXXXXXXXXXXXXXXXXXXXXXX
 

 NO OF ITERATIONS =  9
 PHI = 0.58502950E+01    LAMBDA = 0.10000000E-04
 PARAMETERS
    0.52205652E+01   0.81911884E+01   0.54397596E+01  -0.23710000E+01   0.18220500E+00   0.68041100E+00   0.82030778E-01

    0.31556286E+01   0.45747656E+01   0.88377089E+01  -0.38000000E+01   0.47440800E-01   0.16417400E+01   0.23210000E+01

 GAMMA = 0.89755263E+02    LENGTH OF DB = 0.18881332E+03
 DB CORRECTION VECTOR
   -0.62635523E-01  -0.14513942E+00   0.33508976E+00   0.00000000E+00   0.00000000E+00   0.00000000E+00   0.37856843E-01

   -0.14091543E+00  -0.18882117E+00  -0.37865095E+00   0.00000000E+00   0.00000000E+00   0.00000000E+00   0.00000000E+00

 XXXXXXXXXXXXXXXXXXXXXXXXXXXXXXXXXXXXXXXXXXXXXXXXXXXXXXXXXXXXXXXXXXXXXXXXXXXXXXXXXXXXXXXXXXXXXXXXXXX
 

 NO OF ITERATIONS = 10
 PHI = 0.49999739E+01    LAMBDA = 0.10000000E-04
 PARAMETERS
    0.51191798E+01   0.78726787E+01   0.57824089E+01  -0.23710000E+01   0.18220500E+00   0.68041100E+00   0.14121910E+00

    0.30193202E+01   0.43855934E+01   0.83955177E+01  -0.38000000E+01   0.47440800E-01   0.16417400E+01   0.23210000E+01

 GAMMA = 0.89772983E+02    LENGTH OF DB = 0.19786222E+03
 DB CORRECTION VECTOR
   -0.10138537E+00  -0.31850970E+00   0.34264937E+00   0.00000000E+00   0.00000000E+00   0.00000000E+00   0.59188320E-01

   -0.13630837E+00  -0.18917221E+00  -0.44219119E+00   0.00000000E+00   0.00000000E+00   0.00000000E+00   0.00000000E+00

 XXXXXXXXXXXXXXXXXXXXXXXXXXXXXXXXXXXXXXXXXXXXXXXXXXXXXXXXXXXXXXXXXXXXXXXXXXXXXXXXXXXXXXXXXXXXXXXXXXX
 

 NO OF ITERATIONS = 11
 PHI = 0.38309567E+01    LAMBDA = 0.10000000E-04
 PARAMETERS
    0.50974471E+01   0.76699226E+01   0.62962141E+01  -0.23710000E+01   0.18220500E+00   0.68041100E+00   0.21771059E+00

    0.28946812E+01   0.42032492E+01   0.78783919E+01  -0.38000000E+01   0.47440800E-01   0.16417400E+01   0.23210000E+01

 GAMMA = 0.89770077E+02    LENGTH OF DB = 0.19932389E+03
 DB CORRECTION VECTOR
   -0.21732693E-01  -0.20275605E+00   0.51380515E+00   0.00000000E+00   0.00000000E+00   0.00000000E+00   0.76491489E-01

   -0.12463901E+00  -0.18234418E+00  -0.51712579E+00   0.00000000E+00   0.00000000E+00   0.00000000E+00   0.00000000E+00

 XXXXXXXXXXXXXXXXXXXXXXXXXXXXXXXXXXXXXXXXXXXXXXXXXXXXXXXXXXXXXXXXXXXXXXXXXXXXXXXXXXXXXXXXXXXXXXXXXXX
 

 NO OF ITERATIONS = 12
 PHI = 0.27494645E+01    LAMBDA = 0.10000000E-04
 PARAMETERS
    0.51077255E+01   0.75001498E+01   0.69202653E+01  -0.23710000E+01   0.18220500E+00   0.68041100E+00   0.30343721E+00

    0.27901556E+01   0.40412198E+01   0.73299937E+01  -0.38000000E+01   0.47440800E-01   0.16417400E+01   0.23210000E+01

 GAMMA = 0.89732061E+02    LENGTH OF DB = 0.18525905E+03
 DB CORRECTION VECTOR
    0.10278447E-01  -0.16977286E+00   0.62405123E+00   0.00000000E+00   0.00000000E+00   0.00000000E+00   0.85726626E-01

   -0.10452564E+00  -0.16202943E+00  -0.54839821E+00   0.00000000E+00   0.00000000E+00   0.00000000E+00   0.00000000E+00

 XXXXXXXXXXXXXXXXXXXXXXXXXXXXXXXXXXXXXXXXXXXXXXXXXXXXXXXXXXXXXXXXXXXXXXXXXXXXXXXXXXXXXXXXXXXXXXXXXXX
 

 NO OF ITERATIONS = 13
 PHI = 0.21989493E+01    LAMBDA = 0.10000000E-04
 PARAMETERS
    0.51848726E+01   0.74524926E+01   0.76204403E+01  -0.23710000E+01   0.18220500E+00   0.68041100E+00   0.37581475E+00

    0.27145670E+01   0.39108079E+01   0.67628620E+01  -0.38000000E+01   0.47440800E-01   0.16417400E+01   0.23210000E+01

 GAMMA = 0.89581404E+02    LENGTH OF DB = 0.15441704E+03
 DB CORRECTION VECTOR
    0.77147092E-01  -0.47657159E-01   0.70017493E+00   0.00000000E+00   0.00000000E+00   0.00000000E+00   0.72377536E-01

   -0.75588548E-01  -0.13041193E+00  -0.56713165E+00   0.00000000E+00   0.00000000E+00   0.00000000E+00   0.00000000E+00

 XXXXXXXXXXXXXXXXXXXXXXXXXXXXXXXXXXXXXXXXXXXXXXXXXXXXXXXXXXXXXXXXXXXXXXXXXXXXXXXXXXXXXXXXXXXXXXXXXXX
 

 NO OF ITERATIONS = 14
 PHI = 0.18585121E+01    LAMBDA = 0.10000000E-03
 PARAMETERS
    0.51867026E+01   0.74095133E+01   0.77297788E+01  -0.23710000E+01   0.18220500E+00   0.68041100E+00   0.39415395E+00

    0.27069995E+01   0.38983245E+01   0.67034977E+01  -0.38000000E+01   0.47440800E-01   0.16417400E+01   0.23210000E+01

 GAMMA = 0.88705449E+02    LENGTH OF DB = 0.15695756E+02
 DB CORRECTION VECTOR
    0.18299974E-02  -0.42979338E-01   0.10933856E+00   0.00000000E+00   0.00000000E+00   0.00000000E+00   0.18339207E-01

   -0.75675377E-02  -0.12483370E-01  -0.59364360E-01   0.00000000E+00   0.00000000E+00   0.00000000E+00   0.00000000E+00

 XXXXXXXXXXXXXXXXXXXXXXXXXXXXXXXXXXXXXXXXXXXXXXXXXXXXXXXXXXXXXXXXXXXXXXXXXXXXXXXXXXXXXXXXXXXXXXXXXXX
 

 NO OF ITERATIONS = 15
 PHI = 0.18102152E+01    LAMBDA = 0.10000000E-03
 PARAMETERS
    0.52016374E+01   0.74124846E+01   0.78032779E+01  -0.23710000E+01   0.18220500E+00   0.68041100E+00   0.40152377E+00

    0.26999468E+01   0.38859576E+01   0.66467156E+01  -0.38000000E+01   0.47440800E-01   0.16417400E+01   0.23210000E+01

 GAMMA = 0.78660983E+02    LENGTH OF DB = 0.15290279E+02
 DB CORRECTION VECTOR
    0.14934717E-01   0.29713059E-02   0.73499083E-01   0.00000000E+00   0.00000000E+00   0.00000000E+00   0.73698199E-02

   -0.70526420E-02  -0.12366923E-01  -0.56782033E-01   0.00000000E+00   0.00000000E+00   0.00000000E+00   0.00000000E+00

 XXXXXXXXXXXXXXXXXXXXXXXXXXXXXXXXXXXXXXXXXXXXXXXXXXXXXXXXXXXXXXXXXXXXXXXXXXXXXXXXXXXXXXXXXXXXXXXXXXX
 

 NO OF ITERATIONS = 16
 PHI = 0.17655857E+01    LAMBDA = 0.10000000E-03
 PARAMETERS
    0.52116936E+01   0.74124903E+01   0.78776523E+01  -0.23710000E+01   0.18220500E+00   0.68041100E+00   0.40748560E+00

    0.26933697E+01   0.38740433E+01   0.65887274E+01  -0.38000000E+01   0.47440800E-01   0.16417400E+01   0.23210000E+01

 GAMMA = 0.82769839E+02    LENGTH OF DB = 0.14733790E+02
 DB CORRECTION VECTOR
    0.10056276E-01   0.56679202E-05   0.74374366E-01   0.00000000E+00   0.00000000E+00   0.00000000E+00   0.59618286E-02

   -0.65771141E-02  -0.11914306E-01  -0.57988220E-01   0.00000000E+00   0.00000000E+00   0.00000000E+00   0.00000000E+00

 XXXXXXXXXXXXXXXXXXXXXXXXXXXXXXXXXXXXXXXXXXXXXXXXXXXXXXXXXXXXXXXXXXXXXXXXXXXXXXXXXXXXXXXXXXXXXXXXXXX
 

 NO OF ITERATIONS = 17
 PHI = 0.17242918E+01    LAMBDA = 0.10000000E-03
 PARAMETERS
    0.52241769E+01   0.74166986E+01   0.79528216E+01  -0.23710000E+01   0.18220500E+00   0.68041100E+00   0.41279833E+00

    0.26872460E+01   0.38625843E+01   0.65298556E+01  -0.38000000E+01   0.47440800E-01   0.16417400E+01   0.23210000E+01

 GAMMA = 0.84089086E+02    LENGTH OF DB = 0.14179862E+02
 DB CORRECTION VECTOR
    0.12483233E-01   0.42083015E-02   0.75169329E-01   0.00000000E+00   0.00000000E+00   0.00000000E+00   0.53127285E-02

   -0.61237267E-02  -0.11458987E-01  -0.58871781E-01   0.00000000E+00   0.00000000E+00   0.00000000E+00   0.00000000E+00

 XXXXXXXXXXXXXXXXXXXXXXXXXXXXXXXXXXXXXXXXXXXXXXXXXXXXXXXXXXXXXXXXXXXXXXXXXXXXXXXXXXXXXXXXXXXXXXXXXXX
 

 NO OF ITERATIONS = 18
 PHI = 0.16860985E+01    LAMBDA = 0.10000000E-03
 PARAMETERS
    0.52370718E+01   0.74213073E+01   0.80264565E+01  -0.23710000E+01   0.18220500E+00   0.68041100E+00   0.41769872E+00

    0.26815600E+01   0.38515696E+01   0.64701529E+01  -0.38000000E+01   0.47440800E-01   0.16417400E+01   0.23210000E+01

 GAMMA = 0.85046468E+02    LENGTH OF DB = 0.13641801E+02
 DB CORRECTION VECTOR
    0.12894978E-01   0.46087256E-02   0.73634932E-01   0.00000000E+00   0.00000000E+00   0.00000000E+00   0.49003859E-02

   -0.56859612E-02  -0.11014672E-01  -0.59702745E-01   0.00000000E+00   0.00000000E+00   0.00000000E+00   0.00000000E+00

 XXXXXXXXXXXXXXXXXXXXXXXXXXXXXXXXXXXXXXXXXXXXXXXXXXXXXXXXXXXXXXXXXXXXXXXXXXXXXXXXXXXXXXXXXXXXXXXXXXX
 

 NO OF ITERATIONS = 19
 PHI = 0.16507753E+01    LAMBDA = 0.10000000E-03
 PARAMETERS
    0.52509188E+01   0.74272678E+01   0.80990661E+01  -0.23710000E+01   0.18220500E+00   0.68041100E+00   0.42214964E+00

    0.26762924E+01   0.38409852E+01   0.64096902E+01  -0.38000000E+01   0.47440800E-01   0.16417400E+01   0.23210000E+01

 GAMMA = 0.85768497E+02    LENGTH OF DB = 0.13124250E+02
 DB CORRECTION VECTOR
    0.13846922E-01   0.59605049E-02   0.72609548E-01   0.00000000E+00   0.00000000E+00   0.00000000E+00   0.44509262E-02

   -0.52676109E-02  -0.10584407E-01  -0.60462686E-01   0.00000000E+00   0.00000000E+00   0.00000000E+00   0.00000000E+00

 XXXXXXXXXXXXXXXXXXXXXXXXXXXXXXXXXXXXXXXXXXXXXXXXXXXXXXXXXXXXXXXXXXXXXXXXXXXXXXXXXXXXXXXXXXXXXXXXXXX
 

 NO OF ITERATIONS = 20
 PHI = 0.16180983E+01    LAMBDA = 0.10000000E-03
 PARAMETERS
    0.52654709E+01   0.74341562E+01   0.81703906E+01  -0.23710000E+01   0.18220500E+00   0.68041100E+00   0.42618426E+00

    0.26714237E+01   0.38308166E+01   0.63485350E+01  -0.38000000E+01   0.47440800E-01   0.16417400E+01   0.23210000E+01

 GAMMA = 0.86325641E+02    LENGTH OF DB = 0.12627940E+02
 DB CORRECTION VECTOR
    0.14552096E-01   0.68884463E-02   0.71324554E-01   0.00000000E+00   0.00000000E+00   0.00000000E+00   0.40346147E-02

   -0.48687571E-02  -0.10168661E-01  -0.61155213E-01   0.00000000E+00   0.00000000E+00   0.00000000E+00   0.00000000E+00

 FORCE OFF
  Test of EMT_fit_1   

 NO OF ITERATIONS = 20
 PHI = 0.16180983E+01    LAMBDA = 0.10000000E-03
 PARAMETERS
    0.52654709E+01   0.74341562E+01   0.81703906E+01  -0.23710000E+01   0.18220500E+00   0.68041100E+00   0.42618426E+00

    0.26714237E+01   0.38308166E+01   0.63485350E+01  -0.38000000E+01   0.47440800E-01   0.16417400E+01   0.23210000E+01

 GAMMA = 0.86325641E+02    LENGTH OF DB = 0.12627940E+02
 DB CORRECTION VECTOR
    0.14552096E-01   0.68884463E-02   0.71324554E-01   0.00000000E+00   0.00000000E+00   0.00000000E+00   0.40346147E-02

   -0.48687571E-02  -0.10168661E-01  -0.61155213E-01   0.00000000E+00   0.00000000E+00   0.00000000E+00   0.00000000E+00


 PTP INVERSE

 COLUMNS   1  THROUGH   7
    0.49188316E+01   0.47939195E+01   0.71615733E+01   0.00000000E+00   0.00000000E+00   0.00000000E+00  -0.52796857E+00
    0.47939195E+01   0.56974225E+01   0.71348192E+01   0.00000000E+00   0.00000000E+00   0.00000000E+00  -0.62298714E+00
    0.71615733E+01   0.71348192E+01   0.16156558E+02   0.00000000E+00   0.00000000E+00   0.00000000E+00  -0.53877014E+00
    0.00000000E+00   0.00000000E+00   0.00000000E+00   0.10000000E+01   0.00000000E+00   0.00000000E+00   0.00000000E+00
    0.00000000E+00   0.00000000E+00   0.00000000E+00   0.00000000E+00   0.10000000E+01   0.00000000E+00   0.00000000E+00
    0.00000000E+00   0.00000000E+00   0.00000000E+00   0.00000000E+00   0.00000000E+00   0.10000000E+01   0.00000000E+00
   -0.52796857E+00  -0.62298714E+00  -0.53877014E+00   0.00000000E+00   0.00000000E+00   0.00000000E+00   0.12829839E+00
    0.19875659E+00   0.18977903E+00  -0.14153900E+00   0.00000000E+00   0.00000000E+00   0.00000000E+00  -0.68691596E-01
   -0.70173367E+00  -0.55854030E+00  -0.17098725E+01   0.00000000E+00   0.00000000E+00   0.00000000E+00   0.20037154E-01
   -0.12046593E+02  -0.10049472E+02  -0.20203735E+02   0.00000000E+00   0.00000000E+00   0.00000000E+00   0.12642548E+01
    0.00000000E+00   0.00000000E+00   0.00000000E+00   0.00000000E+00   0.00000000E+00   0.00000000E+00   0.00000000E+00
    0.00000000E+00   0.00000000E+00   0.00000000E+00   0.00000000E+00   0.00000000E+00   0.00000000E+00   0.00000000E+00
    0.00000000E+00   0.00000000E+00   0.00000000E+00   0.00000000E+00   0.00000000E+00   0.00000000E+00   0.00000000E+00
    0.00000000E+00   0.00000000E+00   0.00000000E+00   0.00000000E+00   0.00000000E+00   0.00000000E+00   0.00000000E+00

 COLUMNS   8  THROUGH  14
    0.19875659E+00  -0.70173367E+00  -0.12046593E+02   0.00000000E+00   0.00000000E+00   0.00000000E+00   0.00000000E+00
    0.18977903E+00  -0.55854030E+00  -0.10049472E+02   0.00000000E+00   0.00000000E+00   0.00000000E+00   0.00000000E+00
   -0.14153900E+00  -0.17098725E+01  -0.20203735E+02   0.00000000E+00   0.00000000E+00   0.00000000E+00   0.00000000E+00
    0.00000000E+00   0.00000000E+00   0.00000000E+00   0.00000000E+00   0.00000000E+00   0.00000000E+00   0.00000000E+00
    0.00000000E+00   0.00000000E+00   0.00000000E+00   0.00000000E+00   0.00000000E+00   0.00000000E+00   0.00000000E+00
    0.00000000E+00   0.00000000E+00   0.00000000E+00   0.00000000E+00   0.00000000E+00   0.00000000E+00   0.00000000E+00
   -0.68691596E-01   0.20037154E-01   0.12642548E+01   0.00000000E+00   0.00000000E+00   0.00000000E+00   0.00000000E+00
    0.59039233E-01   0.30984531E-01  -0.45947850E+00   0.00000000E+00   0.00000000E+00   0.00000000E+00   0.00000000E+00
    0.30984531E-01   0.21106383E+00   0.22968314E+01   0.00000000E+00   0.00000000E+00   0.00000000E+00   0.00000000E+00
   -0.45947850E+00   0.22968314E+01   0.36642061E+02   0.00000000E+00   0.00000000E+00   0.00000000E+00   0.00000000E+00
    0.00000000E+00   0.00000000E+00   0.00000000E+00   0.10000000E+01   0.00000000E+00   0.00000000E+00   0.00000000E+00
    0.00000000E+00   0.00000000E+00   0.00000000E+00   0.00000000E+00   0.10000000E+01   0.00000000E+00   0.00000000E+00
    0.00000000E+00   0.00000000E+00   0.00000000E+00   0.00000000E+00   0.00000000E+00   0.10000000E+01   0.00000000E+00
    0.00000000E+00   0.00000000E+00   0.00000000E+00   0.00000000E+00   0.00000000E+00   0.00000000E+00   0.10000000E+01

 PARAMETER CORRELATION COEFFICIENTS

 COLUMNS   1  THROUGH  13
    1.0000   0.9056   0.8033   0.0000   0.0000   0.0000  -0.6646   0.3688  -0.6887  -0.8973   0.0000   0.0000   0.0000
    0.9056   1.0000   0.7437   0.0000   0.0000   0.0000  -0.7287   0.3272  -0.5093  -0.6955   0.0000   0.0000   0.0000
    0.8033   0.7437   1.0000   0.0000   0.0000   0.0000  -0.3742  -0.1449  -0.9259  -0.8304   0.0000   0.0000   0.0000
    0.0000   0.0000   0.0000   1.0000   0.0000   0.0000   0.0000   0.0000   0.0000   0.0000   0.0000   0.0000   0.0000
    0.0000   0.0000   0.0000   0.0000   1.0000   0.0000   0.0000   0.0000   0.0000   0.0000   0.0000   0.0000   0.0000
    0.0000   0.0000   0.0000   0.0000   0.0000   1.0000   0.0000   0.0000   0.0000   0.0000   0.0000   0.0000   0.0000
   -0.6646  -0.7287  -0.3742   0.0000   0.0000   0.0000   1.0000  -0.7893   0.1218   0.5831   0.0000   0.0000   0.0000
    0.3688   0.3272  -0.1449   0.0000   0.0000   0.0000  -0.7893   1.0000   0.2776  -0.3124   0.0000   0.0000   0.0000
   -0.6887  -0.5093  -0.9259   0.0000   0.0000   0.0000   0.1218   0.2776   1.0000   0.8259   0.0000   0.0000   0.0000
   -0.8973  -0.6955  -0.8304   0.0000   0.0000   0.0000   0.5831  -0.3124   0.8259   1.0000   0.0000   0.0000   0.0000
    0.0000   0.0000   0.0000   0.0000   0.0000   0.0000   0.0000   0.0000   0.0000   0.0000   1.0000   0.0000   0.0000
    0.0000   0.0000   0.0000   0.0000   0.0000   0.0000   0.0000   0.0000   0.0000   0.0000   0.0000   1.0000   0.0000
    0.0000   0.0000   0.0000   0.0000   0.0000   0.0000   0.0000   0.0000   0.0000   0.0000   0.0000   0.0000   1.0000
    0.0000   0.0000   0.0000   0.0000   0.0000   0.0000   0.0000   0.0000   0.0000   0.0000   0.0000   0.0000   0.0000

 COLUMNS  14  THROUGH  14
    0.0000
    0.0000
    0.0000
    0.0000
    0.0000
    0.0000
    0.0000
    0.0000
    0.0000
    0.0000
    0.0000
    0.0000
    0.0000
    1.0000

                X            OBSERVED           PREDICTED          RESIDUAL

    1    0.00000000E+00    -0.10481367E+01    -0.88189326E+00    -0.16624346E+00
    2    0.00000000E+00    -0.10341551E+01    -0.88707820E+00    -0.14707694E+00
    3    0.00000000E+00    -0.10634472E+01    -0.98459350E+00    -0.78853735E-01
    4    0.00000000E+00    -0.11120686E+01    -0.11460327E+01     0.33964173E-01
    5    0.00000000E+00    -0.11441724E+01    -0.13189258E+01     0.17475344E+00
    6    0.00000000E+00    -0.11428063E+01    -0.14560696E+01     0.31326334E+00
    7    0.00000000E+00    -0.11234914E+01    -0.15341780E+01     0.41068662E+00
    8    0.00000000E+00    -0.11164880E+01    -0.15522651E+01     0.43577709E+00
    9    0.00000000E+00    -0.11326125E+01    -0.15116229E+01     0.37901038E+00
   10    0.00000000E+00    -0.11507669E+01    -0.14102695E+01     0.25950251E+00
   11    0.00000000E+00    -0.11421717E+01    -0.12549145E+01     0.11274274E+00
   12    0.00000000E+00    -0.11025159E+01    -0.10802571E+01    -0.22258771E-01
   13    0.00000000E+00    -0.10585963E+01    -0.93775245E+00    -0.12084387E+00
   14    0.00000000E+00    -0.10456280E+01    -0.87441778E+00    -0.17121027E+00
   15    0.00000000E+00    -0.10771306E+01    -0.90199647E+00    -0.17513415E+00
   16    0.00000000E+00    -0.11313340E+01    -0.98132130E+00    -0.15001274E+00
   17    0.00000000E+00    -0.11516515E+01    -0.10328036E+01    -0.11884797E+00
   18    0.00000000E+00    -0.10166319E+01    -0.93150120E+00    -0.85130729E-01
   19    0.00000000E+00    -0.37429597E+00    -0.39185785E+00     0.17561877E-01
   20    0.00000000E+00     0.18422230E+01     0.15183857E+01     0.32383730E+00
   21    0.00000000E+00     0.85517770E+01     0.85228484E+01     0.28928591E-01
   22    0.00000000E+00     0.76765841E+01     0.78296555E+01    -0.15307143E+00
   23    0.00000000E+00     0.87661786E+00     0.77218518E+00     0.10443268E+00
   24    0.00000000E+00    -0.13052850E+01    -0.10927282E+01    -0.21255678E+00
   25    0.00000000E+00    -0.17566153E+01    -0.14951020E+01    -0.26151327E+00
   26    0.00000000E+00    -0.15797203E+01    -0.14146181E+01    -0.16510220E+00
   27    0.00000000E+00    -0.11983959E+01    -0.11802460E+01    -0.18149882E-01
   28    0.00000000E+00    -0.78469309E+00    -0.91867521E+00     0.13398212E+00
   29    0.00000000E+00    -0.42372801E+00    -0.67865172E+00     0.25492371E+00
   30    0.00000000E+00    -0.20720991E+00    -0.47728726E+00     0.27007735E+00
   31    0.00000000E+00    -0.96270830E-01    -0.31769822E+00     0.22142739E+00
   32    0.00000000E+00    -0.45141890E-01    -0.19457710E+00     0.14943521E+00
   33    0.00000000E+00    -0.22299590E-01    -0.10178388E+00     0.79484285E-01
   34    0.00000000E+00    -0.12061290E-01    -0.33078121E-01     0.21016831E-01
   35    0.00000000E+00    -0.75157000E-02     0.17088659E-01    -0.24604359E-01
   36    0.00000000E+00    -0.55164800E-02     0.53313496E-01    -0.58829976E-01
   37    0.00000000E+00    -0.45484600E-02     0.79466513E-01    -0.84014973E-01
   38    0.00000000E+00    -0.39407100E-02     0.10327064E+00    -0.10721135E+00
   39    0.00000000E+00    -0.34222300E-02     0.11910368E+00    -0.12252591E+00
   40    0.00000000E+00    -0.29049400E-02     0.12600768E+00    -0.12891262E+00
   41    0.00000000E+00    -0.23772200E-02     0.13058517E+00    -0.13296239E+00
   42    0.00000000E+00    -0.18477500E-02     0.13379441E+00    -0.13564216E+00
   43    0.00000000E+00    -0.13408400E-02     0.13868684E+00    -0.14002768E+00
   44    0.00000000E+00    -0.89156000E-03     0.13983535E+00    -0.14072691E+00
   45    0.00000000E+00    -0.49813000E-03     0.13985164E+00    -0.14034977E+00
   46    0.00000000E+00    -0.17620000E-03     0.13985182E+00    -0.14002802E+00
   47    0.00000000E+00     0.74230000E-04     0.13985182E+00    -0.13977759E+00
   48    0.49509260E+00     0.27169798E+00     0.40795797E+00    -0.13625999E+00
   49    0.49509260E+00     0.37707311E+00     0.46781022E+00    -0.90737110E-01
   50    0.49509260E+00     0.17622628E+00     0.20203222E+00    -0.25805938E-01

              STD                   NE - PARAMETER                      SUPPORT PLANE
  PARA       ERROR             LOWER             UPPER             LOWER             UPPER
    1    0.43022853E+00    0.44050138E+01    0.61259279E+01    0.29889155E+01    0.75420262E+01
    2    0.46302820E+00    0.65080999E+01    0.83602126E+01    0.49840413E+01    0.98842712E+01
    3    0.77972714E+00    0.66109363E+01    0.97298449E+01    0.40444624E+01    0.12296319E+02
    4     PARAMETER HELD CONSTANT
    5     PARAMETER HELD CONSTANT
    6     PARAMETER HELD CONSTANT
    7    0.69483043E-01    0.28721817E+00    0.56515034E+00    0.58514557E-01    0.79385396E+00
    8    0.47134465E-01    0.25771548E+01    0.27656926E+01    0.24220115E+01    0.29208358E+01
    9    0.89119991E-01    0.36525766E+01    0.40090565E+01    0.33592379E+01    0.43023952E+01
   10    0.11742435E+01    0.40000479E+01    0.86970220E+01    0.13502231E+00    0.12562048E+02
   11     PARAMETER HELD CONSTANT
   12     PARAMETER HELD CONSTANT
   13     PARAMETER HELD CONSTANT
   14     PARAMETER HELD CONSTANT
 
