 site       X              Y              Z             EMT           DFT
  1   0.0000000000   0.0000000000  -5.0000000000   0.2423990243  -1.0481367200
  1   0.0000000000   0.0000000000  -4.8000000000   0.2462578416  -1.0341551400
  1   0.0000000000   0.0000000000  -4.6000000000  -0.0045731521  -1.0634472300
  1   0.0000000000   0.0000000000  -4.4000000000  -0.4435882629  -1.1120685600
  1   0.0000000000   0.0000000000  -4.2000000000  -0.9300614811  -1.1441723700
  1   0.0000000000   0.0000000000  -4.0000000000  -1.3290680397  -1.1428062800
  1   0.0000000000   0.0000000000  -3.8000000000  -1.5653111905  -1.1234914100
  1   0.0000000000   0.0000000000  -3.6000000000  -1.6209818714  -1.1164879700
  1   0.0000000000   0.0000000000  -3.4000000000  -1.4963273734  -1.1326124900
  1   0.0000000000   0.0000000000  -3.2000000000  -1.1934391539  -1.1507669400
  1   0.0000000000   0.0000000000  -3.0000000000  -0.7483379289  -1.1421717100
  1   0.0000000000   0.0000000000  -2.8000000000  -0.2620925194  -1.1025158700
  1   0.0000000000   0.0000000000  -2.6000000000   0.1193417397  -1.0585963200
  1   0.0000000000   0.0000000000  -2.4000000000   0.2742838679  -1.0456280500
  1   0.0000000000   0.0000000000  -2.2000000000   0.1817113099  -1.0771306200
  1   0.0000000000   0.0000000000  -2.0000000000  -0.0439456834  -1.1313340400
  1   0.0000000000   0.0000000000  -1.8000000000  -0.1671350743  -1.1516515500
  1   0.0000000000   0.0000000000  -1.6000000000   0.1815616893  -1.0166319300
  1   0.0000000000   0.0000000000  -1.4000000000   1.7195635025  -0.3742959700
  1   0.0000000000   0.0000000000  -1.2000000000   6.1533010517   1.8422229800
  1   0.0000000000   0.0000000000  -1.0000000000  17.6686225400   8.5517769600
  1   0.0000000000   0.0000000000   1.0000000000  16.5983419742   7.6765841000
  1   0.0000000000   0.0000000000   1.2000000000   4.7279759531   0.8766178600
  1   0.0000000000   0.0000000000   1.4000000000   0.0186523856  -1.3052850000
  1   0.0000000000   0.0000000000   1.6000000000  -1.6494171759  -1.7566152900
  1   0.0000000000   0.0000000000   1.8000000000  -2.0113449190  -1.5797203200
  1   0.0000000000   0.0000000000   2.0000000000  -1.8467888616  -1.1983958900
  1   0.0000000000   0.0000000000   2.2000000000  -1.5120612793  -0.7846930900
  1   0.0000000000   0.0000000000   2.4000000000  -1.1631157364  -0.4237280100
  1   0.0000000000   0.0000000000   2.6000000000  -0.8602917973  -0.2072099100
  1   0.0000000000   0.0000000000   2.8000000000  -0.6196214041  -0.0962708300
  1   0.0000000000   0.0000000000   3.0000000000  -0.4377021600  -0.0451418900
  1   0.0000000000   0.0000000000   3.2000000000  -0.3046864216  -0.0222995900
  1   0.0000000000   0.0000000000   3.4000000000  -0.2096713271  -0.0120612900
  1   0.0000000000   0.0000000000   3.6000000000  -0.1429594672  -0.0075157000
  1   0.0000000000   0.0000000000   3.8000000000  -0.0967307163  -0.0055164800
  1   0.0000000000   0.0000000000   4.0000000000  -0.0648820167  -0.0045484600
  1   0.0000000000   0.0000000000   4.2000000000  -0.0400387430  -0.0039407100
  1   0.0000000000   0.0000000000   4.4000000000  -0.0237977851  -0.0034222300
  1   0.0000000000   0.0000000000   4.6000000000  -0.0153883738  -0.0029049400
  1   0.0000000000   0.0000000000   4.8000000000  -0.0099459068  -0.0023772200
  1   0.0000000000   0.0000000000   5.0000000000  -0.0062899393  -0.0018477500
  1   0.0000000000   0.0000000000   5.2000000000  -0.0013296419  -0.0013408400
  1   0.0000000000   0.0000000000   5.4000000000  -0.0000266791  -0.0008915600
  1   0.0000000000   0.0000000000   5.6000000000  -0.0000004159  -0.0004981300
  1   0.0000000000   0.0000000000   5.8000000000  -0.0000000061  -0.0001762000
  1   0.0000000000   0.0000000000   6.0000000000  -0.0000000001   0.0000742300
  2   0.4950925980   0.0000000000  -5.0000000000   3.3206305753   0.2716979800
  2   0.4950925980   0.0000000000  -4.8000000000   3.4580605807   0.3770731100
  2   0.4950925980   0.0000000000  -4.6000000000   2.8678218786   0.1762262800
  2   0.4950925980   0.0000000000  -4.4000000000   1.7829606861  -0.2207344500
  2   0.4950925980   0.0000000000  -4.2000000000   0.6048568019  -0.6282200700
  2   0.4950925980   0.0000000000  -4.0000000000  -0.3320790268  -0.9175127000
  2   0.4950925980   0.0000000000  -3.8000000000  -0.8727122505  -1.0634802500
  2   0.4950925980   0.0000000000  -3.6000000000  -0.9984278685  -1.0959496300
  2   0.4950925980   0.0000000000  -3.4000000000  -0.7160118866  -1.0284113300
  2   0.4950925980   0.0000000000  -3.2000000000  -0.0168111556  -0.8353097100
  2   0.4950925980   0.0000000000  -3.0000000000   1.0407041335  -0.4975200700
  2   0.4950925980   0.0000000000  -2.8000000000   2.2305539781  -0.0754113000
  2   0.4950925980   0.0000000000  -2.6000000000   3.1704232530   0.2706121000
  2   0.4950925980   0.0000000000  -2.4000000000   3.4934035444   0.3650925200
  2   0.4950925980   0.0000000000  -2.2000000000   3.0875721698   0.1539438000
  2   0.4950925980   0.0000000000  -2.0000000000   2.1943691090  -0.2471428300
  2   0.4950925980   0.0000000000  -1.8000000000   1.2741413271  -0.6403109600
  2   0.4950925980   0.0000000000  -1.6000000000   0.8084587960  -0.8445732500
  2   0.4950925980   0.0000000000  -1.4000000000   1.3040054955  -0.6476252300
  2   0.4950925980   0.0000000000  -1.2000000000   3.6550403096   0.4697963900
  2   0.4950925980   0.0000000000  -1.0000000000   9.8127279514   3.8378432100
  2   0.4950925980   0.0000000000   1.0000000000   8.5343489159   2.9970199500
  2   0.4950925980   0.0000000000   1.2000000000   1.9063963118  -0.4685275900
  2   0.4950925980   0.0000000000   1.4000000000  -0.9083308689  -1.5888557400
  2   0.4950925980   0.0000000000   1.6000000000  -1.8797387431  -1.7218588800
  2   0.4950925980   0.0000000000   1.8000000000  -1.9997509988  -1.4674781400
  2   0.4950925980   0.0000000000   2.0000000000  -1.7683994985  -1.0863606600
  2   0.4950925980   0.0000000000   2.2000000000  -1.4305493821  -0.6955358500
  2   0.4950925980   0.0000000000   2.4000000000  -1.0977066398  -0.3697565000
  2   0.4950925980   0.0000000000   2.6000000000  -0.8133126828  -0.1807841800
  2   0.4950925980   0.0000000000   2.8000000000  -0.5878821642  -0.0845863000
  2   0.4950925980   0.0000000000   3.0000000000  -0.4171225929  -0.0401606700
  2   0.4950925980   0.0000000000   3.2000000000  -0.2917204024  -0.0201803800
  2   0.4950925980   0.0000000000   3.4000000000  -0.2016750368  -0.0111888100
  2   0.4950925980   0.0000000000   3.6000000000  -0.1380857163  -0.0071804200
  2   0.4950925980   0.0000000000   3.8000000000  -0.0934052218  -0.0054035300
  2   0.4950925980   0.0000000000   4.0000000000  -0.0617482417  -0.0045288300
  2   0.4950925980   0.0000000000   4.2000000000  -0.0405002682  -0.0039569100
  2   0.4950925980   0.0000000000   4.4000000000  -0.0248786580  -0.0034473900
  2   0.4950925980   0.0000000000   4.6000000000  -0.0147194887  -0.0029264200
  2   0.4950925980   0.0000000000   4.8000000000  -0.0094068172  -0.0023934000
  2   0.4950925980   0.0000000000   5.0000000000  -0.0058694553  -0.0018647000
  2   0.4950925980   0.0000000000   5.2000000000  -0.0008872022  -0.0013665800
  2   0.4950925980   0.0000000000   5.4000000000  -0.0000167222  -0.0009223800
  2   0.4950925980   0.0000000000   5.6000000000  -0.0000002630  -0.0005335400
  2   0.4950925980   0.0000000000   5.8000000000  -0.0000000039  -0.0002101300
  2   0.4950925980   0.0000000000   6.0000000000  -0.0000000001   0.0000423800
  3   0.9901851960   0.0000000000  -5.0000000000  17.8524801873   8.4485172000
  3   0.9901851960   0.0000000000  -4.8000000000  18.7601126328   9.2096237600
  3   0.9901851960   0.0000000000  -4.6000000000  16.1212567286   7.8018882300
  3   0.9901851960   0.0000000000  -4.4000000000  11.4173176749   5.0949056300
  3   0.9901851960   0.0000000000  -4.2000000000   6.7271011491   2.4226629400
  3   0.9901851960   0.0000000000  -4.0000000000   3.3152544278   0.5624511100
  3   0.9901851960   0.0000000000  -3.8000000000   1.4765058687  -0.3896112800
  3   0.9901851960   0.0000000000  -3.6000000000   1.0631657235  -0.6031798200
  3   0.9901851960   0.0000000000  -3.4000000000   1.9993924350  -0.1465905400
  3   0.9901851960   0.0000000000  -3.2000000000   4.4317861826   1.1117578100
  3   0.9901851960   0.0000000000  -3.0000000000   8.4103386550   3.2994252800
  3   0.9901851960   0.0000000000  -2.8000000000  13.3155659969   6.1133258200
  3   0.9901851960   0.0000000000  -2.6000000000  17.4862876747   8.5139200800
  3   0.9901851960   0.0000000000  -2.4000000000  18.8524394513   9.1851412300
  3   0.9901851960   0.0000000000  -2.2000000000  16.6161821753   7.6970446200
  3   0.9901851960   0.0000000000  -2.0000000000  12.0530761873   4.9591733700
  3   0.9901851960   0.0000000000  -1.8000000000   7.2663616276   2.2983098800
  3   0.9901851960   0.0000000000  -1.6000000000   3.6568190672   0.4593176600
  3   0.9901851960   0.0000000000  -1.4000000000   1.6167811678  -0.4914791800
  3   0.9901851960   0.0000000000  -1.2000000000   1.0180789942  -0.7495507400
  3   0.9901851960   0.0000000000  -1.0000000000   1.7515966178  -0.4087266900
  3   0.9901851960   0.0000000000  -0.8000000000   3.9400913360   0.6561365900
  3   0.9901851960   0.0000000000  -0.6000000000   7.6781256077   2.6246445000
  3   0.9901851960   0.0000000000  -0.4000000000  12.4728209088   5.3287169800
  3   0.9901851960   0.0000000000  -0.2000000000  16.7957176961   7.8723843300
  3   0.9901851960   0.0000000000   0.0000000000  18.5397275306   8.9024681300
  3   0.9901851960   0.0000000000   0.2000000000  16.6421213103   7.7224247800
  3   0.9901851960   0.0000000000   0.4000000000  12.1251760816   5.0143067900
  3   0.9901851960   0.0000000000   0.6000000000   7.0556009808   2.1325373400
  3   0.9901851960   0.0000000000   0.8000000000   2.9255122063  -0.0074507800
  3   0.9901851960   0.0000000000   1.0000000000   0.1955101039  -1.2163270900
  3   0.9901851960   0.0000000000   1.2000000000  -1.3025052995  -1.6991186600
  3   0.9901851960   0.0000000000   1.4000000000  -1.9305783999  -1.7292176200
  3   0.9901851960   0.0000000000   1.6000000000  -2.0289581146  -1.5159720200
  3   0.9901851960   0.0000000000   1.8000000000  -1.8497527902  -1.1937068500
  3   0.9901851960   0.0000000000   2.0000000000  -1.5559343236  -0.8436701800
  3   0.9901851960   0.0000000000   2.2000000000  -1.2416602866  -0.5098086800
  3   0.9901851960   0.0000000000   2.4000000000  -0.9543986574  -0.2666640400
  3   0.9901851960   0.0000000000   2.6000000000  -0.7131934583  -0.1308350200
  3   0.9901851960   0.0000000000   2.8000000000  -0.5211388476  -0.0624062900
  3   0.9901851960   0.0000000000   3.0000000000  -0.3741038734  -0.0305329200
  3   0.9901851960   0.0000000000   3.2000000000  -0.2646665150  -0.0160175500
  3   0.9901851960   0.0000000000   3.4000000000  -0.1847614886  -0.0094602600
  3   0.9901851960   0.0000000000   3.6000000000  -0.1275484881  -0.0065347700
  3   0.9901851960   0.0000000000   3.8000000000  -0.0865026475  -0.0052066400
  3   0.9901851960   0.0000000000   4.0000000000  -0.0585799209  -0.0045096400
  3   0.9901851960   0.0000000000   4.2000000000  -0.0394410971  -0.0039909800
  3   0.9901851960   0.0000000000   4.4000000000  -0.0253108998  -0.0034878200
  3   0.9901851960   0.0000000000   4.6000000000  -0.0152730819  -0.0029598800
  3   0.9901851960   0.0000000000   4.8000000000  -0.0084684493  -0.0024181400
  3   0.9901851960   0.0000000000   5.0000000000  -0.0043003128  -0.0018841800
  3   0.9901851960   0.0000000000   5.2000000000  -0.0002331028  -0.0013891900
  3   0.9901851960   0.0000000000   5.4000000000  -0.0000041380  -0.0009532700
  3   0.9901851960   0.0000000000   5.6000000000  -0.0000000670  -0.0005722900
  3   0.9901851960   0.0000000000   5.8000000000  -0.0000000010  -0.0002512800
  3   0.9901851960   0.0000000000   6.0000000000  -0.0000000000  -0.0000001800
  4   1.4852777940   0.0000000000  -4.2000000000  12.2260001034   5.6850676100
  4   1.4852777940   0.0000000000  -4.0000000000   6.3078911762   2.0917281100
  4   1.4852777940   0.0000000000  -3.8000000000   3.2602754390   0.3168925200
  4   1.4852777940   0.0000000000  -3.6000000000   2.5900711908  -0.0744760600
  4   1.4852777940   0.0000000000  -3.4000000000   4.1161605284   0.7671678700
  4   1.4852777940   0.0000000000  -3.2000000000   8.2082093729   3.1394035900
  4   1.4852777940   0.0000000000  -3.0000000000  15.2638143812   7.4350210900
  4   1.4852777940   0.0000000000  -1.8000000000  12.8754602683   5.4424900800
  4   1.4852777940   0.0000000000  -1.6000000000   6.2877135077   1.8565445200
  4   1.4852777940   0.0000000000  -1.4000000000   2.3957835248  -0.0307064200
  4   1.4852777940   0.0000000000  -1.2000000000   0.5093834641  -0.8439618800
  4   1.4852777940   0.0000000000  -1.0000000000  -0.1159775867  -1.1146655200
  4   1.4852777940   0.0000000000  -0.8000000000   0.0269799864  -1.1281045300
  4   1.4852777940   0.0000000000  -0.6000000000   0.6472310430  -0.9983429400
  4   1.4852777940   0.0000000000  -0.4000000000   1.4693100799  -0.7985041200
  4   1.4852777940   0.0000000000  -0.2000000000   2.1538920883  -0.6341463700
  4   1.4852777940   0.0000000000   0.0000000000   2.3837624743  -0.6232422000
  4   1.4852777940   0.0000000000   0.2000000000   2.0164393367  -0.8196053800
  4   1.4852777940   0.0000000000   0.4000000000   1.1585622573  -1.1671303900
  4   1.4852777940   0.0000000000   0.6000000000   0.0900749111  -1.5364316500
  4   1.4852777940   0.0000000000   0.8000000000  -0.8939473230  -1.8041649500
  4   1.4852777940   0.0000000000   1.0000000000  -1.6030681289  -1.9052169100
  4   1.4852777940   0.0000000000   1.2000000000  -1.9801103757  -1.8365501800
  4   1.4852777940   0.0000000000   1.4000000000  -2.0653343685  -1.6349435700
  4   1.4852777940   0.0000000000   1.6000000000  -1.9435044308  -1.3512819400
  4   1.4852777940   0.0000000000   1.8000000000  -1.7033490548  -1.0326422400
  4   1.4852777940   0.0000000000   2.0000000000  -1.4165577524  -0.7129287000
  4   1.4852777940   0.0000000000   2.2000000000  -1.1312211188  -0.4154696900
  4   1.4852777940   0.0000000000   2.4000000000  -0.8748088903  -0.2177428300
  4   1.4852777940   0.0000000000   2.6000000000  -0.6589933114  -0.1074131800
  4   1.4852777940   0.0000000000   2.8000000000  -0.4857850966  -0.0519192500
  4   1.4852777940   0.0000000000   3.0000000000  -0.3518711947  -0.0258826800
  4   1.4852777940   0.0000000000   3.2000000000  -0.2508000889  -0.0139793700
  4   1.4852777940   0.0000000000   3.4000000000  -0.1754468751  -0.0086057000
  4   1.4852777940   0.0000000000   3.6000000000  -0.1217237918  -0.0062173700
  4   1.4852777940   0.0000000000   3.8000000000  -0.0837835748  -0.0051224400
  4   1.4852777940   0.0000000000   4.0000000000  -0.0571755119  -0.0044978500
  4   1.4852777940   0.0000000000   4.2000000000  -0.0386995230  -0.0040071200
  4   1.4852777940   0.0000000000   4.4000000000  -0.0252458332  -0.0035041200
  4   1.4852777940   0.0000000000   4.6000000000  -0.0150206970  -0.0029746900
  4   1.4852777940   0.0000000000   4.8000000000  -0.0095141563  -0.0024275000
  4   1.4852777940   0.0000000000   5.0000000000  -0.0016630805  -0.0018863600
  4   1.4852777940   0.0000000000   5.2000000000  -0.0000376540  -0.0013897400
  4   1.4852777940   0.0000000000   5.4000000000  -0.0000006895  -0.0009559400
  4   1.4852777940   0.0000000000   5.6000000000  -0.0000000118  -0.0005780500
  4   1.4852777940   0.0000000000   5.8000000000  -0.0000000002  -0.0002586800
  4   1.4852777940   0.0000000000   6.0000000000  -0.0000000000  -0.0000075500
  5   0.7426388970   0.4287627670  -5.0000000000   2.3905346049  -0.3088081700
  5   0.7426388970   0.4287627670  -4.8000000000   2.5321710662  -0.2372000200
  5   0.7426388970   0.4287627670  -4.6000000000   2.1145433756  -0.3570495200
  5   0.7426388970   0.4287627670  -4.4000000000   1.3261386010  -0.6028261500
  5   0.7426388970   0.4287627670  -4.2000000000   0.4998038380  -0.8550733100
  5   0.7426388970   0.4287627670  -4.0000000000  -0.0404683033  -1.0064850200
  5   0.7426388970   0.4287627670  -3.8000000000  -0.0312339622  -0.9638158400
  5   0.7426388970   0.4287627670  -3.6000000000   0.8507174720  -0.5574703000
  5   0.7426388970   0.4287627670  -3.4000000000   3.1668587063   0.5861212900
  5   0.7426388970   0.4287627670  -3.2000000000   7.6935909012   3.0642952300
  5   0.7426388970   0.4287627670  -3.0000000000  14.9960640157   7.3982095500
  5   0.7426388970   0.4287627670  -1.8000000000  13.1918558987   5.4713330400
  5   0.7426388970   0.4287627670  -1.6000000000   6.8868040419   1.9312037800
  5   0.7426388970   0.4287627670  -1.4000000000   3.4912336958   0.1666763800
  5   0.7426388970   0.4287627670  -1.2000000000   2.5209220987  -0.2948857300
  5   0.7426388970   0.4287627670  -1.0000000000   3.7176769347   0.3542774800
  5   0.7426388970   0.4287627670  -0.8000000000   7.3915743715   2.3870729200
  5   0.7426388970   0.4287627670  -0.6000000000  14.0006841009   6.2684102600
  5   0.7426388970   0.4287627670   0.6000000000  13.2331507901   5.7664389600
  5   0.7426388970   0.4287627670   0.8000000000   6.0954949410   1.6845959200
  5   0.7426388970   0.4287627670   1.0000000000   1.6426961506  -0.5617080100
  5   0.7426388970   0.4287627670   1.2000000000  -0.7318660490  -1.5175202600
  5   0.7426388970   0.4287627670   1.4000000000  -1.7653516800  -1.7357268600
  5   0.7426388970   0.4287627670   1.6000000000  -2.0299356849  -1.5836824700
  5   0.7426388970   0.4287627670   1.8000000000  -1.9047116699  -1.2698266000
  5   0.7426388970   0.4287627670   2.0000000000  -1.6175113790  -0.9084922900
  5   0.7426388970   0.4287627670   2.2000000000  -1.2930634816  -0.5587177200
  5   0.7426388970   0.4287627670   2.4000000000  -0.9923617483  -0.2925655300
  5   0.7426388970   0.4287627670   2.6000000000  -0.7393615447  -0.1432468400
  5   0.7426388970   0.4287627670   2.8000000000  -0.5384399644  -0.0679205900
  5   0.7426388970   0.4287627670   3.0000000000  -0.3852070678  -0.0329416600
  5   0.7426388970   0.4287627670   3.2000000000  -0.2716849870  -0.0170580400
  5   0.7426388970   0.4287627670   3.4000000000  -0.1892393754  -0.0098911300
  5   0.7426388970   0.4287627670   3.6000000000  -0.1298413990  -0.0066961900
  5   0.7426388970   0.4287627670   3.8000000000  -0.0885094269  -0.0052512300
  5   0.7426388970   0.4287627670   4.0000000000  -0.0597525758  -0.0045128700
  5   0.7426388970   0.4287627670   4.2000000000  -0.0387742198  -0.0039808100
  5   0.7426388970   0.4287627670   4.4000000000  -0.0256022542  -0.0034754800
  5   0.7426388970   0.4287627670   4.6000000000  -0.0154299037  -0.0029501600
  5   0.7426388970   0.4287627670   4.8000000000  -0.0084614420  -0.0024093400
  5   0.7426388970   0.4287627670   5.0000000000  -0.0048978528  -0.0018746200
  5   0.7426388970   0.4287627670   5.2000000000  -0.0003682690  -0.0013798900
  5   0.7426388970   0.4287627670   5.4000000000  -0.0000065834  -0.0009412200
  5   0.7426388970   0.4287627670   5.6000000000  -0.0000001055  -0.0005603900
  5   0.7426388970   0.4287627670   5.8000000000  -0.0000000016  -0.0002399000
  5   0.7426388970   0.4287627670   6.0000000000  -0.0000000000   0.0000111500
  6   1.2377314950   0.4287627670  -5.0000000000   3.2515836792   0.2675543800
  6   1.2377314950   0.4287627670  -4.8000000000   3.4807511391   0.3859269800
  6   1.2377314950   0.4287627670  -4.6000000000   2.9932245575   0.1949902700
  6   1.2377314950   0.4287627670  -4.4000000000   2.0701307643  -0.1946857400
  6   1.2377314950   0.4287627670  -4.2000000000   1.1850307423  -0.5793263600
  6   1.2377314950   0.4287627670  -4.0000000000   0.8192263475  -0.7542144900
  6   1.2377314950   0.4287627670  -3.8000000000   1.5089665329  -0.4496667800
  6   1.2377314950   0.4287627670  -3.6000000000   4.2550199944   0.9781790900
  6   1.2377314950   0.4287627670  -3.4000000000  11.2098458859   5.0959210200
  6   1.2377314950   0.4287627670  -1.4000000000   8.8491914304   2.9572511200
  6   1.2377314950   0.4287627670  -1.2000000000   3.2603022115   0.1450625200
  6   1.2377314950   0.4287627670  -1.0000000000   1.1737543027  -0.7639143100
  6   1.2377314950   0.4287627670  -0.8000000000   0.8043360068  -0.8987999400
  6   1.2377314950   0.4287627670  -0.6000000000   1.3250001985  -0.6940922300
  6   1.2377314950   0.4287627670  -0.4000000000   2.2380936683  -0.3450376500
  6   1.2377314950   0.4287627670  -0.2000000000   3.0568696657  -0.0398038400
  6   1.2377314950   0.4287627670   0.0000000000   3.3344007176   0.0272149700
  6   1.2377314950   0.4287627670   0.2000000000   2.8645794773  -0.2320121200
  6   1.2377314950   0.4287627670   0.4000000000   1.7911972729  -0.7273727800
  6   1.2377314950   0.4287627670   0.6000000000   0.4856679412  -1.2596512200
  6   1.2377314950   0.4287627670   0.8000000000  -0.6862866939  -1.6545010300
  6   1.2377314950   0.4287627670   1.0000000000  -1.5135606318  -1.8348650900
  6   1.2377314950   0.4287627670   1.2000000000  -1.9517820265  -1.8090426800
  6   1.2377314950   0.4287627670   1.4000000000  -2.0628608741  -1.6284617200
  6   1.2377314950   0.4287627670   1.6000000000  -1.9490332953  -1.3536471100
  6   1.2377314950   0.4287627670   1.8000000000  -1.7096144405  -1.0375694900
  6   1.2377314950   0.4287627670   2.0000000000  -1.4211645011  -0.7177796900
  6   1.2377314950   0.4287627670   2.2000000000  -1.1341578042  -0.4191638000
  6   1.2377314950   0.4287627670   2.4000000000  -0.8765751071  -0.2195615400
  6   1.2377314950   0.4287627670   2.6000000000  -0.6600867667  -0.1081583200
  6   1.2377314950   0.4287627670   2.8000000000  -0.4863142442  -0.0521858900
  6   1.2377314950   0.4287627670   3.0000000000  -0.3519332202  -0.0259840800
  6   1.2377314950   0.4287627670   3.2000000000  -0.2507060659  -0.0140137200
  6   1.2377314950   0.4287627670   3.4000000000  -0.1761014667  -0.0086256800
  6   1.2377314950   0.4287627670   3.6000000000  -0.1223165348  -0.0062384000
  6   1.2377314950   0.4287627670   3.8000000000  -0.0838745659  -0.0051342800
  6   1.2377314950   0.4287627670   4.0000000000  -0.0569001513  -0.0044970100
  6   1.2377314950   0.4287627670   4.2000000000  -0.0378167409  -0.0040028200
  6   1.2377314950   0.4287627670   4.4000000000  -0.0250861776  -0.0035035900
  6   1.2377314950   0.4287627670   4.6000000000  -0.0163244827  -0.0029741300
  6   1.2377314950   0.4287627670   4.8000000000  -0.0086062589  -0.0024213100
  6   1.2377314950   0.4287627670   5.0000000000  -0.0021770058  -0.0018770500
  6   1.2377314950   0.4287627670   5.2000000000  -0.0000586396  -0.0013780900
  6   1.2377314950   0.4287627670   5.4000000000  -0.0000010518  -0.0009422700
  6   1.2377314950   0.4287627670   5.6000000000  -0.0000000176  -0.0005642400
  6   1.2377314950   0.4287627670   5.8000000000  -0.0000000003  -0.0002452100
  6   1.2377314950   0.4287627670   6.0000000000  -0.0000000000   0.0000053000
  7   1.4852777940   0.8575255340  -5.0000000000   0.1534190436  -1.0557223300
  7   1.4852777940   0.8575255340  -4.8000000000   0.2754737814  -1.0280117500
  7   1.4852777940   0.8575255340  -4.6000000000   0.1573522163  -1.0492853100
  7   1.4852777940   0.8575255340  -4.4000000000  -0.0690299858  -1.0976087900
  7   1.4852777940   0.8575255340  -4.2000000000  -0.1519398623  -1.1050954600
  7   1.4852777940   0.8575255340  -4.0000000000   0.3092011826  -0.9136875100
  7   1.4852777940   0.8575255340  -3.8000000000   2.1231823028  -0.0709761100
  7   1.4852777940   0.8575255340  -3.6000000000   7.2200498668   2.7413729800
  7   1.4852777940   0.8575255340  -1.4000000000  15.7478952803   6.7220408000
  7   1.4852777940   0.8575255340  -1.2000000000   5.4206036128   1.2123059900
  7   1.4852777940   0.8575255340  -1.0000000000   1.4471672116  -0.5987595800
  7   1.4852777940   0.8575255340  -0.8000000000   0.0919226631  -1.1342720700
  7   1.4852777940   0.8575255340  -0.6000000000  -0.1875548489  -1.2724581500
  7   1.4852777940   0.8575255340  -0.4000000000  -0.0516851735  -1.3032891100
  7   1.4852777940   0.8575255340  -0.2000000000   0.1471466151  -1.3319933000
  7   1.4852777940   0.8575255340   0.0000000000   0.1838892461  -1.4090055500
  7   1.4852777940   0.8575255340   0.2000000000  -0.0429930173  -1.5474835100
  7   1.4852777940   0.8575255340   0.4000000000  -0.5008331682  -1.7198277700
  7   1.4852777940   0.8575255340   0.6000000000  -1.0610954831  -1.8706495500
  7   1.4852777940   0.8575255340   0.8000000000  -1.5726461180  -1.9447705200
  7   1.4852777940   0.8575255340   1.0000000000  -1.9255647996  -1.9108710400
  7   1.4852777940   0.8575255340   1.2000000000  -2.0773222924  -1.7683846000
  7   1.4852777940   0.8575255340   1.4000000000  -2.0438288240  -1.5400867900
  7   1.4852777940   0.8575255340   1.6000000000  -1.8741115306  -1.2587201100
  7   1.4852777940   0.8575255340   1.8000000000  -1.6254815678  -0.9553664400
  7   1.4852777940   0.8575255340   2.0000000000  -1.3483538096  -0.6539596800
  7   1.4852777940   0.8575255340   2.2000000000  -1.0784552489  -0.3763312800
  7   1.4852777940   0.8575255340   2.4000000000  -0.8366420774  -0.1971953500
  7   1.4852777940   0.8575255340   2.6000000000  -0.6326405374  -0.0974032700
  7   1.4852777940   0.8575255340   2.8000000000  -0.4683206942  -0.0472863500
  7   1.4852777940   0.8575255340   3.0000000000  -0.3406215357  -0.0237776400
  7   1.4852777940   0.8575255340   3.2000000000  -0.2439436286  -0.0130471500
  7   1.4852777940   0.8575255340   3.4000000000  -0.1723802502  -0.0082332800
  7   1.4852777940   0.8575255340   3.6000000000  -0.1203594001  -0.0061043400
  7   1.4852777940   0.8575255340   3.8000000000  -0.0823486495  -0.0051001300
  7   1.4852777940   0.8575255340   4.0000000000  -0.0551172407  -0.0044899100
  7   1.4852777940   0.8575255340   4.2000000000  -0.0372640472  -0.0039934000
  7   1.4852777940   0.8575255340   4.4000000000  -0.0250509647  -0.0035171900
  7   1.4852777940   0.8575255340   4.6000000000  -0.0167020977  -0.0029876000
  7   1.4852777940   0.8575255340   4.8000000000  -0.0092524120  -0.0024247800
  7   1.4852777940   0.8575255340   5.0000000000  -0.0005968381  -0.0018701000
  7   1.4852777940   0.8575255340   5.2000000000  -0.0000125819  -0.0013670000
  7   1.4852777940   0.8575255340   5.4000000000  -0.0000002374  -0.0009294600
  7   1.4852777940   0.8575255340   5.6000000000  -0.0000000042  -0.0005499500
  7   1.4852777940   0.8575255340   5.8000000000  -0.0000000001  -0.0002292000
  7   1.4852777940   0.8575255340   6.0000000000  -0.0000000000   0.0000187500
  8   0.7426388970  -0.4287627670  -4.2000000000  11.8801974282   5.6394777400
  8   0.7426388970  -0.4287627670  -4.0000000000   5.6555436598   1.9916166900
  8   0.7426388970  -0.4287627670  -3.8000000000   2.0661548289   0.0625622100
  8   0.7426388970  -0.4287627670  -3.6000000000   0.3817961442  -0.7612694200
  8   0.7426388970  -0.4287627670  -3.4000000000  -0.1164783061  -1.0100158700
  8   0.7426388970  -0.4287627670  -3.2000000000   0.1145273308  -0.9726480200
  8   0.7426388970  -0.4287627670  -3.0000000000   0.7975244188  -0.7764629500
  8   0.7426388970  -0.4287627670  -2.8000000000   1.6508689854  -0.5140946900
  8   0.7426388970  -0.4287627670  -2.6000000000   2.3327535163  -0.3021623000
  8   0.7426388970  -0.4287627670  -2.4000000000   2.5463507481  -0.2497415900
  8   0.7426388970  -0.4287627670  -2.2000000000   2.1939455079  -0.3879501200
  8   0.7426388970  -0.4287627670  -2.0000000000   1.4350853211  -0.6460317200
  8   0.7426388970  -0.4287627670  -1.8000000000   0.5928204023  -0.9045977400
  8   0.7426388970  -0.4287627670  -1.6000000000  -0.0028371606  -1.0651500700
  8   0.7426388970  -0.4287627670  -1.4000000000  -0.0869873361  -1.0560814000
  8   0.7426388970  -0.4287627670  -1.2000000000   0.6389287005  -0.7475215700
  8   0.7426388970  -0.4287627670  -1.0000000000   2.6925772917   0.1823346800
  8   0.7426388970  -0.4287627670  -0.8000000000   6.8329340815   2.3025244600
  8   0.7426388970  -0.4287627670  -0.6000000000  13.7053989780   6.2085011900
  8   0.7426388970  -0.4287627670   0.6000000000  13.2296994657   5.7459734900
  8   0.7426388970  -0.4287627670   0.8000000000   6.0940420801   1.6701627700
  8   0.7426388970  -0.4287627670   1.0000000000   1.6421477101  -0.5703121100
  8   0.7426388970  -0.4287627670   1.2000000000  -0.7320281138  -1.5213849900
  8   0.7426388970  -0.4287627670   1.4000000000  -1.7653668247  -1.7362715000
  8   0.7426388970  -0.4287627670   1.6000000000  -2.0299133467  -1.5822073400
  8   0.7426388970  -0.4287627670   1.8000000000  -1.9047353883  -1.2673290400
  8   0.7426388970  -0.4287627670   2.0000000000  -1.6174923624  -0.9057170300
  8   0.7426388970  -0.4287627670   2.2000000000  -1.2930730910  -0.5561452800
  8   0.7426388970  -0.4287627670   2.4000000000  -0.9924081936  -0.2912656400
  8   0.7426388970  -0.4287627670   2.6000000000  -0.7392245116  -0.1427233900
  8   0.7426388970  -0.4287627670   2.8000000000  -0.5384366769  -0.0677455400
  8   0.7426388970  -0.4287627670   3.0000000000  -0.3852070509  -0.0328936800
  8   0.7426388970  -0.4287627670   3.2000000000  -0.2716849869  -0.0170492500
  8   0.7426388970  -0.4287627670   3.4000000000  -0.1892393754  -0.0098951000
  8   0.7426388970  -0.4287627670   3.6000000000  -0.1298413990  -0.0067037500
  8   0.7426388970  -0.4287627670   3.8000000000  -0.0885094269  -0.0052576600
  8   0.7426388970  -0.4287627670   4.0000000000  -0.0597525758  -0.0045155600
  8   0.7426388970  -0.4287627670   4.2000000000  -0.0387742198  -0.0039826300
  8   0.7426388970  -0.4287627670   4.4000000000  -0.0256022542  -0.0034794900
  8   0.7426388970  -0.4287627670   4.6000000000  -0.0154299037  -0.0029562800
  8   0.7426388970  -0.4287627670   4.8000000000  -0.0084614420  -0.0024143500
  8   0.7426388970  -0.4287627670   5.0000000000  -0.0048978528  -0.0018811800
  8   0.7426388970  -0.4287627670   5.2000000000  -0.0003682690  -0.0013866500
  8   0.7426388970  -0.4287627670   5.4000000000  -0.0000065834  -0.0009474500
  8   0.7426388970  -0.4287627670   5.6000000000  -0.0000001055  -0.0005658900
  8   0.7426388970  -0.4287627670   5.8000000000  -0.0000000016  -0.0002438400
  8   0.7426388970  -0.4287627670   6.0000000000  -0.0000000000   0.0000083500
  9   1.2377314950  -0.4287627670  -3.8000000000   7.8478478670   3.1667892200
  9   1.2377314950  -0.4287627670  -3.6000000000   2.8616718776   0.2718310800
  9   1.2377314950  -0.4287627670  -3.4000000000   1.0746734635  -0.6406193500
  9   1.2377314950  -0.4287627670  -3.2000000000   0.8677055965  -0.7313751100
  9   1.2377314950  -0.4287627670  -3.0000000000   1.4868999759  -0.4597941600
  9   1.2377314950  -0.4287627670  -2.8000000000   2.4452825134  -0.0505397700
  9   1.2377314950  -0.4287627670  -2.6000000000   3.2525729587   0.2881237700
  9   1.2377314950  -0.4287627670  -2.4000000000   3.4822239823   0.3715391200
  9   1.2377314950  -0.4287627670  -2.2000000000   2.9777688496   0.1473970200
  9   1.2377314950  -0.4287627670  -2.0000000000   1.9343238823  -0.2663589900
  9   1.2377314950  -0.4287627670  -1.8000000000   0.7458155206  -0.6812113100
  9   1.2377314950  -0.4287627670  -1.6000000000  -0.2353583617  -0.9712500900
  9   1.2377314950  -0.4287627670  -1.4000000000  -0.8314834090  -1.1194356900
  9   1.2377314950  -0.4287627670  -1.2000000000  -1.0138258787  -1.1680153600
  9   1.2377314950  -0.4287627670  -1.0000000000  -0.7929189264  -1.1426470800
  9   1.2377314950  -0.4287627670  -0.8000000000  -0.1620603928  -1.0196946700
  9   1.2377314950  -0.4287627670  -0.6000000000   0.8332447683  -0.7646742200
  9   1.2377314950  -0.4287627670  -0.4000000000   1.9892758715  -0.4113168900
  9   1.2377314950  -0.4287627670  -0.2000000000   2.9341237320  -0.1031688300
  9   1.2377314950  -0.4287627670   0.0000000000   3.2757369229  -0.0282388400
  9   1.2377314950  -0.4287627670   0.2000000000   2.8375247822  -0.2769840700
  9   1.2377314950  -0.4287627670   0.4000000000   1.7792574688  -0.7615207000
  9   1.2377314950  -0.4287627670   0.6000000000   0.4807224909  -1.2835874900
  9   1.2377314950  -0.4287627670   0.8000000000  -0.6881201820  -1.6692335200
  9   1.2377314950  -0.4287627670   1.0000000000  -1.5140801727  -1.8417137200
  9   1.2377314950  -0.4287627670   1.2000000000  -1.9517980825  -1.8098693100
  9   1.2377314950  -0.4287627670   1.4000000000  -2.0627254470  -1.6250876300
  9   1.2377314950  -0.4287627670   1.6000000000  -1.9489273191  -1.3478245500
  9   1.2377314950  -0.4287627670   1.8000000000  -1.7095252511  -1.0308091400
  9   1.2377314950  -0.4287627670   2.0000000000  -1.4212140303  -0.7112328400
  9   1.2377314950  -0.4287627670   2.2000000000  -1.1342540511  -0.4140699600
  9   1.2377314950  -0.4287627670   2.4000000000  -0.8765078898  -0.2171433000
  9   1.2377314950  -0.4287627670   2.6000000000  -0.6598808352  -0.1072021700
  9   1.2377314950  -0.4287627670   2.8000000000  -0.4863014627  -0.0518747900
  9   1.2377314950  -0.4287627670   3.0000000000  -0.3519331550  -0.0258912200
  9   1.2377314950  -0.4287627670   3.2000000000  -0.2507060656  -0.0139953000
  9   1.2377314950  -0.4287627670   3.4000000000  -0.1761014667  -0.0086313900
  9   1.2377314950  -0.4287627670   3.6000000000  -0.1223165348  -0.0062493800
  9   1.2377314950  -0.4287627670   3.8000000000  -0.0838745659  -0.0051427200
  9   1.2377314950  -0.4287627670   4.0000000000  -0.0569001513  -0.0045037000
  9   1.2377314950  -0.4287627670   4.2000000000  -0.0378167409  -0.0040086200
  9   1.2377314950  -0.4287627670   4.4000000000  -0.0250861776  -0.0035118600
  9   1.2377314950  -0.4287627670   4.6000000000  -0.0163244827  -0.0029850700
  9   1.2377314950  -0.4287627670   4.8000000000  -0.0086062589  -0.0024347100
  9   1.2377314950  -0.4287627670   5.0000000000  -0.0021770058  -0.0018921000
  9   1.2377314950  -0.4287627670   5.2000000000  -0.0000586396  -0.0013948400
  9   1.2377314950  -0.4287627670   5.4000000000  -0.0000010518  -0.0009582600
  9   1.2377314950  -0.4287627670   5.6000000000  -0.0000000176  -0.0005785100
  9   1.2377314950  -0.4287627670   5.8000000000  -0.0000000003  -0.0002554400
  9   1.2377314950  -0.4287627670   6.0000000000  -0.0000000000  -0.0000046800
 10   1.4852777940  -0.8575255340  -3.8000000000  13.8501716974   7.0795159800
 10   1.4852777940  -0.8575255340  -3.6000000000   4.6796288493   1.3667310500
 10   1.4852777940  -0.8575255340  -3.4000000000   1.1854024404  -0.4991557800
 10   1.4852777940  -0.8575255340  -3.2000000000   0.0320707772  -1.0240881000
 10   1.4852777940  -0.8575255340  -3.0000000000  -0.1580550276  -1.1174713000
 10   1.4852777940  -0.8575255340  -2.8000000000   0.0165309631  -1.0857216300
 10   1.4852777940  -0.8575255340  -2.6000000000   0.2252634612  -1.0435947600
 10   1.4852777940  -0.8575255340  -2.4000000000   0.2599251791  -1.0413499200
 10   1.4852777940  -0.8575255340  -2.2000000000   0.0401188305  -1.0861071300
 10   1.4852777940  -0.8575255340  -2.0000000000  -0.3821313217  -1.1493282900
 10   1.4852777940  -0.8575255340  -1.8000000000  -0.8711654040  -1.1911337800
 10   1.4852777940  -0.8575255340  -1.6000000000  -1.2874593779  -1.1933137200
 10   1.4852777940  -0.8575255340  -1.4000000000  -1.5473111530  -1.1754482000
 10   1.4852777940  -0.8575255340  -1.2000000000  -1.6280272781  -1.1773397200
 10   1.4852777940  -0.8575255340  -1.0000000000  -1.5305003216  -1.2207244500
 10   1.4852777940  -0.8575255340  -0.8000000000  -1.2571044196  -1.2891257300
 10   1.4852777940  -0.8575255340  -0.6000000000  -0.8393863001  -1.3484605600
 10   1.4852777940  -0.8575255340  -0.4000000000  -0.3735887167  -1.3848671700
 10   1.4852777940  -0.8575255340  -0.2000000000  -0.0097328603  -1.4199335800
 10   1.4852777940  -0.8575255340   0.0000000000   0.1097447527  -1.4908863300
 10   1.4852777940  -0.8575255340   0.2000000000  -0.0766122687  -1.6152268600
 10   1.4852777940  -0.8575255340   0.4000000000  -0.5152413928  -1.7706857700
 10   1.4852777940  -0.8575255340   0.6000000000  -1.0667558884  -1.9050154200
 10   1.4852777940  -0.8575255340   0.8000000000  -1.5745235099  -1.9645906100
 10   1.4852777940  -0.8575255340   1.0000000000  -1.9259287416  -1.9188649900
 10   1.4852777940  -0.8575255340   1.2000000000  -2.0771598027  -1.7675721200
 10   1.4852777940  -0.8575255340   1.4000000000  -2.0434943133  -1.5334293900
 10   1.4852777940  -0.8575255340   1.6000000000  -1.8737648665  -1.2488399300
 10   1.4852777940  -0.8575255340   1.8000000000  -1.6254443788  -0.9444719700
 10   1.4852777940  -0.8575255340   2.0000000000  -1.3484627475  -0.6436749800
 10   1.4852777940  -0.8575255340   2.2000000000  -1.0785543973  -0.3689338500
 10   1.4852777940  -0.8575255340   2.4000000000  -0.8365451914  -0.1936785700
 10   1.4852777940  -0.8575255340   2.6000000000  -0.6323590074  -0.0960258500
 10   1.4852777940  -0.8575255340   2.8000000000  -0.4682961302  -0.0468218100
 10   1.4852777940  -0.8575255340   3.0000000000  -0.3406214072  -0.0236379500
 10   1.4852777940  -0.8575255340   3.2000000000  -0.2439436281  -0.0130172700
 10   1.4852777940  -0.8575255340   3.4000000000  -0.1723802502  -0.0082413100
 10   1.4852777940  -0.8575255340   3.6000000000  -0.1203594001  -0.0061235200
 10   1.4852777940  -0.8575255340   3.8000000000  -0.0823486495  -0.0051172200
 10   1.4852777940  -0.8575255340   4.0000000000  -0.0551172407  -0.0045018300
 10   1.4852777940  -0.8575255340   4.2000000000  -0.0372640472  -0.0040016600
 10   1.4852777940  -0.8575255340   4.4000000000  -0.0250509647  -0.0035248100
 10   1.4852777940  -0.8575255340   4.6000000000  -0.0167020977  -0.0030018600
 10   1.4852777940  -0.8575255340   4.8000000000  -0.0092524120  -0.0024457000
 10   1.4852777940  -0.8575255340   5.0000000000  -0.0005968381  -0.0018945400
 10   1.4852777940  -0.8575255340   5.2000000000  -0.0000125819  -0.0013926000
 10   1.4852777940  -0.8575255340   5.4000000000  -0.0000002374  -0.0009544800
 10   1.4852777940  -0.8575255340   5.6000000000  -0.0000000042  -0.0005731000
 10   1.4852777940  -0.8575255340   5.8000000000  -0.0000000001  -0.0002497000
 10   1.4852777940  -0.8575255340   6.0000000000  -0.0000000000   0.0000000000

 rms error using starting parameters =   2.5386175974107319        Eref=   43.066353609087855     

 
  Test of EMT_fit_1   
 NO OF DATA POINTS IS 483   NO OF PARAMETERS IS 14   NO OF INDEPENDENT VARIABLES IS  3
 DELTA= 0.99999997E-05   E= 0.49999999E-04   FF= 0.40000000E+01   GAMCR= 0.45000000E+02
   T= 0.20000000E+01   TAU= 0.10000000E-02   ZETA= 0.99999998E-31   AL= 0.10000000E+00
 XXXXXXXXXXXXXXXXXXXXXXXXXXXXXXXXXXXXXXXXXXXXXXXXXXXXXXXXXXXXXXXXXXXXXXXXXXXXXXXXXXXXXXXXXXXXXXXXXXX
 

 NO OF ITERATIONS =  1
 PHI = 0.23854324E+04    LAMBDA = 0.10000000E-01
 PARAMETERS
    0.54254000E+01   0.88628200E+01   0.77270900E+01  -0.23710000E+01   0.18220500E+00   0.68041100E+00   0.42700000E+00

    0.31634000E+01   0.54291800E+01   0.41233800E+01  -0.38000000E+01   0.47440800E-01   0.16417400E+01   0.22265415E+01

 GAMMA = 0.00000000E+00    LENGTH OF DB = 0.26702783E+02
 DB CORRECTION VECTOR
    0.00000000E+00   0.00000000E+00   0.00000000E+00   0.00000000E+00   0.00000000E+00   0.00000000E+00   0.00000000E+00

    0.00000000E+00   0.00000000E+00   0.00000000E+00   0.00000000E+00   0.00000000E+00   0.00000000E+00  -0.94458482E-01

 XXXXXXXXXXXXXXXXXXXXXXXXXXXXXXXXXXXXXXXXXXXXXXXXXXXXXXXXXXXXXXXXXXXXXXXXXXXXXXXXXXXXXXXXXXXXXXXXXXX
 

 NO OF ITERATIONS =  2
 PHI = 0.23853611E+04    LAMBDA = 0.10000000E-02
 PARAMETERS
    0.54254000E+01   0.88628200E+01   0.77270900E+01  -0.23710000E+01   0.18220500E+00   0.68041100E+00   0.42700000E+00

    0.31634000E+01   0.54291800E+01   0.41233800E+01  -0.38000000E+01   0.47440800E-01   0.16417400E+01   0.22255979E+01

 GAMMA = 0.00000000E+00    LENGTH OF DB = 0.26676100E+00
 DB CORRECTION VECTOR
    0.00000000E+00   0.00000000E+00   0.00000000E+00   0.00000000E+00   0.00000000E+00   0.00000000E+00   0.00000000E+00

    0.00000000E+00   0.00000000E+00   0.00000000E+00   0.00000000E+00   0.00000000E+00   0.00000000E+00  -0.94364095E-03

 
  Test of EMT_fit_1   
 CONVERGENCE BY EPSILON TEST

 NO OF ITERATIONS =  3
 PHI = 0.23853611E+04    LAMBDA = 0.10000000E-03
 PARAMETERS
    0.54254000E+01   0.88628200E+01   0.77270900E+01  -0.23710000E+01   0.18220500E+00   0.68041100E+00   0.42700000E+00

    0.31634000E+01   0.54291800E+01   0.41233800E+01  -0.38000000E+01   0.47440800E-01   0.16417400E+01   0.22255969E+01

 GAMMA = 0.00000000E+00    LENGTH OF DB = 0.26673118E-03
 DB CORRECTION VECTOR
    0.00000000E+00   0.00000000E+00   0.00000000E+00   0.00000000E+00   0.00000000E+00   0.00000000E+00   0.00000000E+00

    0.00000000E+00   0.00000000E+00   0.00000000E+00   0.00000000E+00   0.00000000E+00   0.00000000E+00  -0.94353545E-06


 PTP INVERSE

 COLUMNS   1  THROUGH   7
    0.10000000E+01   0.00000000E+00   0.00000000E+00   0.00000000E+00   0.00000000E+00   0.00000000E+00   0.00000000E+00
    0.00000000E+00   0.10000000E+01   0.00000000E+00   0.00000000E+00   0.00000000E+00   0.00000000E+00   0.00000000E+00
    0.00000000E+00   0.00000000E+00   0.10000000E+01   0.00000000E+00   0.00000000E+00   0.00000000E+00   0.00000000E+00
    0.00000000E+00   0.00000000E+00   0.00000000E+00   0.10000000E+01   0.00000000E+00   0.00000000E+00   0.00000000E+00
    0.00000000E+00   0.00000000E+00   0.00000000E+00   0.00000000E+00   0.10000000E+01   0.00000000E+00   0.00000000E+00
    0.00000000E+00   0.00000000E+00   0.00000000E+00   0.00000000E+00   0.00000000E+00   0.10000000E+01   0.00000000E+00
    0.00000000E+00   0.00000000E+00   0.00000000E+00   0.00000000E+00   0.00000000E+00   0.00000000E+00   0.10000000E+01
    0.00000000E+00   0.00000000E+00   0.00000000E+00   0.00000000E+00   0.00000000E+00   0.00000000E+00   0.00000000E+00
    0.00000000E+00   0.00000000E+00   0.00000000E+00   0.00000000E+00   0.00000000E+00   0.00000000E+00   0.00000000E+00
    0.00000000E+00   0.00000000E+00   0.00000000E+00   0.00000000E+00   0.00000000E+00   0.00000000E+00   0.00000000E+00
    0.00000000E+00   0.00000000E+00   0.00000000E+00   0.00000000E+00   0.00000000E+00   0.00000000E+00   0.00000000E+00
    0.00000000E+00   0.00000000E+00   0.00000000E+00   0.00000000E+00   0.00000000E+00   0.00000000E+00   0.00000000E+00
    0.00000000E+00   0.00000000E+00   0.00000000E+00   0.00000000E+00   0.00000000E+00   0.00000000E+00   0.00000000E+00
    0.00000000E+00   0.00000000E+00   0.00000000E+00   0.00000000E+00   0.00000000E+00   0.00000000E+00   0.00000000E+00

 COLUMNS   8  THROUGH  14
    0.00000000E+00   0.00000000E+00   0.00000000E+00   0.00000000E+00   0.00000000E+00   0.00000000E+00   0.00000000E+00
    0.00000000E+00   0.00000000E+00   0.00000000E+00   0.00000000E+00   0.00000000E+00   0.00000000E+00   0.00000000E+00
    0.00000000E+00   0.00000000E+00   0.00000000E+00   0.00000000E+00   0.00000000E+00   0.00000000E+00   0.00000000E+00
    0.00000000E+00   0.00000000E+00   0.00000000E+00   0.00000000E+00   0.00000000E+00   0.00000000E+00   0.00000000E+00
    0.00000000E+00   0.00000000E+00   0.00000000E+00   0.00000000E+00   0.00000000E+00   0.00000000E+00   0.00000000E+00
    0.00000000E+00   0.00000000E+00   0.00000000E+00   0.00000000E+00   0.00000000E+00   0.00000000E+00   0.00000000E+00
    0.00000000E+00   0.00000000E+00   0.00000000E+00   0.00000000E+00   0.00000000E+00   0.00000000E+00   0.00000000E+00
    0.10000000E+01   0.00000000E+00   0.00000000E+00   0.00000000E+00   0.00000000E+00   0.00000000E+00   0.00000000E+00
    0.00000000E+00   0.10000000E+01   0.00000000E+00   0.00000000E+00   0.00000000E+00   0.00000000E+00   0.00000000E+00
    0.00000000E+00   0.00000000E+00   0.10000000E+01   0.00000000E+00   0.00000000E+00   0.00000000E+00   0.00000000E+00
    0.00000000E+00   0.00000000E+00   0.00000000E+00   0.10000000E+01   0.00000000E+00   0.00000000E+00   0.00000000E+00
    0.00000000E+00   0.00000000E+00   0.00000000E+00   0.00000000E+00   0.10000000E+01   0.00000000E+00   0.00000000E+00
    0.00000000E+00   0.00000000E+00   0.00000000E+00   0.00000000E+00   0.00000000E+00   0.10000000E+01   0.00000000E+00
    0.00000000E+00   0.00000000E+00   0.00000000E+00   0.00000000E+00   0.00000000E+00   0.00000000E+00   0.12513214E-04

 PARAMETER CORRELATION COEFFICIENTS

 COLUMNS   1  THROUGH  13
    1.0000   0.0000   0.0000   0.0000   0.0000   0.0000   0.0000   0.0000   0.0000   0.0000   0.0000   0.0000   0.0000
    0.0000   1.0000   0.0000   0.0000   0.0000   0.0000   0.0000   0.0000   0.0000   0.0000   0.0000   0.0000   0.0000
    0.0000   0.0000   1.0000   0.0000   0.0000   0.0000   0.0000   0.0000   0.0000   0.0000   0.0000   0.0000   0.0000
    0.0000   0.0000   0.0000   1.0000   0.0000   0.0000   0.0000   0.0000   0.0000   0.0000   0.0000   0.0000   0.0000
    0.0000   0.0000   0.0000   0.0000   1.0000   0.0000   0.0000   0.0000   0.0000   0.0000   0.0000   0.0000   0.0000
    0.0000   0.0000   0.0000   0.0000   0.0000   1.0000   0.0000   0.0000   0.0000   0.0000   0.0000   0.0000   0.0000
    0.0000   0.0000   0.0000   0.0000   0.0000   0.0000   1.0000   0.0000   0.0000   0.0000   0.0000   0.0000   0.0000
    0.0000   0.0000   0.0000   0.0000   0.0000   0.0000   0.0000   1.0000   0.0000   0.0000   0.0000   0.0000   0.0000
    0.0000   0.0000   0.0000   0.0000   0.0000   0.0000   0.0000   0.0000   1.0000   0.0000   0.0000   0.0000   0.0000
    0.0000   0.0000   0.0000   0.0000   0.0000   0.0000   0.0000   0.0000   0.0000   1.0000   0.0000   0.0000   0.0000
    0.0000   0.0000   0.0000   0.0000   0.0000   0.0000   0.0000   0.0000   0.0000   0.0000   1.0000   0.0000   0.0000
    0.0000   0.0000   0.0000   0.0000   0.0000   0.0000   0.0000   0.0000   0.0000   0.0000   0.0000   1.0000   0.0000
    0.0000   0.0000   0.0000   0.0000   0.0000   0.0000   0.0000   0.0000   0.0000   0.0000   0.0000   0.0000   1.0000
    0.0000   0.0000   0.0000   0.0000   0.0000   0.0000   0.0000   0.0000   0.0000   0.0000   0.0000   0.0000   0.0000

 COLUMNS  14  THROUGH  14
    0.0000
    0.0000
    0.0000
    0.0000
    0.0000
    0.0000
    0.0000
    0.0000
    0.0000
    0.0000
    0.0000
    0.0000
    0.0000
    1.0000

                X            OBSERVED           PREDICTED          RESIDUAL

    1    0.00000000E+00    -0.10481367E+01    -0.97569709E+00    -0.72439632E-01
    2    0.00000000E+00    -0.10341551E+01    -0.97181997E+00    -0.62335167E-01
    3    0.00000000E+00    -0.10634472E+01    -0.12234691E+01     0.16002191E+00
    4    0.00000000E+00    -0.11120686E+01    -0.16640233E+01     0.55195475E+00
    5    0.00000000E+00    -0.11441724E+01    -0.21523879E+01     0.10082155E+01
    6    0.00000000E+00    -0.11428063E+01    -0.25531508E+01     0.14103445E+01
    7    0.00000000E+00    -0.11234914E+01    -0.27905654E+01     0.16670740E+01
    8    0.00000000E+00    -0.11164880E+01    -0.28465320E+01     0.17300441E+01
    9    0.00000000E+00    -0.11326125E+01    -0.27212264E+01     0.15886139E+01
   10    0.00000000E+00    -0.11507669E+01    -0.24168987E+01     0.12661318E+01
   11    0.00000000E+00    -0.11421717E+01    -0.19699313E+01     0.82775963E+00
   12    0.00000000E+00    -0.11025159E+01    -0.14818750E+01     0.37935909E+00
   13    0.00000000E+00    -0.10585963E+01    -0.10991457E+01     0.40549343E-01
   14    0.00000000E+00    -0.10456280E+01    -0.94371116E+00    -0.10191689E+00
   15    0.00000000E+00    -0.10771306E+01    -0.10365909E+01    -0.40539713E-01
   16    0.00000000E+00    -0.11313340E+01    -0.12629906E+01     0.13165659E+00
   17    0.00000000E+00    -0.11516515E+01    -0.13866311E+01     0.23497955E+00
   18    0.00000000E+00    -0.10166319E+01    -0.10372742E+01     0.20642259E-01
   19    0.00000000E+00    -0.37429597E+00     0.50205154E+00    -0.87634751E+00
   20    0.00000000E+00     0.18422230E+01     0.49308321E+01    -0.30886091E+01
   21    0.00000000E+00     0.85517770E+01     0.16404225E+02    -0.78524476E+01
   22    0.00000000E+00     0.76765841E+01     0.15332161E+02    -0.76555772E+01
   23    0.00000000E+00     0.87661786E+00     0.35025384E+01    -0.26259205E+01
   24    0.00000000E+00    -0.13052850E+01    -0.12034879E+01    -0.10179709E+00
   25    0.00000000E+00    -0.17566153E+01    -0.28749648E+01     0.11183495E+01
   26    0.00000000E+00    -0.15797203E+01    -0.32398464E+01     0.16601261E+01
   27    0.00000000E+00    -0.11983959E+01    -0.30769804E+01     0.18785845E+01
   28    0.00000000E+00    -0.78469309E+00    -0.27430859E+01     0.19583928E+01
   29    0.00000000E+00    -0.42372801E+00    -0.23945208E+01     0.19707928E+01
   30    0.00000000E+00    -0.20720991E+00    -0.20918627E+01     0.18846528E+01
   31    0.00000000E+00    -0.96270830E-01    -0.18512624E+01     0.17549916E+01
   32    0.00000000E+00    -0.45141890E-01    -0.16693722E+01     0.16242303E+01
   33    0.00000000E+00    -0.22299590E-01    -0.15363683E+01     0.15140687E+01
   34    0.00000000E+00    -0.12061290E-01    -0.14413580E+01     0.14292967E+01
   35    0.00000000E+00    -0.75157000E-02    -0.13746480E+01     0.13671323E+01
   36    0.00000000E+00    -0.55164800E-02    -0.13284200E+01     0.13229035E+01
   37    0.00000000E+00    -0.45484600E-02    -0.12965716E+01     0.12920232E+01
   38    0.00000000E+00    -0.39407100E-02    -0.12717285E+01     0.12677877E+01
   39    0.00000000E+00    -0.34222300E-02    -0.12554875E+01     0.12520653E+01
   40    0.00000000E+00    -0.29049400E-02    -0.12470781E+01     0.12441732E+01
   41    0.00000000E+00    -0.23772200E-02    -0.12416357E+01     0.12392585E+01
   42    0.00000000E+00    -0.18477500E-02    -0.12379797E+01     0.12361320E+01
   43    0.00000000E+00    -0.13408400E-02    -0.12330194E+01     0.12316786E+01
   44    0.00000000E+00    -0.89156000E-03    -0.12317165E+01     0.12308249E+01
   45    0.00000000E+00    -0.49813000E-03    -0.12316902E+01     0.12311921E+01
   46    0.00000000E+00    -0.17620000E-03    -0.12316898E+01     0.12315136E+01
   47    0.00000000E+00     0.74230000E-04    -0.12316898E+01     0.12317640E+01
   48    0.49509260E+00     0.27169798E+00     0.21049060E+01    -0.18332080E+01
   49    0.49509260E+00     0.37707311E+00     0.22422549E+01    -0.18651818E+01
   50    0.49509260E+00     0.17622628E+00     0.16517164E+01    -0.14754902E+01
   51    0.49509260E+00    -0.22073445E+00     0.56596620E+00    -0.78670065E+00
   52    0.49509260E+00    -0.62822007E+00    -0.61381554E+00    -0.14404529E-01
   53    0.49509260E+00    -0.91751270E+00    -0.15527817E+01     0.63526899E+00
   54    0.49509260E+00    -0.10634803E+01    -0.20949733E+01     0.10314930E+01
   55    0.49509260E+00    -0.10959496E+01    -0.22211049E+01     0.11251553E+01
   56    0.49509260E+00    -0.10284113E+01    -0.19377853E+01     0.90937393E+00
   57    0.49509260E+00    -0.83530971E+00    -0.12367480E+01     0.40143826E+00
   58    0.49509260E+00    -0.49752007E+00    -0.17724890E+00    -0.32027117E+00
   59    0.49509260E+00    -0.75411300E-01     0.10139924E+01    -0.10894037E+01
   60    0.49509260E+00     0.27061210E+00     0.19544753E+01    -0.16838632E+01
   61    0.49509260E+00     0.36509252E+00     0.22776411E+01    -0.19125485E+01
   62    0.49509260E+00     0.15394380E+00     0.18718181E+01    -0.17178743E+01
   63    0.49509260E+00    -0.24714283E+00     0.97829388E+00    -0.12254367E+01
   64    0.49509260E+00    -0.64031096E+00     0.57412049E-01    -0.69772301E+00
   65    0.49509260E+00    -0.84457325E+00    -0.40862605E+00    -0.43594720E+00
   66    0.49509260E+00    -0.64762523E+00     0.87414911E-01    -0.73504014E+00
   67    0.49509260E+00     0.46979639E+00     0.24375073E+01    -0.19677110E+01
   68    0.49509260E+00     0.38378432E+01     0.85808337E+01    -0.47429904E+01
   69    0.49509260E+00     0.29970199E+01     0.72998824E+01    -0.43028625E+01
   70    0.49509260E+00    -0.46852759E+00     0.68450738E+00    -0.11530350E+01
   71    0.49509260E+00    -0.15888557E+01    -0.21317309E+01     0.54287511E+00
   72    0.49509260E+00    -0.17218589E+01    -0.31065184E+01     0.13846595E+01
   73    0.49509260E+00    -0.14674781E+01    -0.32289278E+01     0.17614496E+01
   74    0.49509260E+00    -0.10863607E+01    -0.29989024E+01     0.19125417E+01
   75    0.49509260E+00    -0.69553585E+00    -0.26617062E+01     0.19661703E+01
   76    0.49509260E+00    -0.36975650E+00    -0.23291652E+01     0.19594087E+01
   77    0.49509260E+00    -0.18078418E+00    -0.20449046E+01     0.18641204E+01
   78    0.49509260E+00    -0.84586300E-01    -0.18195313E+01     0.17349450E+01
   79    0.49509260E+00    -0.40160670E-01    -0.16487957E+01     0.16086350E+01
   80    0.49509260E+00    -0.20180380E-01    -0.15234034E+01     0.15032230E+01
   81    0.49509260E+00    -0.11188810E-01    -0.14333621E+01     0.14221733E+01
   82    0.49509260E+00    -0.71804200E-02    -0.13697744E+01     0.13625940E+01
   83    0.49509260E+00    -0.54035300E-02    -0.13250946E+01     0.13196910E+01
   84    0.49509260E+00    -0.45288300E-02    -0.12934379E+01     0.12889090E+01
   85    0.49509260E+00    -0.39569100E-02    -0.12721900E+01     0.12682331E+01
   86    0.49509260E+00    -0.34473900E-02    -0.12565684E+01     0.12531210E+01
   87    0.49509260E+00    -0.29264200E-02    -0.12464093E+01     0.12434828E+01
   88    0.49509260E+00    -0.23934000E-02    -0.12410966E+01     0.12387032E+01
   89    0.49509260E+00    -0.18647000E-02    -0.12375592E+01     0.12356945E+01
   90    0.49509260E+00    -0.13665800E-02    -0.12325770E+01     0.12312104E+01
   91    0.49509260E+00    -0.92238000E-03    -0.12317065E+01     0.12307841E+01
   92    0.49509260E+00    -0.53354000E-03    -0.12316900E+01     0.12311565E+01
   93    0.49509260E+00    -0.21013000E-03    -0.12316898E+01     0.12314797E+01
   94    0.49509260E+00     0.42380000E-04    -0.12316898E+01     0.12317322E+01
   95    0.99018520E+00     0.84485172E+01     0.16594623E+02    -0.81461053E+01
   96    0.99018520E+00     0.92096238E+01     0.17498213E+02    -0.82885888E+01
   97    0.99018520E+00     0.78018882E+01     0.14870741E+02    -0.70688532E+01
   98    0.99018520E+00     0.50949056E+01     0.10183996E+02    -0.50890900E+01
   99    0.99018520E+00     0.24226629E+01     0.55059348E+01    -0.30832718E+01
  100    0.99018520E+00     0.56245111E+00     0.20986473E+01    -0.15361962E+01
  101    0.99018520E+00    -0.38961128E+00     0.26025774E+00    -0.64986902E+00
  102    0.99018520E+00    -0.60317982E+00    -0.15326741E+00    -0.44991241E+00
  103    0.99018520E+00    -0.14659054E+00     0.78322684E+00    -0.92981738E+00
  104    0.99018520E+00     0.11117578E+01     0.32141751E+01    -0.21024173E+01
  105    0.99018520E+00     0.32994253E+01     0.71854832E+01    -0.38860579E+01
  106    0.99018520E+00     0.61133258E+01     0.12075827E+02    -0.59625016E+01
  107    0.99018520E+00     0.85139201E+01     0.16230020E+02    -0.77161003E+01
  108    0.99018520E+00     0.91851412E+01     0.17590116E+02    -0.84049745E+01
  109    0.99018520E+00     0.76970446E+01     0.15363610E+02    -0.76665656E+01
  110    0.99018520E+00     0.49591734E+01     0.10817675E+02    -0.58585012E+01
  111    0.99018520E+00     0.22983099E+01     0.60440689E+01    -0.37457590E+01
  112    0.99018520E+00     0.45931766E+00     0.24398793E+01    -0.19805616E+01
  113    0.99018520E+00    -0.49147918E+00     0.40038297E+00    -0.89186215E+00
  114    0.99018520E+00    -0.74955074E+00    -0.19880713E+00    -0.55074361E+00
  115    0.99018520E+00    -0.40872669E+00     0.53447338E+00    -0.94320007E+00
  116    0.99018520E+00     0.65613659E+00     0.27210718E+01    -0.20649353E+01
  117    0.99018520E+00     0.26246445E+01     0.64515480E+01    -0.38269035E+01
  118    0.99018520E+00     0.53287170E+01     0.11230798E+02    -0.59020808E+01
  119    0.99018520E+00     0.78723843E+01     0.15535609E+02    -0.76632242E+01
  120    0.99018520E+00     0.89024681E+01     0.17271164E+02    -0.83686958E+01
  121    0.99018520E+00     0.77224248E+01     0.15381794E+02    -0.76593691E+01
  122    0.99018520E+00     0.50143068E+01     0.10882589E+02    -0.58682826E+01
  123    0.99018520E+00     0.21325373E+01     0.58278153E+01    -0.36952779E+01
  124    0.99018520E+00    -0.74507800E-02     0.17040934E+01    -0.17115442E+01
  125    0.99018520E+00    -0.12163271E+01    -0.10260397E+01    -0.19028743E+00
  126    0.99018520E+00    -0.16991187E+01    -0.25267976E+01     0.82767898E+00
  127    0.99018520E+00    -0.17292176E+01    -0.31577014E+01     0.14284837E+01
  128    0.99018520E+00    -0.15159720E+01    -0.32581170E+01     0.17421450E+01
  129    0.99018520E+00    -0.11937069E+01    -0.30801413E+01     0.18864344E+01
  130    0.99018520E+00    -0.84367018E+00    -0.27869905E+01     0.19433203E+01
  131    0.99018520E+00    -0.50980868E+00    -0.24730539E+01     0.19632452E+01
  132    0.99018520E+00    -0.26666404E+00    -0.21859543E+01     0.19192903E+01
  133    0.99018520E+00    -0.13083502E+00    -0.19448240E+01     0.18139890E+01
  134    0.99018520E+00    -0.62406290E-01    -0.17528030E+01     0.16903967E+01
  135    0.99018520E+00    -0.30532920E-01    -0.16057827E+01     0.15752498E+01
  136    0.99018520E+00    -0.16017550E-01    -0.14963517E+01     0.14803341E+01
  137    0.99018520E+00    -0.94602600E-02    -0.14164494E+01     0.14069891E+01
  138    0.99018520E+00    -0.65347700E-02    -0.13592375E+01     0.13527027E+01
  139    0.99018520E+00    -0.52066400E-02    -0.13181921E+01     0.13129855E+01
  140    0.99018520E+00    -0.45096400E-02    -0.12902696E+01     0.12857599E+01
  141    0.99018520E+00    -0.39909800E-02    -0.12711308E+01     0.12671398E+01
  142    0.99018520E+00    -0.34878200E-02    -0.12570007E+01     0.12535128E+01
  143    0.99018520E+00    -0.29598800E-02    -0.12469629E+01     0.12440030E+01
  144    0.99018520E+00    -0.24181400E-02    -0.12401582E+01     0.12377401E+01
  145    0.99018520E+00    -0.18841800E-02    -0.12359901E+01     0.12341059E+01
  146    0.99018520E+00    -0.13891900E-02    -0.12319229E+01     0.12305337E+01
  147    0.99018520E+00    -0.95327000E-03    -0.12316939E+01     0.12307407E+01
  148    0.99018520E+00    -0.57229000E-03    -0.12316899E+01     0.12311176E+01
  149    0.99018520E+00    -0.25128000E-03    -0.12316898E+01     0.12314385E+01
  150    0.99018520E+00    -0.18000000E-06    -0.12316898E+01     0.12316896E+01
  151    0.14852778E+01     0.56850676E+01     0.10990632E+02    -0.53055644E+01
  152    0.14852778E+01     0.20917281E+01     0.50893916E+01    -0.29976635E+01
  153    0.14852778E+01     0.31689252E+00     0.20463164E+01    -0.17294239E+01
  154    0.14852778E+01    -0.74476060E-01     0.13765958E+01    -0.14510719E+01
  155    0.14852778E+01     0.76716787E+00     0.29012889E+01    -0.21341210E+01
  156    0.14852778E+01     0.31394036E+01     0.69852907E+01    -0.38458871E+01
  157    0.14852778E+01     0.74350211E+01     0.14016735E+02    -0.65817140E+01
  158    0.14852778E+01     0.54424901E+01     0.11635692E+02    -0.61932016E+01
  159    0.14852778E+01     0.18565445E+01     0.50661947E+01    -0.32096502E+01
  160    0.14852778E+01    -0.30706420E-01     0.11783203E+01    -0.12090267E+01
  161    0.14852778E+01    -0.84396188E+00    -0.70909826E+00    -0.13486362E+00
  162    0.14852778E+01    -0.11146655E+01    -0.13355195E+01     0.22085400E+00
  163    0.14852778E+01    -0.11281045E+01    -0.11922276E+01     0.64123112E-01
  164    0.14852778E+01    -0.99834294E+00    -0.57059488E+00    -0.42774806E+00
  165    0.14852778E+01    -0.79850412E+00     0.25305930E+00    -0.10515634E+01
  166    0.14852778E+01    -0.63414637E+00     0.93873372E+00    -0.15728801E+01
  167    0.14852778E+01    -0.62324220E+00     0.11689136E+01    -0.17921558E+01
  168    0.14852778E+01    -0.81960538E+00     0.80101907E+00    -0.16206245E+01
  169    0.14852778E+01    -0.11671304E+01    -0.58371450E-01    -0.11087589E+01
  170    0.14852778E+01    -0.15364316E+01    -0.11292318E+01    -0.40719989E+00
  171    0.14852778E+01    -0.18041650E+01    -0.21161204E+01     0.31195544E+00
  172    0.14852778E+01    -0.19052169E+01    -0.28280718E+01     0.92285492E+00
  173    0.14852778E+01    -0.18365502E+01    -0.32074829E+01     0.13709327E+01
  174    0.14852778E+01    -0.16349436E+01    -0.32944384E+01     0.16594948E+01
  175    0.14852778E+01    -0.13512819E+01    -0.31737427E+01     0.18224608E+01
  176    0.14852778E+01    -0.10326422E+01    -0.29342676E+01     0.19016253E+01
  177    0.14852778E+01    -0.71292870E+00    -0.26478562E+01     0.19349275E+01
  178    0.14852778E+01    -0.41546969E+00    -0.23627198E+01     0.19472501E+01
  179    0.14852778E+01    -0.21774283E+00    -0.21064084E+01     0.18886655E+01
  180    0.14852778E+01    -0.10741318E+00    -0.18906415E+01     0.17832284E+01
  181    0.14852778E+01    -0.51919250E-01    -0.17174562E+01     0.16655370E+01
  182    0.14852778E+01    -0.25882680E-01    -0.15835527E+01     0.15576701E+01
  183    0.14852778E+01    -0.13979370E-01    -0.14824863E+01     0.14685069E+01
  184    0.14852778E+01    -0.86057000E-02    -0.14071351E+01     0.13985294E+01
  185    0.14852778E+01    -0.62173700E-02    -0.13534129E+01     0.13471956E+01
  186    0.14852778E+01    -0.51224400E-02    -0.13154731E+01     0.13103507E+01
  187    0.14852778E+01    -0.44978500E-02    -0.12888652E+01     0.12843673E+01
  188    0.14852778E+01    -0.40071200E-02    -0.12703893E+01     0.12663821E+01
  189    0.14852778E+01    -0.35041200E-02    -0.12569356E+01     0.12534315E+01
  190    0.14852778E+01    -0.29746900E-02    -0.12467105E+01     0.12437358E+01
  191    0.14852778E+01    -0.24275000E-02    -0.12412039E+01     0.12387764E+01
  192    0.14852778E+01    -0.18863600E-02    -0.12333529E+01     0.12314665E+01
  193    0.14852778E+01    -0.13897400E-02    -0.12317274E+01     0.12303377E+01
  194    0.14852778E+01    -0.95594000E-03    -0.12316905E+01     0.12307345E+01
  195    0.14852778E+01    -0.57805000E-03    -0.12316898E+01     0.12311117E+01
  196    0.14852778E+01    -0.25868000E-03    -0.12316898E+01     0.12314311E+01
  197    0.14852778E+01    -0.75500000E-05    -0.12316898E+01     0.12316822E+01
  198    0.74263890E+00    -0.30880817E+00     0.11768157E+01    -0.14856239E+01
  199    0.74263890E+00    -0.23720002E+00     0.13186863E+01    -0.15558864E+01
  200    0.74263890E+00    -0.35704952E+00     0.90034724E+00    -0.12573968E+01
  201    0.74263890E+00    -0.60282615E+00     0.11041679E+00    -0.71324294E+00
  202    0.74263890E+00    -0.85507331E+00    -0.71780527E+00    -0.13726804E+00
  203    0.74263890E+00    -0.10064850E+01    -0.12595077E+01     0.25302264E+00
  204    0.74263890E+00    -0.96381584E+00    -0.12504109E+01     0.28659509E+00
  205    0.74263890E+00    -0.55747030E+00    -0.36726753E+00    -0.19020277E+00
  206    0.74263890E+00     0.58612129E+00     0.19492018E+01    -0.13630805E+01
  207    0.74263890E+00     0.30642952E+01     0.64692088E+01    -0.34049136E+01
  208    0.74263890E+00     0.73982095E+01     0.13748290E+02    -0.63500808E+01
  209    0.74263890E+00     0.54713330E+01     0.11952905E+02    -0.64815719E+01
  210    0.74263890E+00     0.19312038E+01     0.56669489E+01    -0.37357451E+01
  211    0.74263890E+00     0.16667638E+00     0.22767680E+01    -0.21100917E+01
  212    0.74263890E+00    -0.29488573E+00     0.13068032E+01    -0.16016889E+01
  213    0.74263890E+00     0.35427748E+00     0.25017258E+01    -0.21474483E+01
  214    0.74263890E+00     0.23870729E+01     0.61674970E+01    -0.37804241E+01
  215    0.74263890E+00     0.62684103E+01     0.12753042E+02    -0.64846320E+01
  216    0.74263890E+00     0.57664390E+01     0.11984028E+02    -0.62175892E+01
  217    0.74263890E+00     0.16845959E+01     0.48684522E+01    -0.31838563E+01
  218    0.74263890E+00    -0.56170801E+00     0.42128328E+00    -0.98299129E+00
  219    0.74263890E+00    -0.15175203E+01    -0.19548756E+01     0.43735533E+00
  220    0.74263890E+00    -0.17357269E+01    -0.29914577E+01     0.12557308E+01
  221    0.74263890E+00    -0.15836825E+01    -0.32585090E+01     0.16748266E+01
  222    0.74263890E+00    -0.12698266E+01    -0.31348093E+01     0.18649827E+01
  223    0.74263890E+00    -0.90849229E+00    -0.28484351E+01     0.19399428E+01
  224    0.74263890E+00    -0.55871772E+00    -0.25244002E+01     0.19656825E+01
  225    0.74263890E+00    -0.29256553E+00    -0.22238939E+01     0.19313284E+01
  226    0.74263890E+00    -0.14324684E+00    -0.19709827E+01     0.18277358E+01
  227    0.74263890E+00    -0.67920590E-01    -0.17701004E+01     0.17021798E+01
  228    0.74263890E+00    -0.32941660E-01    -0.16168845E+01     0.15839428E+01
  229    0.74263890E+00    -0.17058040E-01    -0.15033696E+01     0.14863116E+01
  230    0.74263890E+00    -0.98911300E-02    -0.14209270E+01     0.14110359E+01
  231    0.74263890E+00    -0.66961900E-02    -0.13615303E+01     0.13548341E+01
  232    0.74263890E+00    -0.52512300E-02    -0.13201989E+01     0.13149476E+01
  233    0.74263890E+00    -0.45128700E-02    -0.12914422E+01     0.12869294E+01
  234    0.74263890E+00    -0.39808100E-02    -0.12704639E+01     0.12664831E+01
  235    0.74263890E+00    -0.34754800E-02    -0.12572920E+01     0.12538165E+01
  236    0.74263890E+00    -0.29501600E-02    -0.12471197E+01     0.12441695E+01
  237    0.74263890E+00    -0.24093400E-02    -0.12401512E+01     0.12377419E+01
  238    0.74263890E+00    -0.18746200E-02    -0.12365876E+01     0.12347130E+01
  239    0.74263890E+00    -0.13798900E-02    -0.12320581E+01     0.12306782E+01
  240    0.74263890E+00    -0.94122000E-03    -0.12316964E+01     0.12307551E+01
  241    0.74263890E+00    -0.56039000E-03    -0.12316899E+01     0.12311295E+01
  242    0.74263890E+00    -0.23990000E-03    -0.12316898E+01     0.12314499E+01
  243    0.74263890E+00     0.11150000E-04    -0.12316898E+01     0.12317009E+01
  244    0.12377315E+01     0.26755438E+00     0.20356760E+01    -0.17681216E+01
  245    0.12377315E+01     0.38592698E+00     0.22650044E+01    -0.18790774E+01
  246    0.12377315E+01     0.19499027E+00     0.17774651E+01    -0.15824748E+01
  247    0.12377315E+01    -0.19468574E+00     0.85401746E+00    -0.10487032E+01
  248    0.12377315E+01    -0.57932636E+00    -0.31684939E-01    -0.54764142E+00
  249    0.12377315E+01    -0.75421449E+00    -0.39757820E+00    -0.35663629E+00
  250    0.12377315E+01    -0.44966678E+00     0.29315738E+00    -0.74282416E+00
  251    0.12377315E+01     0.97817909E+00     0.30386315E+01    -0.20604524E+01
  252    0.12377315E+01     0.50959210E+01     0.99777437E+01    -0.48818227E+01
  253    0.12377315E+01     0.29572511E+01     0.76240082E+01    -0.46667571E+01
  254    0.12377315E+01     0.14506252E+00     0.20444988E+01    -0.18994362E+01
  255    0.12377315E+01    -0.76391431E+00    -0.42672015E-01    -0.72124229E+00
  256    0.12377315E+01    -0.89879994E+00    -0.41309137E+00    -0.48570857E+00
  257    0.12377315E+01    -0.69409223E+00     0.10755023E+00    -0.80164246E+00
  258    0.12377315E+01    -0.34503765E+00     0.10208531E+01    -0.13658907E+01
  259    0.12377315E+01    -0.39803840E-01     0.18395607E+01    -0.18793645E+01
  260    0.12377315E+01     0.27214970E-01     0.21168906E+01    -0.20896756E+01
  261    0.12377315E+01    -0.23201212E+00     0.16468703E+01    -0.18788824E+01
  262    0.12377315E+01    -0.72737278E+00     0.57289364E+00    -0.13002664E+01
  263    0.12377315E+01    -0.12596512E+01    -0.73413155E+00    -0.52551967E+00
  264    0.12377315E+01    -0.16545010E+01    -0.19084468E+01     0.25394576E+00
  265    0.12377315E+01    -0.18348651E+01    -0.27383891E+01     0.90352397E+00
  266    0.12377315E+01    -0.18090427E+01    -0.31789924E+01     0.13699497E+01
  267    0.12377315E+01    -0.16284617E+01    -0.32918614E+01     0.16633996E+01
  268    0.12377315E+01    -0.13536471E+01    -0.31792170E+01     0.18255699E+01
  269    0.12377315E+01    -0.10375695E+01    -0.29405075E+01     0.19029380E+01
  270    0.12377315E+01    -0.71777969E+00    -0.26524521E+01     0.19346724E+01
  271    0.12377315E+01    -0.41916380E+00    -0.23656522E+01     0.19464884E+01
  272    0.12377315E+01    -0.21956154E+00    -0.21081729E+01     0.18886114E+01
  273    0.12377315E+01    -0.10815832E+00    -0.18917344E+01     0.17835761E+01
  274    0.12377315E+01    -0.52185890E-01    -0.17179851E+01     0.16657993E+01
  275    0.12377315E+01    -0.25984080E-01    -0.15836147E+01     0.15576306E+01
  276    0.12377315E+01    -0.14013720E-01    -0.14823923E+01     0.14683785E+01
  277    0.12377315E+01    -0.86256800E-02    -0.14077897E+01     0.13991640E+01
  278    0.12377315E+01    -0.62384000E-02    -0.13540057E+01     0.13477673E+01
  279    0.12377315E+01    -0.51342800E-02    -0.13155641E+01     0.13104298E+01
  280    0.12377315E+01    -0.44970100E-02    -0.12885898E+01     0.12840928E+01
  281    0.12377315E+01    -0.40028200E-02    -0.12695065E+01     0.12655037E+01
  282    0.12377315E+01    -0.35035900E-02    -0.12567759E+01     0.12532724E+01
  283    0.12377315E+01    -0.29741300E-02    -0.12480143E+01     0.12450401E+01
  284    0.12377315E+01    -0.24213100E-02    -0.12402960E+01     0.12378747E+01
  285    0.12377315E+01    -0.18770500E-02    -0.12338668E+01     0.12319897E+01
  286    0.12377315E+01    -0.13780900E-02    -0.12317484E+01     0.12303703E+01
  287    0.12377315E+01    -0.94227000E-03    -0.12316908E+01     0.12307486E+01
  288    0.12377315E+01    -0.56424000E-03    -0.12316898E+01     0.12311256E+01
  289    0.12377315E+01    -0.24521000E-03    -0.12316898E+01     0.12314446E+01
  290    0.12377315E+01     0.53000000E-05    -0.12316898E+01     0.12316951E+01
  291    0.14852778E+01    -0.10557223E+01    -0.10649560E+01     0.92336555E-02
  292    0.14852778E+01    -0.10280117E+01    -0.94251430E+00    -0.85497454E-01
  293    0.14852778E+01    -0.10492853E+01    -0.10610164E+01     0.11731131E-01
  294    0.14852778E+01    -0.10976088E+01    -0.12881209E+01     0.19051214E+00
  295    0.14852778E+01    -0.11050955E+01    -0.13712918E+01     0.26619630E+00
  296    0.14852778E+01    -0.91368751E+00    -0.90906699E+00    -0.46205169E-02
  297    0.14852778E+01    -0.70976110E-01     0.90677828E+00    -0.97775439E+00
  298    0.14852778E+01     0.27413730E+01     0.59982695E+01    -0.32568965E+01
  299    0.14852778E+01     0.67220408E+01     0.14498483E+02    -0.77764419E+01
  300    0.14852778E+01     0.12123060E+01     0.42019447E+01    -0.29896387E+01
  301    0.14852778E+01    -0.59875958E+00     0.23028701E+00    -0.82904659E+00
  302    0.14852778E+01    -0.11342721E+01    -0.11269900E+01    -0.72820578E-02
  303    0.14852778E+01    -0.12724582E+01    -0.14072665E+01     0.13480836E+00
  304    0.14852778E+01    -0.13032891E+01    -0.12710475E+01    -0.32241577E-01
  305    0.14852778E+01    -0.13319933E+01    -0.10716230E+01    -0.26037029E+00
  306    0.14852778E+01    -0.14090056E+01    -0.10347398E+01    -0.37426572E+00
  307    0.14852778E+01    -0.15474835E+01    -0.12622650E+01    -0.28521853E+00
  308    0.14852778E+01    -0.17198278E+01    -0.17215411E+01     0.17133614E-02
  309    0.14852778E+01    -0.18706495E+01    -0.22838005E+01     0.41315100E+00
  310    0.14852778E+01    -0.19447705E+01    -0.27975474E+01     0.85277687E+00
  311    0.14852778E+01    -0.19108710E+01    -0.31525098E+01     0.12416388E+01
  312    0.14852778E+01    -0.17683846E+01    -0.33059302E+01     0.15375456E+01
  313    0.14852778E+01    -0.15400868E+01    -0.32736461E+01     0.17335593E+01
  314    0.14852778E+01    -0.12587201E+01    -0.31047292E+01     0.18460091E+01
  315    0.14852778E+01    -0.95536644E+00    -0.28565886E+01     0.19012221E+01
  316    0.14852778E+01    -0.65395968E+00    -0.25797408E+01     0.19257811E+01
  317    0.14852778E+01    -0.37633128E+00    -0.23099936E+01     0.19336624E+01
  318    0.14852778E+01    -0.19719535E+00    -0.20682587E+01     0.18710633E+01
  319    0.14852778E+01    -0.97403270E-01    -0.18642959E+01     0.17668926E+01
  320    0.14852778E+01    -0.47286350E-01    -0.16999947E+01     0.16527084E+01
  321    0.14852778E+01    -0.23777640E-01    -0.15723042E+01     0.15485266E+01
  322    0.14852778E+01    -0.13047150E-01    -0.14756303E+01     0.14625831E+01
  323    0.14852778E+01    -0.82332800E-02    -0.14040687E+01     0.13958354E+01
  324    0.14852778E+01    -0.61043400E-02    -0.13520486E+01     0.13459443E+01
  325    0.14852778E+01    -0.51001300E-02    -0.13140382E+01     0.13089381E+01
  326    0.14852778E+01    -0.44899100E-02    -0.12868069E+01     0.12823170E+01
  327    0.14852778E+01    -0.39934000E-02    -0.12689538E+01     0.12649604E+01
  328    0.14852778E+01    -0.35171900E-02    -0.12567407E+01     0.12532235E+01
  329    0.14852778E+01    -0.29876000E-02    -0.12483919E+01     0.12454043E+01
  330    0.14852778E+01    -0.24247800E-02    -0.12409422E+01     0.12385174E+01
  331    0.14852778E+01    -0.18701000E-02    -0.12322866E+01     0.12304165E+01
  332    0.14852778E+01    -0.13670000E-02    -0.12317024E+01     0.12303354E+01
  333    0.14852778E+01    -0.92946000E-03    -0.12316900E+01     0.12307606E+01
  334    0.14852778E+01    -0.54995000E-03    -0.12316898E+01     0.12311398E+01
  335    0.14852778E+01    -0.22920000E-03    -0.12316898E+01     0.12314606E+01
  336    0.14852778E+01     0.18750000E-04    -0.12316898E+01     0.12317085E+01
  337    0.74263890E+00     0.56394777E+01     0.10643897E+02    -0.50044192E+01
  338    0.74263890E+00     0.19916167E+01     0.44351466E+01    -0.24435299E+01
  339    0.74263890E+00     0.62562210E-01     0.84876556E+00    -0.78620335E+00
  340    0.74263890E+00    -0.76126942E+00    -0.83673145E+00     0.75462030E-01
  341    0.74263890E+00    -0.10100159E+01    -0.13357884E+01     0.32577253E+00
  342    0.74263890E+00    -0.97264802E+00    -0.11040801E+01     0.13143206E+00
  343    0.74263890E+00    -0.77646295E+00    -0.41936804E+00    -0.35709491E+00
  344    0.74263890E+00    -0.51409469E+00     0.43580522E+00    -0.94989991E+00
  345    0.74263890E+00    -0.30216230E+00     0.11189359E+01    -0.14210982E+01
  346    0.74263890E+00    -0.24974159E+00     0.13328866E+01    -0.15826282E+01
  347    0.74263890E+00    -0.38795012E+00     0.97988387E+00    -0.13678340E+01
  348    0.74263890E+00    -0.64603172E+00     0.21957510E+00    -0.86560682E+00
  349    0.74263890E+00    -0.90459774E+00    -0.62459660E+00    -0.28000114E+00
  350    0.74263890E+00    -0.10651501E+01    -0.12218619E+01     0.15671187E+00
  351    0.74263890E+00    -0.10560814E+01    -0.13065108E+01     0.25042941E+00
  352    0.74263890E+00    -0.74752157E+00    -0.57990071E+00    -0.16762086E+00
  353    0.74263890E+00     0.18233468E+00     0.14736319E+01    -0.12912972E+01
  354    0.74263890E+00     0.23025245E+01     0.56072569E+01    -0.33047324E+01
  355    0.74263890E+00     0.62085012E+01     0.12456986E+02    -0.62484851E+01
  356    0.74263890E+00     0.57459735E+01     0.11980573E+02    -0.62345997E+01
  357    0.74263890E+00     0.16701628E+01     0.48669979E+01    -0.31968352E+01
  358    0.74263890E+00    -0.57031211E+00     0.42073431E+00    -0.99104642E+00
  359    0.74263890E+00    -0.15213850E+01    -0.19550378E+01     0.43365285E+00
  360    0.74263890E+00    -0.17362715E+01    -0.29914729E+01     0.12552014E+01
  361    0.74263890E+00    -0.15822073E+01    -0.32584867E+01     0.16762794E+01
  362    0.74263890E+00    -0.12673290E+01    -0.31348330E+01     0.18675040E+01
  363    0.74263890E+00    -0.90571703E+00    -0.28484161E+01     0.19426991E+01
  364    0.74263890E+00    -0.55614528E+00    -0.25244098E+01     0.19682645E+01
  365    0.74263890E+00    -0.29126564E+00    -0.22239404E+01     0.19326747E+01
  366    0.74263890E+00    -0.14272339E+00    -0.19708456E+01     0.18281222E+01
  367    0.74263890E+00    -0.67745540E-01    -0.17700971E+01     0.17023516E+01
  368    0.74263890E+00    -0.32893680E-01    -0.16168845E+01     0.15839908E+01
  369    0.74263890E+00    -0.17049250E-01    -0.15033696E+01     0.14863204E+01
  370    0.74263890E+00    -0.98951000E-02    -0.14209270E+01     0.14110319E+01
  371    0.74263890E+00    -0.67037500E-02    -0.13615303E+01     0.13548266E+01
  372    0.74263890E+00    -0.52576600E-02    -0.13201989E+01     0.13149412E+01
  373    0.74263890E+00    -0.45155600E-02    -0.12914422E+01     0.12869267E+01
  374    0.74263890E+00    -0.39826300E-02    -0.12704639E+01     0.12664813E+01
  375    0.74263890E+00    -0.34794900E-02    -0.12572920E+01     0.12538125E+01
  376    0.74263890E+00    -0.29562800E-02    -0.12471197E+01     0.12441634E+01
  377    0.74263890E+00    -0.24143500E-02    -0.12401512E+01     0.12377369E+01
  378    0.74263890E+00    -0.18811800E-02    -0.12365876E+01     0.12347065E+01
  379    0.74263890E+00    -0.13866500E-02    -0.12320581E+01     0.12306714E+01
  380    0.74263890E+00    -0.94745000E-03    -0.12316964E+01     0.12307489E+01
  381    0.74263890E+00    -0.56589000E-03    -0.12316899E+01     0.12311240E+01
  382    0.74263890E+00    -0.24384000E-03    -0.12316898E+01     0.12314459E+01
  383    0.74263890E+00     0.83500000E-05    -0.12316898E+01     0.12316981E+01
  384    0.12377315E+01     0.31667892E+01     0.66252636E+01    -0.34584744E+01
  385    0.12377315E+01     0.27183108E+00     0.16461753E+01    -0.13743442E+01
  386    0.12377315E+01    -0.64061935E+00    -0.14160340E+00    -0.49901595E+00
  387    0.12377315E+01    -0.73137511E+00    -0.34918798E+00    -0.38218713E+00
  388    0.12377315E+01    -0.45979416E+00     0.27040675E+00    -0.73020091E+00
  389    0.12377315E+01    -0.50539770E-01     0.12293526E+01    -0.12798924E+01
  390    0.12377315E+01     0.28812377E+00     0.20368454E+01    -0.17487217E+01
  391    0.12377315E+01     0.37153912E+00     0.22664347E+01    -0.18948956E+01
  392    0.12377315E+01     0.14739702E+00     0.17617218E+01    -0.16143248E+01
  393    0.12377315E+01    -0.26635899E+00     0.71748127E+00    -0.98384026E+00
  394    0.12377315E+01    -0.68121131E+00    -0.47262346E+00    -0.20858785E+00
  395    0.12377315E+01    -0.97125009E+00    -0.14558448E+01     0.48459467E+00
  396    0.12377315E+01    -0.11194357E+01    -0.20536737E+01     0.93423801E+00
  397    0.12377315E+01    -0.11680154E+01    -0.22366803E+01     0.10686650E+01
  398    0.12377315E+01    -0.11426471E+01    -0.20151761E+01     0.87252899E+00
  399    0.12377315E+01    -0.10196947E+01    -0.13828036E+01     0.36310893E+00
  400    0.12377315E+01    -0.76467422E+00    -0.38582469E+00    -0.37884953E+00
  401    0.12377315E+01    -0.41131689E+00     0.77130855E+00    -0.11826254E+01
  402    0.12377315E+01    -0.10316883E+00     0.17165059E+01    -0.18196747E+01
  403    0.12377315E+01    -0.28238840E-01     0.20581005E+01    -0.20863393E+01
  404    0.12377315E+01    -0.27698407E+00     0.16197653E+01    -0.18967494E+01
  405    0.12377315E+01    -0.76152070E+00     0.56093428E+00    -0.13224550E+01
  406    0.12377315E+01    -0.12835875E+01    -0.73908448E+00    -0.54450301E+00
  407    0.12377315E+01    -0.16692335E+01    -0.19102831E+01     0.24104958E+00
  408    0.12377315E+01    -0.18417137E+01    -0.27389097E+01     0.89719593E+00
  409    0.12377315E+01    -0.18098693E+01    -0.31790089E+01     0.13691396E+01
  410    0.12377315E+01    -0.16250876E+01    -0.32917261E+01     0.16666384E+01
  411    0.12377315E+01    -0.13478245E+01    -0.31791110E+01     0.18312865E+01
  412    0.12377315E+01    -0.10308091E+01    -0.29404183E+01     0.19096092E+01
  413    0.12377315E+01    -0.71123284E+00    -0.26525016E+01     0.19412688E+01
  414    0.12377315E+01    -0.41406996E+00    -0.23657484E+01     0.19516785E+01
  415    0.12377315E+01    -0.21714330E+00    -0.21081057E+01     0.18909624E+01
  416    0.12377315E+01    -0.10720217E+00    -0.18915285E+01     0.17843263E+01
  417    0.12377315E+01    -0.51874790E-01    -0.17179724E+01     0.16660976E+01
  418    0.12377315E+01    -0.25891220E-01    -0.15836146E+01     0.15577234E+01
  419    0.12377315E+01    -0.13995300E-01    -0.14823923E+01     0.14683970E+01
  420    0.12377315E+01    -0.86313900E-02    -0.14077897E+01     0.13991583E+01
  421    0.12377315E+01    -0.62493800E-02    -0.13540057E+01     0.13477563E+01
  422    0.12377315E+01    -0.51427200E-02    -0.13155641E+01     0.13104214E+01
  423    0.12377315E+01    -0.45037000E-02    -0.12885898E+01     0.12840861E+01
  424    0.12377315E+01    -0.40086200E-02    -0.12695065E+01     0.12654979E+01
  425    0.12377315E+01    -0.35118600E-02    -0.12567759E+01     0.12532641E+01
  426    0.12377315E+01    -0.29850700E-02    -0.12480143E+01     0.12450292E+01
  427    0.12377315E+01    -0.24347100E-02    -0.12402960E+01     0.12378613E+01
  428    0.12377315E+01    -0.18921000E-02    -0.12338668E+01     0.12319747E+01
  429    0.12377315E+01    -0.13948400E-02    -0.12317484E+01     0.12303536E+01
  430    0.12377315E+01    -0.95826000E-03    -0.12316908E+01     0.12307326E+01
  431    0.12377315E+01    -0.57851000E-03    -0.12316898E+01     0.12311113E+01
  432    0.12377315E+01    -0.25544000E-03    -0.12316898E+01     0.12314343E+01
  433    0.12377315E+01    -0.46800000E-05    -0.12316898E+01     0.12316851E+01
  434    0.14852778E+01     0.70795160E+01     0.12608374E+02    -0.55288585E+01
  435    0.14852778E+01     0.13667311E+01     0.34620041E+01    -0.20952731E+01
  436    0.14852778E+01    -0.49915578E+00    -0.31588543E-01    -0.46756724E+00
  437    0.14852778E+01    -0.10240881E+01    -0.11868011E+01     0.16271299E+00
  438    0.14852778E+01    -0.11174713E+01    -0.13774243E+01     0.25995301E+00
  439    0.14852778E+01    -0.10857216E+01    -0.12022881E+01     0.11656644E+00
  440    0.14852778E+01    -0.10435948E+01    -0.99288815E+00    -0.50706609E-01
  441    0.14852778E+01    -0.10413499E+01    -0.95811057E+00    -0.83239355E-01
  442    0.14852778E+01    -0.10861071E+01    -0.11786296E+01     0.92522442E-01
  443    0.14852778E+01    -0.11493283E+01    -0.16023455E+01     0.45301724E+00
  444    0.14852778E+01    -0.11911338E+01    -0.20932570E+01     0.90212322E+00
  445    0.14852778E+01    -0.11933137E+01    -0.25113616E+01     0.13180479E+01
  446    0.14852778E+01    -0.11754482E+01    -0.27724989E+01     0.15970507E+01
  447    0.14852778E+01    -0.11773397E+01    -0.28536666E+01     0.16763269E+01
  448    0.14852778E+01    -0.12207245E+01    -0.27556640E+01     0.15349396E+01
  449    0.14852778E+01    -0.12891257E+01    -0.24810012E+01     0.11918755E+01
  450    0.14852778E+01    -0.13484606E+01    -0.20615638E+01     0.71310329E+00
  451    0.14852778E+01    -0.13848672E+01    -0.15940593E+01     0.20919214E+00
  452    0.14852778E+01    -0.14199336E+01    -0.12289726E+01    -0.19096095E+00
  453    0.14852778E+01    -0.14908863E+01    -0.11090762E+01    -0.38181016E+00
  454    0.14852778E+01    -0.16152269E+01    -0.12959604E+01    -0.31926651E+00
  455    0.14852778E+01    -0.17706858E+01    -0.17359789E+01    -0.34706850E-01
  456    0.14852778E+01    -0.19050154E+01    -0.22894722E+01     0.38445682E+00
  457    0.14852778E+01    -0.19645906E+01    -0.27994290E+01     0.83483843E+00
  458    0.14852778E+01    -0.19188650E+01    -0.31528754E+01     0.12340104E+01
  459    0.14852778E+01    -0.17675721E+01    -0.33057683E+01     0.15381962E+01
  460    0.14852778E+01    -0.15334294E+01    -0.32733118E+01     0.17398824E+01
  461    0.14852778E+01    -0.12488399E+01    -0.31043826E+01     0.18555427E+01
  462    0.14852778E+01    -0.94447197E+00    -0.28565514E+01     0.19120795E+01
  463    0.14852778E+01    -0.64367498E+00    -0.25798497E+01     0.19361747E+01
  464    0.14852778E+01    -0.36893385E+00    -0.23100928E+01     0.19411589E+01
  465    0.14852778E+01    -0.19367857E+00    -0.20681618E+01     0.18744832E+01
  466    0.14852778E+01    -0.96025850E-01    -0.18640144E+01     0.17679885E+01
  467    0.14852778E+01    -0.46821810E-01    -0.16999701E+01     0.16531483E+01
  468    0.14852778E+01    -0.23637950E-01    -0.15723041E+01     0.15486662E+01
  469    0.14852778E+01    -0.13017270E-01    -0.14756303E+01     0.14626130E+01
  470    0.14852778E+01    -0.82413100E-02    -0.14040687E+01     0.13958274E+01
  471    0.14852778E+01    -0.61235200E-02    -0.13520486E+01     0.13459251E+01
  472    0.14852778E+01    -0.51172200E-02    -0.13140382E+01     0.13089210E+01
  473    0.14852778E+01    -0.45018300E-02    -0.12868069E+01     0.12823051E+01
  474    0.14852778E+01    -0.40016600E-02    -0.12689538E+01     0.12649521E+01
  475    0.14852778E+01    -0.35248100E-02    -0.12567407E+01     0.12532159E+01
  476    0.14852778E+01    -0.30018600E-02    -0.12483919E+01     0.12453900E+01
  477    0.14852778E+01    -0.24457000E-02    -0.12409422E+01     0.12384965E+01
  478    0.14852778E+01    -0.18945400E-02    -0.12322866E+01     0.12303921E+01
  479    0.14852778E+01    -0.13926000E-02    -0.12317024E+01     0.12303098E+01
  480    0.14852778E+01    -0.95448000E-03    -0.12316900E+01     0.12307355E+01
  481    0.14852778E+01    -0.57310000E-03    -0.12316898E+01     0.12311167E+01
  482    0.14852778E+01    -0.24970000E-03    -0.12316898E+01     0.12314401E+01
  483    0.14852778E+01     0.00000000E+00    -0.12316898E+01     0.12316898E+01

              STD                   NE - PARAMETER                      SUPPORT PLANE
  PARA       ERROR             LOWER             UPPER             LOWER             UPPER
    1     PARAMETER HELD CONSTANT
    2     PARAMETER HELD CONSTANT
    3     PARAMETER HELD CONSTANT
    4     PARAMETER HELD CONSTANT
    5     PARAMETER HELD CONSTANT
    6     PARAMETER HELD CONSTANT
    7     PARAMETER HELD CONSTANT
    8     PARAMETER HELD CONSTANT
    9     PARAMETER HELD CONSTANT
   10     PARAMETER HELD CONSTANT
   11     PARAMETER HELD CONSTANT
   12     PARAMETER HELD CONSTANT
   13     PARAMETER HELD CONSTANT
   14    0.78693341E-02    0.22098583E+01    0.22413356E+01    0.22098583E+01    0.22413356E+01
 
