 site       X              Y              Z             EMT           DFT
  1   0.0000000000   0.0000000000  -5.0000000000   0.2423990243  -1.0481367200
  1   0.0000000000   0.0000000000  -4.8000000000   0.2462578416  -1.0341551400
  1   0.0000000000   0.0000000000  -4.6000000000  -0.0045731521  -1.0634472300
  1   0.0000000000   0.0000000000  -4.4000000000  -0.4435882629  -1.1120685600
  1   0.0000000000   0.0000000000  -4.2000000000  -0.9300614811  -1.1441723700
  1   0.0000000000   0.0000000000  -4.0000000000  -1.3290680397  -1.1428062800
  1   0.0000000000   0.0000000000  -3.8000000000  -1.5653111905  -1.1234914100
  1   0.0000000000   0.0000000000  -3.6000000000  -1.6209818714  -1.1164879700
  1   0.0000000000   0.0000000000  -3.4000000000  -1.4963273734  -1.1326124900
  1   0.0000000000   0.0000000000  -3.2000000000  -1.1934391539  -1.1507669400
  1   0.0000000000   0.0000000000  -3.0000000000  -0.7483379289  -1.1421717100
  1   0.0000000000   0.0000000000  -2.8000000000  -0.2620925194  -1.1025158700
  1   0.0000000000   0.0000000000  -2.6000000000   0.1193417397  -1.0585963200
  1   0.0000000000   0.0000000000  -2.4000000000   0.2742838679  -1.0456280500
  1   0.0000000000   0.0000000000  -2.2000000000   0.1817113099  -1.0771306200
  1   0.0000000000   0.0000000000  -2.0000000000  -0.0439456834  -1.1313340400
  1   0.0000000000   0.0000000000  -1.8000000000  -0.1671350743  -1.1516515500
  1   0.0000000000   0.0000000000  -1.6000000000   0.1815616893  -1.0166319300
  1   0.0000000000   0.0000000000  -1.4000000000   1.7195635025  -0.3742959700
  1   0.0000000000   0.0000000000  -1.2000000000   6.1533010517   1.8422229800
  1   0.0000000000   0.0000000000  -1.0000000000  17.6686225400   8.5517769600
  1   0.0000000000   0.0000000000   1.0000000000  16.5983419742   7.6765841000
  1   0.0000000000   0.0000000000   1.2000000000   4.7279759531   0.8766178600
  1   0.0000000000   0.0000000000   1.4000000000   0.0186523856  -1.3052850000
  1   0.0000000000   0.0000000000   1.6000000000  -1.6494171759  -1.7566152900
  1   0.0000000000   0.0000000000   1.8000000000  -2.0113449190  -1.5797203200
  1   0.0000000000   0.0000000000   2.0000000000  -1.8467888616  -1.1983958900
  1   0.0000000000   0.0000000000   2.2000000000  -1.5120612793  -0.7846930900
  1   0.0000000000   0.0000000000   2.4000000000  -1.1631157364  -0.4237280100
  1   0.0000000000   0.0000000000   2.6000000000  -0.8602917973  -0.2072099100
  1   0.0000000000   0.0000000000   2.8000000000  -0.6196214041  -0.0962708300
  1   0.0000000000   0.0000000000   3.0000000000  -0.4377021600  -0.0451418900
  1   0.0000000000   0.0000000000   3.2000000000  -0.3046864216  -0.0222995900
  1   0.0000000000   0.0000000000   3.4000000000  -0.2096713271  -0.0120612900
  1   0.0000000000   0.0000000000   3.6000000000  -0.1429594672  -0.0075157000
  1   0.0000000000   0.0000000000   3.8000000000  -0.0967307163  -0.0055164800
  1   0.0000000000   0.0000000000   4.0000000000  -0.0648820167  -0.0045484600
  1   0.0000000000   0.0000000000   4.2000000000  -0.0400387430  -0.0039407100
  1   0.0000000000   0.0000000000   4.4000000000  -0.0237977851  -0.0034222300
  1   0.0000000000   0.0000000000   4.6000000000  -0.0153883738  -0.0029049400
  1   0.0000000000   0.0000000000   4.8000000000  -0.0099459068  -0.0023772200
  1   0.0000000000   0.0000000000   5.0000000000  -0.0062899393  -0.0018477500
  1   0.0000000000   0.0000000000   5.2000000000  -0.0013296419  -0.0013408400
  1   0.0000000000   0.0000000000   5.4000000000  -0.0000266791  -0.0008915600
  1   0.0000000000   0.0000000000   5.6000000000  -0.0000004159  -0.0004981300
  1   0.0000000000   0.0000000000   5.8000000000  -0.0000000061  -0.0001762000
  1   0.0000000000   0.0000000000   6.0000000000  -0.0000000001   0.0000742300
  2   0.4950925980   0.0000000000  -5.0000000000   3.3206305753   0.2716979800
  2   0.4950925980   0.0000000000  -4.8000000000   3.4580605807   0.3770731100
  2   0.4950925980   0.0000000000  -4.6000000000   2.8678218786   0.1762262800
  2   0.4950925980   0.0000000000  -4.4000000000   1.7829606861  -0.2207344500
  2   0.4950925980   0.0000000000  -4.2000000000   0.6048568019  -0.6282200700
  2   0.4950925980   0.0000000000  -4.0000000000  -0.3320790268  -0.9175127000
  2   0.4950925980   0.0000000000  -3.8000000000  -0.8727122505  -1.0634802500
  2   0.4950925980   0.0000000000  -3.6000000000  -0.9984278685  -1.0959496300
  2   0.4950925980   0.0000000000  -3.4000000000  -0.7160118866  -1.0284113300
  2   0.4950925980   0.0000000000  -3.2000000000  -0.0168111556  -0.8353097100
  2   0.4950925980   0.0000000000  -3.0000000000   1.0407041335  -0.4975200700
  2   0.4950925980   0.0000000000  -2.8000000000   2.2305539781  -0.0754113000
  2   0.4950925980   0.0000000000  -2.6000000000   3.1704232530   0.2706121000
  2   0.4950925980   0.0000000000  -2.4000000000   3.4934035444   0.3650925200
  2   0.4950925980   0.0000000000  -2.2000000000   3.0875721698   0.1539438000
  2   0.4950925980   0.0000000000  -2.0000000000   2.1943691090  -0.2471428300
  2   0.4950925980   0.0000000000  -1.8000000000   1.2741413271  -0.6403109600
  2   0.4950925980   0.0000000000  -1.6000000000   0.8084587960  -0.8445732500
  2   0.4950925980   0.0000000000  -1.4000000000   1.3040054955  -0.6476252300
  2   0.4950925980   0.0000000000  -1.2000000000   3.6550403096   0.4697963900
  2   0.4950925980   0.0000000000  -1.0000000000   9.8127279514   3.8378432100
  2   0.4950925980   0.0000000000   1.0000000000   8.5343489159   2.9970199500
  2   0.4950925980   0.0000000000   1.2000000000   1.9063963118  -0.4685275900
  2   0.4950925980   0.0000000000   1.4000000000  -0.9083308689  -1.5888557400
  2   0.4950925980   0.0000000000   1.6000000000  -1.8797387431  -1.7218588800
  2   0.4950925980   0.0000000000   1.8000000000  -1.9997509988  -1.4674781400
  2   0.4950925980   0.0000000000   2.0000000000  -1.7683994985  -1.0863606600
  2   0.4950925980   0.0000000000   2.2000000000  -1.4305493821  -0.6955358500
  2   0.4950925980   0.0000000000   2.4000000000  -1.0977066398  -0.3697565000
  2   0.4950925980   0.0000000000   2.6000000000  -0.8133126828  -0.1807841800
  2   0.4950925980   0.0000000000   2.8000000000  -0.5878821642  -0.0845863000
  2   0.4950925980   0.0000000000   3.0000000000  -0.4171225929  -0.0401606700
  2   0.4950925980   0.0000000000   3.2000000000  -0.2917204024  -0.0201803800
  2   0.4950925980   0.0000000000   3.4000000000  -0.2016750368  -0.0111888100
  2   0.4950925980   0.0000000000   3.6000000000  -0.1380857163  -0.0071804200
  2   0.4950925980   0.0000000000   3.8000000000  -0.0934052218  -0.0054035300
  2   0.4950925980   0.0000000000   4.0000000000  -0.0617482417  -0.0045288300
  2   0.4950925980   0.0000000000   4.2000000000  -0.0405002682  -0.0039569100
  2   0.4950925980   0.0000000000   4.4000000000  -0.0248786580  -0.0034473900
  2   0.4950925980   0.0000000000   4.6000000000  -0.0147194887  -0.0029264200
  2   0.4950925980   0.0000000000   4.8000000000  -0.0094068172  -0.0023934000
  2   0.4950925980   0.0000000000   5.0000000000  -0.0058694553  -0.0018647000
  2   0.4950925980   0.0000000000   5.2000000000  -0.0008872022  -0.0013665800
  2   0.4950925980   0.0000000000   5.4000000000  -0.0000167222  -0.0009223800
  2   0.4950925980   0.0000000000   5.6000000000  -0.0000002630  -0.0005335400
  2   0.4950925980   0.0000000000   5.8000000000  -0.0000000039  -0.0002101300
  2   0.4950925980   0.0000000000   6.0000000000  -0.0000000001   0.0000423800
  3   0.9901851960   0.0000000000  -5.0000000000  17.8524801873   8.4485172000
  3   0.9901851960   0.0000000000  -4.8000000000  18.7601126328   9.2096237600
  3   0.9901851960   0.0000000000  -4.6000000000  16.1212567286   7.8018882300
  3   0.9901851960   0.0000000000  -4.4000000000  11.4173176749   5.0949056300
  3   0.9901851960   0.0000000000  -4.2000000000   6.7271011491   2.4226629400
  3   0.9901851960   0.0000000000  -4.0000000000   3.3152544278   0.5624511100
  3   0.9901851960   0.0000000000  -3.8000000000   1.4765058687  -0.3896112800
  3   0.9901851960   0.0000000000  -3.6000000000   1.0631657235  -0.6031798200
