 lattice_pars_list
&LATTICE_PARS_LIST
 LATTICE_PARS%NAME="Au",
 LATTICE_PARS%ETA2=  3.1634000000000002     ,
 LATTICE_PARS%KAPPA=  5.4291799999999997     ,
 LATTICE_PARS%LAMBDA=  4.1233800000000000     ,
 LATTICE_PARS%E0= -3.7999999999999998     ,
 LATTICE_PARS%N0=  4.7440799999999998E-002,
 LATTICE_PARS%S0=  1.5875300000000001     ,
 LATTICE_PARS%V0=  2.3210000000000002     ,
 /
 particle_pars_list
&PARTICLE_PARS_LIST
 PARTICLE_PARS%NAME="H ",
 PARTICLE_PARS%ETA2=  5.4253999999999998     ,
 PARTICLE_PARS%KAPPA=  8.8628199999999993     ,
 PARTICLE_PARS%LAMBDA=  7.7270899999999996     ,
 PARTICLE_PARS%E0= -3.7999999999999998     ,
 PARTICLE_PARS%N0= 0.18220500000000001     ,
 PARTICLE_PARS%S0= 0.52917700000000001     ,
 PARTICLE_PARS%V0= 0.42699999999999999     ,
 /


the reference energy = 113.34253 eV


  1    0.0000000000    0.0000000000   -5.0000000000   -1.7819136496
  1    0.0000000000    0.0000000000   -4.8000000000   -1.7805621318
  1    0.0000000000    0.0000000000   -4.6000000000   -2.0059382308
  1    0.0000000000    0.0000000000   -4.4000000000   -2.3899974687
  1    0.0000000000    0.0000000000   -4.2000000000   -2.7971582052
  1    0.0000000000    0.0000000000   -4.0000000000   -3.1091958206
  1    0.0000000000    0.0000000000   -3.8000000000   -3.2791011319
  1    0.0000000000    0.0000000000   -3.6000000000   -3.3168084435
  1    0.0000000000    0.0000000000   -3.4000000000   -3.2310092399
  1    0.0000000000    0.0000000000   -3.2000000000   -3.0060318557
  1    0.0000000000    0.0000000000   -3.0000000000   -2.6478117100
  1    0.0000000000    0.0000000000   -2.8000000000   -2.2328090743
  1    0.0000000000    0.0000000000   -2.6000000000   -1.8951717318
  1    0.0000000000    0.0000000000   -2.4000000000   -1.7544780477
  1    0.0000000000    0.0000000000   -2.2000000000   -1.8349434042
  1    0.0000000000    0.0000000000   -2.0000000000   -2.0320476432
  1    0.0000000000    0.0000000000   -1.8000000000   -2.1364877386
  1    0.0000000000    0.0000000000   -1.6000000000   -1.8308665509
  1    0.0000000000    0.0000000000   -1.4000000000   -0.4719162954
  1    0.0000000000    0.0000000000   -1.2000000000    3.4862113757
  1    0.0000000000    0.0000000000   -1.0000000000   13.4220454680
  1    0.0000000000    0.0000000000    1.0000000000   12.1862937734
  1    0.0000000000    0.0000000000    1.2000000000    1.9600059641
  1    0.0000000000    0.0000000000    1.4000000000   -2.0991503793
  1    0.0000000000    0.0000000000    1.6000000000   -3.2933762567
  1    0.0000000000    0.0000000000    1.8000000000   -3.2473234288
  1    0.0000000000    0.0000000000    2.0000000000   -2.7461313649
  1    0.0000000000    0.0000000000    2.2000000000   -2.1497012061
  1    0.0000000000    0.0000000000    2.4000000000   -1.6064890485
  1    0.0000000000    0.0000000000    2.6000000000   -1.1645304255
  1    0.0000000000    0.0000000000    2.8000000000   -0.8260667723
  1    0.0000000000    0.0000000000    3.0000000000   -0.5766404703
  1    0.0000000000    0.0000000000    3.2000000000   -0.3975899247
  1    0.0000000000    0.0000000000    3.4000000000   -0.2714692230
  1    0.0000000000    0.0000000000    3.6000000000   -0.1838817613
  1    0.0000000000    0.0000000000    3.8000000000   -0.1234375314
  1    0.0000000000    0.0000000000    4.0000000000   -0.0762460783
  1    0.0000000000    0.0000000000    4.2000000000   -0.0461805266
  1    0.0000000000    0.0000000000    4.4000000000   -0.0299271108
  1    0.0000000000    0.0000000000    4.6000000000   -0.0193612023
  1    0.0000000000    0.0000000000    4.8000000000   -0.0123871595
  1    0.0000000000    0.0000000000    5.0000000000   -0.0037905204
  1    0.0000000000    0.0000000000    5.2000000000   -0.0000786897
  1    0.0000000000    0.0000000000    5.4000000000   -0.0000010913
  1    0.0000000000    0.0000000000    5.6000000000   -0.0000000142
  1    0.0000000000    0.0000000000    5.8000000000   -0.0000000002
  1    0.0000000000    0.0000000000    6.0000000000   -0.0000000000
  2    0.4950925980    0.0000000000   -5.0000000000    0.9393476781
  2    0.4950925980    0.0000000000   -4.8000000000    1.0590605460
  2    0.4950925980    0.0000000000   -4.6000000000    0.5176282599
  2    0.4950925980    0.0000000000   -4.4000000000   -0.4653195517
  2    0.4950925980    0.0000000000   -4.2000000000   -1.5114170958
  2    0.4950925980    0.0000000000   -4.0000000000   -2.3140707801
  2    0.4950925980    0.0000000000   -3.8000000000   -2.7552965617
  2    0.4950925980    0.0000000000   -3.6000000000   -2.8542823595
  2    0.4950925980    0.0000000000   -3.4000000000   -2.6297529001
  2    0.4950925980    0.0000000000   -3.2000000000   -2.0481727342
  2    0.4950925980    0.0000000000   -3.0000000000   -1.1278778779
  2    0.4950925980    0.0000000000   -2.8000000000   -0.0614714074
  2    0.4950925980    0.0000000000   -2.6000000000    0.7943262555
  2    0.4950925980    0.0000000000   -2.4000000000    1.0933602377
  2    0.4950925980    0.0000000000   -2.2000000000    0.7301235356
  2    0.4950925980    0.0000000000   -2.0000000000   -0.0700910592
  2    0.4950925980    0.0000000000   -1.8000000000   -0.8819211415
  2    0.4950925980    0.0000000000   -1.6000000000   -1.2776971466
  2    0.4950925980    0.0000000000   -1.4000000000   -0.8252392920
  2    0.4950925980    0.0000000000   -1.2000000000    1.2772000206
  2    0.4950925980    0.0000000000   -1.0000000000    6.7216015338
  2    0.4950925980    0.0000000000    1.0000000000    5.3100103034
  2    0.4950925980    0.0000000000    1.2000000000   -0.4983512571
  2    0.4950925980    0.0000000000    1.4000000000   -2.8202237397
  2    0.4950925980    0.0000000000    1.6000000000   -3.3712692320
  2    0.4950925980    0.0000000000    1.8000000000   -3.1239545793
  2    0.4950925980    0.0000000000    2.0000000000   -2.5901487555
  2    0.4950925980    0.0000000000    2.2000000000   -2.0168571898
  2    0.4950925980    0.0000000000    2.4000000000   -1.5083873802
  2    0.4950925980    0.0000000000    2.6000000000   -1.0971526753
  2    0.4950925980    0.0000000000    2.8000000000   -0.7819124350
  2    0.4950925980    0.0000000000    3.0000000000   -0.5486123473
  2    0.4950925980    0.0000000000    3.2000000000   -0.3802084154
  2    0.4950925980    0.0000000000    3.4000000000   -0.2608158345
  2    0.4950925980    0.0000000000    3.6000000000   -0.1766078721
  2    0.4950925980    0.0000000000    3.8000000000   -0.1170243735
  2    0.4950925980    0.0000000000    4.0000000000   -0.0772177235
  2    0.4950925980    0.0000000000    4.2000000000   -0.0477778954
  2    0.4950925980    0.0000000000    4.4000000000   -0.0285462766
  2    0.4950925980    0.0000000000    4.6000000000   -0.0182704236
  2    0.4950925980    0.0000000000    4.8000000000   -0.0116295971
  2    0.4950925980    0.0000000000    5.0000000000   -0.0025984455
  2    0.4950925980    0.0000000000    5.2000000000   -0.0000478245
  2    0.4950925980    0.0000000000    5.4000000000   -0.0000006692
  2    0.4950925980    0.0000000000    5.6000000000   -0.0000000088
  2    0.4950925980    0.0000000000    5.8000000000   -0.0000000001
  2    0.4950925980    0.0000000000    6.0000000000   -0.0000000000
  3    0.9901851960    0.0000000000   -5.0000000000   13.5201971674
  3    0.9901851960    0.0000000000   -4.8000000000   14.2831191161
  3    0.9901851960    0.0000000000   -4.6000000000   12.0562343919
  3    0.9901851960    0.0000000000   -4.4000000000    8.0198051113
  3    0.9901851960    0.0000000000   -4.2000000000    3.9159934814
  3    0.9901851960    0.0000000000   -4.0000000000    0.9035402904
  3    0.9901851960    0.0000000000   -3.8000000000   -0.7074192187
  3    0.9901851960    0.0000000000   -3.6000000000   -1.0650668219
  3    0.9901851960    0.0000000000   -3.4000000000   -0.2519364847
  3    0.9901851960    0.0000000000   -3.2000000000    1.8891087904
  3    0.9901851960    0.0000000000   -3.0000000000    5.3965917849
  3    0.9901851960    0.0000000000   -2.8000000000    9.6590399521
  3    0.9901851960    0.0000000000   -2.6000000000   13.2115949995
  3    0.9901851960    0.0000000000   -2.4000000000   14.3606572245
  3    0.9901851960    0.0000000000   -2.2000000000   12.4760939103
  3    0.9901851960    0.0000000000   -2.0000000000    8.5706245104
  3    0.9901851960    0.0000000000   -1.8000000000    4.3918929264
  3    0.9901851960    0.0000000000   -1.6000000000    1.2068754098
  3    0.9901851960    0.0000000000   -1.4000000000   -0.5802806696
  3    0.9901851960    0.0000000000   -1.2000000000   -1.0919940969
  3    0.9901851960    0.0000000000   -1.0000000000   -0.4432806583
  3    0.9901851960    0.0000000000   -0.8000000000    1.4991126330
  3    0.9901851960    0.0000000000   -0.6000000000    4.8160014212
  3    0.9901851960    0.0000000000   -0.4000000000    9.0011009242
  3    0.9901851960    0.0000000000   -0.2000000000   12.6856127459
  3    0.9901851960    0.0000000000    0.0000000000   14.1346546812
  3    0.9901851960    0.0000000000    0.2000000000   12.5065018353
  3    0.9901851960    0.0000000000    0.4000000000    8.6049694785
  3    0.9901851960    0.0000000000    0.6000000000    4.1335454574
  3    0.9901851960    0.0000000000    0.8000000000    0.4488374572
  3    0.9901851960    0.0000000000    1.0000000000   -1.9284729586
  3    0.9901851960    0.0000000000    1.2000000000   -3.0946136152
  3    0.9901851960    0.0000000000    1.4000000000   -3.3947744852
  3    0.9901851960    0.0000000000    1.6000000000   -3.1841849087
  3    0.9901851960    0.0000000000    1.8000000000   -2.7328411468
  3    0.9901851960    0.0000000000    2.0000000000   -2.2133758954
  3    0.9901851960    0.0000000000    2.2000000000   -1.7205288253
  3    0.9901851960    0.0000000000    2.4000000000   -1.2969569673
  3    0.9901851960    0.0000000000    2.6000000000   -0.9543248686
  3    0.9901851960    0.0000000000    2.8000000000   -0.6892430691
  3    0.9901851960    0.0000000000    3.0000000000   -0.4898945628
  3    0.9901851960    0.0000000000    3.2000000000   -0.3435624755
  3    0.9901851960    0.0000000000    3.4000000000   -0.2378844355
  3    0.9901851960    0.0000000000    3.6000000000   -0.1621064723
  3    0.9901851960    0.0000000000    3.8000000000   -0.1102350557
  3    0.9901851960    0.0000000000    4.0000000000   -0.0744328146
  3    0.9901851960    0.0000000000    4.2000000000   -0.0480547784
  3    0.9901851960    0.0000000000    4.4000000000   -0.0292390300
  3    0.9901851960    0.0000000000    4.6000000000   -0.0165692823
  3    0.9901851960    0.0000000000    4.8000000000   -0.0090777507
  3    0.9901851960    0.0000000000    5.0000000000   -0.0006668669
  3    0.9901851960    0.0000000000    5.2000000000   -0.0000107808
  3    0.9901851960    0.0000000000    5.4000000000   -0.0000001556
  3    0.9901851960    0.0000000000    5.6000000000   -0.0000000021
  3    0.9901851960    0.0000000000    5.8000000000   -0.0000000000
  3    0.9901851960    0.0000000000    6.0000000000    0.0000000000
  4    1.4852777940    0.0000000000   -4.2000000000    8.7424527199
  4    1.4852777940    0.0000000000   -4.0000000000    3.6083724796
  4    1.4852777940    0.0000000000   -3.8000000000    0.9339101967
  4    1.4852777940    0.0000000000   -3.6000000000    0.3471652471
  4    1.4852777940    0.0000000000   -3.4000000000    1.6849241250
  4    1.4852777940    0.0000000000   -3.2000000000    5.2691916248
  4    1.4852777940    0.0000000000   -3.0000000000   11.3285024183
  4    1.4852777940    0.0000000000   -1.8000000000    9.2210359338
  4    1.4852777940    0.0000000000   -1.6000000000    3.4885028812
  4    1.4852777940    0.0000000000   -1.4000000000    0.0595037778
  4    1.4852777940    0.0000000000   -1.2000000000   -1.5757308159
  4    1.4852777940    0.0000000000   -1.0000000000   -2.1000154070
  4    1.4852777940    0.0000000000   -0.8000000000   -1.9683482152
  4    1.4852777940    0.0000000000   -0.6000000000   -1.4146421089
  4    1.4852777940    0.0000000000   -0.4000000000   -0.6637401862
  4    1.4852777940    0.0000000000   -0.2000000000   -0.0287952499
  4    1.4852777940    0.0000000000    0.0000000000    0.1819424527
  4    1.4852777940    0.0000000000    0.2000000000   -0.1703029008
  4    1.4852777940    0.0000000000    0.4000000000   -0.9740726306
  4    1.4852777940    0.0000000000    0.6000000000   -1.9422964790
  4    1.4852777940    0.0000000000    0.8000000000   -2.7745436439
  4    1.4852777940    0.0000000000    1.0000000000   -3.2836615501
  4    1.4852777940    0.0000000000    1.2000000000   -3.4270256197
  4    1.4852777940    0.0000000000    1.4000000000   -3.2661651373
  4    1.4852777940    0.0000000000    1.6000000000   -2.9068004843
  4    1.4852777940    0.0000000000    1.8000000000   -2.4533061062
  4    1.4852777940    0.0000000000    2.0000000000   -1.9851541211
  4    1.4852777940    0.0000000000    2.2000000000   -1.5527339627
  4    1.4852777940    0.0000000000    2.4000000000   -1.1813598792
  4    1.4852777940    0.0000000000    2.6000000000   -0.8783763642
  4    1.4852777940    0.0000000000    2.8000000000   -0.6408696435
  4    1.4852777940    0.0000000000    3.0000000000   -0.4592098434
  4    1.4852777940    0.0000000000    3.2000000000   -0.3233914549
  4    1.4852777940    0.0000000000    3.4000000000   -0.2257956124
  4    1.4852777940    0.0000000000    3.6000000000   -0.1561104878
  4    1.4852777940    0.0000000000    3.8000000000   -0.1069474299
  4    1.4852777940    0.0000000000    4.0000000000   -0.0726465537
  4    1.4852777940    0.0000000000    4.2000000000   -0.0476982563
  4    1.4852777940    0.0000000000    4.4000000000   -0.0285652684
  4    1.4852777940    0.0000000000    4.6000000000   -0.0184277971
  4    1.4852777940    0.0000000000    4.8000000000   -0.0042444192
  4    1.4852777940    0.0000000000    5.0000000000   -0.0000932962
  4    1.4852777940    0.0000000000    5.2000000000   -0.0000015405
  4    1.4852777940    0.0000000000    5.4000000000   -0.0000000237
  4    1.4852777940    0.0000000000    5.6000000000   -0.0000000003
  4    1.4852777940    0.0000000000    5.8000000000   -0.0000000000
  4    1.4852777940    0.0000000000    6.0000000000    0.0000000000
  5    0.7426388970    0.4287627670   -5.0000000000    0.1631628081
  5    0.7426388970    0.4287627670   -4.8000000000    0.2953860386
  5    0.7426388970    0.4287627670   -4.6000000000   -0.0936131437
  5    0.7426388970    0.4287627670   -4.4000000000   -0.8195746762
  5    0.7426388970    0.4287627670   -4.2000000000   -1.5642544429
  5    0.7426388970    0.4287627670   -4.0000000000   -2.0386288884
  5    0.7426388970    0.4287627670   -3.8000000000   -2.0359251077
  5    0.7426388970    0.4287627670   -3.6000000000   -1.2865241367
  5    0.7426388970    0.4287627670   -3.4000000000    0.7358188930
  5    0.7426388970    0.4287627670   -3.2000000000    4.7234133297
  5    0.7426388970    0.4287627670   -3.0000000000   11.0316365168
  5    0.7426388970    0.4287627670   -1.8000000000    9.5695856858
  5    0.7426388970    0.4287627670   -1.6000000000    4.1182542471
  5    0.7426388970    0.4287627670   -1.4000000000    1.1441798478
  5    0.7426388970    0.4287627670   -1.2000000000    0.3048334631
  5    0.7426388970    0.4287627670   -1.0000000000    1.3723121460
  5    0.7426388970    0.4287627670   -0.8000000000    4.6178209618
  5    0.7426388970    0.4287627670   -0.6000000000   10.3304610770
  5    0.7426388970    0.4287627670    0.6000000000    9.4618256458
  5    0.7426388970    0.4287627670    0.8000000000    3.2250148193
  5    0.7426388970    0.4287627670    1.0000000000   -0.7048050865
  5    0.7426388970    0.4287627670    1.2000000000   -2.6840048334
  5    0.7426388970    0.4287627670    1.4000000000   -3.3520064133
  5    0.7426388970    0.4287627670    1.6000000000   -3.2759492862
  5    0.7426388970    0.4287627670    1.8000000000   -2.8519032890
  5    0.7426388970    0.4287627670    2.0000000000   -2.3180141643
  5    0.7426388970    0.4287627670    2.2000000000   -1.7999181799
  5    0.7426388970    0.4287627670    2.4000000000   -1.3526851856
  5    0.7426388970    0.4287627670    2.6000000000   -0.9915594161
  5    0.7426388970    0.4287627670    2.8000000000   -0.7132370847
  5    0.7426388970    0.4287627670    3.0000000000   -0.5052288691
  5    0.7426388970    0.4287627670    3.2000000000   -0.3530160872
  5    0.7426388970    0.4287627670    3.4000000000   -0.2430991252
  5    0.7426388970    0.4287627670    3.6000000000   -0.1663745218
  5    0.7426388970    0.4287627670    3.8000000000   -0.1125435818
  5    0.7426388970    0.4287627670    4.0000000000   -0.0733980848
  5    0.7426388970    0.4287627670    4.2000000000   -0.0487037935
  5    0.7426388970    0.4287627670    4.4000000000   -0.0299217022
  5    0.7426388970    0.4287627670    4.6000000000   -0.0163727481
  5    0.7426388970    0.4287627670    4.8000000000   -0.0100187661
  5    0.7426388970    0.4287627670    5.0000000000   -0.0010742489
  5    0.7426388970    0.4287627670    5.2000000000   -0.0000176953
  5    0.7426388970    0.4287627670    5.4000000000   -0.0000002526
  5    0.7426388970    0.4287627670    5.6000000000   -0.0000000034
  5    0.7426388970    0.4287627670    5.8000000000   -0.0000000000
  5    0.7426388970    0.4287627670    6.0000000000   -0.0000000000
  6    1.2377314950    0.4287627670   -5.0000000000    0.8686859516
  6    1.2377314950    0.4287627670   -4.8000000000    1.0823709511
  6    1.2377314950    0.4287627670   -4.6000000000    0.6449607248
  6    1.2377314950    0.4287627670   -4.4000000000   -0.1816441486
  6    1.2377314950    0.4287627670   -4.2000000000   -0.9619534413
  6    1.2377314950    0.4287627670   -4.0000000000   -1.2737222995
  6    1.2377314950    0.4287627670   -3.8000000000   -0.6622836457
  6    1.2377314950    0.4287627670   -3.6000000000    1.7672182362
  6    1.2377314950    0.4287627670   -3.4000000000    7.8601093506
  6    1.2377314950    0.4287627670   -1.4000000000    5.8125524349
  6    1.2377314950    0.4287627670   -1.2000000000    0.8900449509
  6    1.2377314950    0.4287627670   -1.0000000000   -0.9497885674
  6    1.2377314950    0.4287627670   -0.8000000000   -1.2749927096
  6    1.2377314950    0.4287627670   -0.6000000000   -0.8180054339
  6    1.2377314950    0.4287627670   -0.4000000000   -0.0021774280
  6    1.2377314950    0.4287627670   -0.2000000000    0.7353102214
  6    1.2377314950    0.4287627670    0.0000000000    0.9785057135
  6    1.2377314950    0.4287627670    0.2000000000    0.5353298910
  6    1.2377314950    0.4287627670    0.4000000000   -0.4539394465
  6    1.2377314950    0.4287627670    0.6000000000   -1.6267619780
  6    1.2377314950    0.4287627670    0.8000000000   -2.6213496484
  6    1.2377314950    0.4287627670    1.0000000000   -3.2306818908
  6    1.2377314950    0.4287627670    1.2000000000   -3.4226940421
  6    1.2377314950    0.4287627670    1.4000000000   -3.2788804661
  6    1.2377314950    0.4287627670    1.6000000000   -2.9216079404
  6    1.2377314950    0.4287627670    1.8000000000   -2.4647031437
  6    1.2377314950    0.4287627670    2.0000000000   -1.9927258333
  6    1.2377314950    0.4287627670    2.2000000000   -1.5575169015
  6    1.2377314950    0.4287627670    2.4000000000   -1.1841564864
  6    1.2377314950    0.4287627670    2.6000000000   -0.8796610085
  6    1.2377314950    0.4287627670    2.8000000000   -0.6411683551
  6    1.2377314950    0.4287627670    3.0000000000   -0.4596166973
  6    1.2377314950    0.4287627670    3.2000000000   -0.3246663839
  6    1.2377314950    0.4287627670    3.4000000000   -0.2267437410
  6    1.2377314950    0.4287627670    3.6000000000   -0.1560609587
  6    1.2377314950    0.4287627670    3.8000000000   -0.1064532507
  6    1.2377314950    0.4287627670    4.0000000000   -0.0710081907
  6    1.2377314950    0.4287627670    4.2000000000   -0.0473635733
  6    1.2377314950    0.4287627670    4.4000000000   -0.0311113206
  6    1.2377314950    0.4287627670    4.6000000000   -0.0170000599
  6    1.2377314950    0.4287627670    4.8000000000   -0.0052925370
  6    1.2377314950    0.4287627670    5.0000000000   -0.0001539687
  6    1.2377314950    0.4287627670    5.2000000000   -0.0000024882
  6    1.2377314950    0.4287627670    5.4000000000   -0.0000000372
  6    1.2377314950    0.4287627670    5.6000000000   -0.0000000005
  6    1.2377314950    0.4287627670    5.8000000000   -0.0000000000
  6    1.2377314950    0.4287627670    6.0000000000    0.0000000000
  7    1.4852777940    0.8575255340   -5.0000000000   -1.8645982574
  7    1.4852777940    0.8575255340   -4.8000000000   -1.7532939237
  7    1.4852777940    0.8575255340   -4.6000000000   -1.8568003823
  7    1.4852777940    0.8575255340   -4.4000000000   -2.0550256463
  7    1.4852777940    0.8575255340   -4.2000000000   -2.1268135687
  7    1.4852777940    0.8575255340   -4.0000000000   -1.7304810090
  7    1.4852777940    0.8575255340   -3.8000000000   -0.1425305835
  7    1.4852777940    0.8575255340   -3.6000000000    4.3677327806
  7    1.4852777940    0.8575255340   -1.4000000000   11.7290692450
  7    1.4852777940    0.8575255340   -1.2000000000    2.7805426309
  7    1.4852777940    0.8575255340   -1.0000000000   -0.7352702218
  7    1.4852777940    0.8575255340   -0.8000000000   -1.9125370600
  7    1.4852777940    0.8575255340   -0.6000000000   -2.1495600417
  7    1.4852777940    0.8575255340   -0.4000000000   -2.0295790233
  7    1.4852777940    0.8575255340   -0.2000000000   -1.8543812387
  7    1.4852777940    0.8575255340    0.0000000000   -1.8247974697
  7    1.4852777940    0.8575255340    0.2000000000   -2.0317612386
  7    1.4852777940    0.8575255340    0.4000000000   -2.4348984586
  7    1.4852777940    0.8575255340    0.6000000000   -2.8986213106
  7    1.4852777940    0.8575255340    0.8000000000   -3.2689147269
  7    1.4852777940    0.8575255340    1.0000000000   -3.4409043499
  7    1.4852777940    0.8575255340    1.2000000000   -3.3850993860
  7    1.4852777940    0.8575255340    1.4000000000   -3.1347056706
  7    1.4852777940    0.8575255340    1.6000000000   -2.7551093422
  7    1.4852777940    0.8575255340    1.8000000000   -2.3169685252
  7    1.4852777940    0.8575255340    2.0000000000   -1.8770662018
  7    1.4852777940    0.8575255340    2.2000000000   -1.4733200090
  7    1.4852777940    0.8575255340    2.4000000000   -1.1262802385
  7    1.4852777940    0.8575255340    2.6000000000   -0.8415695477
  7    1.4852777940    0.8575255340    2.8000000000   -0.6170285779
  7    1.4852777940    0.8575255340    3.0000000000   -0.4450265528
  7    1.4852777940    0.8575255340    3.2000000000   -0.3164208629
  7    1.4852777940    0.8575255340    3.4000000000   -0.2220916609
  7    1.4852777940    0.8575255340    3.6000000000   -0.1522865993
  7    1.4852777940    0.8575255340    3.8000000000   -0.1029428306
  7    1.4852777940    0.8575255340    4.0000000000   -0.0699268731
  7    1.4852777940    0.8575255340    4.2000000000   -0.0471751223
  7    1.4852777940    0.8575255340    4.4000000000   -0.0315800622
  7    1.4852777940    0.8575255340    4.6000000000   -0.0187483853
  7    1.4852777940    0.8575255340    4.8000000000   -0.0014660741
  7    1.4852777940    0.8575255340    5.0000000000   -0.0000284278
  7    1.4852777940    0.8575255340    5.2000000000   -0.0000004846
  7    1.4852777940    0.8575255340    5.4000000000   -0.0000000077
  7    1.4852777940    0.8575255340    5.6000000000   -0.0000000001
  7    1.4852777940    0.8575255340    5.8000000000   -0.0000000000
  7    1.4852777940    0.8575255340    6.0000000000    0.0000000000
  8    0.7426388970   -0.4287627670   -4.2000000000    8.3648337823
  8    0.7426388970   -0.4287627670   -4.0000000000    2.9308806065
  8    0.7426388970   -0.4287627670   -3.8000000000   -0.2308115320
  8    0.7426388970   -0.4287627670   -3.6000000000   -1.6876563416
  8    0.7426388970   -0.4287627670   -3.4000000000   -2.1062223430
  8    0.7426388970   -0.4287627670   -3.2000000000   -1.9036288165
  8    0.7426388970   -0.4287627670   -3.0000000000   -1.2982869565
  8    0.7426388970   -0.4287627670   -2.8000000000   -0.5220496509
  8    0.7426388970   -0.4287627670   -2.6000000000    0.1093550603
  8    0.7426388970   -0.4287627670   -2.4000000000    0.3087192790
  8    0.7426388970   -0.4287627670   -2.2000000000   -0.0196778000
  8    0.7426388970   -0.4287627670   -2.0000000000   -0.7195560725
  8    0.7426388970   -0.4287627670   -1.8000000000   -1.4802702070
  8    0.7426388970   -0.4287627670   -1.6000000000   -2.0027809406
  8    0.7426388970   -0.4287627670   -1.4000000000   -2.0749578209
  8    0.7426388970   -0.4287627670   -1.2000000000   -1.4505700864
  8    0.7426388970   -0.4287627670   -1.0000000000    0.3559141093
  8    0.7426388970   -0.4287627670   -0.8000000000    4.0292746999
  8    0.7426388970   -0.4287627670   -0.6000000000   10.0044663142
  8    0.7426388970   -0.4287627670    0.6000000000    9.4578090499
  8    0.7426388970   -0.4287627670    0.8000000000    3.2233638146
  8    0.7426388970   -0.4287627670    1.0000000000   -0.7053738836
  8    0.7426388970   -0.4287627670    1.2000000000   -2.6841426000
  8    0.7426388970   -0.4287627670    1.4000000000   -3.3519988578
  8    0.7426388970   -0.4287627670    1.6000000000   -3.2759670886
  8    0.7426388970   -0.4287627670    1.8000000000   -2.8518629958
  8    0.7426388970   -0.4287627670    2.0000000000   -2.3180033914
  8    0.7426388970   -0.4287627670    2.2000000000   -1.8000092783
  8    0.7426388970   -0.4287627670    2.4000000000   -1.3524171950
  8    0.7426388970   -0.4287627670    2.6000000000   -0.9915487034
  8    0.7426388970   -0.4287627670    2.8000000000   -0.7132370363
  8    0.7426388970   -0.4287627670    3.0000000000   -0.5052288689
  8    0.7426388970   -0.4287627670    3.2000000000   -0.3530160872
  8    0.7426388970   -0.4287627670    3.4000000000   -0.2430991252
  8    0.7426388970   -0.4287627670    3.6000000000   -0.1663745218
  8    0.7426388970   -0.4287627670    3.8000000000   -0.1125435818
  8    0.7426388970   -0.4287627670    4.0000000000   -0.0733980848
  8    0.7426388970   -0.4287627670    4.2000000000   -0.0487037935
  8    0.7426388970   -0.4287627670    4.4000000000   -0.0299217022
  8    0.7426388970   -0.4287627670    4.6000000000   -0.0163727481
  8    0.7426388970   -0.4287627670    4.8000000000   -0.0100187661
  8    0.7426388970   -0.4287627670    5.0000000000   -0.0010742489
  8    0.7426388970   -0.4287627670    5.2000000000   -0.0000176953
  8    0.7426388970   -0.4287627670    5.4000000000   -0.0000002526
  8    0.7426388970   -0.4287627670    5.6000000000   -0.0000000034
  8    0.7426388970   -0.4287627670    5.8000000000   -0.0000000000
  8    0.7426388970   -0.4287627670    6.0000000000   -0.0000000000
  9    1.2377314950   -0.4287627670   -3.8000000000    4.9351762724
  9    1.2377314950   -0.4287627670   -3.6000000000    0.5331007884
  9    1.2377314950   -0.4287627670   -3.4000000000   -1.0453332788
  9    1.2377314950   -0.4287627670   -3.2000000000   -1.2350447894
  9    1.2377314950   -0.4287627670   -3.0000000000   -0.6978463405
  9    1.2377314950   -0.4287627670   -2.8000000000    0.1532766045
  9    1.2377314950   -0.4287627670   -2.6000000000    0.8782345174
  9    1.2377314950   -0.4287627670   -2.4000000000    1.0817551278
  9    1.2377314950   -0.4287627670   -2.2000000000    0.6180738619
  9    1.2377314950   -0.4287627670   -2.0000000000   -0.3289140831
  9    1.2377314950   -0.4287627670   -1.8000000000   -1.3875712591
  9    1.2377314950   -0.4287627670   -1.6000000000   -2.2322344606
  9    1.2377314950   -0.4287627670   -1.4000000000   -2.7207014107
  9    1.2377314950   -0.4287627670   -1.2000000000   -2.8626015873
  9    1.2377314950   -0.4287627670   -1.0000000000   -2.6842518692
  9    1.2377314950   -0.4287627670   -0.8000000000   -2.1575948978
  9    1.2377314950   -0.4287627670   -0.6000000000   -1.2890250017
  9    1.2377314950   -0.4287627670   -0.4000000000   -0.2500899802
  9    1.2377314950   -0.4287627670   -0.2000000000    0.6098950445
  9    1.2377314950   -0.4287627670    0.0000000000    0.9179015711
  9    1.2377314950   -0.4287627670    0.2000000000    0.5074543304
  9    1.2377314950   -0.4287627670    0.4000000000   -0.4659906718
  9    1.2377314950   -0.4287627670    0.6000000000   -1.6315126392
  9    1.2377314950   -0.4287627670    0.8000000000   -2.6229083923
  9    1.2377314950   -0.4287627670    1.0000000000   -3.2309519174
  9    1.2377314950   -0.4287627670    1.2000000000   -3.4225237790
  9    1.2377314950   -0.4287627670    1.4000000000   -3.2786811753
  9    1.2377314950   -0.4287627670    1.6000000000   -2.9214157755
  9    1.2377314950   -0.4287627670    1.8000000000   -2.4647409400
  9    1.2377314950   -0.4287627670    2.0000000000   -1.9928704160
  9    1.2377314950   -0.4287627670    2.2000000000   -1.5574124338
  9    1.2377314950   -0.4287627670    2.4000000000   -1.1837820804
  9    1.2377314950   -0.4287627670    2.6000000000   -0.8796166744
  9    1.2377314950   -0.4287627670    2.8000000000   -0.6411681495
  9    1.2377314950   -0.4287627670    3.0000000000   -0.4596166965
  9    1.2377314950   -0.4287627670    3.2000000000   -0.3246663839
  9    1.2377314950   -0.4287627670    3.4000000000   -0.2267437410
  9    1.2377314950   -0.4287627670    3.6000000000   -0.1560609587
  9    1.2377314950   -0.4287627670    3.8000000000   -0.1064532507
  9    1.2377314950   -0.4287627670    4.0000000000   -0.0710081907
  9    1.2377314950   -0.4287627670    4.2000000000   -0.0473635733
  9    1.2377314950   -0.4287627670    4.4000000000   -0.0311113206
  9    1.2377314950   -0.4287627670    4.6000000000   -0.0170000599
  9    1.2377314950   -0.4287627670    4.8000000000   -0.0052925370
  9    1.2377314950   -0.4287627670    5.0000000000   -0.0001539687
  9    1.2377314950   -0.4287627670    5.2000000000   -0.0000024882
  9    1.2377314950   -0.4287627670    5.4000000000   -0.0000000372
  9    1.2377314950   -0.4287627670    5.6000000000   -0.0000000005
  9    1.2377314950   -0.4287627670    5.8000000000   -0.0000000000
  9    1.2377314950   -0.4287627670    6.0000000000    0.0000000000
 10    1.4852777940   -0.8575255340   -3.8000000000   10.1168705001
 10    1.4852777940   -0.8575255340   -3.6000000000    2.1228085377
 10    1.4852777940   -0.8575255340   -3.4000000000   -0.9678651404
 10    1.4852777940   -0.8575255340   -3.2000000000   -1.9690749786
 10    1.4852777940   -0.8575255340   -3.0000000000   -2.1320428421
 10    1.4852777940   -0.8575255340   -2.8000000000   -1.9804232376
 10    1.4852777940   -0.8575255340   -2.6000000000   -1.7969662034
 10    1.4852777940   -0.8575255340   -2.4000000000   -1.7680251480
 10    1.4852777940   -0.8575255340   -2.2000000000   -1.9660888090
 10    1.4852777940   -0.8575255340   -2.0000000000   -2.3369656111
 10    1.4852777940   -0.8575255340   -1.8000000000   -2.7489795449
 10    1.4852777940   -0.8575255340   -1.6000000000   -3.0775218704
 10    1.4852777940   -0.8575255340   -1.4000000000   -3.2658320425
 10    1.4852777940   -0.8575255340   -1.2000000000   -3.3198877735
 10    1.4852777940   -0.8575255340   -1.0000000000   -3.2520650720
 10    1.4852777940   -0.8575255340   -0.8000000000   -3.0497940912
 10    1.4852777940   -0.8575255340   -0.6000000000   -2.7152441824
 10    1.4852777940   -0.8575255340   -0.4000000000   -2.3192976741
 10    1.4852777940   -0.8575255340   -0.2000000000   -1.9992326690
 10    1.4852777940   -0.8575255340    0.0000000000   -1.8938447739
 10    1.4852777940   -0.8575255340    0.2000000000   -2.0626888496
 10    1.4852777940   -0.8575255340    0.4000000000   -2.4475907104
 10    1.4852777940   -0.8575255340    0.6000000000   -2.9030944773
 10    1.4852777940   -0.8575255340    0.8000000000   -3.2699646602
 10    1.4852777940   -0.8575255340    1.0000000000   -3.4406992022
 10    1.4852777940   -0.8575255340    1.2000000000   -3.3844774243
 10    1.4852777940   -0.8575255340    1.4000000000   -3.1340628043
 10    1.4852777940   -0.8575255340    1.6000000000   -2.7549786009
 10    1.4852777940   -0.8575255340    1.8000000000   -2.3170759082
 10    1.4852777940   -0.8575255340    2.0000000000   -1.8771899449
 10    1.4852777940   -0.8575255340    2.2000000000   -1.4732058709
 10    1.4852777940   -0.8575255340    2.4000000000   -1.1257328413
 10    1.4852777940   -0.8575255340    2.6000000000   -0.8414844443
 10    1.4852777940   -0.8575255340    2.8000000000   -0.6170281543
 10    1.4852777940   -0.8575255340    3.0000000000   -0.4450265512
 10    1.4852777940   -0.8575255340    3.2000000000   -0.3164208629
 10    1.4852777940   -0.8575255340    3.4000000000   -0.2220916609
 10    1.4852777940   -0.8575255340    3.6000000000   -0.1522865993
 10    1.4852777940   -0.8575255340    3.8000000000   -0.1029428306
 10    1.4852777940   -0.8575255340    4.0000000000   -0.0699268731
 10    1.4852777940   -0.8575255340    4.2000000000   -0.0471751223
 10    1.4852777940   -0.8575255340    4.4000000000   -0.0315800622
 10    1.4852777940   -0.8575255340    4.6000000000   -0.0187483853
 10    1.4852777940   -0.8575255340    4.8000000000   -0.0014660741
 10    1.4852777940   -0.8575255340    5.0000000000   -0.0000284278
 10    1.4852777940   -0.8575255340    5.2000000000   -0.0000004846
 10    1.4852777940   -0.8575255340    5.4000000000   -0.0000000077
 10    1.4852777940   -0.8575255340    5.6000000000   -0.0000000001
 10    1.4852777940   -0.8575255340    5.8000000000   -0.0000000000
 10    1.4852777940   -0.8575255340    6.0000000000    0.0000000000
