 site       X              Y              Z             EMT           DFT
  1   0.0000000000   0.0000000000  -5.0000000000  -0.9271735743  -1.0481367200
  1   0.0000000000   0.0000000000  -4.8000000000  -0.9064841790  -1.0341551400
  1   0.0000000000   0.0000000000  -4.6000000000  -0.9456640497  -1.0634472300
  1   0.0000000000   0.0000000000  -4.4000000000  -1.0291464880  -1.1120685600
  1   0.0000000000   0.0000000000  -4.2000000000  -1.0841093461  -1.1441723700
  1   0.0000000000   0.0000000000  -4.0000000000  -1.0880241500  -1.1428062800
  1   0.0000000000   0.0000000000  -3.8000000000  -1.0767673348  -1.1234914100
  1   0.0000000000   0.0000000000  -3.6000000000  -1.0733135622  -1.1164879700
  1   0.0000000000   0.0000000000  -3.4000000000  -1.0922374506  -1.1326124900
  1   0.0000000000   0.0000000000  -3.2000000000  -1.1069984840  -1.1507669400
  1   0.0000000000   0.0000000000  -3.0000000000  -1.1053139610  -1.1421717100
  1   0.0000000000   0.0000000000  -2.8000000000  -1.0392069208  -1.1025158700
  1   0.0000000000   0.0000000000  -2.6000000000  -0.9793990770  -1.0585963200
  1   0.0000000000   0.0000000000  -2.4000000000  -0.9902158411  -1.0456280500
  1   0.0000000000   0.0000000000  -2.2000000000  -1.0665249721  -1.0771306200
  1   0.0000000000   0.0000000000  -2.0000000000  -1.1704376306  -1.1313340400
  1   0.0000000000   0.0000000000  -1.8000000000  -1.2338647303  -1.1516515500
  1   0.0000000000   0.0000000000  -1.6000000000  -1.1417185611  -1.0166319300
  1   0.0000000000   0.0000000000  -1.4000000000  -0.5156460158  -0.3742959700
  1   0.0000000000   0.0000000000  -1.2000000000   1.7811726075   1.8422229800
  1   0.0000000000   0.0000000000  -1.0000000000   8.4684624719   8.5517769600
  1   0.0000000000   0.0000000000   1.0000000000   7.8769529592   7.6765841000
  1   0.0000000000   0.0000000000   1.2000000000   1.0755247984   0.8766178600
  1   0.0000000000   0.0000000000   1.4000000000  -1.2548462809  -1.3052850000
  1   0.0000000000   0.0000000000   1.6000000000  -1.7618792802  -1.7566152900
  1   0.0000000000   0.0000000000   1.8000000000  -1.5900298212  -1.5797203200
  1   0.0000000000   0.0000000000   2.0000000000  -1.2322452193  -1.1983958900
  1   0.0000000000   0.0000000000   2.2000000000  -0.8772780099  -0.7846930900
  1   0.0000000000   0.0000000000   2.4000000000  -0.5937512817  -0.4237280100
  1   0.0000000000   0.0000000000   2.6000000000  -0.3853827250  -0.2072099100
  1   0.0000000000   0.0000000000   2.8000000000  -0.2291565702  -0.0962708300
  1   0.0000000000   0.0000000000   3.0000000000  -0.1237462721  -0.0451418900
  1   0.0000000000   0.0000000000   3.2000000000  -0.0557582974  -0.0222995900
  1   0.0000000000   0.0000000000   3.4000000000  -0.0139963026  -0.0120612900
  1   0.0000000000   0.0000000000   3.6000000000   0.0100437256  -0.0075157000
  1   0.0000000000   0.0000000000   3.8000000000   0.0225001787  -0.0055164800
  1   0.0000000000   0.0000000000   4.0000000000   0.0269866483  -0.0045484600
  1   0.0000000000   0.0000000000   4.2000000000   0.0110449163  -0.0039407100
  1   0.0000000000   0.0000000000   4.4000000000  -0.0013456078  -0.0034222300
  1   0.0000000000   0.0000000000   4.6000000000   0.0008678674  -0.0029049400
  1   0.0000000000   0.0000000000   4.8000000000   0.0021540534  -0.0023772200
  1   0.0000000000   0.0000000000   5.0000000000   0.0025071145  -0.0018477500
  1   0.0000000000   0.0000000000   5.2000000000  -0.0001192160  -0.0013408400
  1   0.0000000000   0.0000000000   5.4000000000  -0.0000482835  -0.0008915600
  1   0.0000000000   0.0000000000   5.6000000000  -0.0000019616  -0.0004981300
  1   0.0000000000   0.0000000000   5.8000000000  -0.0000000682  -0.0001762000
  1   0.0000000000   0.0000000000   6.0000000000  -0.0000000021   0.0000742300
  2   0.4950925980   0.0000000000  -5.0000000000   0.4626675521   0.2716979800
  2   0.4950925980   0.0000000000  -4.8000000000   0.5382376576   0.3770731100
  2   0.4950925980   0.0000000000  -4.6000000000   0.2754111078   0.1762262800
  2   0.4950925980   0.0000000000  -4.4000000000  -0.1810098320  -0.2207344500
  2   0.4950925980   0.0000000000  -4.2000000000  -0.6296137189  -0.6282200700
  2   0.4950925980   0.0000000000  -4.0000000000  -0.9299081176  -0.9175127000
  2   0.4950925980   0.0000000000  -3.8000000000  -1.0555720303  -1.0634802500
  2   0.4950925980   0.0000000000  -3.6000000000  -1.0803109090  -1.0959496300
  2   0.4950925980   0.0000000000  -3.4000000000  -1.0340851195  -1.0284113300
  2   0.4950925980   0.0000000000  -3.2000000000  -0.8590081397  -0.8353097100
  2   0.4950925980   0.0000000000  -3.0000000000  -0.4998632632  -0.4975200700
  2   0.4950925980   0.0000000000  -2.8000000000  -0.0393719535  -0.0754113000
  2   0.4950925980   0.0000000000  -2.6000000000   0.3521936623   0.2706121000
  2   0.4950925980   0.0000000000  -2.4000000000   0.4696047733   0.3650925200
  2   0.4950925980   0.0000000000  -2.2000000000   0.2358339107   0.1539438000
  2   0.4950925980   0.0000000000  -2.0000000000  -0.2209026269  -0.2471428300
  2   0.4950925980   0.0000000000  -1.8000000000  -0.6673407566  -0.6403109600
  2   0.4950925980   0.0000000000  -1.6000000000  -0.9061804499  -0.8445732500
  2   0.4950925980   0.0000000000  -1.4000000000  -0.7311181281  -0.6476252300
  2   0.4950925980   0.0000000000  -1.2000000000   0.4022348109   0.4697963900
  2   0.4950925980   0.0000000000  -1.0000000000   3.8294281940   3.8378432100
  2   0.4950925980   0.0000000000   1.0000000000   3.1797037338   2.9970199500
  2   0.4950925980   0.0000000000   1.2000000000  -0.3869144387  -0.4685275900
  2   0.4950925980   0.0000000000   1.4000000000  -1.5787159385  -1.5888557400
  2   0.4950925980   0.0000000000   1.6000000000  -1.7172609769  -1.7218588800
  2   0.4950925980   0.0000000000   1.8000000000  -1.4637975341  -1.4674781400
  2   0.4950925980   0.0000000000   2.0000000000  -1.1134735587  -1.0863606600
  2   0.4950925980   0.0000000000   2.2000000000  -0.7905312664  -0.6955358500
  2   0.4950925980   0.0000000000   2.4000000000  -0.5339991178  -0.3697565000
  2   0.4950925980   0.0000000000   2.6000000000  -0.3429413035  -0.1807841800
  2   0.4950925980   0.0000000000   2.8000000000  -0.2026708820  -0.0845863000
  2   0.4950925980   0.0000000000   3.0000000000  -0.1071930065  -0.0401606700
  2   0.4950925980   0.0000000000   3.2000000000  -0.0456684828  -0.0201803800
  2   0.4950925980   0.0000000000   3.4000000000  -0.0080081028  -0.0111888100
  2   0.4950925980   0.0000000000   3.6000000000   0.0133150755  -0.0071804200
  2   0.4950925980   0.0000000000   3.8000000000   0.0211174798  -0.0054035300
  2   0.4950925980   0.0000000000   4.0000000000   0.0173706637  -0.0045288300
  2   0.4950925980   0.0000000000   4.2000000000   0.0146797220  -0.0039569100
  2   0.4950925980   0.0000000000   4.4000000000   0.0069759934  -0.0034473900
  2   0.4950925980   0.0000000000   4.6000000000   0.0017621335  -0.0029264200
  2   0.4950925980   0.0000000000   4.8000000000   0.0022573374  -0.0023934000
  2   0.4950925980   0.0000000000   5.0000000000   0.0024334660  -0.0018647000
  2   0.4950925980   0.0000000000   5.2000000000  -0.0002365580  -0.0013665800
  2   0.4950925980   0.0000000000   5.4000000000  -0.0000342602  -0.0009223800
  2   0.4950925980   0.0000000000   5.6000000000  -0.0000013646  -0.0005335400
  2   0.4950925980   0.0000000000   5.8000000000  -0.0000000477  -0.0002101300
  2   0.4950925980   0.0000000000   6.0000000000  -0.0000000015   0.0000423800
  3   0.9901851960   0.0000000000  -5.0000000000   8.7457884987   8.4485172000
  3   0.9901851960   0.0000000000  -4.8000000000   9.2766579498   9.2096237600
  3   0.9901851960   0.0000000000  -4.6000000000   7.7267422698   7.8018882300
  3   0.9901851960   0.0000000000  -4.4000000000   4.9935616996   5.0949056300
  3   0.9901851960   0.0000000000  -4.2000000000   2.3426121885   2.4226629400
  3   0.9901851960   0.0000000000  -4.0000000000   0.5138388193   0.5624511100
  3   0.9901851960   0.0000000000  -3.8000000000  -0.3888886201  -0.3896112800
  3   0.9901851960   0.0000000000  -3.6000000000  -0.5758339863  -0.6031798200
  3   0.9901851960   0.0000000000  -3.4000000000  -0.1531257367  -0.1465905400
  3   0.9901851960   0.0000000000  -3.2000000000   1.0779072873   1.1117578100
  3   0.9901851960   0.0000000000  -3.0000000000   3.2531289619   3.2994252800
  3   0.9901851960   0.0000000000  -2.8000000000   6.0474178493   6.1133258200
  3   0.9901851960   0.0000000000  -2.6000000000   8.4697615176   8.5139200800
  3   0.9901851960   0.0000000000  -2.4000000000   9.2506244881   9.1851412300
  3   0.9901851960   0.0000000000  -2.2000000000   7.9126391579   7.6970446200
  3   0.9901851960   0.0000000000  -2.0000000000   5.2248063065   4.9591733700
  3   0.9901851960   0.0000000000  -1.8000000000   2.4735216955   2.2983098800
  3   0.9901851960   0.0000000000  -1.6000000000   0.4923277533   0.4593176600
  3   0.9901851960   0.0000000000  -1.4000000000  -0.5525727776  -0.4914791800
  3   0.9901851960   0.0000000000  -1.2000000000  -0.8596256898  -0.7495507400
  3   0.9901851960   0.0000000000  -1.0000000000  -0.5584955470  -0.4087266900
  3   0.9901851960   0.0000000000  -0.8000000000   0.5209165689   0.6561365900
  3   0.9901851960   0.0000000000  -0.6000000000   2.5478787290   2.6246445000
  3   0.9901851960   0.0000000000  -0.4000000000   5.2716838653   5.3287169800
  3   0.9901851960   0.0000000000  -0.2000000000   7.7803161201   7.8723843300
  3   0.9901851960   0.0000000000   0.0000000000   8.7915873553   8.9024681300
  3   0.9901851960   0.0000000000   0.2000000000   7.6724773866   7.7224247800
  3   0.9901851960   0.0000000000   0.4000000000   5.0456836522   5.0143067900
  3   0.9901851960   0.0000000000   0.6000000000   2.1902592942   2.1325373400
  3   0.9901851960   0.0000000000   0.8000000000   0.0219235097  -0.0074507800
  3   0.9901851960   0.0000000000   1.0000000000  -1.2133772441  -1.2163270900
  3   0.9901851960   0.0000000000   1.2000000000  -1.6855556514  -1.6991186600
  3   0.9901851960   0.0000000000   1.4000000000  -1.6889278666  -1.7292176200
  3   0.9901851960   0.0000000000   1.6000000000  -1.4509944949  -1.5159720200
  3   0.9901851960   0.0000000000   1.8000000000  -1.1363882920  -1.1937068500
  3   0.9901851960   0.0000000000   2.0000000000  -0.8375990420  -0.8436701800
  3   0.9901851960   0.0000000000   2.2000000000  -0.5839265345  -0.5098086800
  3   0.9901851960   0.0000000000   2.4000000000  -0.3854640025  -0.2666640400
  3   0.9901851960   0.0000000000   2.6000000000  -0.2385092888  -0.1308350200
  3   0.9901851960   0.0000000000   2.8000000000  -0.1405446940  -0.0624062900
  3   0.9901851960   0.0000000000   3.0000000000  -0.0723379381  -0.0305329200
  3   0.9901851960   0.0000000000   3.2000000000  -0.0265397779  -0.0160175500
  3   0.9901851960   0.0000000000   3.4000000000  -0.0010976347  -0.0094602600
  3   0.9901851960   0.0000000000   3.6000000000   0.0135677186  -0.0065347700
  3   0.9901851960   0.0000000000   3.8000000000   0.0144305324  -0.0052066400
  3   0.9901851960   0.0000000000   4.0000000000   0.0178215501  -0.0045096400
  3   0.9901851960   0.0000000000   4.2000000000   0.0191833720  -0.0039909800
  3   0.9901851960   0.0000000000   4.4000000000   0.0146111074  -0.0034878200
  3   0.9901851960   0.0000000000   4.6000000000   0.0076691525  -0.0029598800
  3   0.9901851960   0.0000000000   4.8000000000   0.0035951576  -0.0024181400
  3   0.9901851960   0.0000000000   5.0000000000   0.0016941835  -0.0018841800
  3   0.9901851960   0.0000000000   5.2000000000  -0.0001944530  -0.0013891900
  3   0.9901851960   0.0000000000   5.4000000000  -0.0000118634  -0.0009532700
  3   0.9901851960   0.0000000000   5.6000000000  -0.0000004603  -0.0005722900
  3   0.9901851960   0.0000000000   5.8000000000  -0.0000000163  -0.0002512800
  3   0.9901851960   0.0000000000   6.0000000000  -0.0000000004  -0.0000001800
  4   1.4852777940   0.0000000000  -4.2000000000   5.4375631848   5.6850676100
  4   1.4852777940   0.0000000000  -4.0000000000   2.0254535346   2.0917281100
  4   1.4852777940   0.0000000000  -3.8000000000   0.3519396439   0.3168925200
  4   1.4852777940   0.0000000000  -3.6000000000   0.0026271847  -0.0744760600
  4   1.4852777940   0.0000000000  -3.4000000000   0.7998130830   0.7671678700
  4   1.4852777940   0.0000000000  -3.2000000000   3.0880379301   3.1394035900
  4   1.4852777940   0.0000000000  -3.0000000000   7.1931684684   7.4350210900
  4   1.4852777940   0.0000000000  -1.8000000000   5.7536036414   5.4424900800
  4   1.4852777940   0.0000000000  -1.6000000000   1.9778238772   1.8565445200
  4   1.4852777940   0.0000000000  -1.4000000000  -0.1039060333  -0.0307064200
  4   1.4852777940   0.0000000000  -1.2000000000  -1.0108982463  -0.8439618800
  4   1.4852777940   0.0000000000  -1.0000000000  -1.2988024922  -1.1146655200
  4   1.4852777940   0.0000000000  -0.8000000000  -1.3110136734  -1.1281045300
  4   1.4852777940   0.0000000000  -0.6000000000  -1.1549470707  -0.9983429400
  4   1.4852777940   0.0000000000  -0.4000000000  -0.8850940547  -0.7985041200
  4   1.4852777940   0.0000000000  -0.2000000000  -0.6455534913  -0.6341463700
  4   1.4852777940   0.0000000000   0.0000000000  -0.5713661847  -0.6232422000
  4   1.4852777940   0.0000000000   0.2000000000  -0.7367794301  -0.8196053800
  4   1.4852777940   0.0000000000   0.4000000000  -1.0807452120  -1.1671303900
  4   1.4852777940   0.0000000000   0.6000000000  -1.4466898371  -1.5364316500
  4   1.4852777940   0.0000000000   0.8000000000  -1.6958671904  -1.8041649500
  4   1.4852777940   0.0000000000   1.0000000000  -1.7661805887  -1.9052169100
  4   1.4852777940   0.0000000000   1.2000000000  -1.6728527526  -1.8365501800
  4   1.4852777940   0.0000000000   1.4000000000  -1.4546897272  -1.6349435700
  4   1.4852777940   0.0000000000   1.6000000000  -1.1828070918  -1.3512819400
  4   1.4852777940   0.0000000000   1.8000000000  -0.9138672927  -1.0326422400
  4   1.4852777940   0.0000000000   2.0000000000  -0.6629426106  -0.7129287000
  4   1.4852777940   0.0000000000   2.2000000000  -0.4611200129  -0.4154696900
  4   1.4852777940   0.0000000000   2.4000000000  -0.3027951717  -0.2177428300
  4   1.4852777940   0.0000000000   2.6000000000  -0.1874778585  -0.1074131800
  4   1.4852777940   0.0000000000   2.8000000000  -0.1077147419  -0.0519192500
  4   1.4852777940   0.0000000000   3.0000000000  -0.0477230875  -0.0258826800
  4   1.4852777940   0.0000000000   3.2000000000  -0.0118978060  -0.0139793700
  4   1.4852777940   0.0000000000   3.4000000000  -0.0030610317  -0.0086057000
  4   1.4852777940   0.0000000000   3.6000000000   0.0083313517  -0.0062173700
  4   1.4852777940   0.0000000000   3.8000000000   0.0167569426  -0.0051224400
  4   1.4852777940   0.0000000000   4.0000000000   0.0204306316  -0.0044978500
  4   1.4852777940   0.0000000000   4.2000000000   0.0210070268  -0.0040071200
  4   1.4852777940   0.0000000000   4.4000000000   0.0171961165  -0.0035041200
  4   1.4852777940   0.0000000000   4.6000000000   0.0086737239  -0.0029746900
  4   1.4852777940   0.0000000000   4.8000000000   0.0072670502  -0.0024275000
  4   1.4852777940   0.0000000000   5.0000000000   0.0001256073  -0.0018863600
  4   1.4852777940   0.0000000000   5.2000000000  -0.0000605450  -0.0013897400
  4   1.4852777940   0.0000000000   5.4000000000  -0.0000028915  -0.0009559400
  4   1.4852777940   0.0000000000   5.6000000000  -0.0000001143  -0.0005780500
  4   1.4852777940   0.0000000000   5.8000000000  -0.0000000041  -0.0002586800
  4   1.4852777940   0.0000000000   6.0000000000  -0.0000000000  -0.0000075500
  5   0.7426388970   0.4287627670  -5.0000000000  -0.0719281894  -0.3088081700
  5   0.7426388970   0.4287627670  -4.8000000000  -0.0124183629  -0.2372000200
  5   0.7426388970   0.4287627670  -4.6000000000  -0.1863397749  -0.3570495200
  5   0.7426388970   0.4287627670  -4.4000000000  -0.4980659622  -0.6028261500
  5   0.7426388970   0.4287627670  -4.2000000000  -0.7952473304  -0.8550733100
  5   0.7426388970   0.4287627670  -4.0000000000  -0.9562868801  -1.0064850200
  5   0.7426388970   0.4287627670  -3.8000000000  -0.9398988017  -0.9638158400
  5   0.7426388970   0.4287627670  -3.6000000000  -0.5915007402  -0.5574703000
  5   0.7426388970   0.4287627670  -3.4000000000   0.5117154566   0.5861212900
  5   0.7426388970   0.4287627670  -3.2000000000   2.9400774609   3.0642952300
  5   0.7426388970   0.4287627670  -3.0000000000   7.1223919448   7.3982095500
  5   0.7426388970   0.4287627670  -1.8000000000   5.8347591701   5.4713330400
  5   0.7426388970   0.4287627670  -1.6000000000   2.1554815910   1.9312037800
  5   0.7426388970   0.4287627670  -1.4000000000   0.2491417897   0.1666763800
  5   0.7426388970   0.4287627670  -1.2000000000  -0.2783280085  -0.2948857300
  5   0.7426388970   0.4287627670  -1.0000000000   0.3287761136   0.3542774800
  5   0.7426388970   0.4287627670  -0.8000000000   2.3563694976   2.3870729200
  5   0.7426388970   0.4287627670  -0.6000000000   6.1963985162   6.2684102600
  5   0.7426388970   0.4287627670   0.6000000000   5.7932122832   5.7664389600
  5   0.7426388970   0.4287627670   0.8000000000   1.7534853528   1.6845959200
  5   0.7426388970   0.4287627670   1.0000000000  -0.5397936086  -0.5617080100
  5   0.7426388970   0.4287627670   1.2000000000  -1.5231063682  -1.5175202600
  5   0.7426388970   0.4287627670   1.4000000000  -1.7190803739  -1.7357268600
  5   0.7426388970   0.4287627670   1.6000000000  -1.5399970035  -1.5836824700
  5   0.7426388970   0.4287627670   1.8000000000  -1.2363817539  -1.2698266000
  5   0.7426388970   0.4287627670   2.0000000000  -0.9169547340  -0.9084922900
  5   0.7426388970   0.4287627670   2.2000000000  -0.6459752678  -0.5587177200
  5   0.7426388970   0.4287627670   2.4000000000  -0.4293272773  -0.2925655300
  5   0.7426388970   0.4287627670   2.6000000000  -0.2667461001  -0.1432468400
  5   0.7426388970   0.4287627670   2.8000000000  -0.1569798893  -0.0679205900
  5   0.7426388970   0.4287627670   3.0000000000  -0.0810290124  -0.0329416600
  5   0.7426388970   0.4287627670   3.2000000000  -0.0303072783  -0.0170580400
  5   0.7426388970   0.4287627670   3.4000000000  -0.0002769899  -0.0098911300
  5   0.7426388970   0.4287627670   3.6000000000   0.0098360518  -0.0066961900
  5   0.7426388970   0.4287627670   3.8000000000   0.0175032163  -0.0052512300
  5   0.7426388970   0.4287627670   4.0000000000   0.0207252295  -0.0045128700
  5   0.7426388970   0.4287627670   4.2000000000   0.0137120335  -0.0039808100
  5   0.7426388970   0.4287627670   4.4000000000   0.0129242152  -0.0034754800
  5   0.7426388970   0.4287627670   4.6000000000   0.0080706806  -0.0029501600
  5   0.7426388970   0.4287627670   4.8000000000   0.0025480064  -0.0024093400
  5   0.7426388970   0.4287627670   5.0000000000   0.0020473774  -0.0018746200
  5   0.7426388970   0.4287627670   5.2000000000  -0.0002362713  -0.0013798900
  5   0.7426388970   0.4287627670   5.4000000000  -0.0000169536  -0.0009412200
  5   0.7426388970   0.4287627670   5.6000000000  -0.0000006608  -0.0005603900
  5   0.7426388970   0.4287627670   5.8000000000  -0.0000000233  -0.0002399000
  5   0.7426388970   0.4287627670   6.0000000000  -0.0000000007   0.0000111500
  6   1.2377314950   0.4287627670  -5.0000000000   0.4467243949   0.2675543800
  6   1.2377314950   0.4287627670  -4.8000000000   0.5437735900   0.3859269800
  6   1.2377314950   0.4287627670  -4.6000000000   0.2983964894   0.1949902700
  6   1.2377314950   0.4287627670  -4.4000000000  -0.1430774186  -0.1946857400
  6   1.2377314950   0.4287627670  -4.2000000000  -0.5438479549  -0.5793263600
  6   1.2377314950   0.4287627670  -4.0000000000  -0.7110813717  -0.7542144900
  6   1.2377314950   0.4287627670  -3.8000000000  -0.4251176233  -0.4496667800
  6   1.2377314950   0.4287627670  -3.6000000000   0.9361606833   0.9781790900
  6   1.2377314950   0.4287627670  -3.4000000000   4.8338686267   5.0959210200
  6   1.2377314950   0.4287627670  -1.4000000000   3.2467984760   2.9572511200
  6   1.2377314950   0.4287627670  -1.2000000000   0.1471228865   0.1450625200
  6   1.2377314950   0.4287627670  -1.0000000000  -0.8891321292  -0.7639143100
  6   1.2377314950   0.4287627670  -0.8000000000  -1.0737941848  -0.8987999400
  6   1.2377314950   0.4287627670  -0.6000000000  -0.8817511629  -0.6940922300
  6   1.2377314950   0.4287627670  -0.4000000000  -0.4984776485  -0.3450376500
  6   1.2377314950   0.4287627670  -0.2000000000  -0.1373831621  -0.0398038400
  6   1.2377314950   0.4287627670   0.0000000000  -0.0207224151   0.0272149700
  6   1.2377314950   0.4287627670   0.2000000000  -0.2467215722  -0.2320121200
  6   1.2377314950   0.4287627670   0.4000000000  -0.7184249101  -0.7273727800
  6   1.2377314950   0.4287627670   0.6000000000  -1.2305658198  -1.2596512200
  6   1.2377314950   0.4287627670   0.8000000000  -1.5955197812  -1.6545010300
  6   1.2377314950   0.4287627670   1.0000000000  -1.7331629525  -1.8348650900
  6   1.2377314950   0.4287627670   1.2000000000  -1.6638077549  -1.8090426800
  6   1.2377314950   0.4287627670   1.4000000000  -1.4604597562  -1.6284617200
  6   1.2377314950   0.4287627670   1.6000000000  -1.1990532568  -1.3536471100
  6   1.2377314950   0.4287627670   1.8000000000  -0.9239343592  -1.0375694900
  6   1.2377314950   0.4287627670   2.0000000000  -0.6819307243  -0.7177796900
  6   1.2377314950   0.4287627670   2.2000000000  -0.4768224166  -0.4191638000
  6   1.2377314950   0.4287627670   2.4000000000  -0.3100455889  -0.2195615400
  6   1.2377314950   0.4287627670   2.6000000000  -0.1880563552  -0.1081583200
  6   1.2377314950   0.4287627670   2.8000000000  -0.1089576612  -0.0521858900
  6   1.2377314950   0.4287627670   3.0000000000  -0.0528054531  -0.0259840800
  6   1.2377314950   0.4287627670   3.2000000000  -0.0176947092  -0.0140137200
  6   1.2377314950   0.4287627670   3.4000000000   0.0022930879  -0.0086256800
  6   1.2377314950   0.4287627670   3.6000000000   0.0143372418  -0.0062384000
  6   1.2377314950   0.4287627670   3.8000000000   0.0190092466  -0.0051342800
  6   1.2377314950   0.4287627670   4.0000000000   0.0196526718  -0.0044970100
  6   1.2377314950   0.4287627670   4.2000000000   0.0168670893  -0.0040028200
  6   1.2377314950   0.4287627670   4.4000000000   0.0148799479  -0.0035035900
  6   1.2377314950   0.4287627670   4.6000000000   0.0128060803  -0.0029741300
  6   1.2377314950   0.4287627670   4.8000000000   0.0059434441  -0.0024213100
  6   1.2377314950   0.4287627670   5.0000000000   0.0003104518  -0.0018770500
  6   1.2377314950   0.4287627670   5.2000000000  -0.0000838489  -0.0013780900
  6   1.2377314950   0.4287627670   5.4000000000  -0.0000040693  -0.0009422700
  6   1.2377314950   0.4287627670   5.6000000000  -0.0000001584  -0.0005642400
  6   1.2377314950   0.4287627670   5.8000000000  -0.0000000057  -0.0002452100
  6   1.2377314950   0.4287627670   6.0000000000  -0.0000000001   0.0000053000
  7   1.4852777940   0.8575255340  -5.0000000000  -0.9163347474  -1.0557223300
  7   1.4852777940   0.8575255340  -4.8000000000  -0.9082380673  -1.0280117500
  7   1.4852777940   0.8575255340  -4.6000000000  -0.9639474208  -1.0492853100
  7   1.4852777940   0.8575255340  -4.4000000000  -1.0422915020  -1.0976087900
  7   1.4852777940   0.8575255340  -4.2000000000  -1.0686362025  -1.1050954600
  7   1.4852777940   0.8575255340  -4.0000000000  -0.9122089248  -0.9136875100
  7   1.4852777940   0.8575255340  -3.8000000000  -0.1227426730  -0.0709761100
  7   1.4852777940   0.8575255340  -3.6000000000   2.5676068418   2.7413729800
  7   1.4852777940   0.8575255340  -1.4000000000   7.2588678732   6.7220408000
  7   1.4852777940   0.8575255340  -1.2000000000   1.2927938343   1.2123059900
  7   1.4852777940   0.8575255340  -1.0000000000  -0.7684567822  -0.5987595800
  7   1.4852777940   0.8575255340  -0.8000000000  -1.3647167719  -1.1342720700
  7   1.4852777940   0.8575255340  -0.6000000000  -1.4959127777  -1.2724581500
  7   1.4852777940   0.8575255340  -0.4000000000  -1.4918582798  -1.3032891100
  7   1.4852777940   0.8575255340  -0.2000000000  -1.4614766791  -1.3319933000
  7   1.4852777940   0.8575255340   0.0000000000  -1.4792614896  -1.4090055500
  7   1.4852777940   0.8575255340   0.2000000000  -1.5572953537  -1.5474835100
  7   1.4852777940   0.8575255340   0.4000000000  -1.6662910346  -1.7198277700
  7   1.4852777940   0.8575255340   0.6000000000  -1.7576748868  -1.8706495500
  7   1.4852777940   0.8575255340   0.8000000000  -1.7753655789  -1.9447705200
  7   1.4852777940   0.8575255340   1.0000000000  -1.6930615718  -1.9108710400
  7   1.4852777940   0.8575255340   1.2000000000  -1.5193207575  -1.7683846000
  7   1.4852777940   0.8575255340   1.4000000000  -1.2852857954  -1.5400867900
  7   1.4852777940   0.8575255340   1.6000000000  -1.0293901899  -1.2587201100
  7   1.4852777940   0.8575255340   1.8000000000  -0.8040723412  -0.9553664400
  7   1.4852777940   0.8575255340   2.0000000000  -0.5911194612  -0.6539596800
  7   1.4852777940   0.8575255340   2.2000000000  -0.4056642923  -0.3763312800
  7   1.4852777940   0.8575255340   2.4000000000  -0.2718385844  -0.1971953500
  7   1.4852777940   0.8575255340   2.6000000000  -0.1770619435  -0.0974032700
  7   1.4852777940   0.8575255340   2.8000000000  -0.1045322579  -0.0472863500
  7   1.4852777940   0.8575255340   3.0000000000  -0.0488476643  -0.0237776400
  7   1.4852777940   0.8575255340   3.2000000000  -0.0120029236  -0.0130471500
  7   1.4852777940   0.8575255340   3.4000000000   0.0104417271  -0.0082332800
  7   1.4852777940   0.8575255340   3.6000000000   0.0225440653  -0.0061043400
  7   1.4852777940   0.8575255340   3.8000000000   0.0220783330  -0.0051001300
  7   1.4852777940   0.8575255340   4.0000000000   0.0150483572  -0.0044899100
  7   1.4852777940   0.8575255340   4.2000000000   0.0159218690  -0.0039934000
  7   1.4852777940   0.8575255340   4.4000000000   0.0156328346  -0.0035171900
  7   1.4852777940   0.8575255340   4.6000000000   0.0143186167  -0.0029876000
  7   1.4852777940   0.8575255340   4.8000000000   0.0090134308  -0.0024247800
  7   1.4852777940   0.8575255340   5.0000000000  -0.0002164236  -0.0018701000
  7   1.4852777940   0.8575255340   5.2000000000  -0.0000270066  -0.0013670000
  7   1.4852777940   0.8575255340   5.4000000000  -0.0000012371  -0.0009294600
  7   1.4852777940   0.8575255340   5.6000000000  -0.0000000498  -0.0005499500
  7   1.4852777940   0.8575255340   5.8000000000  -0.0000000018  -0.0002292000
  7   1.4852777940   0.8575255340   6.0000000000   0.0000000001   0.0000187500
  8   0.7426388970  -0.4287627670  -4.2000000000   5.3411456669   5.6394777400
  8   0.7426388970  -0.4287627670  -4.0000000000   1.8364732175   1.9916166900
  8   0.7426388970  -0.4287627670  -3.8000000000  -0.0256752626   0.0625622100
  8   0.7426388970  -0.4287627670  -3.6000000000  -0.7873654419  -0.7612694200
  8   0.7426388970  -0.4287627670  -3.4000000000  -0.9823195237  -1.0100158700
  8   0.7426388970  -0.4287627670  -3.2000000000  -0.9332932513  -0.9726480200
  8   0.7426388970  -0.4287627670  -3.0000000000  -0.7231128310  -0.7764629500
  8   0.7426388970  -0.4287627670  -2.8000000000  -0.4129103215  -0.5140946900
  8   0.7426388970  -0.4287627670  -2.6000000000  -0.1575726119  -0.3021623000
  8   0.7426388970  -0.4287627670  -2.4000000000  -0.0855941408  -0.2497415900
  8   0.7426388970  -0.4287627670  -2.2000000000  -0.2576679714  -0.3879501200
  8   0.7426388970  -0.4287627670  -2.0000000000  -0.5905355341  -0.6460317200
  8   0.7426388970  -0.4287627670  -1.8000000000  -0.9268845692  -0.9045977400
  8   0.7426388970  -0.4287627670  -1.6000000000  -1.1476576161  -1.0651500700
  8   0.7426388970  -0.4287627670  -1.4000000000  -1.1921044885  -1.0560814000
  8   0.7426388970  -0.4287627670  -1.2000000000  -0.9382996101  -0.7475215700
  8   0.7426388970  -0.4287627670  -1.0000000000  -0.0014197144   0.1823346800
  8   0.7426388970  -0.4287627670  -0.8000000000   2.1942263611   2.3025244600
  8   0.7426388970  -0.4287627670  -0.6000000000   6.1203736642   6.2085011900
  8   0.7426388970  -0.4287627670   0.6000000000   5.7962998625   5.7459734900
  8   0.7426388970  -0.4287627670   0.8000000000   1.7514749860   1.6701627700
  8   0.7426388970  -0.4287627670   1.0000000000  -0.5564669735  -0.5703121100
  8   0.7426388970  -0.4287627670   1.2000000000  -1.5314698661  -1.5213849900
  8   0.7426388970  -0.4287627670   1.4000000000  -1.7243386624  -1.7362715000
  8   0.7426388970  -0.4287627670   1.6000000000  -1.5420989356  -1.5822073400
  8   0.7426388970  -0.4287627670   1.8000000000  -1.2289745834  -1.2673290400
  8   0.7426388970  -0.4287627670   2.0000000000  -0.9146490928  -0.9057170300
  8   0.7426388970  -0.4287627670   2.2000000000  -0.6441223046  -0.5561452800
  8   0.7426388970  -0.4287627670   2.4000000000  -0.4244923526  -0.2912656400
  8   0.7426388970  -0.4287627670   2.6000000000  -0.2713079854  -0.1427233900
  8   0.7426388970  -0.4287627670   2.8000000000  -0.1571037984  -0.0677455400
  8   0.7426388970  -0.4287627670   3.0000000000  -0.0810297200  -0.0328936800
  8   0.7426388970  -0.4287627670   3.2000000000  -0.0303072823  -0.0170492500
  8   0.7426388970  -0.4287627670   3.4000000000  -0.0002769899  -0.0098951000
  8   0.7426388970  -0.4287627670   3.6000000000   0.0098360518  -0.0067037500
  8   0.7426388970  -0.4287627670   3.8000000000   0.0175032163  -0.0052576600
  8   0.7426388970  -0.4287627670   4.0000000000   0.0207252295  -0.0045155600
  8   0.7426388970  -0.4287627670   4.2000000000   0.0137120335  -0.0039826300
  8   0.7426388970  -0.4287627670   4.4000000000   0.0129242152  -0.0034794900
  8   0.7426388970  -0.4287627670   4.6000000000   0.0080706806  -0.0029562800
  8   0.7426388970  -0.4287627670   4.8000000000   0.0025480064  -0.0024143500
  8   0.7426388970  -0.4287627670   5.0000000000   0.0020473774  -0.0018811800
  8   0.7426388970  -0.4287627670   5.2000000000  -0.0002362713  -0.0013866500
  8   0.7426388970  -0.4287627670   5.4000000000  -0.0000169536  -0.0009474500
  8   0.7426388970  -0.4287627670   5.6000000000  -0.0000006608  -0.0005658900
  8   0.7426388970  -0.4287627670   5.8000000000  -0.0000000233  -0.0002438400
  8   0.7426388970  -0.4287627670   6.0000000000  -0.0000000007   0.0000083500
  9   1.2377314950  -0.4287627670  -3.8000000000   2.9132623801   3.1667892200
  9   1.2377314950  -0.4287627670  -3.6000000000   0.2184848641   0.2718310800
  9   1.2377314950  -0.4287627670  -3.4000000000  -0.6233797161  -0.6406193500
  9   1.2377314950  -0.4287627670  -3.2000000000  -0.7035203724  -0.7313751100
  9   1.2377314950  -0.4287627670  -3.0000000000  -0.4388674838  -0.4597941600
  9   1.2377314950  -0.4287627670  -2.8000000000  -0.0083537467  -0.0505397700
  9   1.2377314950  -0.4287627670  -2.6000000000   0.3663249194   0.2881237700
  9   1.2377314950  -0.4287627670  -2.4000000000   0.4690538084   0.3715391200
  9   1.2377314950  -0.4287627670  -2.2000000000   0.2249446429   0.1473970200
  9   1.2377314950  -0.4287627670  -2.0000000000  -0.2473435294  -0.2663589900
  9   1.2377314950  -0.4287627670  -1.8000000000  -0.7447729631  -0.6812113100
  9   1.2377314950  -0.4287627670  -1.6000000000  -1.1056626092  -0.9712500900
  9   1.2377314950  -0.4287627670  -1.4000000000  -1.2949933771  -1.1194356900
  9   1.2377314950  -0.4287627670  -1.2000000000  -1.3706961577  -1.1680153600
  9   1.2377314950  -0.4287627670  -1.0000000000  -1.3734294787  -1.1426470800
  9   1.2377314950  -0.4287627670  -0.8000000000  -1.2559205167  -1.0196946700
  9   1.2377314950  -0.4287627670  -0.6000000000  -0.9527893684  -0.7646742200
  9   1.2377314950  -0.4287627670  -0.4000000000  -0.5293987806  -0.4113168900
  9   1.2377314950  -0.4287627670  -0.2000000000  -0.1460283324  -0.1031688300
  9   1.2377314950  -0.4287627670   0.0000000000  -0.0127114516  -0.0282388400
  9   1.2377314950  -0.4287627670   0.2000000000  -0.2341935689  -0.2769840700
  9   1.2377314950  -0.4287627670   0.4000000000  -0.7164917284  -0.7615207000
  9   1.2377314950  -0.4287627670   0.6000000000  -1.2345824997  -1.2835874900
  9   1.2377314950  -0.4287627670   0.8000000000  -1.6047610291  -1.6692335200
  9   1.2377314950  -0.4287627670   1.0000000000  -1.7466543734  -1.8417137200
  9   1.2377314950  -0.4287627670   1.2000000000  -1.6773422547  -1.8098693100
  9   1.2377314950  -0.4287627670   1.4000000000  -1.4712947654  -1.6250876300
  9   1.2377314950  -0.4287627670   1.6000000000  -1.2001648271  -1.3478245500
  9   1.2377314950  -0.4287627670   1.8000000000  -0.9246852666  -1.0308091400
  9   1.2377314950  -0.4287627670   2.0000000000  -0.6730778292  -0.7112328400
  9   1.2377314950  -0.4287627670   2.2000000000  -0.4654771893  -0.4140699600
  9   1.2377314950  -0.4287627670   2.4000000000  -0.3083496717  -0.2171433000
  9   1.2377314950  -0.4287627670   2.6000000000  -0.1936394285  -0.1072021700
  9   1.2377314950  -0.4287627670   2.8000000000  -0.1093679729  -0.0518747900
  9   1.2377314950  -0.4287627670   3.0000000000  -0.0528078204  -0.0258912200
  9   1.2377314950  -0.4287627670   3.2000000000  -0.0176947218  -0.0139953000
  9   1.2377314950  -0.4287627670   3.4000000000   0.0022930879  -0.0086313900
  9   1.2377314950  -0.4287627670   3.6000000000   0.0143372418  -0.0062493800
  9   1.2377314950  -0.4287627670   3.8000000000   0.0190092466  -0.0051427200
  9   1.2377314950  -0.4287627670   4.0000000000   0.0196526718  -0.0045037000
  9   1.2377314950  -0.4287627670   4.2000000000   0.0168670893  -0.0040086200
  9   1.2377314950  -0.4287627670   4.4000000000   0.0148799479  -0.0035118600
  9   1.2377314950  -0.4287627670   4.6000000000   0.0128060803  -0.0029850700
  9   1.2377314950  -0.4287627670   4.8000000000   0.0059434441  -0.0024347100
  9   1.2377314950  -0.4287627670   5.0000000000   0.0003104518  -0.0018921000
  9   1.2377314950  -0.4287627670   5.2000000000  -0.0000838489  -0.0013948400
  9   1.2377314950  -0.4287627670   5.4000000000  -0.0000040693  -0.0009582600
  9   1.2377314950  -0.4287627670   5.6000000000  -0.0000001584  -0.0005785100
  9   1.2377314950  -0.4287627670   5.8000000000  -0.0000000057  -0.0002554400
  9   1.2377314950  -0.4287627670   6.0000000000  -0.0000000001  -0.0000046800
 10   1.4852777940  -0.8575255340  -3.8000000000   6.3834162974   7.0795159800
 10   1.4852777940  -0.8575255340  -3.6000000000   1.1771555597   1.3667310500
 10   1.4852777940  -0.8575255340  -3.4000000000  -0.5657694370  -0.4991557800
 10   1.4852777940  -0.8575255340  -3.2000000000  -1.0293405509  -1.0240881000
 10   1.4852777940  -0.8575255340  -3.0000000000  -1.0983856701  -1.1174713000
 10   1.4852777940  -0.8575255340  -2.8000000000  -1.0546171478  -1.0857216300
 10   1.4852777940  -0.8575255340  -2.6000000000  -0.9957643907  -1.0435947600
 10   1.4852777940  -0.8575255340  -2.4000000000  -0.9845207549  -1.0413499200
 10   1.4852777940  -0.8575255340  -2.2000000000  -1.0367939396  -1.0861071300
 10   1.4852777940  -0.8575255340  -2.0000000000  -1.1403083679  -1.1493282900
 10   1.4852777940  -0.8575255340  -1.8000000000  -1.2422630018  -1.1911337800
 10   1.4852777940  -0.8575255340  -1.6000000000  -1.3045828502  -1.1933137200
 10   1.4852777940  -0.8575255340  -1.4000000000  -1.3332698284  -1.1754482000
 10   1.4852777940  -0.8575255340  -1.2000000000  -1.3656484669  -1.1773397200
 10   1.4852777940  -0.8575255340  -1.0000000000  -1.4213758865  -1.2207244500
 10   1.4852777940  -0.8575255340  -0.8000000000  -1.4758542581  -1.2891257300
 10   1.4852777940  -0.8575255340  -0.6000000000  -1.5141074463  -1.3484605600
 10   1.4852777940  -0.8575255340  -0.4000000000  -1.4858654706  -1.3848671700
 10   1.4852777940  -0.8575255340  -0.2000000000  -1.4483399288  -1.4199335800
 10   1.4852777940  -0.8575255340   0.0000000000  -1.4706973220  -1.4908863300
 10   1.4852777940  -0.8575255340   0.2000000000  -1.5583003733  -1.6152268600
 10   1.4852777940  -0.8575255340   0.4000000000  -1.6764304442  -1.7706857700
 10   1.4852777940  -0.8575255340   0.6000000000  -1.7680198640  -1.9050154200
 10   1.4852777940  -0.8575255340   0.8000000000  -1.7849878610  -1.9645906100
 10   1.4852777940  -0.8575255340   1.0000000000  -1.7017187839  -1.9188649900
 10   1.4852777940  -0.8575255340   1.2000000000  -1.5273974030  -1.7675721200
 10   1.4852777940  -0.8575255340   1.4000000000  -1.3012644237  -1.5334293900
 10   1.4852777940  -0.8575255340   1.6000000000  -1.0502003092  -1.2488399300
 10   1.4852777940  -0.8575255340   1.8000000000  -0.7975022527  -0.9444719700
 10   1.4852777940  -0.8575255340   2.0000000000  -0.5739560348  -0.6436749800
 10   1.4852777940  -0.8575255340   2.2000000000  -0.3918851173  -0.3689338500
 10   1.4852777940  -0.8575255340   2.4000000000  -0.2683912224  -0.1936785700
 10   1.4852777940  -0.8575255340   2.6000000000  -0.1844417837  -0.0960258500
 10   1.4852777940  -0.8575255340   2.8000000000  -0.1052699572  -0.0468218100
 10   1.4852777940  -0.8575255340   3.0000000000  -0.0488520641  -0.0236379500
 10   1.4852777940  -0.8575255340   3.2000000000  -0.0120029467  -0.0130172700
 10   1.4852777940  -0.8575255340   3.4000000000   0.0104417270  -0.0082413100
 10   1.4852777940  -0.8575255340   3.6000000000   0.0225440653  -0.0061235200
 10   1.4852777940  -0.8575255340   3.8000000000   0.0220783330  -0.0051172200
 10   1.4852777940  -0.8575255340   4.0000000000   0.0150483572  -0.0045018300
 10   1.4852777940  -0.8575255340   4.2000000000   0.0159218690  -0.0040016600
 10   1.4852777940  -0.8575255340   4.4000000000   0.0156328346  -0.0035248100
 10   1.4852777940  -0.8575255340   4.6000000000   0.0143186167  -0.0030018600
 10   1.4852777940  -0.8575255340   4.8000000000   0.0090134308  -0.0024457000
 10   1.4852777940  -0.8575255340   5.0000000000  -0.0002164236  -0.0018945400
 10   1.4852777940  -0.8575255340   5.2000000000  -0.0000270066  -0.0013926000
 10   1.4852777940  -0.8575255340   5.4000000000  -0.0000012371  -0.0009544800
 10   1.4852777940  -0.8575255340   5.6000000000  -0.0000000498  -0.0005731000
 10   1.4852777940  -0.8575255340   5.8000000000  -0.0000000018  -0.0002497000
 10   1.4852777940  -0.8575255340   6.0000000000   0.0000000001   0.0000000000

 
  Test of EMT_fit_1   
 NO OF DATA POINTS IS 483   NO OF PARAMETERS IS 14   NO OF INDEPENDENT VARIABLES IS  3
 DELTA= 0.99999997E-05   E= 0.49999999E-04   FF= 0.40000000E+01   GAMCR= 0.45000000E+02
   T= 0.20000000E+01   TAU= 0.54110893-311   ZETA= 0.21219958-313   AL= 0.10000000E+00
 XXXXXXXXXXXXXXXXXXXXXXXXXXXXXXXXXXXXXXXXXXXXXXXXXXXXXXXXXXXXXXXXXXXXXXXXXXXXXXXXXXXXXXXXXXXXXXXXXXX
 

 NO OF ITERATIONS =  1
 PHI = 0.52834452E+01    LAMBDA = 0.10000000E-01
 PARAMETERS
    0.15811660E+01   0.29777409E+01   0.17751848E+01  -0.23710000E+01   0.29557700E+00   0.68041100E+00   0.66445799E+00

    0.38435917E+01   0.65950586E+01   0.41205481E+01  -0.38000000E+01   0.17325000E-01   0.16417400E+01   0.23210000E+01

 GAMMA = 0.71962877E+02    LENGTH OF DB = 0.43431264E+00
 DB CORRECTION VECTOR
   -0.94026659E-04   0.63086698E-03   0.75447724E-02   0.00000000E+00   0.00000000E+00   0.00000000E+00  -0.31970109E-02

    0.21690294E-04  -0.11434671E-04  -0.28319113E-02   0.00000000E+00   0.00000000E+00   0.00000000E+00   0.00000000E+00

 XXXXXXXXXXXXXXXXXXXXXXXXXXXXXXXXXXXXXXXXXXXXXXXXXXXXXXXXXXXXXXXXXXXXXXXXXXXXXXXXXXXXXXXXXXXXXXXXXXX
 

 NO OF ITERATIONS =  2
 PHI = 0.52723498E+01    LAMBDA = 0.10000000E-02
 PARAMETERS
    0.15822960E+01   0.29804261E+01   0.17752439E+01  -0.23710000E+01   0.29557700E+00   0.68041100E+00   0.66335023E+00

    0.38439418E+01   0.65947795E+01   0.41032241E+01  -0.38000000E+01   0.17325000E-01   0.16417400E+01   0.23210000E+01

 GAMMA = 0.48001261E+02    LENGTH OF DB = 0.22052295E+01
 DB CORRECTION VECTOR
    0.11300568E-02   0.26851934E-02   0.59122962E-04   0.00000000E+00   0.00000000E+00   0.00000000E+00  -0.11077580E-02

    0.35007223E-03  -0.27906554E-03  -0.17323995E-01   0.00000000E+00   0.00000000E+00   0.00000000E+00   0.00000000E+00

 XXXXXXXXXXXXXXXXXXXXXXXXXXXXXXXXXXXXXXXXXXXXXXXXXXXXXXXXXXXXXXXXXXXXXXXXXXXXXXXXXXXXXXXXXXXXXXXXXXX
 

 NO OF ITERATIONS =  3
 PHI = 0.52483903E+01    LAMBDA = 0.10000000E-03
 PARAMETERS
    0.15910311E+01   0.29981864E+01   0.17796596E+01  -0.23710000E+01   0.29557700E+00   0.68041100E+00   0.65839535E+00

    0.38454617E+01   0.65953499E+01   0.40642873E+01  -0.38000000E+01   0.17325000E-01   0.16417400E+01   0.23210000E+01

 GAMMA = 0.73604186E+02    LENGTH OF DB = 0.88844241E+01
 DB CORRECTION VECTOR
    0.87351015E-02   0.17760291E-01   0.44156780E-02   0.00000000E+00   0.00000000E+00   0.00000000E+00  -0.49548820E-02

    0.15199828E-02   0.57040910E-03  -0.38936833E-01   0.00000000E+00   0.00000000E+00   0.00000000E+00   0.00000000E+00

 XXXXXXXXXXXXXXXXXXXXXXXXXXXXXXXXXXXXXXXXXXXXXXXXXXXXXXXXXXXXXXXXXXXXXXXXXXXXXXXXXXXXXXXXXXXXXXXXXXX
 

 NO OF ITERATIONS =  4
 PHI = 0.51955694E+01    LAMBDA = 0.10000000E-04
 PARAMETERS
    0.16393829E+01   0.30907629E+01   0.18430304E+01  -0.23710000E+01   0.29557700E+00   0.68041100E+00   0.62380263E+00

    0.38529209E+01   0.66092521E+01   0.40975201E+01  -0.38000000E+01   0.17325000E-01   0.16417400E+01   0.23210000E+01

 GAMMA = 0.88424026E+02    LENGTH OF DB = 0.48573178E+02
 DB CORRECTION VECTOR
    0.48351719E-01   0.92576566E-01   0.63370845E-01   0.00000000E+00   0.00000000E+00   0.00000000E+00  -0.34592714E-01

    0.74591257E-02   0.13902189E-01   0.33232814E-01   0.00000000E+00   0.00000000E+00   0.00000000E+00   0.00000000E+00

 XXXXXXXXXXXXXXXXXXXXXXXXXXXXXXXXXXXXXXXXXXXXXXXXXXXXXXXXXXXXXXXXXXXXXXXXXXXXXXXXXXXXXXXXXXXXXXXXXXX
 

 NO OF ITERATIONS =  5
 PHI = 0.51647076E+01    LAMBDA = 0.10000000E-04
 PARAMETERS
    0.16654301E+01   0.31409650E+01   0.18756676E+01  -0.23710000E+01   0.29557700E+00   0.68041100E+00   0.60089030E+00

    0.38596420E+01   0.66214918E+01   0.41213273E+01  -0.38000000E+01   0.17325000E-01   0.16417400E+01   0.23210000E+01

 GAMMA = 0.89752393E+02    LENGTH OF DB = 0.34631186E+02
 DB CORRECTION VECTOR
    0.26047258E-01   0.50202036E-01   0.32637219E-01   0.00000000E+00   0.00000000E+00   0.00000000E+00  -0.22912336E-01

    0.67210842E-02   0.12239683E-01   0.23807254E-01   0.00000000E+00   0.00000000E+00   0.00000000E+00   0.00000000E+00

 XXXXXXXXXXXXXXXXXXXXXXXXXXXXXXXXXXXXXXXXXXXXXXXXXXXXXXXXXXXXXXXXXXXXXXXXXXXXXXXXXXXXXXXXXXXXXXXXXXX
 

 NO OF ITERATIONS =  6
 PHI = 0.51470880E+01    LAMBDA = 0.10000000E-04
 PARAMETERS
    0.16772423E+01   0.31640501E+01   0.18876894E+01  -0.23710000E+01   0.29557700E+00   0.68041100E+00   0.58457023E+00

    0.38658900E+01   0.66323692E+01   0.41331877E+01  -0.38000000E+01   0.17325000E-01   0.16417400E+01   0.23210000E+01

 GAMMA = 0.89636611E+02    LENGTH OF DB = 0.28061505E+02
 DB CORRECTION VECTOR
    0.11812168E-01   0.23085133E-01   0.12021720E-01   0.00000000E+00   0.00000000E+00   0.00000000E+00  -0.16320066E-01

    0.62480359E-02   0.10877448E-01   0.11860379E-01   0.00000000E+00   0.00000000E+00   0.00000000E+00   0.00000000E+00

 XXXXXXXXXXXXXXXXXXXXXXXXXXXXXXXXXXXXXXXXXXXXXXXXXXXXXXXXXXXXXXXXXXXXXXXXXXXXXXXXXXXXXXXXXXXXXXXXXXX
 

 NO OF ITERATIONS =  7
 PHI = 0.51339639E+01    LAMBDA = 0.10000000E-04
 PARAMETERS
    0.16813165E+01   0.31723671E+01   0.18887827E+01  -0.23710000E+01   0.29557700E+00   0.68041100E+00   0.57213485E+00

    0.38717205E+01   0.66422247E+01   0.41382396E+01  -0.38000000E+01   0.17325000E-01   0.16417400E+01   0.23210000E+01

 GAMMA = 0.89454615E+02    LENGTH OF DB = 0.24875713E+02
 DB CORRECTION VECTOR
    0.40742248E-02   0.83170194E-02   0.10933423E-02   0.00000000E+00   0.00000000E+00   0.00000000E+00  -0.12435382E-01

    0.58304793E-02   0.98554683E-02   0.50518886E-02   0.00000000E+00   0.00000000E+00   0.00000000E+00   0.00000000E+00

 XXXXXXXXXXXXXXXXXXXXXXXXXXXXXXXXXXXXXXXXXXXXXXXXXXXXXXXXXXXXXXXXXXXXXXXXXXXXXXXXXXXXXXXXXXXXXXXXXXX
 

 NO OF ITERATIONS =  8
 PHI = 0.51230988E+01    LAMBDA = 0.10000000E-04
 PARAMETERS
    0.16815783E+01   0.31733889E+01   0.18846835E+01  -0.23710000E+01   0.29557700E+00   0.68041100E+00   0.56197271E+00

    0.38771690E+01   0.66512799E+01   0.41397991E+01  -0.38000000E+01   0.17325000E-01   0.16417400E+01   0.23210000E+01

 GAMMA = 0.89209828E+02    LENGTH OF DB = 0.22869614E+02
 DB CORRECTION VECTOR
    0.26182220E-03   0.10218107E-02  -0.40992129E-02   0.00000000E+00   0.00000000E+00   0.00000000E+00  -0.10162143E-01

    0.54485078E-02   0.90552442E-02   0.15595441E-02   0.00000000E+00   0.00000000E+00   0.00000000E+00   0.00000000E+00

 XXXXXXXXXXXXXXXXXXXXXXXXXXXXXXXXXXXXXXXXXXXXXXXXXXXXXXXXXXXXXXXXXXXXXXXXXXXXXXXXXXXXXXXXXXXXXXXXXXX
 

 NO OF ITERATIONS =  9
 PHI = 0.51192551E+01    LAMBDA = 0.10000000E-05
 PARAMETERS
    0.16524463E+01   0.31213072E+01   0.18115430E+01  -0.23710000E+01   0.29557700E+00   0.68041100E+00   0.51009569E+00

    0.39116558E+01   0.67069578E+01   0.41163082E+01  -0.38000000E+01   0.17325000E-01   0.16417400E+01   0.23210000E+01

 GAMMA = 0.88978233E+02    LENGTH OF DB = 0.14357553E+03
 DB CORRECTION VECTOR
   -0.29132000E-01  -0.52081670E-01  -0.73140531E-01   0.00000000E+00   0.00000000E+00   0.00000000E+00  -0.51877022E-01

    0.34486798E-01   0.55677894E-01  -0.23490929E-01   0.00000000E+00   0.00000000E+00   0.00000000E+00   0.00000000E+00

 XXXXXXXXXXXXXXXXXXXXXXXXXXXXXXXXXXXXXXXXXXXXXXXXXXXXXXXXXXXXXXXXXXXXXXXXXXXXXXXXXXXXXXXXXXXXXXXXXXX
 

 NO OF ITERATIONS = 10
 PHI = 0.50606108E+01    LAMBDA = 0.10000000E-05
 PARAMETERS
    0.16506193E+01   0.31193933E+01   0.17977106E+01  -0.23710000E+01   0.29557700E+00   0.68041100E+00   0.47927311E+00

    0.39314835E+01   0.67399958E+01   0.41228382E+01  -0.38000000E+01   0.17325000E-01   0.16417400E+01   0.23210000E+01

 GAMMA = 0.89887338E+02    LENGTH OF DB = 0.82195842E+02
 DB CORRECTION VECTOR
   -0.18270538E-02  -0.19139040E-02  -0.13832336E-01   0.00000000E+00   0.00000000E+00   0.00000000E+00  -0.30822574E-01

    0.19827729E-01   0.33037928E-01   0.65299533E-02   0.00000000E+00   0.00000000E+00   0.00000000E+00   0.00000000E+00

 XXXXXXXXXXXXXXXXXXXXXXXXXXXXXXXXXXXXXXXXXXXXXXXXXXXXXXXXXXXXXXXXXXXXXXXXXXXXXXXXXXXXXXXXXXXXXXXXXXX
 

 NO OF ITERATIONS = 11
 PHI = 0.50487209E+01    LAMBDA = 0.10000000E-05
 PARAMETERS
    0.16450056E+01   0.31098036E+01   0.17807364E+01  -0.23710000E+01   0.29557700E+00   0.68041100E+00   0.46073352E+00

    0.39447681E+01   0.67618299E+01   0.41212278E+01  -0.38000000E+01   0.17325000E-01   0.16417400E+01   0.23210000E+01

 GAMMA = 0.89923581E+02    LENGTH OF DB = 0.54464081E+02
 DB CORRECTION VECTOR
   -0.56136998E-02  -0.95897565E-02  -0.16974209E-01   0.00000000E+00   0.00000000E+00   0.00000000E+00  -0.18539591E-01

    0.13284556E-01   0.21834119E-01  -0.16103813E-02   0.00000000E+00   0.00000000E+00   0.00000000E+00   0.00000000E+00

 XXXXXXXXXXXXXXXXXXXXXXXXXXXXXXXXXXXXXXXXXXXXXXXXXXXXXXXXXXXXXXXXXXXXXXXXXXXXXXXXXXXXXXXXXXXXXXXXXXX
 

 NO OF ITERATIONS = 12
 PHI = 0.50446351E+01    LAMBDA = 0.10000000E-05
 PARAMETERS
    0.16426460E+01   0.31060120E+01   0.17719988E+01  -0.23710000E+01   0.29557700E+00   0.68041100E+00   0.44832468E+00

    0.39534740E+01   0.67762252E+01   0.41218999E+01  -0.38000000E+01   0.17325000E-01   0.16417400E+01   0.23210000E+01

 GAMMA = 0.89916118E+02    LENGTH OF DB = 0.35598445E+02
 DB CORRECTION VECTOR
   -0.23595539E-02  -0.37915491E-02  -0.87376009E-02   0.00000000E+00   0.00000000E+00   0.00000000E+00  -0.12408846E-01

    0.87058994E-02   0.14395354E-01   0.67208853E-03   0.00000000E+00   0.00000000E+00   0.00000000E+00   0.00000000E+00

 XXXXXXXXXXXXXXXXXXXXXXXXXXXXXXXXXXXXXXXXXXXXXXXXXXXXXXXXXXXXXXXXXXXXXXXXXXXXXXXXXXXXXXXXXXXXXXXXXXX
 

 NO OF ITERATIONS = 13
 PHI = 0.50437216E+01    LAMBDA = 0.10000000E-06
 PARAMETERS
    0.16336354E+01   0.30900948E+01   0.17484564E+01  -0.23710000E+01   0.29557700E+00   0.68041100E+00   0.42838569E+00

    0.39689023E+01   0.68014001E+01   0.41161815E+01  -0.38000000E+01   0.17325000E-01   0.16417400E+01   0.23210000E+01

 GAMMA = 0.89915832E+02    LENGTH OF DB = 0.62726383E+02
 DB CORRECTION VECTOR
   -0.90106584E-02  -0.15917223E-01  -0.23542446E-01   0.00000000E+00   0.00000000E+00   0.00000000E+00  -0.19938990E-01

    0.15428327E-01   0.25174905E-01  -0.57183899E-02   0.00000000E+00   0.00000000E+00   0.00000000E+00   0.00000000E+00

 XXXXXXXXXXXXXXXXXXXXXXXXXXXXXXXXXXXXXXXXXXXXXXXXXXXXXXXXXXXXXXXXXXXXXXXXXXXXXXXXXXXXXXXXXXXXXXXXXXX
 

 NO OF ITERATIONS = 14
 PHI = 0.50415868E+01    LAMBDA = 0.10000000E-07
 PARAMETERS
    0.16383547E+01   0.30992703E+01   0.17550412E+01  -0.23710000E+01   0.29557700E+00   0.68041100E+00   0.42324808E+00

    0.39714350E+01   0.68059422E+01   0.41236300E+01  -0.38000000E+01   0.17325000E-01   0.16417400E+01   0.23210000E+01

 GAMMA = 0.89856120E+02    LENGTH OF DB = 0.11215037E+02
 DB CORRECTION VECTOR
    0.47193453E-02   0.91755009E-02   0.65848764E-02   0.00000000E+00   0.00000000E+00   0.00000000E+00  -0.51376032E-02

    0.25326886E-02   0.45420625E-02   0.74485366E-02   0.00000000E+00   0.00000000E+00   0.00000000E+00   0.00000000E+00

 XXXXXXXXXXXXXXXXXXXXXXXXXXXXXXXXXXXXXXXXXXXXXXXXXXXXXXXXXXXXXXXXXXXXXXXXXXXXXXXXXXXXXXXXXXXXXXXXXXX
 

 NO OF ITERATIONS = 15
 PHI = 0.50415689E+01    LAMBDA = 0.10000000E-08
 PARAMETERS
    0.16359438E+01   0.30948089E+01   0.17502041E+01  -0.23710000E+01   0.29557700E+00   0.68041100E+00   0.42162000E+00

    0.39731855E+01   0.68087183E+01   0.41213024E+01  -0.38000000E+01   0.17325000E-01   0.16417400E+01   0.23210000E+01

 GAMMA = 0.89927555E+02    LENGTH OF DB = 0.71386545E+01
 DB CORRECTION VECTOR
   -0.24109317E-02  -0.44614108E-02  -0.48371175E-02   0.00000000E+00   0.00000000E+00   0.00000000E+00  -0.16280781E-02

    0.17505662E-02   0.27760811E-02  -0.23276023E-02   0.00000000E+00   0.00000000E+00   0.00000000E+00   0.00000000E+00

 XXXXXXXXXXXXXXXXXXXXXXXXXXXXXXXXXXXXXXXXXXXXXXXXXXXXXXXXXXXXXXXXXXXXXXXXXXXXXXXXXXXXXXXXXXXXXXXXXXX
 

 NO OF ITERATIONS = 16
 PHI = 0.50415646E+01    LAMBDA = 0.10000000E-08
 PARAMETERS
    0.16374346E+01   0.30976168E+01   0.17528804E+01  -0.23710000E+01   0.29557700E+00   0.68041100E+00   0.42171773E+00

    0.39727285E+01   0.68080505E+01   0.41230874E+01  -0.38000000E+01   0.17325000E-01   0.16417400E+01   0.23210000E+01

 GAMMA = 0.89695307E+02    LENGTH OF DB = 0.20278664E+01
 DB CORRECTION VECTOR
    0.14907931E-02   0.28079255E-02   0.26762682E-02   0.00000000E+00   0.00000000E+00   0.00000000E+00   0.97722657E-04

   -0.45701608E-03  -0.66773616E-03   0.17850272E-02   0.00000000E+00   0.00000000E+00   0.00000000E+00   0.00000000E+00

 XXXXXXXXXXXXXXXXXXXXXXXXXXXXXXXXXXXXXXXXXXXXXXXXXXXXXXXXXXXXXXXXXXXXXXXXXXXXXXXXXXXXXXXXXXXXXXXXXXX
 

 NO OF ITERATIONS = 17
 PHI = 0.50415640E+01    LAMBDA = 0.10000000E-08
 PARAMETERS
    0.16365701E+01   0.30959968E+01   0.17512750E+01  -0.23710000E+01   0.29557700E+00   0.68041100E+00   0.42150296E+00

    0.39731030E+01   0.68086212E+01   0.41221111E+01  -0.38000000E+01   0.17325000E-01   0.16417400E+01   0.23210000E+01

 GAMMA = 0.89184930E+02    LENGTH OF DB = 0.15745799E+01
 DB CORRECTION VECTOR
   -0.86449672E-03  -0.16200565E-02  -0.16053694E-02   0.00000000E+00   0.00000000E+00   0.00000000E+00  -0.21477049E-03

    0.37442732E-03   0.57063978E-03  -0.97636576E-03   0.00000000E+00   0.00000000E+00   0.00000000E+00   0.00000000E+00

 XXXXXXXXXXXXXXXXXXXXXXXXXXXXXXXXXXXXXXXXXXXXXXXXXXXXXXXXXXXXXXXXXXXXXXXXXXXXXXXXXXXXXXXXXXXXXXXXXXX
 

 NO OF ITERATIONS = 18
 PHI = 0.50415634E+01    LAMBDA = 0.10000000E-08
 PARAMETERS
    0.16370809E+01   0.30969556E+01   0.17522133E+01  -0.23710000E+01   0.29557700E+00   0.68041100E+00   0.42159981E+00

    0.39729023E+01   0.68083185E+01   0.41226985E+01  -0.38000000E+01   0.17325000E-01   0.16417400E+01   0.23210000E+01

 GAMMA = 0.89254824E+02    LENGTH OF DB = 0.85370915E+00
 DB CORRECTION VECTOR
    0.51081327E-03   0.95885437E-03   0.93823884E-03   0.00000000E+00   0.00000000E+00   0.00000000E+00   0.96850017E-04

   -0.20067302E-03  -0.30271621E-03   0.58745641E-03   0.00000000E+00   0.00000000E+00   0.00000000E+00   0.00000000E+00

 XXXXXXXXXXXXXXXXXXXXXXXXXXXXXXXXXXXXXXXXXXXXXXXXXXXXXXXXXXXXXXXXXXXXXXXXXXXXXXXXXXXXXXXXXXXXXXXXXXX
 

 NO OF ITERATIONS = 19
 PHI = 0.50415634E+01    LAMBDA = 0.10000000E-06
 PARAMETERS
    0.16368002E+01   0.30964279E+01   0.17517036E+01  -0.23710000E+01   0.29557700E+00   0.68041100E+00   0.42156261E+00

    0.39730016E+01   0.68084666E+01   0.41223716E+01  -0.38000000E+01   0.17325000E-01   0.16417400E+01   0.23210000E+01

 GAMMA = 0.88949208E+02    LENGTH OF DB = 0.42909737E+00
 DB CORRECTION VECTOR
   -0.28068179E-03  -0.52776559E-03  -0.50962705E-03   0.00000000E+00   0.00000000E+00   0.00000000E+00  -0.37196059E-04

    0.99333747E-04   0.14810378E-03  -0.32691399E-03   0.00000000E+00   0.00000000E+00   0.00000000E+00   0.00000000E+00

 XXXXXXXXXXXXXXXXXXXXXXXXXXXXXXXXXXXXXXXXXXXXXXXXXXXXXXXXXXXXXXXXXXXXXXXXXXXXXXXXXXXXXXXXXXXXXXXXXXX
 

 NO OF ITERATIONS = 20
 PHI = 0.50415633E+01    LAMBDA = 0.10000000E-07
 PARAMETERS
    0.16369439E+01   0.30966985E+01   0.17519614E+01  -0.23710000E+01   0.29557700E+00   0.68041100E+00   0.42157324E+00

    0.39729566E+01   0.68084004E+01   0.41225409E+01  -0.38000000E+01   0.17325000E-01   0.16417400E+01   0.23210000E+01

 GAMMA = 0.89056927E+02    LENGTH OF DB = 0.19903021E+00
 DB CORRECTION VECTOR
    0.14369686E-03   0.27066493E-03   0.25779496E-03   0.00000000E+00   0.00000000E+00   0.00000000E+00   0.10628174E-04

   -0.45055467E-04  -0.66160097E-04   0.16927256E-03   0.00000000E+00   0.00000000E+00   0.00000000E+00   0.00000000E+00

 
  Test of EMT_fit_1   
 CONVERGENCE BY EPSILON TEST

 NO OF ITERATIONS = 21
 PHI = 0.50415633E+01    LAMBDA = 0.10000000E-03
 PARAMETERS
    0.16369402E+01   0.30966914E+01   0.17519486E+01  -0.23710000E+01   0.29557700E+00   0.68041100E+00   0.42157655E+00

    0.39729568E+01   0.68084002E+01   0.41225274E+01  -0.38000000E+01   0.17325000E-01   0.16417400E+01   0.23210000E+01

 GAMMA = 0.83655972E+02    LENGTH OF DB = 0.29862141E-02
 DB CORRECTION VECTOR
   -0.36976020E-05  -0.71358322E-05  -0.12837148E-04   0.00000000E+00   0.00000000E+00   0.00000000E+00   0.33112083E-05

    0.27467389E-06  -0.22284108E-06  -0.13524312E-04   0.00000000E+00   0.00000000E+00   0.00000000E+00   0.00000000E+00


 PTP INVERSE

 COLUMNS   1  THROUGH   7
    0.35400880E+00   0.66769869E+00   0.58869277E+00   0.00000000E+00   0.00000000E+00   0.00000000E+00   0.23197208E-01
    0.66769869E+00   0.12603310E+01   0.11043273E+01   0.00000000E+00   0.00000000E+00   0.00000000E+00   0.30971273E-01
    0.58869277E+00   0.11043273E+01   0.10489619E+01   0.00000000E+00   0.00000000E+00   0.00000000E+00   0.13506961E+00
    0.00000000E+00   0.00000000E+00   0.00000000E+00   0.10000000E+01   0.00000000E+00   0.00000000E+00   0.00000000E+00
    0.00000000E+00   0.00000000E+00   0.00000000E+00   0.00000000E+00   0.10000000E+01   0.00000000E+00   0.00000000E+00
    0.00000000E+00   0.00000000E+00   0.00000000E+00   0.00000000E+00   0.00000000E+00   0.10000000E+01   0.00000000E+00
    0.23197208E-01   0.30971273E-01   0.13506961E+00   0.00000000E+00   0.00000000E+00   0.00000000E+00   0.22609305E+00
   -0.99492295E-01  -0.17865576E+00  -0.23882968E+00   0.00000000E+00   0.00000000E+00   0.00000000E+00  -0.16347487E+00
   -0.14748957E+00  -0.26360702E+00  -0.36479800E+00   0.00000000E+00   0.00000000E+00   0.00000000E+00  -0.27022079E+00
    0.34771321E+00   0.65015099E+00   0.60832577E+00   0.00000000E+00   0.00000000E+00   0.00000000E+00  -0.10581848E-01
    0.00000000E+00   0.00000000E+00   0.00000000E+00   0.00000000E+00   0.00000000E+00   0.00000000E+00   0.00000000E+00
    0.00000000E+00   0.00000000E+00   0.00000000E+00   0.00000000E+00   0.00000000E+00   0.00000000E+00   0.00000000E+00
    0.00000000E+00   0.00000000E+00   0.00000000E+00   0.00000000E+00   0.00000000E+00   0.00000000E+00   0.00000000E+00
    0.00000000E+00   0.00000000E+00   0.00000000E+00   0.00000000E+00   0.00000000E+00   0.00000000E+00   0.00000000E+00

 COLUMNS   8  THROUGH  14
   -0.99492295E-01  -0.14748957E+00   0.34771321E+00   0.00000000E+00   0.00000000E+00   0.00000000E+00   0.00000000E+00
   -0.17865576E+00  -0.26360702E+00   0.65015099E+00   0.00000000E+00   0.00000000E+00   0.00000000E+00   0.00000000E+00
   -0.23882968E+00  -0.36479800E+00   0.60832577E+00   0.00000000E+00   0.00000000E+00   0.00000000E+00   0.00000000E+00
    0.00000000E+00   0.00000000E+00   0.00000000E+00   0.00000000E+00   0.00000000E+00   0.00000000E+00   0.00000000E+00
    0.00000000E+00   0.00000000E+00   0.00000000E+00   0.00000000E+00   0.00000000E+00   0.00000000E+00   0.00000000E+00
    0.00000000E+00   0.00000000E+00   0.00000000E+00   0.00000000E+00   0.00000000E+00   0.00000000E+00   0.00000000E+00
   -0.16347487E+00  -0.27022079E+00  -0.10581848E-01   0.00000000E+00   0.00000000E+00   0.00000000E+00   0.00000000E+00
    0.13897411E+00   0.22527590E+00  -0.83360087E-01   0.00000000E+00   0.00000000E+00   0.00000000E+00   0.00000000E+00
    0.22527590E+00   0.36658568E+00  -0.10580139E+00   0.00000000E+00   0.00000000E+00   0.00000000E+00   0.00000000E+00
   -0.83360087E-01  -0.10580139E+00   0.65806859E+00   0.00000000E+00   0.00000000E+00   0.00000000E+00   0.00000000E+00
    0.00000000E+00   0.00000000E+00   0.00000000E+00   0.10000000E+01   0.00000000E+00   0.00000000E+00   0.00000000E+00
    0.00000000E+00   0.00000000E+00   0.00000000E+00   0.00000000E+00   0.10000000E+01   0.00000000E+00   0.00000000E+00
    0.00000000E+00   0.00000000E+00   0.00000000E+00   0.00000000E+00   0.00000000E+00   0.10000000E+01   0.00000000E+00
    0.00000000E+00   0.00000000E+00   0.00000000E+00   0.00000000E+00   0.00000000E+00   0.00000000E+00   0.10000000E+01

 PARAMETER CORRELATION COEFFICIENTS

 COLUMNS   1  THROUGH  13
    1.0000   0.9996   0.9661   0.0000   0.0000   0.0000   0.0820  -0.4486  -0.4094   0.7204   0.0000   0.0000   0.0000
    0.9996   1.0000   0.9605   0.0000   0.0000   0.0000   0.0580  -0.4269  -0.3878   0.7139   0.0000   0.0000   0.0000
    0.9661   0.9605   1.0000   0.0000   0.0000   0.0000   0.2774  -0.6255  -0.5883   0.7322   0.0000   0.0000   0.0000
    0.0000   0.0000   0.0000   1.0000   0.0000   0.0000   0.0000   0.0000   0.0000   0.0000   0.0000   0.0000   0.0000
    0.0000   0.0000   0.0000   0.0000   1.0000   0.0000   0.0000   0.0000   0.0000   0.0000   0.0000   0.0000   0.0000
    0.0000   0.0000   0.0000   0.0000   0.0000   1.0000   0.0000   0.0000   0.0000   0.0000   0.0000   0.0000   0.0000
    0.0820   0.0580   0.2774   0.0000   0.0000   0.0000   1.0000  -0.9222  -0.9386  -0.0274   0.0000   0.0000   0.0000
   -0.4486  -0.4269  -0.6255   0.0000   0.0000   0.0000  -0.9222   1.0000   0.9981  -0.2756   0.0000   0.0000   0.0000
   -0.4094  -0.3878  -0.5883   0.0000   0.0000   0.0000  -0.9386   0.9981   1.0000  -0.2154   0.0000   0.0000   0.0000
    0.7204   0.7139   0.7322   0.0000   0.0000   0.0000  -0.0274  -0.2756  -0.2154   1.0000   0.0000   0.0000   0.0000
    0.0000   0.0000   0.0000   0.0000   0.0000   0.0000   0.0000   0.0000   0.0000   0.0000   1.0000   0.0000   0.0000
    0.0000   0.0000   0.0000   0.0000   0.0000   0.0000   0.0000   0.0000   0.0000   0.0000   0.0000   1.0000   0.0000
    0.0000   0.0000   0.0000   0.0000   0.0000   0.0000   0.0000   0.0000   0.0000   0.0000   0.0000   0.0000   1.0000
    0.0000   0.0000   0.0000   0.0000   0.0000   0.0000   0.0000   0.0000   0.0000   0.0000   0.0000   0.0000   0.0000

 COLUMNS  14  THROUGH  14
    0.0000
    0.0000
    0.0000
    0.0000
    0.0000
    0.0000
    0.0000
    0.0000
    0.0000
    0.0000
    0.0000
    0.0000
    0.0000
    1.0000

                X            OBSERVED           PREDICTED          RESIDUAL

    1    0.00000000E+00    -0.10481367E+01    -0.93511171E+00    -0.11302501E+00
    2    0.00000000E+00    -0.10341551E+01    -0.91474345E+00    -0.11941169E+00
    3    0.00000000E+00    -0.10634472E+01    -0.94717516E+00    -0.11627207E+00
    4    0.00000000E+00    -0.11120686E+01    -0.10172219E+01    -0.94846640E-01
    5    0.00000000E+00    -0.11441724E+01    -0.10552644E+01    -0.88907925E-01
    6    0.00000000E+00    -0.11428063E+01    -0.10413684E+01    -0.10143792E+00
    7    0.00000000E+00    -0.11234914E+01    -0.10157208E+01    -0.10777060E+00
    8    0.00000000E+00    -0.11164880E+01    -0.10075589E+01    -0.10892908E+00
    9    0.00000000E+00    -0.11326125E+01    -0.10335484E+01    -0.99064047E-01
   10    0.00000000E+00    -0.11507669E+01    -0.10627017E+01    -0.88065238E-01
   11    0.00000000E+00    -0.11421717E+01    -0.10756557E+01    -0.66516032E-01
   12    0.00000000E+00    -0.11025159E+01    -0.10233089E+01    -0.79207003E-01
   13    0.00000000E+00    -0.10585963E+01    -0.97216309E+00    -0.86433231E-01
   14    0.00000000E+00    -0.10456280E+01    -0.98354290E+00    -0.62085146E-01
   15    0.00000000E+00    -0.10771306E+01    -0.10533749E+01    -0.23755696E-01
   16    0.00000000E+00    -0.11313340E+01    -0.11471240E+01     0.15789936E-01
   17    0.00000000E+00    -0.11516515E+01    -0.12034203E+01     0.51768730E-01
   18    0.00000000E+00    -0.10166319E+01    -0.11164040E+01     0.99772092E-01
   19    0.00000000E+00    -0.37429597E+00    -0.50757657E+00     0.13328060E+00
   20    0.00000000E+00     0.18422230E+01     0.17835912E+01     0.58631789E-01
   21    0.00000000E+00     0.85517770E+01     0.85252853E+01     0.26491680E-01
   22    0.00000000E+00     0.76765841E+01     0.78851632E+01    -0.20857915E+00
   23    0.00000000E+00     0.87661786E+00     0.10153009E+01    -0.13868308E+00
   24    0.00000000E+00    -0.13052850E+01    -0.13302897E+01     0.25004741E-01
   25    0.00000000E+00    -0.17566153E+01    -0.18364022E+01     0.79786951E-01
   26    0.00000000E+00    -0.15797203E+01    -0.16574270E+01     0.77706722E-01
   27    0.00000000E+00    -0.11983959E+01    -0.12893574E+01     0.90961483E-01
   28    0.00000000E+00    -0.78469309E+00    -0.92320671E+00     0.13851362E+00
   29    0.00000000E+00    -0.42372801E+00    -0.62873858E+00     0.20501057E+00
   30    0.00000000E+00    -0.20720991E+00    -0.41061677E+00     0.20340686E+00
   31    0.00000000E+00    -0.96270830E-01    -0.24712068E+00     0.15084985E+00
   32    0.00000000E+00    -0.45141890E-01    -0.13613141E+00     0.90989522E-01
   33    0.00000000E+00    -0.22299590E-01    -0.63972144E-01     0.41672554E-01
   34    0.00000000E+00    -0.12061290E-01    -0.19138921E-01     0.70776313E-02
   35    0.00000000E+00    -0.75157000E-02     0.71553285E-02    -0.14671029E-01
   36    0.00000000E+00    -0.55164800E-02     0.21280418E-01    -0.26796898E-01
   37    0.00000000E+00    -0.45484600E-02     0.27037572E-01    -0.31586032E-01
   38    0.00000000E+00    -0.39407100E-02     0.12600786E-01    -0.16541496E-01
   39    0.00000000E+00    -0.34222300E-02     0.17013436E-02    -0.51235736E-02
   40    0.00000000E+00    -0.29049400E-02     0.46306918E-02    -0.75356318E-02
   41    0.00000000E+00    -0.23772200E-02     0.64210829E-02    -0.87983029E-02
   42    0.00000000E+00    -0.18477500E-02     0.71568020E-02    -0.90045520E-02
   43    0.00000000E+00    -0.13408400E-02     0.52845911E-02    -0.66254311E-02
   44    0.00000000E+00    -0.89156000E-03     0.57176535E-02    -0.66092135E-02
   45    0.00000000E+00    -0.49813000E-03     0.57876767E-02    -0.62858067E-02
   46    0.00000000E+00    -0.17620000E-03     0.57908037E-02    -0.59670037E-02
   47    0.00000000E+00     0.74230000E-04     0.57909277E-02    -0.57166977E-02
   48    0.49509260E+00     0.27169798E+00     0.42241803E+00    -0.15072005E+00
   49    0.49509260E+00     0.37707311E+00     0.49851518E+00    -0.12144207E+00
   50    0.49509260E+00     0.17622628E+00     0.24205878E+00    -0.65832503E-01
   51    0.49509260E+00    -0.22073445E+00    -0.20288677E+00    -0.17847678E-01
   52    0.49509260E+00    -0.62822007E+00    -0.63547906E+00     0.72589886E-02
   53    0.49509260E+00    -0.91751270E+00    -0.91739320E+00    -0.11949736E-03
   54    0.49509260E+00    -0.10634803E+01    -0.10272076E+01    -0.36272665E-01
   55    0.49509260E+00    -0.10959496E+01    -0.10465131E+01    -0.49436496E-01
   56    0.49509260E+00    -0.10284113E+01    -0.10085479E+01    -0.19863473E-01
   57    0.49509260E+00    -0.83530971E+00    -0.84877473E+00     0.13465022E-01
   58    0.49509260E+00    -0.49752007E+00    -0.50539146E+00     0.78713921E-02
   59    0.49509260E+00    -0.75411300E-01    -0.56711047E-01    -0.18700253E-01
   60    0.49509260E+00     0.27061210E+00     0.32796654E+00    -0.57354439E-01
   61    0.49509260E+00     0.36509252E+00     0.44441835E+00    -0.79325826E-01
   62    0.49509260E+00     0.15394380E+00     0.21595975E+00    -0.62015951E-01
   63    0.49509260E+00    -0.24714283E+00    -0.23052290E+00    -0.16619928E-01
   64    0.49509260E+00    -0.64031096E+00    -0.66495939E+00     0.24648434E-01
   65    0.49509260E+00    -0.84457325E+00    -0.89569739E+00     0.51124144E-01
   66    0.49509260E+00    -0.64762523E+00    -0.72463367E+00     0.77008441E-01
   67    0.49509260E+00     0.46979639E+00     0.39950155E+00     0.70294839E-01
   68    0.49509260E+00     0.38378432E+01     0.38416177E+01    -0.37744946E-02
   69    0.49509260E+00     0.29970199E+01     0.31463179E+01    -0.14929795E+00
   70    0.49509260E+00    -0.46852759E+00    -0.44937826E+00    -0.19149335E-01
   71    0.49509260E+00    -0.15888557E+01    -0.16474117E+01     0.58555946E-01
   72    0.49509260E+00    -0.17218589E+01    -0.17831583E+01     0.61299422E-01
   73    0.49509260E+00    -0.14674781E+01    -0.15221961E+01     0.54717937E-01
   74    0.49509260E+00    -0.10863607E+01    -0.11623132E+01     0.75952584E-01
   75    0.49509260E+00    -0.69553585E+00    -0.82931621E+00     0.13378036E+00
   76    0.49509260E+00    -0.36975650E+00    -0.56322282E+00     0.19346632E+00
   77    0.49509260E+00    -0.18078418E+00    -0.36401968E+00     0.18323550E+00
   78    0.49509260E+00    -0.84586300E-01    -0.21755392E+00     0.13296762E+00
   79    0.49509260E+00    -0.40160670E-01    -0.11739501E+00     0.77234340E-01
   80    0.49509260E+00    -0.20180380E-01    -0.52369844E-01     0.32189464E-01
   81    0.49509260E+00    -0.11188810E-01    -0.12120765E-01     0.93195534E-03
   82    0.49509260E+00    -0.71804200E-02     0.11122092E-01    -0.18302512E-01
   83    0.49509260E+00    -0.54035300E-02     0.20449591E-01    -0.25853121E-01
   84    0.49509260E+00    -0.45288300E-02     0.18105983E-01    -0.22634813E-01
   85    0.49509260E+00    -0.39569100E-02     0.16533699E-01    -0.20490609E-01
   86    0.49509260E+00    -0.34473900E-02     0.98827702E-02    -0.13330160E-01
   87    0.49509260E+00    -0.29264200E-02     0.55712857E-02    -0.84977057E-02
   88    0.49509260E+00    -0.23934000E-02     0.65774794E-02    -0.89708794E-02
   89    0.49509260E+00    -0.18647000E-02     0.71322689E-02    -0.89969689E-02
   90    0.49509260E+00    -0.13665800E-02     0.52633774E-02    -0.66299574E-02
   91    0.49509260E+00    -0.92238000E-03     0.57386837E-02    -0.66610637E-02
   92    0.49509260E+00    -0.53354000E-03     0.57886377E-02    -0.63221777E-02
   93    0.49509260E+00    -0.21013000E-03     0.57908411E-02    -0.60009711E-02
   94    0.49509260E+00     0.42380000E-04     0.57909291E-02    -0.57485491E-02
   95    0.99018520E+00     0.84485172E+01     0.87546090E+01    -0.30609179E+00
   96    0.99018520E+00     0.92096238E+01     0.92906210E+01    -0.80997196E-01
   97    0.99018520E+00     0.78018882E+01     0.77274220E+01     0.74466259E-01
   98    0.99018520E+00     0.50949056E+01     0.49747270E+01     0.12017863E+00
   99    0.99018520E+00     0.24226629E+01     0.23116608E+01     0.11100216E+00
  100    0.99018520E+00     0.56245111E+00     0.48282288E+00     0.79628226E-01
  101    0.99018520E+00    -0.38961128E+00    -0.41202815E+00     0.22416869E-01
  102    0.99018520E+00    -0.60317982E+00    -0.59484051E+00    -0.83393136E-02
  103    0.99018520E+00    -0.14659054E+00    -0.17704743E+00     0.30456894E-01
  104    0.99018520E+00     0.11117578E+01     0.10500618E+01     0.61695982E-01
  105    0.99018520E+00     0.32994253E+01     0.32320347E+01     0.67390619E-01
  106    0.99018520E+00     0.61133258E+01     0.60450964E+01     0.68229462E-01
  107    0.99018520E+00     0.85139201E+01     0.84894134E+01     0.24506653E-01
  108    0.99018520E+00     0.91851412E+01     0.92805573E+01    -0.95416056E-01
  109    0.99018520E+00     0.76970446E+01     0.79341453E+01    -0.23710069E+00
  110    0.99018520E+00     0.49591734E+01     0.52299667E+01    -0.27079332E+00
  111    0.99018520E+00     0.22983099E+01     0.24683677E+01    -0.17005780E+00
  112    0.99018520E+00     0.45931766E+00     0.48861234E+00    -0.29294679E-01
  113    0.99018520E+00    -0.49147918E+00    -0.54606671E+00     0.54587529E-01
  114    0.99018520E+00    -0.74955074E+00    -0.84539370E+00     0.95842957E-01
  115    0.99018520E+00    -0.40872669E+00    -0.54691252E+00     0.13818583E+00
  116    0.99018520E+00     0.65613659E+00     0.52793191E+00     0.12820468E+00
  117    0.99018520E+00     0.26246445E+01     0.25585315E+01     0.66112972E-01
  118    0.99018520E+00     0.53287170E+01     0.52962576E+01     0.32459404E-01
  119    0.99018520E+00     0.78723843E+01     0.78213413E+01     0.51043028E-01
  120    0.99018520E+00     0.89024681E+01     0.88366984E+01     0.65769719E-01
  121    0.99018520E+00     0.77224248E+01     0.77008022E+01     0.21622554E-01
  122    0.99018520E+00     0.50143068E+01     0.50462341E+01    -0.31927335E-01
  123    0.99018520E+00     0.21325373E+01     0.21669353E+01    -0.34397967E-01
  124    0.99018520E+00    -0.74507800E-02    -0.15046904E-01     0.75961240E-02
  125    0.99018520E+00    -0.12163271E+01    -0.12555796E+01     0.39252534E-01
  126    0.99018520E+00    -0.16991187E+01    -0.17282671E+01     0.29148437E-01
  127    0.99018520E+00    -0.17292176E+01    -0.17290366E+01    -0.18102095E-03
  128    0.99018520E+00    -0.15159720E+01    -0.14872157E+01    -0.28756362E-01
  129    0.99018520E+00    -0.11937069E+01    -0.11677320E+01    -0.25974810E-01
  130    0.99018520E+00    -0.84367018E+00    -0.86329878E+00     0.19628601E-01
  131    0.99018520E+00    -0.50980868E+00    -0.60410343E+00     0.94294751E-01
  132    0.99018520E+00    -0.26666404E+00    -0.40074937E+00     0.13408533E+00
  133    0.99018520E+00    -0.13083502E+00    -0.24974712E+00     0.11891210E+00
  134    0.99018520E+00    -0.62406290E-01    -0.14830552E+00     0.85899233E-01
  135    0.99018520E+00    -0.30532920E-01    -0.77491124E-01     0.46958204E-01
  136    0.99018520E+00    -0.16017550E-01    -0.29754801E-01     0.13737251E-01
  137    0.99018520E+00    -0.94602600E-02    -0.27245193E-02    -0.67357407E-02
  138    0.99018520E+00    -0.65347700E-02     0.13163289E-01    -0.19698059E-01
  139    0.99018520E+00    -0.52066400E-02     0.15231680E-01    -0.20438320E-01
  140    0.99018520E+00    -0.45096400E-02     0.19476398E-01    -0.23986038E-01
  141    0.99018520E+00    -0.39909800E-02     0.21490654E-01    -0.25481634E-01
  142    0.99018520E+00    -0.34878200E-02     0.17600269E-01    -0.21088089E-01
  143    0.99018520E+00    -0.29598800E-02     0.11433016E-01    -0.14392896E-01
  144    0.99018520E+00    -0.24181400E-02     0.79912324E-02    -0.10409372E-01
  145    0.99018520E+00    -0.18841800E-02     0.65974965E-02    -0.84816765E-02
  146    0.99018520E+00    -0.13891900E-02     0.54824186E-02    -0.68716086E-02
  147    0.99018520E+00    -0.95327000E-03     0.57723760E-02    -0.67256460E-02
  148    0.99018520E+00    -0.57229000E-03     0.57901263E-02    -0.63624163E-02
  149    0.99018520E+00    -0.25128000E-03     0.57908997E-02    -0.60421797E-02
  150    0.99018520E+00    -0.18000000E-06     0.57909313E-02    -0.57911113E-02
  151    0.14852778E+01     0.56850676E+01     0.54173099E+01     0.26775768E+00
  152    0.14852778E+01     0.20917281E+01     0.19810281E+01     0.11070003E+00
  153    0.14852778E+01     0.31689252E+00     0.30488437E+00     0.12008151E-01
  154    0.14852778E+01    -0.74476060E-01    -0.42484052E-01    -0.31992008E-01
  155    0.14852778E+01     0.76716787E+00     0.75441952E+00     0.12748353E-01
  156    0.14852778E+01     0.31394036E+01     0.30540906E+01     0.85313032E-01
  157    0.14852778E+01     0.74350211E+01     0.71966080E+01     0.23841308E+00
  158    0.14852778E+01     0.54424901E+01     0.57766534E+01    -0.33416335E+00
  159    0.14852778E+01     0.18565445E+01     0.19829145E+01    -0.12636998E+00
  160    0.14852778E+01    -0.30706420E-01    -0.93512120E-01     0.62805700E-01
  161    0.14852778E+01    -0.84396188E+00    -0.98331296E+00     0.13935108E+00
  162    0.14852778E+01    -0.11146655E+01    -0.12591526E+01     0.14448707E+00
  163    0.14852778E+01    -0.11281045E+01    -0.12748902E+01     0.14678570E+00
  164    0.14852778E+01    -0.99834294E+00    -0.11331444E+01     0.13480143E+00
  165    0.14852778E+01    -0.79850412E+00    -0.88144953E+00     0.82945412E-01
  166    0.14852778E+01    -0.63414637E+00    -0.65805790E+00     0.23911528E-01
  167    0.14852778E+01    -0.62324220E+00    -0.59499679E+00    -0.28245411E-01
  168    0.14852778E+01    -0.81960538E+00    -0.76450121E+00    -0.55104171E-01
  169    0.14852778E+01    -0.11671304E+01    -0.11061576E+01    -0.60972788E-01
  170    0.14852778E+01    -0.15364316E+01    -0.14667269E+01    -0.69704774E-01
  171    0.14852778E+01    -0.18041650E+01    -0.17105513E+01    -0.93613603E-01
  172    0.14852778E+01    -0.19052169E+01    -0.17771786E+01    -0.12803833E+00
  173    0.14852778E+01    -0.18365502E+01    -0.16817788E+01    -0.15477142E+00
  174    0.14852778E+01    -0.16349436E+01    -0.14633191E+01    -0.17162444E+00
  175    0.14852778E+01    -0.13512819E+01    -0.11916190E+01    -0.15966296E+00
  176    0.14852778E+01    -0.10326422E+01    -0.92224527E+00    -0.11039697E+00
  177    0.14852778E+01    -0.71292870E+00    -0.67099623E+00    -0.41932475E-01
  178    0.14852778E+01    -0.41546969E+00    -0.46813244E+00     0.52662752E-01
  179    0.14852778E+01    -0.21774283E+00    -0.30857144E+00     0.90828614E-01
  180    0.14852778E+01    -0.10741318E+00    -0.19202210E+00     0.84608923E-01
  181    0.14852778E+01    -0.51919250E-01    -0.11085997E+00     0.58940717E-01
  182    0.14852778E+01    -0.25882680E-01    -0.49933171E-01     0.24050491E-01
  183    0.14852778E+01    -0.13979370E-01    -0.13216979E-01    -0.76239110E-03
  184    0.14852778E+01    -0.86057000E-02    -0.31413568E-02    -0.54643432E-02
  185    0.14852778E+01    -0.62173700E-02     0.91546299E-02    -0.15372000E-01
  186    0.14852778E+01    -0.51224400E-02     0.18235329E-01    -0.23357769E-01
  187    0.14852778E+01    -0.44978500E-02     0.22473555E-01    -0.26971405E-01
  188    0.14852778E+01    -0.40071200E-02     0.23548442E-01    -0.27555562E-01
  189    0.14852778E+01    -0.35041200E-02     0.20274951E-01    -0.23779071E-01
  190    0.14852778E+01    -0.29746900E-02     0.12508096E-01    -0.15482786E-01
  191    0.14852778E+01    -0.24275000E-02     0.11521515E-01    -0.13949015E-01
  192    0.14852778E+01    -0.18863600E-02     0.54638528E-02    -0.73502128E-02
  193    0.14852778E+01    -0.13897400E-02     0.56989326E-02    -0.70886726E-02
  194    0.14852778E+01    -0.95594000E-03     0.57862039E-02    -0.67421439E-02
  195    0.14852778E+01    -0.57805000E-03     0.57907216E-02    -0.63687716E-02
  196    0.14852778E+01    -0.25868000E-03     0.57909236E-02    -0.60496036E-02
  197    0.14852778E+01    -0.75500000E-05     0.57909322E-02    -0.57984822E-02
  198    0.74263890E+00    -0.30880817E+00    -0.11776394E+00    -0.19104423E+00
  199    0.74263890E+00    -0.23720002E+00    -0.60341685E-01    -0.17685833E+00
  200    0.74263890E+00    -0.35704952E+00    -0.22744235E+00    -0.12960717E+00
  201    0.74263890E+00    -0.60282615E+00    -0.52550732E+00    -0.77318832E-01
  202    0.74263890E+00    -0.85507331E+00    -0.80652396E+00    -0.48549354E-01
  203    0.74263890E+00    -0.10064850E+01    -0.95485335E+00    -0.51631675E-01
  204    0.74263890E+00    -0.96381584E+00    -0.93698486E+00    -0.26830979E-01
  205    0.74263890E+00    -0.55747030E+00    -0.60006671E+00     0.42596408E-01
  206    0.74263890E+00     0.58612129E+00     0.49172053E+00     0.94400760E-01
  207    0.74263890E+00     0.30642952E+01     0.29245456E+01     0.13974958E+00
  208    0.74263890E+00     0.73982095E+01     0.71376669E+01     0.26054270E+00
  209    0.74263890E+00     0.54713330E+01     0.58447392E+01    -0.37340611E+00
  210    0.74263890E+00     0.19312038E+01     0.21408230E+01    -0.20961918E+00
  211    0.74263890E+00     0.16667638E+00     0.23283485E+00    -0.66158475E-01
  212    0.74263890E+00    -0.29488573E+00    -0.29004754E+00    -0.48381870E-02
  213    0.74263890E+00     0.35427748E+00     0.31832228E+00     0.35955205E-01
  214    0.74263890E+00     0.23870729E+01     0.23558532E+01     0.31219676E-01
  215    0.74263890E+00     0.62684103E+01     0.62283968E+01     0.40013446E-01
  216    0.74263890E+00     0.57664390E+01     0.58000499E+01    -0.33610964E-01
  217    0.74263890E+00     0.16845959E+01     0.17227633E+01    -0.38167366E-01
  218    0.74263890E+00    -0.56170801E+00    -0.58675824E+00     0.25050233E-01
  219    0.74263890E+00    -0.15175203E+01    -0.15745876E+01     0.57067388E-01
  220    0.74263890E+00    -0.17357269E+01    -0.17697091E+01     0.33982224E-01
  221    0.74263890E+00    -0.15836825E+01    -0.15864322E+01     0.27496910E-02
  222    0.74263890E+00    -0.12698266E+01    -0.12761702E+01     0.63435761E-02
  223    0.74263890E+00    -0.90849229E+00    -0.94970514E+00     0.41212854E-01
  224    0.74263890E+00    -0.55871772E+00    -0.67150627E+00     0.11278855E+00
  225    0.74263890E+00    -0.29256553E+00    -0.44849707E+00     0.15593154E+00
  226    0.74263890E+00    -0.14324684E+00    -0.28080348E+00     0.13755664E+00
  227    0.74263890E+00    -0.67920590E-01    -0.16671461E+00     0.98794021E-01
  228    0.74263890E+00    -0.32941660E-01    -0.87574050E-01     0.54632390E-01
  229    0.74263890E+00    -0.17058040E-01    -0.34493397E-01     0.17435357E-01
  230    0.74263890E+00    -0.98911300E-02    -0.26678587E-02    -0.72232713E-02
  231    0.74263890E+00    -0.66961900E-02     0.90469995E-02    -0.15743190E-01
  232    0.74263890E+00    -0.52512300E-02     0.17904019E-01    -0.23155249E-01
  233    0.74263890E+00    -0.45128700E-02     0.22027602E-01    -0.26540472E-01
  234    0.74263890E+00    -0.39808100E-02     0.16023529E-01    -0.20004339E-01
  235    0.74263890E+00    -0.34754800E-02     0.15917654E-01    -0.19393134E-01
  236    0.74263890E+00    -0.29501600E-02     0.11755777E-01    -0.14705937E-01
  237    0.74263890E+00    -0.24093400E-02     0.69602800E-02    -0.93696200E-02
  238    0.74263890E+00    -0.18746200E-02     0.68685794E-02    -0.87431994E-02
  239    0.74263890E+00    -0.13798900E-02     0.53976151E-02    -0.67775051E-02
  240    0.74263890E+00    -0.94122000E-03     0.57646721E-02    -0.67058921E-02
  241    0.74263890E+00    -0.56039000E-03     0.57897908E-02    -0.63501808E-02
  242    0.74263890E+00    -0.23990000E-03     0.57908864E-02    -0.60307864E-02
  243    0.74263890E+00     0.11150000E-04     0.57909308E-02    -0.57797808E-02
  244    0.12377315E+01     0.26755438E+00     0.40915359E+00    -0.14159921E+00
  245    0.12377315E+01     0.38592698E+00     0.50316409E+00    -0.11723711E+00
  246    0.12377315E+01     0.19499027E+00     0.26072773E+00    -0.65737460E-01
  247    0.12377315E+01    -0.19468574E+00    -0.17338058E+00    -0.21305165E-01
  248    0.12377315E+01    -0.57932636E+00    -0.56563312E+00    -0.13693236E-01
  249    0.12377315E+01    -0.75421449E+00    -0.72931608E+00    -0.24898407E-01
  250    0.12377315E+01    -0.44966678E+00    -0.45221937E+00     0.25525945E-02
  251    0.12377315E+01     0.97817909E+00     0.89803240E+00     0.80146691E-01
  252    0.12377315E+01     0.50959210E+01     0.48141279E+01     0.28179313E+00
  253    0.12377315E+01     0.29572511E+01     0.32460813E+01    -0.28883019E+00
  254    0.12377315E+01     0.14506252E+00     0.14313520E+00     0.19273185E-02
  255    0.12377315E+01    -0.76391431E+00    -0.87718077E+00     0.11326646E+00
  256    0.12377315E+01    -0.89879994E+00    -0.10544731E+01     0.15567313E+00
  257    0.12377315E+01    -0.69409223E+00    -0.86786431E+00     0.17377208E+00
  258    0.12377315E+01    -0.34503765E+00    -0.49512886E+00     0.15009121E+00
  259    0.12377315E+01    -0.39803840E-01    -0.14449610E+00     0.10469226E+00
  260    0.12377315E+01     0.27214970E-01    -0.35882033E-01     0.63097003E-01
  261    0.12377315E+01    -0.23201212E+00    -0.26653494E+00     0.34522821E-01
  262    0.12377315E+01    -0.72737278E+00    -0.73963554E+00     0.12262759E-01
  263    0.12377315E+01    -0.12596512E+01    -0.12504927E+01    -0.91585349E-02
  264    0.12377315E+01    -0.16545010E+01    -0.16130468E+01    -0.41454196E-01
  265    0.12377315E+01    -0.18348651E+01    -0.17485521E+01    -0.86312946E-01
  266    0.12377315E+01    -0.18090427E+01    -0.16778360E+01    -0.13120669E+00
  267    0.12377315E+01    -0.16284617E+01    -0.14734940E+01    -0.15496772E+00
  268    0.12377315E+01    -0.13536471E+01    -0.12108685E+01    -0.14277864E+00
  269    0.12377315E+01    -0.10375695E+01    -0.93466711E+00    -0.10290238E+00
  270    0.12377315E+01    -0.71777969E+00    -0.69097864E+00    -0.26801048E-01
  271    0.12377315E+01    -0.41916380E+00    -0.48422789E+00     0.65064092E-01
  272    0.12377315E+01    -0.21956154E+00    -0.31617828E+00     0.96616741E-01
  273    0.12377315E+01    -0.10815832E+00    -0.19292037E+00     0.84762050E-01
  274    0.12377315E+01    -0.52185890E-01    -0.11227042E+00     0.60084532E-01
  275    0.12377315E+01    -0.25984080E-01    -0.54959450E-01     0.28975370E-01
  276    0.12377315E+01    -0.14013720E-01    -0.18817364E-01     0.48036438E-02
  277    0.12377315E+01    -0.86256800E-02     0.21146011E-02    -0.10740281E-01
  278    0.12377315E+01    -0.62384000E-02     0.14961855E-01    -0.21200255E-01
  279    0.12377315E+01    -0.51342800E-02     0.20350507E-01    -0.25484787E-01
  280    0.12377315E+01    -0.44970100E-02     0.21670137E-01    -0.26167147E-01
  281    0.12377315E+01    -0.40028200E-02     0.19522466E-01    -0.23525286E-01
  282    0.12377315E+01    -0.35035900E-02     0.18080834E-01    -0.21584424E-01
  283    0.12377315E+01    -0.29741300E-02     0.16459539E-01    -0.19433669E-01
  284    0.12377315E+01    -0.24213100E-02     0.10293034E-01    -0.12714344E-01
  285    0.12377315E+01    -0.18770500E-02     0.55519781E-02    -0.74290281E-02
  286    0.12377315E+01    -0.13780900E-02     0.56637124E-02    -0.70418024E-02
  287    0.12377315E+01    -0.94227000E-03     0.57843494E-02    -0.67266194E-02
  288    0.12377315E+01    -0.56424000E-03     0.57906435E-02    -0.63548835E-02
  289    0.12377315E+01    -0.24521000E-03     0.57909205E-02    -0.60361305E-02
  290    0.12377315E+01     0.53000000E-05     0.57909321E-02    -0.57856321E-02
  291    0.14852778E+01    -0.10557223E+01    -0.92257713E+00    -0.13314520E+00
  292    0.14852778E+01    -0.10280117E+01    -0.91708000E+00    -0.11093175E+00
  293    0.14852778E+01    -0.10492853E+01    -0.96863252E+00    -0.80652788E-01
  294    0.14852778E+01    -0.10976088E+01    -0.10398519E+01    -0.57756846E-01
  295    0.14852778E+01    -0.11050955E+01    -0.10633887E+01    -0.41706762E-01
  296    0.14852778E+01    -0.91368751E+00    -0.91753676E+00     0.38492546E-02
  297    0.14852778E+01    -0.70976110E-01    -0.14940774E+00     0.78431627E-01
  298    0.14852778E+01     0.27413730E+01     0.25360183E+01     0.20535472E+00
  299    0.14852778E+01     0.67220408E+01     0.72925914E+01    -0.57055064E+00
  300    0.14852778E+01     0.12123060E+01     0.12914302E+01    -0.79124189E-01
  301    0.14852778E+01    -0.59875958E+00    -0.75422231E+00     0.15546273E+00
  302    0.14852778E+01    -0.11342721E+01    -0.13289367E+01     0.19466466E+00
  303    0.14852778E+01    -0.12724582E+01    -0.14542016E+01     0.18174341E+00
  304    0.14852778E+01    -0.13032891E+01    -0.14575409E+01     0.15425177E+00
  305    0.14852778E+01    -0.13319933E+01    -0.14386037E+01     0.10661043E+00
  306    0.14852778E+01    -0.14090056E+01    -0.14653494E+01     0.56343861E-01
  307    0.14852778E+01    -0.15474835E+01    -0.15479577E+01     0.47423507E-03
  308    0.14852778E+01    -0.17198278E+01    -0.16578970E+01    -0.61930728E-01
  309    0.14852778E+01    -0.18706495E+01    -0.17479734E+01    -0.12267618E+00
  310    0.14852778E+01    -0.19447705E+01    -0.17643424E+01    -0.18042810E+00
  311    0.14852778E+01    -0.19108710E+01    -0.16821187E+01    -0.22875233E+00
  312    0.14852778E+01    -0.17683846E+01    -0.15101100E+01    -0.25827462E+00
  313    0.14852778E+01    -0.15400868E+01    -0.12788962E+01    -0.26119060E+00
  314    0.14852778E+01    -0.12587201E+01    -0.10260456E+01    -0.23267447E+00
  315    0.14852778E+01    -0.95536644E+00    -0.80211558E+00    -0.15325086E+00
  316    0.14852778E+01    -0.65395968E+00    -0.59047611E+00    -0.63483569E-01
  317    0.14852778E+01    -0.37633128E+00    -0.40642237E+00     0.30091091E-01
  318    0.14852778E+01    -0.19719535E+00    -0.27307352E+00     0.75878169E-01
  319    0.14852778E+01    -0.97403270E-01    -0.17805832E+00     0.80655052E-01
  320    0.14852778E+01    -0.47286350E-01    -0.10505121E+00     0.57764862E-01
  321    0.14852778E+01    -0.23777640E-01    -0.49091628E-01     0.25313988E-01
  322    0.14852778E+01    -0.13047150E-01    -0.11919917E-01    -0.11272326E-02
  323    0.14852778E+01    -0.82332800E-02     0.10913043E-01    -0.19146323E-01
  324    0.14852778E+01    -0.61043400E-02     0.23442378E-01    -0.29546718E-01
  325    0.14852778E+01    -0.51001300E-02     0.23585413E-01    -0.28685543E-01
  326    0.14852778E+01    -0.44899100E-02     0.17402016E-01    -0.21891926E-01
  327    0.14852778E+01    -0.39934000E-02     0.18779079E-01    -0.22772479E-01
  328    0.14852778E+01    -0.35171900E-02     0.18911623E-01    -0.22428813E-01
  329    0.14852778E+01    -0.29876000E-02     0.17970324E-01    -0.20957924E-01
  330    0.14852778E+01    -0.24247800E-02     0.13234547E-01    -0.15659327E-01
  331    0.14852778E+01    -0.18701000E-02     0.53566984E-02    -0.72267984E-02
  332    0.14852778E+01    -0.13670000E-02     0.57495037E-02    -0.71165037E-02
  333    0.14852778E+01    -0.92946000E-03     0.57888489E-02    -0.67183089E-02
  334    0.14852778E+01    -0.54995000E-03     0.57908376E-02    -0.63407876E-02
  335    0.14852778E+01    -0.22920000E-03     0.57909284E-02    -0.60201284E-02
  336    0.14852778E+01     0.18750000E-04     0.57909324E-02    -0.57721824E-02
  337    0.74263890E+00     0.56394777E+01     0.53351037E+01     0.30437403E+00
  338    0.74263890E+00     0.19916167E+01     0.18128590E+01     0.17875770E+00
  339    0.74263890E+00     0.62562210E-01    -0.44195424E-01     0.10675763E+00
  340    0.74263890E+00    -0.76126942E+00    -0.79016370E+00     0.28894277E-01
  341    0.74263890E+00    -0.10100159E+01    -0.97570628E+00    -0.34309589E-01
  342    0.74263890E+00    -0.97264802E+00    -0.93127068E+00    -0.41377336E-01
  343    0.74263890E+00    -0.77646295E+00    -0.73365976E+00    -0.42803189E-01
  344    0.74263890E+00    -0.51409469E+00    -0.43690652E+00    -0.77188170E-01
  345    0.74263890E+00    -0.30216230E+00    -0.18988606E+00    -0.11227624E+00
  346    0.74263890E+00    -0.24974159E+00    -0.11847641E+00    -0.13126518E+00
  347    0.74263890E+00    -0.38795012E+00    -0.28177274E+00    -0.10617738E+00
  348    0.74263890E+00    -0.64603172E+00    -0.59835757E+00    -0.47674150E-01
  349    0.74263890E+00    -0.90459774E+00    -0.91524223E+00     0.10644495E-01
  350    0.74263890E+00    -0.10651501E+01    -0.11190388E+01     0.53888680E-01
  351    0.74263890E+00    -0.10560814E+01    -0.11573100E+01     0.10122865E+00
  352    0.74263890E+00    -0.74752157E+00    -0.91135894E+00     0.16383737E+00
  353    0.74263890E+00     0.18233468E+00     0.14895096E-01     0.16743958E+00
  354    0.74263890E+00     0.23025245E+01     0.22127294E+01     0.89795092E-01
  355    0.74263890E+00     0.62085012E+01     0.61647311E+01     0.43770054E-01
  356    0.74263890E+00     0.57459735E+01     0.58027772E+01    -0.56803760E-01
  357    0.74263890E+00     0.16701628E+01     0.17206273E+01    -0.50464492E-01
  358    0.74263890E+00    -0.57031211E+00    -0.60260687E+00     0.32294759E-01
  359    0.74263890E+00    -0.15213850E+01    -0.15824390E+01     0.61054006E-01
  360    0.74263890E+00    -0.17362715E+01    -0.17745890E+01     0.38317472E-01
  361    0.74263890E+00    -0.15822073E+01    -0.15882941E+01     0.60867558E-02
  362    0.74263890E+00    -0.12673290E+01    -0.12691140E+01     0.17849844E-02
  363    0.74263890E+00    -0.90571703E+00    -0.94756236E+00     0.41845334E-01
  364    0.74263890E+00    -0.55614528E+00    -0.66973516E+00     0.11358988E+00
  365    0.74263890E+00    -0.29126564E+00    -0.44399220E+00     0.15272656E+00
  366    0.74263890E+00    -0.14272339E+00    -0.28513790E+00     0.14241451E+00
  367    0.74263890E+00    -0.67745540E-01    -0.16683054E+00     0.99084999E-01
  368    0.74263890E+00    -0.32893680E-01    -0.87574703E-01     0.54681023E-01
  369    0.74263890E+00    -0.17049250E-01    -0.34493400E-01     0.17444150E-01
  370    0.74263890E+00    -0.98951000E-02    -0.26678587E-02    -0.72272413E-02
  371    0.74263890E+00    -0.67037500E-02     0.90469995E-02    -0.15750750E-01
  372    0.74263890E+00    -0.52576600E-02     0.17904019E-01    -0.23161679E-01
  373    0.74263890E+00    -0.45155600E-02     0.22027602E-01    -0.26543162E-01
  374    0.74263890E+00    -0.39826300E-02     0.16023529E-01    -0.20006159E-01
  375    0.74263890E+00    -0.34794900E-02     0.15917654E-01    -0.19397144E-01
  376    0.74263890E+00    -0.29562800E-02     0.11755777E-01    -0.14712057E-01
  377    0.74263890E+00    -0.24143500E-02     0.69602800E-02    -0.93746300E-02
  378    0.74263890E+00    -0.18811800E-02     0.68685794E-02    -0.87497594E-02
  379    0.74263890E+00    -0.13866500E-02     0.53976151E-02    -0.67842651E-02
  380    0.74263890E+00    -0.94745000E-03     0.57646721E-02    -0.67121221E-02
  381    0.74263890E+00    -0.56589000E-03     0.57897908E-02    -0.63556808E-02
  382    0.74263890E+00    -0.24384000E-03     0.57908864E-02    -0.60347264E-02
  383    0.74263890E+00     0.83500000E-05     0.57909308E-02    -0.57825808E-02
  384    0.12377315E+01     0.31667892E+01     0.28789830E+01     0.28780625E+00
  385    0.12377315E+01     0.27183108E+00     0.18340728E+00     0.88423801E-01
  386    0.12377315E+01    -0.64061935E+00    -0.64332177E+00     0.27024158E-02
  387    0.12377315E+01    -0.73137511E+00    -0.71755463E+00    -0.13820475E-01
  388    0.12377315E+01    -0.45979416E+00    -0.45705221E+00    -0.27419454E-02
  389    0.12377315E+01    -0.50539770E-01    -0.32636628E-01    -0.17903142E-01
  390    0.12377315E+01     0.28812377E+00     0.33906070E+00    -0.50936933E-01
  391    0.12377315E+01     0.37153912E+00     0.44419967E+00    -0.72660547E-01
  392    0.12377315E+01     0.14739702E+00     0.20862049E+00    -0.61223470E-01
  393    0.12377315E+01    -0.26635899E+00    -0.24951280E+00    -0.16846193E-01
  394    0.12377315E+01    -0.68121131E+00    -0.72800824E+00     0.46796933E-01
  395    0.12377315E+01    -0.97125009E+00    -0.10674487E+01     0.96198591E-01
  396    0.12377315E+01    -0.11194357E+01    -0.12373633E+01     0.11792764E+00
  397    0.12377315E+01    -0.11680154E+01    -0.13039256E+01     0.13591028E+00
  398    0.12377315E+01    -0.11426471E+01    -0.13125495E+01     0.16990246E+00
  399    0.12377315E+01    -0.10196947E+01    -0.12104465E+01     0.19075183E+00
  400    0.12377315E+01    -0.76467422E+00    -0.92565679E+00     0.16098257E+00
  401    0.12377315E+01    -0.41131689E+00    -0.51912655E+00     0.10780966E+00
  402    0.12377315E+01    -0.10316883E+00    -0.15006470E+00     0.46895873E-01
  403    0.12377315E+01    -0.28238840E-01    -0.27372946E-01    -0.86589387E-03
  404    0.12377315E+01    -0.27698407E+00    -0.25471808E+00    -0.22265992E-01
  405    0.12377315E+01    -0.76152070E+00    -0.73819830E+00    -0.23322403E-01
  406    0.12377315E+01    -0.12835875E+01    -0.12547192E+01    -0.28868257E-01
  407    0.12377315E+01    -0.16692335E+01    -0.16221136E+01    -0.47119914E-01
  408    0.12377315E+01    -0.18417137E+01    -0.17614762E+01    -0.80237520E-01
  409    0.12377315E+01    -0.18098693E+01    -0.16906297E+01    -0.11923964E+00
  410    0.12377315E+01    -0.16250876E+01    -0.14836113E+01    -0.14147634E+00
  411    0.12377315E+01    -0.13478245E+01    -0.12117467E+01    -0.13607783E+00
  412    0.12377315E+01    -0.10308091E+01    -0.93524692E+00    -0.95562222E-01
  413    0.12377315E+01    -0.71123284E+00    -0.68252820E+00    -0.28704643E-01
  414    0.12377315E+01    -0.41406996E+00    -0.47357952E+00     0.59509563E-01
  415    0.12377315E+01    -0.21714330E+00    -0.31470076E+00     0.97557462E-01
  416    0.12377315E+01    -0.10720217E+00    -0.19824682E+00     0.91044647E-01
  417    0.12377315E+01    -0.51874790E-01    -0.11265546E+00     0.60780674E-01
  418    0.12377315E+01    -0.25891220E-01    -0.54961641E-01     0.29070421E-01
  419    0.12377315E+01    -0.13995300E-01    -0.18817375E-01     0.48220753E-02
  420    0.12377315E+01    -0.86313900E-02     0.21146010E-02    -0.10745991E-01
  421    0.12377315E+01    -0.62493800E-02     0.14961855E-01    -0.21211235E-01
  422    0.12377315E+01    -0.51427200E-02     0.20350507E-01    -0.25493227E-01
  423    0.12377315E+01    -0.45037000E-02     0.21670137E-01    -0.26173837E-01
  424    0.12377315E+01    -0.40086200E-02     0.19522466E-01    -0.23531086E-01
  425    0.12377315E+01    -0.35118600E-02     0.18080834E-01    -0.21592694E-01
  426    0.12377315E+01    -0.29850700E-02     0.16459539E-01    -0.19444609E-01
  427    0.12377315E+01    -0.24347100E-02     0.10293034E-01    -0.12727744E-01
  428    0.12377315E+01    -0.18921000E-02     0.55519781E-02    -0.74440781E-02
  429    0.12377315E+01    -0.13948400E-02     0.56637124E-02    -0.70585524E-02
  430    0.12377315E+01    -0.95826000E-03     0.57843494E-02    -0.67426094E-02
  431    0.12377315E+01    -0.57851000E-03     0.57906435E-02    -0.63691535E-02
  432    0.12377315E+01    -0.25544000E-03     0.57909205E-02    -0.60463605E-02
  433    0.12377315E+01    -0.46800000E-05     0.57909321E-02    -0.57956121E-02
  434    0.14852778E+01     0.70795160E+01     0.63762472E+01     0.70326879E+00
  435    0.14852778E+01     0.13667311E+01     0.11433994E+01     0.22333165E+00
  436    0.14852778E+01    -0.49915578E+00    -0.58170606E+00     0.82550275E-01
  437    0.14852778E+01    -0.10240881E+01    -0.10241746E+01     0.86457772E-04
  438    0.14852778E+01    -0.11174713E+01    -0.10866249E+01    -0.30846376E-01
  439    0.14852778E+01    -0.10857216E+01    -0.10461285E+01    -0.39593105E-01
  440    0.14852778E+01    -0.10435948E+01    -0.99107395E+00    -0.52520809E-01
  441    0.14852778E+01    -0.10413499E+01    -0.97802514E+00    -0.63324776E-01
  442    0.14852778E+01    -0.10861071E+01    -0.10211800E+01    -0.64927134E-01
  443    0.14852778E+01    -0.11493283E+01    -0.11088300E+01    -0.40498305E-01
  444    0.14852778E+01    -0.11911338E+01    -0.11905031E+01    -0.63070848E-03
  445    0.14852778E+01    -0.11933137E+01    -0.12315525E+01     0.38238742E-01
  446    0.14852778E+01    -0.11754482E+01    -0.12426494E+01     0.67201184E-01
  447    0.14852778E+01    -0.11773397E+01    -0.12671981E+01     0.89858406E-01
  448    0.14852778E+01    -0.12207245E+01    -0.13280708E+01     0.10734631E+00
  449    0.14852778E+01    -0.12891257E+01    -0.13972918E+01     0.10816607E+00
  450    0.14852778E+01    -0.13484606E+01    -0.14530883E+01     0.10462773E+00
  451    0.14852778E+01    -0.13848672E+01    -0.14438000E+01     0.58932781E-01
  452    0.14852778E+01    -0.14199336E+01    -0.14230531E+01     0.31195204E-02
  453    0.14852778E+01    -0.14908863E+01    -0.14564778E+01    -0.34408535E-01
  454    0.14852778E+01    -0.16152269E+01    -0.15492016E+01    -0.66025294E-01
  455    0.14852778E+01    -0.17706858E+01    -0.16680538E+01    -0.10263196E+00
  456    0.14852778E+01    -0.19050154E+01    -0.17582765E+01    -0.14673889E+00
  457    0.14852778E+01    -0.19645906E+01    -0.17738159E+01    -0.19077472E+00
  458    0.14852778E+01    -0.19188650E+01    -0.16905220E+01    -0.22834300E+00
  459    0.14852778E+01    -0.17675721E+01    -0.15178357E+01    -0.24973638E+00
  460    0.14852778E+01    -0.15334294E+01    -0.12939829E+01    -0.23944648E+00
  461    0.14852778E+01    -0.12488399E+01    -0.10454552E+01    -0.20338474E+00
  462    0.14852778E+01    -0.94447197E+00    -0.79555832E+00    -0.14891365E+00
  463    0.14852778E+01    -0.64367498E+00    -0.57418548E+00    -0.69489497E-01
  464    0.14852778E+01    -0.36893385E+00    -0.39350082E+00     0.24566971E-01
  465    0.14852778E+01    -0.19367857E+00    -0.27002212E+00     0.76343545E-01
  466    0.14852778E+01    -0.96025850E-01    -0.18509610E+00     0.89070249E-01
  467    0.14852778E+01    -0.46821810E-01    -0.10574445E+00     0.58922636E-01
  468    0.14852778E+01    -0.23637950E-01    -0.49095706E-01     0.25457756E-01
  469    0.14852778E+01    -0.13017270E-01    -0.11919938E-01    -0.10973316E-02
  470    0.14852778E+01    -0.82413100E-02     0.10913043E-01    -0.19154353E-01
  471    0.14852778E+01    -0.61235200E-02     0.23442378E-01    -0.29565898E-01
  472    0.14852778E+01    -0.51172200E-02     0.23585413E-01    -0.28702633E-01
  473    0.14852778E+01    -0.45018300E-02     0.17402016E-01    -0.21903846E-01
  474    0.14852778E+01    -0.40016600E-02     0.18779079E-01    -0.22780739E-01
  475    0.14852778E+01    -0.35248100E-02     0.18911623E-01    -0.22436433E-01
  476    0.14852778E+01    -0.30018600E-02     0.17970324E-01    -0.20972184E-01
  477    0.14852778E+01    -0.24457000E-02     0.13234547E-01    -0.15680247E-01
  478    0.14852778E+01    -0.18945400E-02     0.53566984E-02    -0.72512384E-02
  479    0.14852778E+01    -0.13926000E-02     0.57495037E-02    -0.71421037E-02
  480    0.14852778E+01    -0.95448000E-03     0.57888489E-02    -0.67433289E-02
  481    0.14852778E+01    -0.57310000E-03     0.57908376E-02    -0.63639376E-02
  482    0.14852778E+01    -0.24970000E-03     0.57909284E-02    -0.60406284E-02
  483    0.14852778E+01     0.00000000E+00     0.57909324E-02    -0.57909324E-02

              STD                   NE - PARAMETER                      SUPPORT PLANE
  PARA       ERROR             LOWER             UPPER             LOWER             UPPER
    1    0.61233088E-01    0.15144740E+01    0.17594064E+01    0.13129252E+01    0.19609552E+01
    2    0.11553710E+00    0.28656172E+01    0.33277656E+01    0.24853265E+01    0.37080562E+01
    3    0.10540446E+00    0.15411397E+01    0.19627575E+01    0.11942006E+01    0.23096966E+01
    4     PARAMETER HELD CONSTANT
    5     PARAMETER HELD CONSTANT
    6     PARAMETER HELD CONSTANT
    7    0.48935355E-01    0.32370584E+00    0.51944726E+00    0.16263499E+00    0.68051811E+00
    8    0.38365962E-01    0.38962249E+01    0.40496888E+01    0.37699432E+01    0.41759704E+01
    9    0.62311310E-01    0.66837776E+01    0.69330228E+01    0.64786797E+01    0.71381207E+01
   10    0.83486204E-01    0.39555550E+01    0.42894998E+01    0.36807599E+01    0.45642948E+01
   11     PARAMETER HELD CONSTANT
   12     PARAMETER HELD CONSTANT
   13     PARAMETER HELD CONSTANT
   14     PARAMETER HELD CONSTANT
 
