 site       X              Y              Z             EMT           DFT
  1   0.0000000000   0.0000000000  -5.0000000000   0.2423991855  -1.0481367200
  1   0.0000000000   0.0000000000  -4.8000000000   0.2462580033  -1.0341551400
  1   0.0000000000   0.0000000000  -4.6000000000  -0.0045730009  -1.0634472300
  1   0.0000000000   0.0000000000  -4.4000000000  -0.4435881344  -1.1120685600
  1   0.0000000000   0.0000000000  -4.2000000000  -0.9300613834  -1.1441723700
  1   0.0000000000   0.0000000000  -4.0000000000  -1.3290679622  -1.1428062800
  1   0.0000000000   0.0000000000  -3.8000000000  -1.5653111278  -1.1234914100
  1   0.0000000000   0.0000000000  -3.6000000000  -1.6209818126  -1.1164879700
  1   0.0000000000   0.0000000000  -3.4000000000  -1.4963273066  -1.1326124900
  1   0.0000000000   0.0000000000  -3.2000000000  -1.1934390699  -1.1507669400
  1   0.0000000000   0.0000000000  -3.0000000000  -0.7483378200  -1.1421717100
  1   0.0000000000   0.0000000000  -2.8000000000  -0.2620923829  -1.1025158700
  1   0.0000000000   0.0000000000  -2.6000000000   0.1193418948  -1.0585963200
  1   0.0000000000   0.0000000000  -2.4000000000   0.2742840289  -1.0456280500
  1   0.0000000000   0.0000000000  -2.2000000000   0.1817114658  -1.0771306200
  1   0.0000000000   0.0000000000  -2.0000000000  -0.0439455402  -1.1313340400
  1   0.0000000000   0.0000000000  -1.8000000000  -0.1671349376  -1.1516515500
  1   0.0000000000   0.0000000000  -1.6000000000   0.1815618489  -1.0166319300
  1   0.0000000000   0.0000000000  -1.4000000000   1.7195637513  -0.3742959700
  1   0.0000000000   0.0000000000  -1.2000000000   6.1533015044   1.8422229800
  1   0.0000000000   0.0000000000  -1.0000000000  17.6686233141   8.5517769600
  1   0.0000000000   0.0000000000   1.0000000000  16.5983427300   7.6765841000
  1   0.0000000000   0.0000000000   1.2000000000   4.7279763773   0.8766178600
  1   0.0000000000   0.0000000000   1.4000000000   0.0186525869  -1.3052850000
  1   0.0000000000   0.0000000000   1.6000000000  -1.6494170869  -1.7566152900
  1   0.0000000000   0.0000000000   1.8000000000  -2.0113448813  -1.5797203200
  1   0.0000000000   0.0000000000   2.0000000000  -1.8467888460  -1.1983958900
  1   0.0000000000   0.0000000000   2.2000000000  -1.5120612738  -0.7846930900
  1   0.0000000000   0.0000000000   2.4000000000  -1.1631157653  -0.4237280100
  1   0.0000000000   0.0000000000   2.6000000000  -0.8602917980  -0.2072099100
  1   0.0000000000   0.0000000000   2.8000000000  -0.6196214037  -0.0962708300
  1   0.0000000000   0.0000000000   3.0000000000  -0.4377021598  -0.0451418900
  1   0.0000000000   0.0000000000   3.2000000000  -0.3046864215  -0.0222995900
  1   0.0000000000   0.0000000000   3.4000000000  -0.2096713271  -0.0120612900
  1   0.0000000000   0.0000000000   3.6000000000  -0.1429594672  -0.0075157000
  1   0.0000000000   0.0000000000   3.8000000000  -0.0967307177  -0.0055164800
  1   0.0000000000   0.0000000000   4.0000000000  -0.0648820729  -0.0045484600
  1   0.0000000000   0.0000000000   4.2000000000  -0.0400394152  -0.0039407100
  1   0.0000000000   0.0000000000   4.4000000000  -0.0237978200  -0.0034222300
  1   0.0000000000   0.0000000000   4.6000000000  -0.0153883742  -0.0029049400
  1   0.0000000000   0.0000000000   4.8000000000  -0.0099459072  -0.0023772200
  1   0.0000000000   0.0000000000   5.0000000000  -0.0062899814  -0.0018477500
  1   0.0000000000   0.0000000000   5.2000000000  -0.0013299304  -0.0013408400
  1   0.0000000000   0.0000000000   5.4000000000  -0.0000266868  -0.0008915600
  1   0.0000000000   0.0000000000   5.6000000000  -0.0000004160  -0.0004981300
  1   0.0000000000   0.0000000000   5.8000000000  -0.0000000061  -0.0001762000
  1   0.0000000000   0.0000000000   6.0000000000  -0.0000000001   0.0000742300
  2   0.4950925980   0.0000000000  -5.0000000000   3.3206309006   0.2716979800
  2   0.4950925980   0.0000000000  -4.8000000000   3.4580609131   0.3770731100
  2   0.4950925980   0.0000000000  -4.6000000000   2.8678221841   0.1762262800
  2   0.4950925980   0.0000000000  -4.4000000000   1.7829609395  -0.2207344500
  2   0.4950925980   0.0000000000  -4.2000000000   0.6048569942  -0.6282200700
  2   0.4950925980   0.0000000000  -4.0000000000  -0.3320788888  -0.9175127000
  2   0.4950925980   0.0000000000  -3.8000000000  -0.8727121460  -1.0634802500
  2   0.4950925980   0.0000000000  -3.6000000000  -0.9984277722  -1.0959496300
  2   0.4950925980   0.0000000000  -3.4000000000  -0.7160117731  -1.0284113300
  2   0.4950925980   0.0000000000  -3.2000000000  -0.0168110005  -0.8353097100
  2   0.4950925980   0.0000000000  -3.0000000000   1.0407043457  -0.4975200700
  2   0.4950925980   0.0000000000  -2.8000000000   2.2305542489  -0.0754113000
  2   0.4950925980   0.0000000000  -2.6000000000   3.1704235668   0.2706121000
  2   0.4950925980   0.0000000000  -2.4000000000   3.4934038719   0.3650925200
  2   0.4950925980   0.0000000000  -2.2000000000   3.0875724783   0.1539438000
  2   0.4950925980   0.0000000000  -2.0000000000   2.1943693743  -0.2471428300
  2   0.4950925980   0.0000000000  -1.8000000000   1.2741415453  -0.6403109600
  2   0.4950925980   0.0000000000  -1.6000000000   0.8084589903  -0.8445732500
  2   0.4950925980   0.0000000000  -1.4000000000   1.3040057206  -0.6476252300
  2   0.4950925980   0.0000000000  -1.2000000000   3.6550406568   0.4697963900
  2   0.4950925980   0.0000000000  -1.0000000000   9.8127285337   3.8378432100
  2   0.4950925980   0.0000000000   1.0000000000   8.5343494721   2.9970199500
  2   0.4950925980   0.0000000000   1.2000000000   1.9063966117  -0.4685275900
  2   0.4950925980   0.0000000000   1.4000000000  -0.9083307253  -1.5888557400
  2   0.4950925980   0.0000000000   1.6000000000  -1.8797386789  -1.7218588800
  2   0.4950925980   0.0000000000   1.8000000000  -1.9997509759  -1.4674781400
  2   0.4950925980   0.0000000000   2.0000000000  -1.7683994978  -1.0863606600
  2   0.4950925980   0.0000000000   2.2000000000  -1.4305493922  -0.6955358500
  2   0.4950925980   0.0000000000   2.4000000000  -1.0977066531  -0.3697565000
  2   0.4950925980   0.0000000000   2.6000000000  -0.8133126921  -0.1807841800
  2   0.4950925980   0.0000000000   2.8000000000  -0.5878821640  -0.0845863000
  2   0.4950925980   0.0000000000   3.0000000000  -0.4171225928  -0.0401606700
  2   0.4950925980   0.0000000000   3.2000000000  -0.2917204024  -0.0201803800
  2   0.4950925980   0.0000000000   3.4000000000  -0.2016750371  -0.0111888100
  2   0.4950925980   0.0000000000   3.6000000000  -0.1380857253  -0.0071804200
  2   0.4950925980   0.0000000000   3.8000000000  -0.0934053145  -0.0054035300
  2   0.4950925980   0.0000000000   4.0000000000  -0.0617484223  -0.0045288300
  2   0.4950925980   0.0000000000   4.2000000000  -0.0405003347  -0.0039569100
  2   0.4950925980   0.0000000000   4.4000000000  -0.0248788936  -0.0034473900
  2   0.4950925980   0.0000000000   4.6000000000  -0.0147195546  -0.0029264200
  2   0.4950925980   0.0000000000   4.8000000000  -0.0094068187  -0.0023934000
  2   0.4950925980   0.0000000000   5.0000000000  -0.0058695265  -0.0018647000
  2   0.4950925980   0.0000000000   5.2000000000  -0.0008874156  -0.0013665800
  2   0.4950925980   0.0000000000   5.4000000000  -0.0000167271  -0.0009223800
  2   0.4950925980   0.0000000000   5.6000000000  -0.0000002630  -0.0005335400
  2   0.4950925980   0.0000000000   5.8000000000  -0.0000000039  -0.0002101300
  2   0.4950925980   0.0000000000   6.0000000000  -0.0000000001   0.0000423800
  3   0.9901851960   0.0000000000  -5.0000000000  17.8524809684   8.4485172000
  3   0.9901851960   0.0000000000  -4.8000000000  18.7601134306   9.2096237600
  3   0.9901851960   0.0000000000  -4.6000000000  16.1212574731   7.8018882300
  3   0.9901851960   0.0000000000  -4.4000000000  11.4173183009   5.0949056300
  3   0.9901851960   0.0000000000  -4.2000000000   6.7271016188   2.4226629400
  3   0.9901851960   0.0000000000  -4.0000000000   3.3152547548   0.5624511100
  3   0.9901851960   0.0000000000  -3.8000000000   1.4765061033  -0.3896112800
  3   0.9901851960   0.0000000000  -3.6000000000   1.0631659346  -0.6031798200
  3   0.9901851960   0.0000000000  -3.4000000000   1.9993926941  -0.1465905400
  3   0.9901851960   0.0000000000  -3.2000000000   4.4317865531   1.1117578100
  3   0.9901851960   0.0000000000  -3.0000000000   8.4103391745   3.2994252800
  3   0.9901851960   0.0000000000  -2.8000000000  13.3155666606   6.1133258200
  3   0.9901851960   0.0000000000  -2.6000000000  17.4862884310   8.5139200800
  3   0.9901851960   0.0000000000  -2.4000000000  18.8524402331   9.1851412300
  3   0.9901851960   0.0000000000  -2.2000000000  16.6161829142   7.6970446200
  3   0.9901851960   0.0000000000  -2.0000000000  12.0530768169   4.9591733700
  3   0.9901851960   0.0000000000  -1.8000000000   7.2663621077   2.2983098800
  3   0.9901851960   0.0000000000  -1.6000000000   3.6568194048   0.4593176600
  3   0.9901851960   0.0000000000  -1.4000000000   1.6167814089  -0.4914791800
  3   0.9901851960   0.0000000000  -1.2000000000   1.0180792059  -0.7495507400
  3   0.9901851960   0.0000000000  -1.0000000000   1.7515968722  -0.4087266900
  3   0.9901851960   0.0000000000  -0.8000000000   3.9400916984   0.6561365900
  3   0.9901851960   0.0000000000  -0.6000000000   7.6781261191   2.6246445000
  3   0.9901851960   0.0000000000  -0.4000000000  12.4728215673   5.3287169800
  3   0.9901851960   0.0000000000  -0.2000000000  16.7957184540   7.8723843300
  3   0.9901851960   0.0000000000   0.0000000000  18.5397283222   8.9024681300
  3   0.9901851960   0.0000000000   0.2000000000  16.6421220673   7.7224247800
  3   0.9901851960   0.0000000000   0.4000000000  12.1251767350   5.0143067900
  3   0.9901851960   0.0000000000   0.6000000000   7.0556014807   2.1325373400
  3   0.9901851960   0.0000000000   0.8000000000   2.9255125440  -0.0074507800
  3   0.9901851960   0.0000000000   1.0000000000   0.1955103069  -1.2163270900
  3   0.9901851960   0.0000000000   1.2000000000  -1.3025051902  -1.6991186600
  3   0.9901851960   0.0000000000   1.4000000000  -1.9305783459  -1.7292176200
  3   0.9901851960   0.0000000000   1.6000000000  -2.0289580886  -1.5159720200
  3   0.9901851960   0.0000000000   1.8000000000  -1.8497527786  -1.1937068500
  3   0.9901851960   0.0000000000   2.0000000000  -1.5559343322  -0.8436701800
  3   0.9901851960   0.0000000000   2.2000000000  -1.2416602877  -0.5098086800
  3   0.9901851960   0.0000000000   2.4000000000  -0.9543986632  -0.2666640400
  3   0.9901851960   0.0000000000   2.6000000000  -0.7131934871  -0.1308350200
  3   0.9901851960   0.0000000000   2.8000000000  -0.5211388944  -0.0624062900
  3   0.9901851960   0.0000000000   3.0000000000  -0.3741038851  -0.0305329200
  3   0.9901851960   0.0000000000   3.2000000000  -0.2646665448  -0.0160175500
  3   0.9901851960   0.0000000000   3.4000000000  -0.1847615096  -0.0094602600
  3   0.9901851960   0.0000000000   3.6000000000  -0.1275485573  -0.0065347700
  3   0.9901851960   0.0000000000   3.8000000000  -0.0865027100  -0.0052066400
  3   0.9901851960   0.0000000000   4.0000000000  -0.0585799229  -0.0045096400
  3   0.9901851960   0.0000000000   4.2000000000  -0.0394411093  -0.0039909800
  3   0.9901851960   0.0000000000   4.4000000000  -0.0253111766  -0.0034878200
  3   0.9901851960   0.0000000000   4.6000000000  -0.0152731368  -0.0029598800
  3   0.9901851960   0.0000000000   4.8000000000  -0.0084686013  -0.0024181400
  3   0.9901851960   0.0000000000   5.0000000000  -0.0043005765  -0.0018841800
  3   0.9901851960   0.0000000000   5.2000000000  -0.0002331669  -0.0013891900
  3   0.9901851960   0.0000000000   5.4000000000  -0.0000041392  -0.0009532700
  3   0.9901851960   0.0000000000   5.6000000000  -0.0000000670  -0.0005722900
  3   0.9901851960   0.0000000000   5.8000000000  -0.0000000010  -0.0002512800
  3   0.9901851960   0.0000000000   6.0000000000  -0.0000000000  -0.0000001800
  4   1.4852777940   0.0000000000  -4.2000000000  12.2260007517   5.6850676100
  4   1.4852777940   0.0000000000  -4.0000000000   6.3078916315   2.0917281100
  4   1.4852777940   0.0000000000  -3.8000000000   3.2602757611   0.3168925200
  4   1.4852777940   0.0000000000  -3.6000000000   2.5900714787  -0.0744760600
  4   1.4852777940   0.0000000000  -3.4000000000   4.1161608858   0.7671678700
  4   1.4852777940   0.0000000000  -3.2000000000   8.2082098879   3.1394035900
  4   1.4852777940   0.0000000000  -3.0000000000  15.2638150905   7.4350210900
  4   1.4852777940   0.0000000000  -1.8000000000  12.8754609175   5.4424900800
  4   1.4852777940   0.0000000000  -1.6000000000   6.2877139530   1.8565445200
  4   1.4852777940   0.0000000000  -1.4000000000   2.3957838059  -0.0307064200
  4   1.4852777940   0.0000000000  -1.2000000000   0.5093836472  -0.8439618800
  4   1.4852777940   0.0000000000  -1.0000000000  -0.1159774395  -1.1146655200
  4   1.4852777940   0.0000000000  -0.8000000000   0.0269801423  -1.1281045300
  4   1.4852777940   0.0000000000  -0.6000000000   0.6472312359  -0.9983429400
  4   1.4852777940   0.0000000000  -0.4000000000   1.4693103194  -0.7985041200
  4   1.4852777940   0.0000000000  -0.2000000000   2.1538923654  -0.6341463700
  4   1.4852777940   0.0000000000   0.0000000000   2.3837627653  -0.6232422000
  4   1.4852777940   0.0000000000   0.2000000000   2.0164396116  -0.8196053800
  4   1.4852777940   0.0000000000   0.4000000000   1.1585624906  -1.1671303900
  4   1.4852777940   0.0000000000   0.6000000000   0.0900750897  -1.5364316500
  4   1.4852777940   0.0000000000   0.8000000000  -0.8939471986  -1.8041649500
  4   1.4852777940   0.0000000000   1.0000000000  -1.6030680508  -1.9052169100
  4   1.4852777940   0.0000000000   1.2000000000  -1.9801103306  -1.8365501800
  4   1.4852777940   0.0000000000   1.4000000000  -2.0653343425  -1.6349435700
  4   1.4852777940   0.0000000000   1.6000000000  -1.9435044224  -1.3512819400
  4   1.4852777940   0.0000000000   1.8000000000  -1.7033490511  -1.0326422400
  4   1.4852777940   0.0000000000   2.0000000000  -1.4165577507  -0.7129287000
  4   1.4852777940   0.0000000000   2.2000000000  -1.1312211407  -0.4154696900
  4   1.4852777940   0.0000000000   2.4000000000  -0.8748089050  -0.2177428300
  4   1.4852777940   0.0000000000   2.6000000000  -0.6589933623  -0.1074131800
  4   1.4852777940   0.0000000000   2.8000000000  -0.4857851048  -0.0519192500
  4   1.4852777940   0.0000000000   3.0000000000  -0.3518712009  -0.0258826800
  4   1.4852777940   0.0000000000   3.2000000000  -0.2508001758  -0.0139793700
  4   1.4852777940   0.0000000000   3.4000000000  -0.1754469902  -0.0086057000
  4   1.4852777940   0.0000000000   3.6000000000  -0.1217237974  -0.0062173700
  4   1.4852777940   0.0000000000   3.8000000000  -0.0837835750  -0.0051224400
  4   1.4852777940   0.0000000000   4.0000000000  -0.0571755120  -0.0044978500
  4   1.4852777940   0.0000000000   4.2000000000  -0.0386995301  -0.0040071200
  4   1.4852777940   0.0000000000   4.4000000000  -0.0252460641  -0.0035041200
  4   1.4852777940   0.0000000000   4.6000000000  -0.0150207387  -0.0029746900
  4   1.4852777940   0.0000000000   4.8000000000  -0.0095142715  -0.0024275000
  4   1.4852777940   0.0000000000   5.0000000000  -0.0016634673  -0.0018863600
  4   1.4852777940   0.0000000000   5.2000000000  -0.0000376649  -0.0013897400
  4   1.4852777940   0.0000000000   5.4000000000  -0.0000006897  -0.0009559400
  4   1.4852777940   0.0000000000   5.6000000000  -0.0000000118  -0.0005780500
  4   1.4852777940   0.0000000000   5.8000000000  -0.0000000002  -0.0002586800
  4   1.4852777940   0.0000000000   6.0000000000  -0.0000000000  -0.0000075500
  5   0.7426388970   0.4287627670  -5.0000000000   2.3905348855  -0.3088081700
  5   0.7426388970   0.4287627670  -4.8000000000   2.5321713539  -0.2372000200
  5   0.7426388970   0.4287627670  -4.6000000000   2.1145436422  -0.3570495200
  5   0.7426388970   0.4287627670  -4.4000000000   1.3261388262  -0.6028261500
  5   0.7426388970   0.4287627670  -4.2000000000   0.4998040178  -0.8550733100
  5   0.7426388970   0.4287627670  -4.0000000000  -0.0404681541  -1.0064850200
  5   0.7426388970   0.4287627670  -3.8000000000  -0.0312338120  -0.9638158400
  5   0.7426388970   0.4287627670  -3.6000000000   0.8507176729  -0.5574703000
  5   0.7426388970   0.4287627670  -3.4000000000   3.1668590230   0.5861212900
  5   0.7426388970   0.4287627670  -3.2000000000   7.6935913976   3.0642952300
  5   0.7426388970   0.4287627670  -3.0000000000  14.9960647159   7.3982095500
  5   0.7426388970   0.4287627670  -1.8000000000  13.1918565589   5.4713330400
  5   0.7426388970   0.4287627670  -1.6000000000   6.8868045115   1.9312037800
  5   0.7426388970   0.4287627670  -1.4000000000   3.4912340268   0.1666763800
  5   0.7426388970   0.4287627670  -1.2000000000   2.5209223872  -0.2948857300
  5   0.7426388970   0.4287627670  -1.0000000000   3.7176772846   0.3542774800
  5   0.7426388970   0.4287627670  -0.8000000000   7.3915748728   2.3870729200
  5   0.7426388970   0.4287627670  -0.6000000000  14.0006847971   6.2684102600
  5   0.7426388970   0.4287627670   0.6000000000  13.2331514704   5.7664389600
  5   0.7426388970   0.4287627670   0.8000000000   6.0954954100   1.6845959200
  5   0.7426388970   0.4287627670   1.0000000000   1.6426964326  -0.5617080100
  5   0.7426388970   0.4287627670   1.2000000000  -0.7318658975  -1.5175202600
  5   0.7426388970   0.4287627670   1.4000000000  -1.7653516041  -1.7357268600
  5   0.7426388970   0.4287627670   1.6000000000  -2.0299356540  -1.5836824700
  5   0.7426388970   0.4287627670   1.8000000000  -1.9047116636  -1.2698266000
  5   0.7426388970   0.4287627670   2.0000000000  -1.6175113834  -0.9084922900
  5   0.7426388970   0.4287627670   2.2000000000  -1.2930634997  -0.5587177200
  5   0.7426388970   0.4287627670   2.4000000000  -0.9923617485  -0.2925655300
  5   0.7426388970   0.4287627670   2.6000000000  -0.7393615618  -0.1432468400
  5   0.7426388970   0.4287627670   2.8000000000  -0.5384399875  -0.0679205900
  5   0.7426388970   0.4287627670   3.0000000000  -0.3852070760  -0.0329416600
  5   0.7426388970   0.4287627670   3.2000000000  -0.2716849895  -0.0170580400
  5   0.7426388970   0.4287627670   3.4000000000  -0.1892394160  -0.0098911300
  5   0.7426388970   0.4287627670   3.6000000000  -0.1298414760  -0.0066961900
  5   0.7426388970   0.4287627670   3.8000000000  -0.0885094328  -0.0052512300
  5   0.7426388970   0.4287627670   4.0000000000  -0.0597526587  -0.0045128700
  5   0.7426388970   0.4287627670   4.2000000000  -0.0387743133  -0.0039808100
  5   0.7426388970   0.4287627670   4.4000000000  -0.0256022712  -0.0034754800
  5   0.7426388970   0.4287627670   4.6000000000  -0.0154302637  -0.0029501600
  5   0.7426388970   0.4287627670   4.8000000000  -0.0084614634  -0.0024093400
  5   0.7426388970   0.4287627670   5.0000000000  -0.0048980346  -0.0018746200
  5   0.7426388970   0.4287627670   5.2000000000  -0.0003683674  -0.0013798900
  5   0.7426388970   0.4287627670   5.4000000000  -0.0000065854  -0.0009412200
  5   0.7426388970   0.4287627670   5.6000000000  -0.0000001055  -0.0005603900
  5   0.7426388970   0.4287627670   5.8000000000  -0.0000000016  -0.0002399000
  5   0.7426388970   0.4287627670   6.0000000000  -0.0000000000   0.0000111500
  6   1.2377314950   0.4287627670  -5.0000000000   3.2515840024   0.2675543800
  6   1.2377314950   0.4287627670  -4.8000000000   3.4807514721   0.3859269800
  6   1.2377314950   0.4287627670  -4.6000000000   2.9932248670   0.1949902700
  6   1.2377314950   0.4287627670  -4.4000000000   2.0701310272  -0.1946857400
  6   1.2377314950   0.4287627670  -4.2000000000   1.1850309577  -0.5793263600
  6   1.2377314950   0.4287627670  -4.0000000000   0.8192265419  -0.7542144900
  6   1.2377314950   0.4287627670  -3.8000000000   1.5089667641  -0.4496667800
  6   1.2377314950   0.4287627670  -3.6000000000   4.2550203566   0.9781790900
  6   1.2377314950   0.4287627670  -3.4000000000  11.2098464934   5.0959210200
  6   1.2377314950   0.4287627670  -1.4000000000   8.8491919658   2.9572511200
  6   1.2377314950   0.4287627670  -1.2000000000   3.2603025301   0.1450625200
  6   1.2377314950   0.4287627670  -1.0000000000   1.1737545181  -0.7639143100
  6   1.2377314950   0.4287627670  -0.8000000000   0.8043362042  -0.8987999400
  6   1.2377314950   0.4287627670  -0.6000000000   1.3250004270  -0.6940922300
  6   1.2377314950   0.4287627670  -0.4000000000   2.2380939468  -0.3450376500
  6   1.2377314950   0.4287627670  -0.2000000000   3.0568699866  -0.0398038400
  6   1.2377314950   0.4287627670   0.0000000000   3.3344010540   0.0272149700
  6   1.2377314950   0.4287627670   0.2000000000   2.8645797943  -0.2320121200
  6   1.2377314950   0.4287627670   0.4000000000   1.7911975410  -0.7273727800
  6   1.2377314950   0.4287627670   0.6000000000   0.4856681449  -1.2596512200
  6   1.2377314950   0.4287627670   0.8000000000  -0.6862865542  -1.6545010300
  6   1.2377314950   0.4287627670   1.0000000000  -1.5135605448  -1.8348650900
  6   1.2377314950   0.4287627670   1.2000000000  -1.9517819776  -1.8090426800
  6   1.2377314950   0.4287627670   1.4000000000  -2.0628608529  -1.6284617200
  6   1.2377314950   0.4287627670   1.6000000000  -1.9490332934  -1.3536471100
  6   1.2377314950   0.4287627670   1.8000000000  -1.7096144443  -1.0375694900
  6   1.2377314950   0.4287627670   2.0000000000  -1.4211645188  -0.7177796900
  6   1.2377314950   0.4287627670   2.2000000000  -1.1341578105  -0.4191638000
  6   1.2377314950   0.4287627670   2.4000000000  -0.8765751103  -0.2195615400
  6   1.2377314950   0.4287627670   2.6000000000  -0.6600867933  -0.1081583200
  6   1.2377314950   0.4287627670   2.8000000000  -0.4863142741  -0.0521858900
  6   1.2377314950   0.4287627670   3.0000000000  -0.3519332540  -0.0259840800
  6   1.2377314950   0.4287627670   3.2000000000  -0.2507061118  -0.0140137200
  6   1.2377314950   0.4287627670   3.4000000000  -0.1761015186  -0.0086256800
  6   1.2377314950   0.4287627670   3.6000000000  -0.1223165487  -0.0062384000
  6   1.2377314950   0.4287627670   3.8000000000  -0.0838746424  -0.0051342800
  6   1.2377314950   0.4287627670   4.0000000000  -0.0569001739  -0.0044970100
  6   1.2377314950   0.4287627670   4.2000000000  -0.0378168403  -0.0040028200
  6   1.2377314950   0.4287627670   4.4000000000  -0.0250861833  -0.0035035900
  6   1.2377314950   0.4287627670   4.6000000000  -0.0163246073  -0.0029741300
  6   1.2377314950   0.4287627670   4.8000000000  -0.0086065426  -0.0024213100
  6   1.2377314950   0.4287627670   5.0000000000  -0.0021773888  -0.0018770500
  6   1.2377314950   0.4287627670   5.2000000000  -0.0000586564  -0.0013780900
  6   1.2377314950   0.4287627670   5.4000000000  -0.0000010521  -0.0009422700
  6   1.2377314950   0.4287627670   5.6000000000  -0.0000000176  -0.0005642400
  6   1.2377314950   0.4287627670   5.8000000000  -0.0000000003  -0.0002452100
  6   1.2377314950   0.4287627670   6.0000000000  -0.0000000000   0.0000053000
  7   1.4852777940   0.8575255340  -5.0000000000   0.1534192020  -1.0557223300
  7   1.4852777940   0.8575255340  -4.8000000000   0.2754739439  -1.0280117500
  7   1.4852777940   0.8575255340  -4.6000000000   0.1573523725  -1.0492853100
  7   1.4852777940   0.8575255340  -4.4000000000  -0.0690298430  -1.0976087900
  7   1.4852777940   0.8575255340  -4.2000000000  -0.1519397248  -1.1050954600
  7   1.4852777940   0.8575255340  -4.0000000000   0.3092013468  -0.9136875100
  7   1.4852777940   0.8575255340  -3.8000000000   2.1231825644  -0.0709761100
  7   1.4852777940   0.8575255340  -3.6000000000   7.2200503442   2.7413729800
  7   1.4852777940   0.8575255340  -1.4000000000  15.7478959985   6.7220408000
  7   1.4852777940   0.8575255340  -1.2000000000   5.4206040220   1.2123059900
  7   1.4852777940   0.8575255340  -1.0000000000   1.4471674391  -0.5987595800
  7   1.4852777940   0.8575255340  -0.8000000000   0.0919228164  -1.1342720700
  7   1.4852777940   0.8575255340  -0.6000000000  -0.1875547109  -1.2724581500
  7   1.4852777940   0.8575255340  -0.4000000000  -0.0516850258  -1.3032891100
  7   1.4852777940   0.8575255340  -0.2000000000   0.1471467763  -1.3319933000
  7   1.4852777940   0.8575255340   0.0000000000   0.1838894112  -1.4090055500
  7   1.4852777940   0.8575255340   0.2000000000  -0.0429928608  -1.5474835100
  7   1.4852777940   0.8575255340   0.4000000000  -0.5008330338  -1.7198277700
  7   1.4852777940   0.8575255340   0.6000000000  -1.0610953780  -1.8706495500
  7   1.4852777940   0.8575255340   0.8000000000  -1.5726460427  -1.9447705200
  7   1.4852777940   0.8575255340   1.0000000000  -1.9255647498  -1.9108710400
  7   1.4852777940   0.8575255340   1.2000000000  -2.0773222617  -1.7683846000
  7   1.4852777940   0.8575255340   1.4000000000  -2.0438288064  -1.5400867900
  7   1.4852777940   0.8575255340   1.6000000000  -1.8741115257  -1.2587201100
  7   1.4852777940   0.8575255340   1.8000000000  -1.6254815990  -0.9553664400
  7   1.4852777940   0.8575255340   2.0000000000  -1.3483538117  -0.6539596800
  7   1.4852777940   0.8575255340   2.2000000000  -1.0784552731  -0.3763312800
  7   1.4852777940   0.8575255340   2.4000000000  -0.8366421697  -0.1971953500
  7   1.4852777940   0.8575255340   2.6000000000  -0.6326405779  -0.0974032700
  7   1.4852777940   0.8575255340   2.8000000000  -0.4683207056  -0.0472863500
  7   1.4852777940   0.8575255340   3.0000000000  -0.3406215360  -0.0237776400
  7   1.4852777940   0.8575255340   3.2000000000  -0.2439436287  -0.0130471500
  7   1.4852777940   0.8575255340   3.4000000000  -0.1723802507  -0.0082332800
  7   1.4852777940   0.8575255340   3.6000000000  -0.1203594162  -0.0061043400
  7   1.4852777940   0.8575255340   3.8000000000  -0.0823488722  -0.0051001300
  7   1.4852777940   0.8575255340   4.0000000000  -0.0551172733  -0.0044899100
  7   1.4852777940   0.8575255340   4.2000000000  -0.0372640478  -0.0039934000
  7   1.4852777940   0.8575255340   4.4000000000  -0.0250509649  -0.0035171900
  7   1.4852777940   0.8575255340   4.6000000000  -0.0167021092  -0.0029876000
  7   1.4852777940   0.8575255340   4.8000000000  -0.0092529707  -0.0024247800
  7   1.4852777940   0.8575255340   5.0000000000  -0.0005969998  -0.0018701000
  7   1.4852777940   0.8575255340   5.2000000000  -0.0000125857  -0.0013670000
  7   1.4852777940   0.8575255340   5.4000000000  -0.0000002375  -0.0009294600
  7   1.4852777940   0.8575255340   5.6000000000  -0.0000000042  -0.0005499500
  7   1.4852777940   0.8575255340   5.8000000000  -0.0000000001  -0.0002292000
  7   1.4852777940   0.8575255340   6.0000000000  -0.0000000000   0.0000187500
  8   0.7426388970  -0.4287627670  -4.2000000000  11.8801980651   5.6394777400
  8   0.7426388970  -0.4287627670  -4.0000000000   5.6555440896   1.9916166900
  8   0.7426388970  -0.4287627670  -3.8000000000   2.0661550975   0.0625622100
  8   0.7426388970  -0.4287627670  -3.6000000000   0.3817963201  -0.7612694200
  8   0.7426388970  -0.4287627670  -3.4000000000  -0.1164781612  -1.0100158700
  8   0.7426388970  -0.4287627670  -3.2000000000   0.1145274871  -0.9726480200
  8   0.7426388970  -0.4287627670  -3.0000000000   0.7975246127  -0.7764629500
  8   0.7426388970  -0.4287627670  -2.8000000000   1.6508692242  -0.5140946900
  8   0.7426388970  -0.4287627670  -2.6000000000   2.3327537895  -0.3021623000
  8   0.7426388970  -0.4287627670  -2.4000000000   2.5463510318  -0.2497415900
  8   0.7426388970  -0.4287627670  -2.2000000000   2.1939457743  -0.3879501200
  8   0.7426388970  -0.4287627670  -2.0000000000   1.4350855488  -0.6460317200
  8   0.7426388970  -0.4287627670  -1.8000000000   0.5928205855  -0.9045977400
  8   0.7426388970  -0.4287627670  -1.6000000000  -0.0028370095  -1.0651500700
  8   0.7426388970  -0.4287627670  -1.4000000000  -0.0869871873  -1.0560814000
  8   0.7426388970  -0.4287627670  -1.2000000000   0.6389288957  -0.7475215700
  8   0.7426388970  -0.4287627670  -1.0000000000   2.6925775976   0.1823346800
  8   0.7426388970  -0.4287627670  -0.8000000000   6.8329345637   2.3025244600
  8   0.7426388970  -0.4287627670  -0.6000000000  13.7053996646   6.2085011900
  8   0.7426388970  -0.4287627670   0.6000000000  13.2297001461   5.7459734900
  8   0.7426388970  -0.4287627670   0.8000000000   6.0940425502   1.6701627700
  8   0.7426388970  -0.4287627670   1.0000000000   1.6421479918  -0.5703121100
  8   0.7426388970  -0.4287627670   1.2000000000  -0.7320279615  -1.5213849900
  8   0.7426388970  -0.4287627670   1.4000000000  -1.7653667488  -1.7362715000
  8   0.7426388970  -0.4287627670   1.6000000000  -2.0299133123  -1.5822073400
  8   0.7426388970  -0.4287627670   1.8000000000  -1.9047353800  -1.2673290400
  8   0.7426388970  -0.4287627670   2.0000000000  -1.6174923785  -0.9057170300
  8   0.7426388970  -0.4287627670   2.2000000000  -1.2930730922  -0.5561452800
  8   0.7426388970  -0.4287627670   2.4000000000  -0.9924082033  -0.2912656400
  8   0.7426388970  -0.4287627670   2.6000000000  -0.7392245228  -0.1427233900
  8   0.7426388970  -0.4287627670   2.8000000000  -0.5384366988  -0.0677455400
  8   0.7426388970  -0.4287627670   3.0000000000  -0.3852070590  -0.0328936800
  8   0.7426388970  -0.4287627670   3.2000000000  -0.2716849894  -0.0170492500
  8   0.7426388970  -0.4287627670   3.4000000000  -0.1892394160  -0.0098951000
  8   0.7426388970  -0.4287627670   3.6000000000  -0.1298414760  -0.0067037500
  8   0.7426388970  -0.4287627670   3.8000000000  -0.0885094328  -0.0052576600
  8   0.7426388970  -0.4287627670   4.0000000000  -0.0597526587  -0.0045155600
  8   0.7426388970  -0.4287627670   4.2000000000  -0.0387743133  -0.0039826300
  8   0.7426388970  -0.4287627670   4.4000000000  -0.0256022712  -0.0034794900
  8   0.7426388970  -0.4287627670   4.6000000000  -0.0154302637  -0.0029562800
  8   0.7426388970  -0.4287627670   4.8000000000  -0.0084614634  -0.0024143500
  8   0.7426388970  -0.4287627670   5.0000000000  -0.0048980346  -0.0018811800
  8   0.7426388970  -0.4287627670   5.2000000000  -0.0003683674  -0.0013866500
  8   0.7426388970  -0.4287627670   5.4000000000  -0.0000065854  -0.0009474500
  8   0.7426388970  -0.4287627670   5.6000000000  -0.0000001055  -0.0005658900
  8   0.7426388970  -0.4287627670   5.8000000000  -0.0000000016  -0.0002438400
  8   0.7426388970  -0.4287627670   6.0000000000  -0.0000000000   0.0000083500
  9   1.2377314950  -0.4287627670  -3.8000000000   7.8478483785   3.1667892200
  9   1.2377314950  -0.4287627670  -3.6000000000   2.8616721806   0.2718310800
  9   1.2377314950  -0.4287627670  -3.4000000000   1.0746736720  -0.6406193500
  9   1.2377314950  -0.4287627670  -3.2000000000   0.8677057923  -0.7313751100
  9   1.2377314950  -0.4287627670  -3.0000000000   1.4869002047  -0.4597941600
  9   1.2377314950  -0.4287627670  -2.8000000000   2.4452827909  -0.0505397700
  9   1.2377314950  -0.4287627670  -2.6000000000   3.2525732751   0.2881237700
  9   1.2377314950  -0.4287627670  -2.4000000000   3.4822243097   0.3715391200
  9   1.2377314950  -0.4287627670  -2.2000000000   2.9777691548   0.1473970200
  9   1.2377314950  -0.4287627670  -2.0000000000   1.9343241390  -0.2663589900
  9   1.2377314950  -0.4287627670  -1.8000000000   0.7458157177  -0.6812113100
  9   1.2377314950  -0.4287627670  -1.6000000000  -0.2353582185  -0.9712500900
  9   1.2377314950  -0.4287627670  -1.4000000000  -0.8314833013  -1.1194356900
  9   1.2377314950  -0.4287627670  -1.2000000000  -1.0138257820  -1.1680153600
  9   1.2377314950  -0.4287627670  -1.0000000000  -0.7929188147  -1.1426470800
  9   1.2377314950  -0.4287627670  -0.8000000000  -0.1620602407  -1.0196946700
  9   1.2377314950  -0.4287627670  -0.6000000000   0.8332449783  -0.7646742200
  9   1.2377314950  -0.4287627670  -0.4000000000   1.9892761426  -0.4113168900
  9   1.2377314950  -0.4287627670  -0.2000000000   2.9341240498  -0.1031688300
  9   1.2377314950  -0.4287627670   0.0000000000   3.2757372580  -0.0282388400
  9   1.2377314950  -0.4287627670   0.2000000000   2.8375250991  -0.2769840700
  9   1.2377314950  -0.4287627670   0.4000000000   1.7792577368  -0.7615207000
  9   1.2377314950  -0.4287627670   0.6000000000   0.4807226942  -1.2835874900
  9   1.2377314950  -0.4287627670   0.8000000000  -0.6881200430  -1.6692335200
  9   1.2377314950  -0.4287627670   1.0000000000  -1.5140800869  -1.8417137200
  9   1.2377314950  -0.4287627670   1.2000000000  -1.9517980336  -1.8098693100
  9   1.2377314950  -0.4287627670   1.4000000000  -2.0627254246  -1.6250876300
  9   1.2377314950  -0.4287627670   1.6000000000  -1.9489273110  -1.3478245500
  9   1.2377314950  -0.4287627670   1.8000000000  -1.7095252542  -1.0308091400
  9   1.2377314950  -0.4287627670   2.0000000000  -1.4212140364  -0.7112328400
  9   1.2377314950  -0.4287627670   2.2000000000  -1.1342540654  -0.4140699600
  9   1.2377314950  -0.4287627670   2.4000000000  -0.8765079108  -0.2171433000
  9   1.2377314950  -0.4287627670   2.6000000000  -0.6598808661  -0.1072021700
  9   1.2377314950  -0.4287627670   2.8000000000  -0.4863014880  -0.0518747900
  9   1.2377314950  -0.4287627670   3.0000000000  -0.3519331887  -0.0258912200
  9   1.2377314950  -0.4287627670   3.2000000000  -0.2507061115  -0.0139953000
  9   1.2377314950  -0.4287627670   3.4000000000  -0.1761015186  -0.0086313900
  9   1.2377314950  -0.4287627670   3.6000000000  -0.1223165487  -0.0062493800
  9   1.2377314950  -0.4287627670   3.8000000000  -0.0838746424  -0.0051427200
  9   1.2377314950  -0.4287627670   4.0000000000  -0.0569001739  -0.0045037000
  9   1.2377314950  -0.4287627670   4.2000000000  -0.0378168403  -0.0040086200
  9   1.2377314950  -0.4287627670   4.4000000000  -0.0250861833  -0.0035118600
  9   1.2377314950  -0.4287627670   4.6000000000  -0.0163246073  -0.0029850700
  9   1.2377314950  -0.4287627670   4.8000000000  -0.0086065426  -0.0024347100
  9   1.2377314950  -0.4287627670   5.0000000000  -0.0021773888  -0.0018921000
  9   1.2377314950  -0.4287627670   5.2000000000  -0.0000586564  -0.0013948400
  9   1.2377314950  -0.4287627670   5.4000000000  -0.0000010521  -0.0009582600
  9   1.2377314950  -0.4287627670   5.6000000000  -0.0000000176  -0.0005785100
  9   1.2377314950  -0.4287627670   5.8000000000  -0.0000000003  -0.0002554400
  9   1.2377314950  -0.4287627670   6.0000000000  -0.0000000000  -0.0000046800
 10   1.4852777940  -0.8575255340  -3.8000000000  13.8501723879   7.0795159800
 10   1.4852777940  -0.8575255340  -3.6000000000   4.6796292345   1.3667310500
 10   1.4852777940  -0.8575255340  -3.4000000000   1.1854026552  -0.4991557800
 10   1.4852777940  -0.8575255340  -3.2000000000   0.0320709255  -1.0240881000
 10   1.4852777940  -0.8575255340  -3.0000000000  -0.1580548913  -1.1174713000
 10   1.4852777940  -0.8575255340  -2.8000000000   0.0165311096  -1.0857216300
 10   1.4852777940  -0.8575255340  -2.6000000000   0.2252636195  -1.0435947600
 10   1.4852777940  -0.8575255340  -2.4000000000   0.2599253390  -1.0413499200
 10   1.4852777940  -0.8575255340  -2.2000000000   0.0401189819  -1.0861071300
 10   1.4852777940  -0.8575255340  -2.0000000000  -0.3821311913  -1.1493282900
 10   1.4852777940  -0.8575255340  -1.8000000000  -0.8711653000  -1.1911337800
 10   1.4852777940  -0.8575255340  -1.6000000000  -1.2874592980  -1.1933137200
 10   1.4852777940  -0.8575255340  -1.4000000000  -1.5473110892  -1.1754482000
 10   1.4852777940  -0.8575255340  -1.2000000000  -1.6280272192  -1.1773397200
 10   1.4852777940  -0.8575255340  -1.0000000000  -1.5305002556  -1.2207244500
 10   1.4852777940  -0.8575255340  -0.8000000000  -1.2571043365  -1.2891257300
 10   1.4852777940  -0.8575255340  -0.6000000000  -0.8393861933  -1.3484605600
 10   1.4852777940  -0.8575255340  -0.4000000000  -0.3735885805  -1.3848671700
 10   1.4852777940  -0.8575255340  -0.2000000000  -0.0097327042  -1.4199335800
 10   1.4852777940  -0.8575255340   0.0000000000   0.1097449151  -1.4908863300
 10   1.4852777940  -0.8575255340   0.2000000000  -0.0766121135  -1.6152268600
 10   1.4852777940  -0.8575255340   0.4000000000  -0.5152412589  -1.7706857700
 10   1.4852777940  -0.8575255340   0.6000000000  -1.0667557834  -1.9050154200
 10   1.4852777940  -0.8575255340   0.8000000000  -1.5745234347  -1.9645906100
 10   1.4852777940  -0.8575255340   1.0000000000  -1.9259286919  -1.9188649900
 10   1.4852777940  -0.8575255340   1.2000000000  -2.0771597730  -1.7675721200
 10   1.4852777940  -0.8575255340   1.4000000000  -2.0434943065  -1.5334293900
 10   1.4852777940  -0.8575255340   1.6000000000  -1.8737648579  -1.2488399300
 10   1.4852777940  -0.8575255340   1.8000000000  -1.6254443742  -0.9444719700
 10   1.4852777940  -0.8575255340   2.0000000000  -1.3484627484  -0.6436749800
 10   1.4852777940  -0.8575255340   2.2000000000  -1.0785544227  -0.3689338500
 10   1.4852777940  -0.8575255340   2.4000000000  -0.8365453287  -0.1936785700
 10   1.4852777940  -0.8575255340   2.6000000000  -0.6323590451  -0.0960258500
 10   1.4852777940  -0.8575255340   2.8000000000  -0.4682961333  -0.0468218100
 10   1.4852777940  -0.8575255340   3.0000000000  -0.3406214073  -0.0236379500
 10   1.4852777940  -0.8575255340   3.2000000000  -0.2439436281  -0.0130172700
 10   1.4852777940  -0.8575255340   3.4000000000  -0.1723802507  -0.0082413100
 10   1.4852777940  -0.8575255340   3.6000000000  -0.1203594162  -0.0061235200
 10   1.4852777940  -0.8575255340   3.8000000000  -0.0823488722  -0.0051172200
 10   1.4852777940  -0.8575255340   4.0000000000  -0.0551172733  -0.0045018300
 10   1.4852777940  -0.8575255340   4.2000000000  -0.0372640478  -0.0040016600
 10   1.4852777940  -0.8575255340   4.4000000000  -0.0250509649  -0.0035248100
 10   1.4852777940  -0.8575255340   4.6000000000  -0.0167021092  -0.0030018600
 10   1.4852777940  -0.8575255340   4.8000000000  -0.0092529707  -0.0024457000
 10   1.4852777940  -0.8575255340   5.0000000000  -0.0005969998  -0.0018945400
 10   1.4852777940  -0.8575255340   5.2000000000  -0.0000125857  -0.0013926000
 10   1.4852777940  -0.8575255340   5.4000000000  -0.0000002375  -0.0009544800
 10   1.4852777940  -0.8575255340   5.6000000000  -0.0000000042  -0.0005731000
 10   1.4852777940  -0.8575255340   5.8000000000  -0.0000000001  -0.0002497000
 10   1.4852777940  -0.8575255340   6.0000000000  -0.0000000000   0.0000000000

 rms error using starting parameters =   2.5386178391400551        Eref=   43.066411244483788     

 
  Test of EMT_fit_1   
 NO OF DATA POINTS IS 483   NO OF PARAMETERS IS 14   NO OF INDEPENDENT VARIABLES IS  3
 DELTA= 0.99999997E-05   E= 0.49999999E-04   FF= 0.40000000E+01   GAMCR= 0.45000000E+02
   T= 0.20000000E+01   TAU= 0.10000000E-02   ZETA= 0.99999998E-31   AL= 0.10000000E+00
 XXXXXXXXXXXXXXXXXXXXXXXXXXXXXXXXXXXXXXXXXXXXXXXXXXXXXXXXXXXXXXXXXXXXXXXXXXXXXXXXXXXXXXXXXXXXXXXXXXX
 

 NO OF ITERATIONS =  1
 PHI = 0.22741535E+04    LAMBDA = 0.10000000E-01
 PARAMETERS
    0.54254000E+01   0.88628200E+01   0.77270900E+01  -0.23710000E+01   0.18220500E+00   0.68041100E+00   0.42700000E+00

    0.31634000E+01   0.54413914E+01   0.41233800E+01  -0.38000000E+01   0.47440800E-01   0.16417400E+01   0.23210000E+01

 GAMMA = 0.00000000E+00    LENGTH OF DB = 0.28658547E+02
 DB CORRECTION VECTOR
    0.00000000E+00   0.00000000E+00   0.00000000E+00   0.00000000E+00   0.00000000E+00   0.00000000E+00   0.00000000E+00

    0.00000000E+00   0.12211352E-01   0.00000000E+00   0.00000000E+00   0.00000000E+00   0.00000000E+00   0.00000000E+00

 
  Test of EMT_fit_1   
 CONVERGENCE BY EPSILON TEST

 NO OF ITERATIONS =  2
 PHI = 0.22740472E+04    LAMBDA = 0.10000000E-02
 PARAMETERS
    0.54254000E+01   0.88628200E+01   0.77270900E+01  -0.23710000E+01   0.18220500E+00   0.68041100E+00   0.42700000E+00

    0.31634000E+01   0.54415302E+01   0.41233800E+01  -0.38000000E+01   0.47440800E-01   0.16417400E+01   0.23210000E+01

 GAMMA = 0.85377366E-06    LENGTH OF DB = 0.32558489E+00
 DB CORRECTION VECTOR
    0.00000000E+00   0.00000000E+00   0.00000000E+00   0.00000000E+00   0.00000000E+00   0.00000000E+00   0.00000000E+00

    0.00000000E+00   0.13882426E-03   0.00000000E+00   0.00000000E+00   0.00000000E+00   0.00000000E+00   0.00000000E+00


 PTP INVERSE

 COLUMNS   1  THROUGH   7
    0.10000000E+01   0.00000000E+00   0.00000000E+00   0.00000000E+00   0.00000000E+00   0.00000000E+00   0.00000000E+00
    0.00000000E+00   0.10000000E+01   0.00000000E+00   0.00000000E+00   0.00000000E+00   0.00000000E+00   0.00000000E+00
    0.00000000E+00   0.00000000E+00   0.10000000E+01   0.00000000E+00   0.00000000E+00   0.00000000E+00   0.00000000E+00
    0.00000000E+00   0.00000000E+00   0.00000000E+00   0.10000000E+01   0.00000000E+00   0.00000000E+00   0.00000000E+00
    0.00000000E+00   0.00000000E+00   0.00000000E+00   0.00000000E+00   0.10000000E+01   0.00000000E+00   0.00000000E+00
    0.00000000E+00   0.00000000E+00   0.00000000E+00   0.00000000E+00   0.00000000E+00   0.10000000E+01   0.00000000E+00
    0.00000000E+00   0.00000000E+00   0.00000000E+00   0.00000000E+00   0.00000000E+00   0.00000000E+00   0.10000000E+01
    0.00000000E+00   0.00000000E+00   0.00000000E+00   0.00000000E+00   0.00000000E+00   0.00000000E+00   0.00000000E+00
    0.00000000E+00   0.00000000E+00   0.00000000E+00   0.00000000E+00   0.00000000E+00   0.00000000E+00   0.00000000E+00
    0.00000000E+00   0.00000000E+00   0.00000000E+00   0.00000000E+00   0.00000000E+00   0.00000000E+00   0.00000000E+00
    0.00000000E+00   0.00000000E+00   0.00000000E+00   0.00000000E+00   0.00000000E+00   0.00000000E+00   0.00000000E+00
    0.00000000E+00   0.00000000E+00   0.00000000E+00   0.00000000E+00   0.00000000E+00   0.00000000E+00   0.00000000E+00
    0.00000000E+00   0.00000000E+00   0.00000000E+00   0.00000000E+00   0.00000000E+00   0.00000000E+00   0.00000000E+00
    0.00000000E+00   0.00000000E+00   0.00000000E+00   0.00000000E+00   0.00000000E+00   0.00000000E+00   0.00000000E+00

 COLUMNS   8  THROUGH  14
    0.00000000E+00   0.00000000E+00   0.00000000E+00   0.00000000E+00   0.00000000E+00   0.00000000E+00   0.00000000E+00
    0.00000000E+00   0.00000000E+00   0.00000000E+00   0.00000000E+00   0.00000000E+00   0.00000000E+00   0.00000000E+00
    0.00000000E+00   0.00000000E+00   0.00000000E+00   0.00000000E+00   0.00000000E+00   0.00000000E+00   0.00000000E+00
    0.00000000E+00   0.00000000E+00   0.00000000E+00   0.00000000E+00   0.00000000E+00   0.00000000E+00   0.00000000E+00
    0.00000000E+00   0.00000000E+00   0.00000000E+00   0.00000000E+00   0.00000000E+00   0.00000000E+00   0.00000000E+00
    0.00000000E+00   0.00000000E+00   0.00000000E+00   0.00000000E+00   0.00000000E+00   0.00000000E+00   0.00000000E+00
    0.00000000E+00   0.00000000E+00   0.00000000E+00   0.00000000E+00   0.00000000E+00   0.00000000E+00   0.00000000E+00
    0.10000000E+01   0.00000000E+00   0.00000000E+00   0.00000000E+00   0.00000000E+00   0.00000000E+00   0.00000000E+00
    0.00000000E+00   0.18180632E-06   0.00000000E+00   0.00000000E+00   0.00000000E+00   0.00000000E+00   0.00000000E+00
    0.00000000E+00   0.00000000E+00   0.10000000E+01   0.00000000E+00   0.00000000E+00   0.00000000E+00   0.00000000E+00
    0.00000000E+00   0.00000000E+00   0.00000000E+00   0.10000000E+01   0.00000000E+00   0.00000000E+00   0.00000000E+00
    0.00000000E+00   0.00000000E+00   0.00000000E+00   0.00000000E+00   0.10000000E+01   0.00000000E+00   0.00000000E+00
    0.00000000E+00   0.00000000E+00   0.00000000E+00   0.00000000E+00   0.00000000E+00   0.10000000E+01   0.00000000E+00
    0.00000000E+00   0.00000000E+00   0.00000000E+00   0.00000000E+00   0.00000000E+00   0.00000000E+00   0.10000000E+01

 PARAMETER CORRELATION COEFFICIENTS

 COLUMNS   1  THROUGH  13
    1.0000   0.0000   0.0000   0.0000   0.0000   0.0000   0.0000   0.0000   0.0000   0.0000   0.0000   0.0000   0.0000
    0.0000   1.0000   0.0000   0.0000   0.0000   0.0000   0.0000   0.0000   0.0000   0.0000   0.0000   0.0000   0.0000
    0.0000   0.0000   1.0000   0.0000   0.0000   0.0000   0.0000   0.0000   0.0000   0.0000   0.0000   0.0000   0.0000
    0.0000   0.0000   0.0000   1.0000   0.0000   0.0000   0.0000   0.0000   0.0000   0.0000   0.0000   0.0000   0.0000
    0.0000   0.0000   0.0000   0.0000   1.0000   0.0000   0.0000   0.0000   0.0000   0.0000   0.0000   0.0000   0.0000
    0.0000   0.0000   0.0000   0.0000   0.0000   1.0000   0.0000   0.0000   0.0000   0.0000   0.0000   0.0000   0.0000
    0.0000   0.0000   0.0000   0.0000   0.0000   0.0000   1.0000   0.0000   0.0000   0.0000   0.0000   0.0000   0.0000
    0.0000   0.0000   0.0000   0.0000   0.0000   0.0000   0.0000   1.0000   0.0000   0.0000   0.0000   0.0000   0.0000
    0.0000   0.0000   0.0000   0.0000   0.0000   0.0000   0.0000   0.0000   1.0000   0.0000   0.0000   0.0000   0.0000
    0.0000   0.0000   0.0000   0.0000   0.0000   0.0000   0.0000   0.0000   0.0000   1.0000   0.0000   0.0000   0.0000
    0.0000   0.0000   0.0000   0.0000   0.0000   0.0000   0.0000   0.0000   0.0000   0.0000   1.0000   0.0000   0.0000
    0.0000   0.0000   0.0000   0.0000   0.0000   0.0000   0.0000   0.0000   0.0000   0.0000   0.0000   1.0000   0.0000
    0.0000   0.0000   0.0000   0.0000   0.0000   0.0000   0.0000   0.0000   0.0000   0.0000   0.0000   0.0000   1.0000
    0.0000   0.0000   0.0000   0.0000   0.0000   0.0000   0.0000   0.0000   0.0000   0.0000   0.0000   0.0000   0.0000

 COLUMNS  14  THROUGH  14
    0.0000
    0.0000
    0.0000
    0.0000
    0.0000
    0.0000
    0.0000
    0.0000
    0.0000
    0.0000
    0.0000
    0.0000
    0.0000
    1.0000

                X            OBSERVED           PREDICTED          RESIDUAL

    1    0.00000000E+00    -0.10481367E+01    -0.10860489E+01     0.37912135E-01
    2    0.00000000E+00    -0.10341551E+01    -0.10823489E+01     0.48193771E-01
    3    0.00000000E+00    -0.10634472E+01    -0.13294518E+01     0.26600456E+00
    4    0.00000000E+00    -0.11120686E+01    -0.17616021E+01     0.64953349E+00
    5    0.00000000E+00    -0.11441724E+01    -0.22399195E+01     0.10957471E+01
    6    0.00000000E+00    -0.11428063E+01    -0.26315988E+01     0.14887925E+01
    7    0.00000000E+00    -0.11234914E+01    -0.28630754E+01     0.17395840E+01
    8    0.00000000E+00    -0.11164880E+01    -0.29175558E+01     0.18010678E+01
    9    0.00000000E+00    -0.11326125E+01    -0.27955274E+01     0.16629149E+01
   10    0.00000000E+00    -0.11507669E+01    -0.24985445E+01     0.13477776E+01
   11    0.00000000E+00    -0.11421717E+01    -0.20613245E+01     0.91915280E+00
   12    0.00000000E+00    -0.11025159E+01    -0.15829946E+01     0.48047876E+00
   13    0.00000000E+00    -0.10585963E+01    -0.12074052E+01     0.14880886E+00
   14    0.00000000E+00    -0.10456280E+01    -0.10547164E+01     0.90883857E-02
   15    0.00000000E+00    -0.10771306E+01    -0.11458137E+01     0.68683079E-01
   16    0.00000000E+00    -0.11313340E+01    -0.13679935E+01     0.23665945E+00
   17    0.00000000E+00    -0.11516515E+01    -0.14893871E+01     0.33773558E+00
   18    0.00000000E+00    -0.10166319E+01    -0.11464017E+01     0.12976981E+00
   19    0.00000000E+00    -0.37429597E+00     0.36944850E+00    -0.74374447E+00
   20    0.00000000E+00     0.18422230E+01     0.47508503E+01    -0.29086273E+01
   21    0.00000000E+00     0.85517770E+01     0.16167001E+02    -0.76152241E+01
   22    0.00000000E+00     0.76765841E+01     0.15103863E+02    -0.74272792E+01
   23    0.00000000E+00     0.87661786E+00     0.33374938E+01    -0.24608760E+01
   24    0.00000000E+00    -0.13052850E+01    -0.13127567E+01     0.74717250E-02
   25    0.00000000E+00    -0.17566153E+01    -0.29501433E+01     0.11935280E+01
   26    0.00000000E+00    -0.15797203E+01    -0.32967672E+01     0.17170469E+01
   27    0.00000000E+00    -0.11983959E+01    -0.31247862E+01     0.19263903E+01
   28    0.00000000E+00    -0.78469309E+00    -0.27865565E+01     0.20018634E+01
   29    0.00000000E+00    -0.42372801E+00    -0.24360191E+01     0.20122911E+01
   30    0.00000000E+00    -0.20720991E+00    -0.21325090E+01     0.19252991E+01
   31    0.00000000E+00    -0.96270830E-01    -0.18915674E+01     0.17952965E+01
   32    0.00000000E+00    -0.45141890E-01    -0.17095598E+01     0.16644179E+01
   33    0.00000000E+00    -0.22299590E-01    -0.15765302E+01     0.15542306E+01
   34    0.00000000E+00    -0.12061290E-01    -0.14815272E+01     0.14694659E+01
   35    0.00000000E+00    -0.75157000E-02    -0.14148334E+01     0.14073177E+01
   36    0.00000000E+00    -0.55164800E-02    -0.13686211E+01     0.13631046E+01
   37    0.00000000E+00    -0.45484600E-02    -0.13367853E+01     0.13322369E+01
   38    0.00000000E+00    -0.39407100E-02    -0.13119550E+01     0.13080143E+01
   39    0.00000000E+00    -0.34222300E-02    -0.12957207E+01     0.12922985E+01
   40    0.00000000E+00    -0.29049400E-02    -0.12873140E+01     0.12844090E+01
   41    0.00000000E+00    -0.23772200E-02    -0.12818732E+01     0.12794960E+01
   42    0.00000000E+00    -0.18477500E-02    -0.12782183E+01     0.12763706E+01
   43    0.00000000E+00    -0.13408400E-02    -0.12732597E+01     0.12719188E+01
   44    0.00000000E+00    -0.89156000E-03    -0.12719566E+01     0.12710651E+01
   45    0.00000000E+00    -0.49813000E-03    -0.12719304E+01     0.12714322E+01
   46    0.00000000E+00    -0.17620000E-03    -0.12719300E+01     0.12717538E+01
   47    0.00000000E+00     0.74230000E-04    -0.12719300E+01     0.12720042E+01
   48    0.49509260E+00     0.27169798E+00     0.19521154E+01    -0.16804174E+01
   49    0.49509260E+00     0.37707311E+00     0.20878890E+01    -0.17108159E+01
   50    0.49509260E+00     0.17622628E+00     0.15047102E+01    -0.13284839E+01
   51    0.49509260E+00    -0.22073445E+00     0.43344851E+00    -0.65418296E+00
   52    0.49509260E+00    -0.62822007E+00    -0.72874256E+00     0.10052249E+00
   53    0.49509260E+00    -0.91751270E+00    -0.16517587E+01     0.73424601E+00
   54    0.49509260E+00    -0.10634803E+01    -0.21835440E+01     0.11200638E+01
   55    0.49509260E+00    -0.10959496E+01    -0.23070771E+01     0.12111275E+01
   56    0.49509260E+00    -0.10284113E+01    -0.20294908E+01     0.10010795E+01
   57    0.49509260E+00    -0.83530971E+00    -0.13413397E+01     0.50602999E+00
   58    0.49509260E+00    -0.49752007E+00    -0.29895032E+00    -0.19856975E+00
   59    0.49509260E+00    -0.75411300E-01     0.87532522E+00    -0.95073652E+00
   60    0.49509260E+00     0.27061210E+00     0.18036593E+01    -0.15330472E+01
   61    0.49509260E+00     0.36509252E+00     0.21228155E+01    -0.17577229E+01
   62    0.49509260E+00     0.15394380E+00     0.17218314E+01    -0.15678876E+01
   63    0.49509260E+00    -0.24714283E+00     0.83959449E+00    -0.10867373E+01
   64    0.49509260E+00    -0.64031096E+00    -0.68852508E-01    -0.57145845E+00
   65    0.49509260E+00    -0.84457325E+00    -0.52863386E+00    -0.31593939E+00
   66    0.49509260E+00    -0.64762523E+00    -0.40650248E-01    -0.60697498E+00
   67    0.49509260E+00     0.46979639E+00     0.22801239E+01    -0.18103275E+01
   68    0.49509260E+00     0.38378432E+01     0.83740267E+01    -0.45361835E+01
   69    0.49509260E+00     0.29970199E+01     0.71059591E+01    -0.41089392E+01
   70    0.49509260E+00    -0.46852759E+00     0.54924151E+00    -0.10177691E+01
   71    0.49509260E+00    -0.15888557E+01    -0.22242906E+01     0.63543483E+00
   72    0.49509260E+00    -0.17218589E+01    -0.31735213E+01     0.14516624E+01
   73    0.49509260E+00    -0.14674781E+01    -0.32821000E+01     0.18146218E+01
   74    0.49509260E+00    -0.10863607E+01    -0.30450535E+01     0.19586929E+01
   75    0.49509260E+00    -0.69553585E+00    -0.27044664E+01     0.20089306E+01
   76    0.49509260E+00    -0.36975650E+00    -0.23703654E+01     0.20006089E+01
   77    0.49509260E+00    -0.18078418E+00    -0.20854287E+01     0.19046445E+01
   78    0.49509260E+00    -0.84586300E-01    -0.18597878E+01     0.17752015E+01
   79    0.49509260E+00    -0.40160670E-01    -0.16889650E+01     0.16488043E+01
   80    0.49509260E+00    -0.20180380E-01    -0.15635589E+01     0.15433785E+01
   81    0.49509260E+00    -0.11188810E-01    -0.14735294E+01     0.14623406E+01
   82    0.49509260E+00    -0.71804200E-02    -0.14099595E+01     0.14027791E+01
   83    0.49509260E+00    -0.54035300E-02    -0.13652964E+01     0.13598929E+01
   84    0.49509260E+00    -0.45288300E-02    -0.13336537E+01     0.13291249E+01
   85    0.49509260E+00    -0.39569100E-02    -0.13124149E+01     0.13084580E+01
   86    0.49509260E+00    -0.34473900E-02    -0.12968005E+01     0.12933531E+01
   87    0.49509260E+00    -0.29264200E-02    -0.12866453E+01     0.12837189E+01
   88    0.49509260E+00    -0.23934000E-02    -0.12813343E+01     0.12789409E+01
   89    0.49509260E+00    -0.18647000E-02    -0.12777980E+01     0.12759333E+01
   90    0.49509260E+00    -0.13665800E-02    -0.12728173E+01     0.12714507E+01
   91    0.49509260E+00    -0.92238000E-03    -0.12719467E+01     0.12710243E+01
   92    0.49509260E+00    -0.53354000E-03    -0.12719302E+01     0.12713967E+01
   93    0.49509260E+00    -0.21013000E-03    -0.12719300E+01     0.12717198E+01
   94    0.49509260E+00     0.42380000E-04    -0.12719300E+01     0.12719723E+01
   95    0.99018520E+00     0.84485172E+01     0.16356193E+02    -0.79076757E+01
   96    0.99018520E+00     0.92096238E+01     0.17257617E+02    -0.80479930E+01
   97    0.99018520E+00     0.78018882E+01     0.14637267E+02    -0.68353789E+01
   98    0.99018520E+00     0.50949056E+01     0.99701100E+01    -0.48752044E+01
   99    0.99018520E+00     0.24226629E+01     0.53225743E+01    -0.28999113E+01
  100    0.99018520E+00     0.56245111E+00     0.19470210E+01    -0.13845699E+01
  101    0.99018520E+00    -0.38961128E+00     0.13060674E+00    -0.52021802E+00
  102    0.99018520E+00    -0.60317982E+00    -0.27732595E+00    -0.32585387E+00
  103    0.99018520E+00    -0.14659054E+00     0.64687896E+00    -0.79346950E+00
  104    0.99018520E+00     0.11117578E+01     0.30510550E+01    -0.19392972E+01
  105    0.99018520E+00     0.32994253E+01     0.69896808E+01    -0.36902555E+01
  106    0.99018520E+00     0.61133258E+01     0.11852877E+02    -0.57395508E+01
  107    0.99018520E+00     0.85139201E+01     0.15992546E+02    -0.74786261E+01
  108    0.99018520E+00     0.91851412E+01     0.17349313E+02    -0.81641720E+01
  109    0.99018520E+00     0.76970446E+01     0.15128600E+02    -0.74315553E+01
  110    0.99018520E+00     0.49591734E+01     0.10600553E+02    -0.56413796E+01
  111    0.99018520E+00     0.22983099E+01     0.58564923E+01    -0.35581824E+01
  112    0.99018520E+00     0.45931766E+00     0.22845382E+01    -0.18252205E+01
  113    0.99018520E+00    -0.49147918E+00     0.26873001E+00    -0.76020919E+00
  114    0.99018520E+00    -0.74955074E+00    -0.32260866E+00    -0.42694208E+00
  115    0.99018520E+00    -0.40872669E+00     0.40056948E+00    -0.80929617E+00
  116    0.99018520E+00     0.65613659E+00     0.25618787E+01    -0.19057421E+01
  117    0.99018520E+00     0.26246445E+01     0.62598382E+01    -0.36351937E+01
  118    0.99018520E+00     0.53287170E+01     0.11010764E+02    -0.56820470E+01
  119    0.99018520E+00     0.78723843E+01     0.15299556E+02    -0.74271722E+01
  120    0.99018520E+00     0.89024681E+01     0.17030923E+02    -0.81284549E+01
  121    0.99018520E+00     0.77224248E+01     0.15146802E+02    -0.74243772E+01
  122    0.99018520E+00     0.50143068E+01     0.10665322E+02    -0.56510154E+01
  123    0.99018520E+00     0.21325373E+01     0.56420885E+01    -0.35095511E+01
  124    0.99018520E+00    -0.74507800E-02     0.15569043E+01    -0.15643551E+01
  125    0.99018520E+00    -0.12163271E+01    -0.11372449E+01    -0.79082151E-01
  126    0.99018520E+00    -0.16991187E+01    -0.26102196E+01     0.91110090E+00
  127    0.99018520E+00    -0.17292176E+01    -0.32223775E+01     0.14931598E+01
  128    0.99018520E+00    -0.15159720E+01    -0.33113234E+01     0.17953514E+01
  129    0.99018520E+00    -0.11937069E+01    -0.31268358E+01     0.19331290E+01
  130    0.99018520E+00    -0.84367018E+00    -0.28302114E+01     0.19865412E+01
  131    0.99018520E+00    -0.50980868E+00    -0.25145265E+01     0.20047178E+01
  132    0.99018520E+00    -0.26666404E+00    -0.22266030E+01     0.19599389E+01
  133    0.99018520E+00    -0.13083502E+00    -0.19851179E+01     0.18542829E+01
  134    0.99018520E+00    -0.62406290E-01    -0.17929679E+01     0.17305616E+01
  135    0.99018520E+00    -0.30532920E-01    -0.16459177E+01     0.16153848E+01
  136    0.99018520E+00    -0.16017550E-01    -0.15364956E+01     0.15204780E+01
  137    0.99018520E+00    -0.94602600E-02    -0.14566141E+01     0.14471539E+01
  138    0.99018520E+00    -0.65347700E-02    -0.13994231E+01     0.13928883E+01
  139    0.99018520E+00    -0.52066400E-02    -0.13583957E+01     0.13531891E+01
  140    0.99018520E+00    -0.45096400E-02    -0.13304853E+01     0.13259757E+01
  141    0.99018520E+00    -0.39909800E-02    -0.13113551E+01     0.13073641E+01
  142    0.99018520E+00    -0.34878200E-02    -0.12972317E+01     0.12937439E+01
  143    0.99018520E+00    -0.29598800E-02    -0.12871981E+01     0.12842383E+01
  144    0.99018520E+00    -0.24181400E-02    -0.12803962E+01     0.12779781E+01
  145    0.99018520E+00    -0.18841800E-02    -0.12762295E+01     0.12743454E+01
  146    0.99018520E+00    -0.13891900E-02    -0.12721631E+01     0.12707739E+01
  147    0.99018520E+00    -0.95327000E-03    -0.12719341E+01     0.12709808E+01
  148    0.99018520E+00    -0.57229000E-03    -0.12719300E+01     0.12713577E+01
  149    0.99018520E+00    -0.25128000E-03    -0.12719300E+01     0.12716787E+01
  150    0.99018520E+00    -0.18000000E-06    -0.12719300E+01     0.12719298E+01
  151    0.14852778E+01     0.56850676E+01     0.10771828E+02    -0.50867604E+01
  152    0.14852778E+01     0.20917281E+01     0.49067102E+01    -0.28149821E+01
  153    0.14852778E+01     0.31689252E+00     0.18915681E+01    -0.15746756E+01
  154    0.14852778E+01    -0.74476060E-01     0.12291819E+01    -0.13036580E+01
  155    0.14852778E+01     0.76716787E+00     0.27378628E+01    -0.19706950E+01
  156    0.14852778E+01     0.31394036E+01     0.67887798E+01    -0.36493762E+01
  157    0.14852778E+01     0.74350211E+01     0.13786206E+02    -0.63511849E+01
  158    0.14852778E+01     0.54424901E+01     0.11416979E+02    -0.59744886E+01
  159    0.14852778E+01     0.18565445E+01     0.48879070E+01    -0.30313625E+01
  160    0.14852778E+01    -0.30706420E-01     0.10386808E+01    -0.10693872E+01
  161    0.14852778E+01    -0.84396188E+00    -0.82324995E+00    -0.20711929E-01
  162    0.14852778E+01    -0.11146655E+01    -0.14397018E+01     0.32503628E+00
  163    0.14852778E+01    -0.11281045E+01    -0.12993225E+01     0.17121800E+00
  164    0.14852778E+01    -0.99834294E+00    -0.68876479E+00    -0.30957815E+00
  165    0.14852778E+01    -0.79850412E+00     0.12119953E+00    -0.91970365E+00
  166    0.14852778E+01    -0.63414637E+00     0.79603908E+00    -0.14301854E+01
  167    0.14852778E+01    -0.62324220E+00     0.10224403E+01    -0.16456825E+01
  168    0.14852778E+01    -0.81960538E+00     0.65961531E+00    -0.14792207E+01
  169    0.14852778E+01    -0.11671304E+01    -0.18685125E+00    -0.98027914E+00
  170    0.14852778E+01    -0.15364316E+01    -0.12400365E+01    -0.29639514E+00
  171    0.14852778E+01    -0.18041650E+01    -0.22082772E+01     0.40411230E+00
  172    0.14852778E+01    -0.19052169E+01    -0.29036329E+01     0.99841602E+00
  173    0.14852778E+01    -0.18365502E+01    -0.32700613E+01     0.14335111E+01
  174    0.14852778E+01    -0.16349436E+01    -0.33478568E+01     0.17129133E+01
  175    0.14852778E+01    -0.13512819E+01    -0.32212322E+01     0.18699502E+01
  176    0.14852778E+01    -0.10326422E+01    -0.29781967E+01     0.19455544E+01
  177    0.14852778E+01    -0.71292870E+00    -0.26897893E+01     0.19768606E+01
  178    0.14852778E+01    -0.41546969E+00    -0.24036132E+01     0.19881435E+01
  179    0.14852778E+01    -0.21774283E+00    -0.21468044E+01     0.19290616E+01
  180    0.14852778E+01    -0.10741318E+00    -0.19308295E+01     0.18234163E+01
  181    0.14852778E+01    -0.51919250E-01    -0.17575779E+01     0.17056587E+01
  182    0.14852778E+01    -0.25882680E-01    -0.16236704E+01     0.15977877E+01
  183    0.14852778E+01    -0.13979370E-01    -0.15226242E+01     0.15086448E+01
  184    0.14852778E+01    -0.86057000E-02    -0.14473000E+01     0.14386943E+01
  185    0.14852778E+01    -0.62173700E-02    -0.13935996E+01     0.13873822E+01
  186    0.14852778E+01    -0.51224400E-02    -0.13556764E+01     0.13505539E+01
  187    0.14852778E+01    -0.44978500E-02    -0.13290807E+01     0.13245828E+01
  188    0.14852778E+01    -0.40071200E-02    -0.13106133E+01     0.13066062E+01
  189    0.14852778E+01    -0.35041200E-02    -0.12971662E+01     0.12936621E+01
  190    0.14852778E+01    -0.29746900E-02    -0.12869457E+01     0.12839710E+01
  191    0.14852778E+01    -0.24275000E-02    -0.12814413E+01     0.12790138E+01
  192    0.14852778E+01    -0.18863600E-02    -0.12735931E+01     0.12717068E+01
  193    0.14852778E+01    -0.13897400E-02    -0.12719676E+01     0.12705779E+01
  194    0.14852778E+01    -0.95594000E-03    -0.12719306E+01     0.12709747E+01
  195    0.14852778E+01    -0.57805000E-03    -0.12719300E+01     0.12713519E+01
  196    0.14852778E+01    -0.25868000E-03    -0.12719300E+01     0.12716713E+01
  197    0.14852778E+01    -0.75500000E-05    -0.12719300E+01     0.12719224E+01
  198    0.74263890E+00    -0.30880817E+00     0.10321909E+01    -0.13409991E+01
  199    0.74263890E+00    -0.23720002E+00     0.11719908E+01    -0.14091908E+01
  200    0.74263890E+00    -0.35704952E+00     0.75981465E+00    -0.11168642E+01
  201    0.74263890E+00    -0.60282615E+00    -0.17970490E-01    -0.58485566E+00
  202    0.74263890E+00    -0.85507331E+00    -0.83259985E+00    -0.22473458E-01
  203    0.74263890E+00    -0.10064850E+01    -0.13648016E+01     0.35831662E+00
  204    0.74263890E+00    -0.96381584E+00    -0.13556914E+01     0.39187556E+00
  205    0.74263890E+00    -0.55747030E+00    -0.48636412E+00    -0.71106180E-01
  206    0.74263890E+00     0.58612129E+00     0.18007370E+01    -0.12146157E+01
  207    0.74263890E+00     0.30642952E+01     0.62801377E+01    -0.32158425E+01
  208    0.74263890E+00     0.73982095E+01     0.13521279E+02    -0.61230690E+01
  209    0.74263890E+00     0.54713330E+01     0.11729915E+02    -0.62585821E+01
  210    0.74263890E+00     0.19312038E+01     0.54797314E+01    -0.35485276E+01
  211    0.74263890E+00     0.16667638E+00     0.21194239E+01    -0.19527475E+01
  212    0.74263890E+00    -0.29488573E+00     0.11597484E+01    -0.14546341E+01
  213    0.74263890E+00     0.35427748E+00     0.23414838E+01    -0.19872063E+01
  214    0.74263890E+00     0.23870729E+01     0.59756815E+01    -0.35886086E+01
  215    0.74263890E+00     0.62684103E+01     0.12526232E+02    -0.62578220E+01
  216    0.74263890E+00     0.57664390E+01     0.11764582E+02    -0.59981433E+01
  217    0.74263890E+00     0.16845959E+01     0.46915746E+01    -0.30069787E+01
  218    0.74263890E+00    -0.56170801E+00     0.28966304E+00    -0.85137105E+00
  219    0.74263890E+00    -0.15175203E+01    -0.20503566E+01     0.53283638E+00
  220    0.74263890E+00    -0.17357269E+01    -0.30625802E+01     0.13268534E+01
  221    0.74263890E+00    -0.15836825E+01    -0.33149342E+01     0.17312518E+01
  222    0.74263890E+00    -0.12698266E+01    -0.31830351E+01     0.19132085E+01
  223    0.74263890E+00    -0.90849229E+00    -0.28923569E+01     0.19838646E+01
  224    0.74263890E+00    -0.55871772E+00    -0.25661847E+01     0.20074670E+01
  225    0.74263890E+00    -0.29256553E+00    -0.22646773E+01     0.19721118E+01
  226    0.74263890E+00    -0.14324684E+00    -0.20113330E+01     0.18680861E+01
  227    0.74263890E+00    -0.67920590E-01    -0.18102877E+01     0.17423672E+01
  228    0.74263890E+00    -0.32941660E-01    -0.16570278E+01     0.16240861E+01
  229    0.74263890E+00    -0.17058040E-01    -0.15435161E+01     0.15264580E+01
  230    0.74263890E+00    -0.98911300E-02    -0.14610920E+01     0.14512009E+01
  231    0.74263890E+00    -0.66961900E-02    -0.14017165E+01     0.13950203E+01
  232    0.74263890E+00    -0.52512300E-02    -0.13604016E+01     0.13551504E+01
  233    0.74263890E+00    -0.45128700E-02    -0.13316576E+01     0.13271447E+01
  234    0.74263890E+00    -0.39808100E-02    -0.13106893E+01     0.13067085E+01
  235    0.74263890E+00    -0.34754800E-02    -0.12975228E+01     0.12940473E+01
  236    0.74263890E+00    -0.29501600E-02    -0.12873552E+01     0.12844051E+01
  237    0.74263890E+00    -0.24093400E-02    -0.12803892E+01     0.12779798E+01
  238    0.74263890E+00    -0.18746200E-02    -0.12768268E+01     0.12749522E+01
  239    0.74263890E+00    -0.13798900E-02    -0.12722983E+01     0.12709184E+01
  240    0.74263890E+00    -0.94122000E-03    -0.12719365E+01     0.12709953E+01
  241    0.74263890E+00    -0.56039000E-03    -0.12719301E+01     0.12713697E+01
  242    0.74263890E+00    -0.23990000E-03    -0.12719300E+01     0.12716901E+01
  243    0.74263890E+00     0.11150000E-04    -0.12719300E+01     0.12719411E+01
  244    0.12377315E+01     0.26755438E+00     0.18838543E+01    -0.16162999E+01
  245    0.12377315E+01     0.38592698E+00     0.21103248E+01    -0.17243978E+01
  246    0.12377315E+01     0.19499027E+00     0.16286467E+01    -0.14336564E+01
  247    0.12377315E+01    -0.19468574E+00     0.71698316E+00    -0.91166890E+00
  248    0.12377315E+01    -0.57932636E+00    -0.15663042E+00    -0.42269594E+00
  249    0.12377315E+01    -0.75421449E+00    -0.51762980E+00    -0.23658469E+00
  250    0.12377315E+01    -0.44966678E+00     0.16266348E+00    -0.61233026E+00
  251    0.12377315E+01     0.97817909E+00     0.28758560E+01    -0.18976769E+01
  252    0.12377315E+01     0.50959210E+01     0.97641025E+01    -0.46681815E+01
  253    0.12377315E+01     0.29572511E+01     0.74239421E+01    -0.44666910E+01
  254    0.12377315E+01     0.14506252E+00     0.18921008E+01    -0.17470383E+01
  255    0.12377315E+01    -0.76391431E+00    -0.16869162E+00    -0.59522269E+00
  256    0.12377315E+01    -0.89879994E+00    -0.53333779E+00    -0.36546215E+00
  257    0.12377315E+01    -0.69409223E+00    -0.20202648E-01    -0.67388958E+00
  258    0.12377315E+01    -0.34503765E+00     0.88044307E+00    -0.12254807E+01
  259    0.12377315E+01    -0.39803840E-01     0.16885073E+01    -0.17283112E+01
  260    0.12377315E+01     0.27214970E-01     0.19622470E+01    -0.19350320E+01
  261    0.12377315E+01    -0.23201212E+00     0.14978295E+01    -0.17298416E+01
  262    0.12377315E+01    -0.72737278E+00     0.43781249E+00    -0.11651853E+01
  263    0.12377315E+01    -0.12596512E+01    -0.85006372E+00    -0.40958750E+00
  264    0.12377315E+01    -0.16545010E+01    -0.20041334E+01     0.34963236E+00
  265    0.12377315E+01    -0.18348651E+01    -0.28161093E+01     0.98124422E+00
  266    0.12377315E+01    -0.18090427E+01    -0.32427585E+01     0.14337158E+01
  267    0.12377315E+01    -0.16284617E+01    -0.33458783E+01     0.17174165E+01
  268    0.12377315E+01    -0.13536471E+01    -0.32269878E+01     0.18733406E+01
  269    0.12377315E+01    -0.10375695E+01    -0.29845606E+01     0.19469911E+01
  270    0.12377315E+01    -0.71777969E+00    -0.26944394E+01     0.19766597E+01
  271    0.12377315E+01    -0.41916380E+00    -0.24065682E+01     0.19874044E+01
  272    0.12377315E+01    -0.21956154E+00    -0.21485778E+01     0.19290162E+01
  273    0.12377315E+01    -0.10815832E+00    -0.19319251E+01     0.18237667E+01
  274    0.12377315E+01    -0.52185890E-01    -0.17581081E+01     0.17059222E+01
  275    0.12377315E+01    -0.25984080E-01    -0.16237336E+01     0.15977495E+01
  276    0.12377315E+01    -0.14013720E-01    -0.15225310E+01     0.15085172E+01
  277    0.12377315E+01    -0.86256800E-02    -0.14479534E+01     0.14393277E+01
  278    0.12377315E+01    -0.62384000E-02    -0.13941913E+01     0.13879529E+01
  279    0.12377315E+01    -0.51342800E-02    -0.13557673E+01     0.13506330E+01
  280    0.12377315E+01    -0.44970100E-02    -0.13288056E+01     0.13243086E+01
  281    0.12377315E+01    -0.40028200E-02    -0.13097315E+01     0.13057287E+01
  282    0.12377315E+01    -0.35035900E-02    -0.12970066E+01     0.12935030E+01
  283    0.12377315E+01    -0.29741300E-02    -0.12882488E+01     0.12852746E+01
  284    0.12377315E+01    -0.24213100E-02    -0.12805340E+01     0.12781127E+01
  285    0.12377315E+01    -0.18770500E-02    -0.12741069E+01     0.12722299E+01
  286    0.12377315E+01    -0.13780900E-02    -0.12719886E+01     0.12706105E+01
  287    0.12377315E+01    -0.94227000E-03    -0.12719310E+01     0.12709887E+01
  288    0.12377315E+01    -0.56424000E-03    -0.12719300E+01     0.12713657E+01
  289    0.12377315E+01    -0.24521000E-03    -0.12719300E+01     0.12716847E+01
  290    0.12377315E+01     0.53000000E-05    -0.12719300E+01     0.12719353E+01
  291    0.14852778E+01    -0.10557223E+01    -0.11738312E+01     0.11810888E+00
  292    0.14852778E+01    -0.10280117E+01    -0.10535207E+01     0.25508992E-01
  293    0.14852778E+01    -0.10492853E+01    -0.11697623E+01     0.12047697E+00
  294    0.14852778E+01    -0.10976088E+01    -0.13926026E+01     0.29499386E+00
  295    0.14852778E+01    -0.11050955E+01    -0.14742057E+01     0.36911029E+00
  296    0.14852778E+01    -0.91368751E+00    -0.10200313E+01     0.10634377E+00
  297    0.14852778E+01    -0.70976110E-01     0.76953383E+00    -0.84050994E+00
  298    0.14852778E+01     0.27413730E+01     0.58106695E+01    -0.30692965E+01
  299    0.14852778E+01     0.67220408E+01     0.14266823E+02    -0.75447823E+01
  300    0.14852778E+01     0.12123060E+01     0.40291935E+01    -0.28168875E+01
  301    0.14852778E+01    -0.59875958E+00     0.10185942E+00    -0.70061900E+00
  302    0.14852778E+01    -0.11342721E+01    -0.12346281E+01     0.10035607E+00
  303    0.14852778E+01    -0.12724582E+01    -0.15100962E+01     0.23763801E+00
  304    0.14852778E+01    -0.13032891E+01    -0.13767085E+01     0.73419407E-01
  305    0.14852778E+01    -0.13319933E+01    -0.11813592E+01    -0.15063411E+00
  306    0.14852778E+01    -0.14090056E+01    -0.11456214E+01    -0.26338412E+00
  307    0.14852778E+01    -0.15474835E+01    -0.13694606E+01    -0.17802287E+00
  308    0.14852778E+01    -0.17198278E+01    -0.18204278E+01     0.10059999E+00
  309    0.14852778E+01    -0.18706495E+01    -0.23714406E+01     0.50079102E+00
  310    0.14852778E+01    -0.19447705E+01    -0.28732044E+01     0.92843384E+00
  311    0.14852778E+01    -0.19108710E+01    -0.32172928E+01     0.13064218E+01
  312    0.14852778E+01    -0.17683846E+01    -0.33619891E+01     0.15936045E+01
  313    0.14852778E+01    -0.15400868E+01    -0.33233768E+01     0.17832900E+01
  314    0.14852778E+01    -0.12587201E+01    -0.31502491E+01     0.18915290E+01
  315    0.14852778E+01    -0.95536644E+00    -0.28995190E+01     0.19441525E+01
  316    0.14852778E+01    -0.65395968E+00    -0.26211893E+01     0.19672296E+01
  317    0.14852778E+01    -0.37633128E+00    -0.23506598E+01     0.19743285E+01
  318    0.14852778E+01    -0.19719535E+00    -0.21085540E+01     0.19113587E+01
  319    0.14852778E+01    -0.97403270E-01    -0.19044421E+01     0.18070388E+01
  320    0.14852778E+01    -0.47286350E-01    -0.17401001E+01     0.16928138E+01
  321    0.14852778E+01    -0.23777640E-01    -0.16124162E+01     0.15886386E+01
  322    0.14852778E+01    -0.13047150E-01    -0.15157660E+01     0.15027188E+01
  323    0.14852778E+01    -0.82332800E-02    -0.14442304E+01     0.14359972E+01
  324    0.14852778E+01    -0.61043400E-02    -0.13922330E+01     0.13861287E+01
  325    0.14852778E+01    -0.51001300E-02    -0.13542415E+01     0.13491413E+01
  326    0.14852778E+01    -0.44899100E-02    -0.13270239E+01     0.13225339E+01
  327    0.14852778E+01    -0.39934000E-02    -0.13091788E+01     0.13051854E+01
  328    0.14852778E+01    -0.35171900E-02    -0.12969712E+01     0.12934540E+01
  329    0.14852778E+01    -0.29876000E-02    -0.12886260E+01     0.12856384E+01
  330    0.14852778E+01    -0.24247800E-02    -0.12811800E+01     0.12787552E+01
  331    0.14852778E+01    -0.18701000E-02    -0.12725269E+01     0.12706568E+01
  332    0.14852778E+01    -0.13670000E-02    -0.12719425E+01     0.12705755E+01
  333    0.14852778E+01    -0.92946000E-03    -0.12719302E+01     0.12710007E+01
  334    0.14852778E+01    -0.54995000E-03    -0.12719300E+01     0.12713800E+01
  335    0.14852778E+01    -0.22920000E-03    -0.12719300E+01     0.12717008E+01
  336    0.14852778E+01     0.18750000E-04    -0.12719300E+01     0.12719487E+01
  337    0.74263890E+00     0.56394777E+01     0.10429802E+02    -0.47903245E+01
  338    0.74263890E+00     0.19916167E+01     0.42622400E+01    -0.22706233E+01
  339    0.74263890E+00     0.62562210E-01     0.71325761E+00    -0.65069540E+00
  340    0.74263890E+00    -0.76126942E+00    -0.94872540E+00     0.18745598E+00
  341    0.74263890E+00    -0.10100159E+01    -0.14396434E+01     0.42962754E+00
  342    0.74263890E+00    -0.97264802E+00    -0.12121607E+01     0.23951268E+00
  343    0.74263890E+00    -0.77646295E+00    -0.53917647E+00    -0.23728648E+00
  344    0.74263890E+00    -0.51409469E+00     0.30232831E+00    -0.81642300E+00
  345    0.74263890E+00    -0.30216230E+00     0.97515955E+00    -0.12773218E+01
  346    0.74263890E+00    -0.24974159E+00     0.11859807E+01    -0.14357223E+01
  347    0.74263890E+00    -0.38795012E+00     0.83815663E+00    -0.12261067E+01
  348    0.74263890E+00    -0.64603172E+00     0.89443663E-01    -0.73547538E+00
  349    0.74263890E+00    -0.90459774E+00    -0.74102456E+00    -0.16357318E+00
  350    0.74263890E+00    -0.10651501E+01    -0.13279647E+01     0.26281465E+00
  351    0.74263890E+00    -0.10560814E+01    -0.14111277E+01     0.35504633E+00
  352    0.74263890E+00    -0.74752157E+00    -0.69640403E+00    -0.51117542E-01
  353    0.74263890E+00     0.18233468E+00     0.13296760E+01    -0.11473413E+01
  354    0.74263890E+00     0.23025245E+01     0.54236038E+01    -0.31210793E+01
  355    0.74263890E+00     0.62085012E+01     0.12234079E+02    -0.60255779E+01
  356    0.74263890E+00     0.57459735E+01     0.11761150E+02    -0.60151763E+01
  357    0.74263890E+00     0.16701628E+01     0.46901276E+01    -0.30199648E+01
  358    0.74263890E+00    -0.57031211E+00     0.28911383E+00    -0.85942594E+00
  359    0.74263890E+00    -0.15213850E+01    -0.20505194E+01     0.52913438E+00
  360    0.74263890E+00    -0.17362715E+01    -0.30625960E+01     0.13263245E+01
  361    0.74263890E+00    -0.15822073E+01    -0.33149120E+01     0.17327047E+01
  362    0.74263890E+00    -0.12673290E+01    -0.31830577E+01     0.19157286E+01
  363    0.74263890E+00    -0.90571703E+00    -0.28923378E+01     0.19866208E+01
  364    0.74263890E+00    -0.55614528E+00    -0.25661940E+01     0.20100487E+01
  365    0.74263890E+00    -0.29126564E+00    -0.22647232E+01     0.19734576E+01
  366    0.74263890E+00    -0.14272339E+00    -0.20111967E+01     0.18684733E+01
  367    0.74263890E+00    -0.67745540E-01    -0.18102845E+01     0.17425389E+01
  368    0.74263890E+00    -0.32893680E-01    -0.16570278E+01     0.16241341E+01
  369    0.74263890E+00    -0.17049250E-01    -0.15435161E+01     0.15264668E+01
  370    0.74263890E+00    -0.98951000E-02    -0.14610920E+01     0.14511969E+01
  371    0.74263890E+00    -0.67037500E-02    -0.14017165E+01     0.13950128E+01
  372    0.74263890E+00    -0.52576600E-02    -0.13604016E+01     0.13551440E+01
  373    0.74263890E+00    -0.45155600E-02    -0.13316576E+01     0.13271420E+01
  374    0.74263890E+00    -0.39826300E-02    -0.13106893E+01     0.13067067E+01
  375    0.74263890E+00    -0.34794900E-02    -0.12975228E+01     0.12940433E+01
  376    0.74263890E+00    -0.29562800E-02    -0.12873552E+01     0.12843989E+01
  377    0.74263890E+00    -0.24143500E-02    -0.12803892E+01     0.12779748E+01
  378    0.74263890E+00    -0.18811800E-02    -0.12768268E+01     0.12749456E+01
  379    0.74263890E+00    -0.13866500E-02    -0.12722983E+01     0.12709116E+01
  380    0.74263890E+00    -0.94745000E-03    -0.12719365E+01     0.12709891E+01
  381    0.74263890E+00    -0.56589000E-03    -0.12719301E+01     0.12713642E+01
  382    0.74263890E+00    -0.24384000E-03    -0.12719300E+01     0.12716861E+01
  383    0.74263890E+00     0.83500000E-05    -0.12719300E+01     0.12719383E+01
  384    0.12377315E+01     0.31667892E+01     0.64320496E+01    -0.32652604E+01
  385    0.12377315E+01     0.27183108E+00     0.14984835E+01    -0.12266524E+01
  386    0.12377315E+01    -0.64061935E+00    -0.26580431E+00    -0.37481504E+00
  387    0.12377315E+01    -0.73137511E+00    -0.46973862E+00    -0.26163649E+00
  388    0.12377315E+01    -0.45979416E+00     0.14126034E+00    -0.60105450E+00
  389    0.12377315E+01    -0.50539770E-01     0.10874250E+01    -0.11379647E+01
  390    0.12377315E+01     0.28812377E+00     0.18848690E+01    -0.15967452E+01
  391    0.12377315E+01     0.37153912E+00     0.21117649E+01    -0.17402258E+01
  392    0.12377315E+01     0.14739702E+00     0.16133152E+01    -0.14659182E+01
  393    0.12377315E+01    -0.26635899E+00     0.58284209E+00    -0.84920108E+00
  394    0.12377315E+01    -0.68121131E+00    -0.58980776E+00    -0.91403551E-01
  395    0.12377315E+01    -0.97125009E+00    -0.15566326E+01     0.58538252E+00
  396    0.12377315E+01    -0.11194357E+01    -0.21431994E+01     0.10237637E+01
  397    0.12377315E+01    -0.11680154E+01    -0.23225638E+01     0.11545485E+01
  398    0.12377315E+01    -0.11426471E+01    -0.21057759E+01     0.96312885E+00
  399    0.12377315E+01    -0.10196947E+01    -0.14855124E+01     0.46581772E+00
  400    0.12377315E+01    -0.76467422E+00    -0.50530680E+00    -0.25936742E+00
  401    0.12377315E+01    -0.41131689E+00     0.63465899E+00    -0.10459759E+01
  402    0.12377315E+01    -0.10316883E+00     0.15671122E+01    -0.16702810E+01
  403    0.12377315E+01    -0.28238840E-01     0.19041702E+01    -0.19324090E+01
  404    0.12377315E+01    -0.27698407E+00     0.14710223E+01    -0.17480064E+01
  405    0.12377315E+01    -0.76152070E+00     0.42597168E+00    -0.11874924E+01
  406    0.12377315E+01    -0.12835875E+01    -0.85497237E+00    -0.42861512E+00
  407    0.12377315E+01    -0.16692335E+01    -0.20059554E+01     0.33672184E+00
  408    0.12377315E+01    -0.18417137E+01    -0.28166271E+01     0.97491336E+00
  409    0.12377315E+01    -0.18098693E+01    -0.32427757E+01     0.14329064E+01
  410    0.12377315E+01    -0.16250876E+01    -0.33457443E+01     0.17206566E+01
  411    0.12377315E+01    -0.13478245E+01    -0.32268818E+01     0.18790572E+01
  412    0.12377315E+01    -0.10308091E+01    -0.29844715E+01     0.19536624E+01
  413    0.12377315E+01    -0.71123284E+00    -0.26944875E+01     0.19832547E+01
  414    0.12377315E+01    -0.41406996E+00    -0.24066630E+01     0.19925930E+01
  415    0.12377315E+01    -0.21714330E+00    -0.21485107E+01     0.19313674E+01
  416    0.12377315E+01    -0.10720217E+00    -0.19317202E+01     0.18245180E+01
  417    0.12377315E+01    -0.51874790E-01    -0.17580954E+01     0.17062206E+01
  418    0.12377315E+01    -0.25891220E-01    -0.16237335E+01     0.15978423E+01
  419    0.12377315E+01    -0.13995300E-01    -0.15225310E+01     0.15085357E+01
  420    0.12377315E+01    -0.86313900E-02    -0.14479534E+01     0.14393220E+01
  421    0.12377315E+01    -0.62493800E-02    -0.13941913E+01     0.13879419E+01
  422    0.12377315E+01    -0.51427200E-02    -0.13557673E+01     0.13506245E+01
  423    0.12377315E+01    -0.45037000E-02    -0.13288056E+01     0.13243019E+01
  424    0.12377315E+01    -0.40086200E-02    -0.13097315E+01     0.13057229E+01
  425    0.12377315E+01    -0.35118600E-02    -0.12970066E+01     0.12934947E+01
  426    0.12377315E+01    -0.29850700E-02    -0.12882488E+01     0.12852637E+01
  427    0.12377315E+01    -0.24347100E-02    -0.12805340E+01     0.12780993E+01
  428    0.12377315E+01    -0.18921000E-02    -0.12741069E+01     0.12722148E+01
  429    0.12377315E+01    -0.13948400E-02    -0.12719886E+01     0.12705938E+01
  430    0.12377315E+01    -0.95826000E-03    -0.12719310E+01     0.12709727E+01
  431    0.12377315E+01    -0.57851000E-03    -0.12719300E+01     0.12713515E+01
  432    0.12377315E+01    -0.25544000E-03    -0.12719300E+01     0.12716745E+01
  433    0.12377315E+01    -0.46800000E-05    -0.12719300E+01     0.12719253E+01
  434    0.14852778E+01     0.70795160E+01     0.12383443E+02    -0.53039266E+01
  435    0.14852778E+01     0.13667311E+01     0.32963005E+01    -0.19295694E+01
  436    0.14852778E+01    -0.49915578E+00    -0.15609920E+00    -0.34305658E+00
  437    0.14852778E+01    -0.10240881E+01    -0.12930297E+01     0.26894158E+00
  438    0.14852778E+01    -0.11174713E+01    -0.14802255E+01     0.36275421E+00
  439    0.14852778E+01    -0.10857216E+01    -0.13083849E+01     0.22266323E+00
  440    0.14852778E+01    -0.10435948E+01    -0.11029161E+01     0.59321336E-01
  441    0.14852778E+01    -0.10413499E+01    -0.10688787E+01     0.27528785E-01
  442    0.14852778E+01    -0.10861071E+01    -0.12854440E+01     0.19933686E+00
  443    0.14852778E+01    -0.11493283E+01    -0.17011453E+01     0.55181699E+00
  444    0.14852778E+01    -0.11911338E+01    -0.21820793E+01     0.99094549E+00
  445    0.14852778E+01    -0.11933137E+01    -0.25908531E+01     0.13975394E+01
  446    0.14852778E+01    -0.11754482E+01    -0.28455714E+01     0.16701232E+01
  447    0.14852778E+01    -0.11773397E+01    -0.29246624E+01     0.17473227E+01
  448    0.14852778E+01    -0.12207245E+01    -0.28293635E+01     0.16086390E+01
  449    0.14852778E+01    -0.12891257E+01    -0.25616083E+01     0.12724826E+01
  450    0.14852778E+01    -0.13484606E+01    -0.21517134E+01     0.80325285E+00
  451    0.14852778E+01    -0.13848672E+01    -0.16939819E+01     0.30911476E+00
  452    0.14852778E+01    -0.14199336E+01    -0.13361865E+01    -0.83747058E-01
  453    0.14852778E+01    -0.14908863E+01    -0.12188796E+01    -0.27200668E+00
  454    0.14852778E+01    -0.16152269E+01    -0.14027098E+01    -0.21251704E+00
  455    0.14852778E+01    -0.17706858E+01    -0.18346886E+01     0.64002855E-01
  456    0.14852778E+01    -0.19050154E+01    -0.23770458E+01     0.47203040E+00
  457    0.14852778E+01    -0.19645906E+01    -0.28750634E+01     0.91047275E+00
  458    0.14852778E+01    -0.19188650E+01    -0.32176521E+01     0.12987871E+01
  459    0.14852778E+01    -0.17675721E+01    -0.33618266E+01     0.15942545E+01
  460    0.14852778E+01    -0.15334294E+01    -0.33230450E+01     0.17896156E+01
  461    0.14852778E+01    -0.12488399E+01    -0.31499056E+01     0.19010657E+01
  462    0.14852778E+01    -0.94447197E+00    -0.28994802E+01     0.19550082E+01
  463    0.14852778E+01    -0.64367498E+00    -0.26212957E+01     0.19776207E+01
  464    0.14852778E+01    -0.36893385E+00    -0.23507573E+01     0.19818235E+01
  465    0.14852778E+01    -0.19367857E+00    -0.21084574E+01     0.19147788E+01
  466    0.14852778E+01    -0.96025850E-01    -0.19041619E+01     0.18081361E+01
  467    0.14852778E+01    -0.46821810E-01    -0.17400757E+01     0.16932538E+01
  468    0.14852778E+01    -0.23637950E-01    -0.16124161E+01     0.15887782E+01
  469    0.14852778E+01    -0.13017270E-01    -0.15157660E+01     0.15027487E+01
  470    0.14852778E+01    -0.82413100E-02    -0.14442304E+01     0.14359891E+01
  471    0.14852778E+01    -0.61235200E-02    -0.13922330E+01     0.13861095E+01
  472    0.14852778E+01    -0.51172200E-02    -0.13542415E+01     0.13491242E+01
  473    0.14852778E+01    -0.45018300E-02    -0.13270239E+01     0.13225220E+01
  474    0.14852778E+01    -0.40016600E-02    -0.13091788E+01     0.13051772E+01
  475    0.14852778E+01    -0.35248100E-02    -0.12969712E+01     0.12934464E+01
  476    0.14852778E+01    -0.30018600E-02    -0.12886260E+01     0.12856241E+01
  477    0.14852778E+01    -0.24457000E-02    -0.12811800E+01     0.12787343E+01
  478    0.14852778E+01    -0.18945400E-02    -0.12725269E+01     0.12706323E+01
  479    0.14852778E+01    -0.13926000E-02    -0.12719425E+01     0.12705499E+01
  480    0.14852778E+01    -0.95448000E-03    -0.12719302E+01     0.12709757E+01
  481    0.14852778E+01    -0.57310000E-03    -0.12719300E+01     0.12713569E+01
  482    0.14852778E+01    -0.24970000E-03    -0.12719300E+01     0.12716803E+01
  483    0.14852778E+01     0.00000000E+00    -0.12719300E+01     0.12719300E+01

              STD                   NE - PARAMETER                      SUPPORT PLANE
  PARA       ERROR             LOWER             UPPER             LOWER             UPPER
    1     PARAMETER HELD CONSTANT
    2     PARAMETER HELD CONSTANT
    3     PARAMETER HELD CONSTANT
    4     PARAMETER HELD CONSTANT
    5     PARAMETER HELD CONSTANT
    6     PARAMETER HELD CONSTANT
    7     PARAMETER HELD CONSTANT
    8     PARAMETER HELD CONSTANT
    9    0.92614867E-03    0.54396779E+01    0.54433825E+01    0.54396779E+01    0.54433825E+01
   10     PARAMETER HELD CONSTANT
   11     PARAMETER HELD CONSTANT
   12     PARAMETER HELD CONSTANT
   13     PARAMETER HELD CONSTANT
   14     PARAMETER HELD CONSTANT
 
