   i site, x     y     z      jk_EMT      DFT         Diff
   1  1  0.00  0.00 -5.00  -1.0481367  -0.9271736  -0.1209631
   2  1  0.00  0.00 -4.80  -1.0341551  -0.9064842  -0.1276710
   3  1  0.00  0.00 -4.60  -1.0634472  -0.9456640  -0.1177832
   4  1  0.00  0.00 -4.40  -1.1120686  -1.0291465  -0.0829221
   5  1  0.00  0.00 -4.20  -1.1441724  -1.0841093  -0.0600630
   6  1  0.00  0.00 -4.00  -1.1428063  -1.0880242  -0.0547821
   7  1  0.00  0.00 -3.80  -1.1234914  -1.0767673  -0.0467241
   8  1  0.00  0.00 -3.60  -1.1164880  -1.0733136  -0.0431744
   9  1  0.00  0.00 -3.40  -1.1326125  -1.0922375  -0.0403750
  10  1  0.00  0.00 -3.20  -1.1507669  -1.1069985  -0.0437685
  11  1  0.00  0.00 -3.00  -1.1421717  -1.1053140  -0.0368577
  12  1  0.00  0.00 -2.80  -1.1025159  -1.0392069  -0.0633089
  13  1  0.00  0.00 -2.60  -1.0585963  -0.9793991  -0.0791972
  14  1  0.00  0.00 -2.40  -1.0456280  -0.9902158  -0.0554122
  15  1  0.00  0.00 -2.20  -1.0771306  -1.0665250  -0.0106056
  16  1  0.00  0.00 -2.00  -1.1313340  -1.1704376   0.0391036
  17  1  0.00  0.00 -1.80  -1.1516515  -1.2338647   0.0822132
  18  1  0.00  0.00 -1.60  -1.0166319  -1.1417186   0.1250866
  19  1  0.00  0.00 -1.40  -0.3742960  -0.5156460   0.1413500
  20  1  0.00  0.00 -1.20   1.8422230   1.7811726   0.0610504
  21  1  0.00  0.00 -1.00   8.5517770   8.4684625   0.0833145
  22  1  0.00  0.00  1.00   7.6765841   7.8769530  -0.2003689
  23  1  0.00  0.00  1.20   0.8766179   1.0755248  -0.1989069
  24  1  0.00  0.00  1.40  -1.3052850  -1.2548463  -0.0504387
  25  1  0.00  0.00  1.60  -1.7566153  -1.7618793   0.0052640
  26  1  0.00  0.00  1.80  -1.5797203  -1.5900298   0.0103095
  27  1  0.00  0.00  2.00  -1.1983959  -1.2322452   0.0338493
  28  1  0.00  0.00  2.20  -0.7846931  -0.8772780   0.0925849
  29  1  0.00  0.00  2.40  -0.4237280  -0.5937513   0.1700233
  30  1  0.00  0.00  2.60  -0.2072099  -0.3853827   0.1781728
  31  1  0.00  0.00  2.80  -0.0962708  -0.2291566   0.1328857
  32  1  0.00  0.00  3.00  -0.0451419  -0.1237463   0.0786044
  33  1  0.00  0.00  3.20  -0.0222996  -0.0557583   0.0334587
  34  1  0.00  0.00  3.40  -0.0120613  -0.0139963   0.0019350
  35  1  0.00  0.00  3.60  -0.0075157   0.0100437  -0.0175594
  36  1  0.00  0.00  3.80  -0.0055165   0.0225002  -0.0280167
  37  1  0.00  0.00  4.00  -0.0045485   0.0269866  -0.0315351
  38  1  0.00  0.00  4.20  -0.0039407   0.0110449  -0.0149856
  39  1  0.00  0.00  4.40  -0.0034222  -0.0013456  -0.0020766
  40  1  0.00  0.00  4.60  -0.0029049   0.0008679  -0.0037728
  41  1  0.00  0.00  4.80  -0.0023772   0.0021541  -0.0045313
  42  1  0.00  0.00  5.00  -0.0018478   0.0025071  -0.0043549
  43  1  0.00  0.00  5.20  -0.0013408  -0.0001192  -0.0012216
  44  1  0.00  0.00  5.40  -0.0008916  -0.0000483  -0.0008433
  45  1  0.00  0.00  5.60  -0.0004981  -0.0000020  -0.0004962
  46  1  0.00  0.00  5.80  -0.0001762  -0.0000001  -0.0001761
  47  1  0.00  0.00  6.00   0.0000742  -0.0000000   0.0000742
  48  2  0.50  0.00 -5.00   0.2716980   0.4626676  -0.1909696
  49  2  0.50  0.00 -4.80   0.3770731   0.5382377  -0.1611645
  50  2  0.50  0.00 -4.60   0.1762263   0.2754111  -0.0991848
  51  2  0.50  0.00 -4.40  -0.2207344  -0.1810098  -0.0397246
  52  2  0.50  0.00 -4.20  -0.6282201  -0.6296137   0.0013936
  53  2  0.50  0.00 -4.00  -0.9175127  -0.9299081   0.0123954
  54  2  0.50  0.00 -3.80  -1.0634803  -1.0555720  -0.0079082
  55  2  0.50  0.00 -3.60  -1.0959496  -1.0803109  -0.0156387
  56  2  0.50  0.00 -3.40  -1.0284113  -1.0340851   0.0056738
  57  2  0.50  0.00 -3.20  -0.8353097  -0.8590081   0.0236984
  58  2  0.50  0.00 -3.00  -0.4975201  -0.4998633   0.0023432
  59  2  0.50  0.00 -2.80  -0.0754113  -0.0393720  -0.0360393
  60  2  0.50  0.00 -2.60   0.2706121   0.3521937  -0.0815816
  61  2  0.50  0.00 -2.40   0.3650925   0.4696048  -0.1045123
  62  2  0.50  0.00 -2.20   0.1539438   0.2358339  -0.0818901
  63  2  0.50  0.00 -2.00  -0.2471428  -0.2209026  -0.0262402
  64  2  0.50  0.00 -1.80  -0.6403110  -0.6673408   0.0270298
  65  2  0.50  0.00 -1.60  -0.8445733  -0.9061805   0.0616072
  66  2  0.50  0.00 -1.40  -0.6476252  -0.7311181   0.0834929
  67  2  0.50  0.00 -1.20   0.4697964   0.4022348   0.0675616
  68  2  0.50  0.00 -1.00   3.8378432   3.8294282   0.0084150
  69  2  0.50  0.00  1.00   2.9970199   3.1797037  -0.1826838
  70  2  0.50  0.00  1.20  -0.4685276  -0.3869144  -0.0816132
  71  2  0.50  0.00  1.40  -1.5888557  -1.5787159  -0.0101398
  72  2  0.50  0.00  1.60  -1.7218589  -1.7172610  -0.0045979
  73  2  0.50  0.00  1.80  -1.4674781  -1.4637975  -0.0036806
  74  2  0.50  0.00  2.00  -1.0863607  -1.1134736   0.0271129
  75  2  0.50  0.00  2.20  -0.6955358  -0.7905313   0.0949954
  76  2  0.50  0.00  2.40  -0.3697565  -0.5339991   0.1642426
  77  2  0.50  0.00  2.60  -0.1807842  -0.3429413   0.1621571
  78  2  0.50  0.00  2.80  -0.0845863  -0.2026709   0.1180846
  79  2  0.50  0.00  3.00  -0.0401607  -0.1071930   0.0670323
  80  2  0.50  0.00  3.20  -0.0201804  -0.0456685   0.0254881
  81  2  0.50  0.00  3.40  -0.0111888  -0.0080081  -0.0031807
  82  2  0.50  0.00  3.60  -0.0071804   0.0133151  -0.0204955
  83  2  0.50  0.00  3.80  -0.0054035   0.0211175  -0.0265210
  84  2  0.50  0.00  4.00  -0.0045288   0.0173707  -0.0218995
  85  2  0.50  0.00  4.20  -0.0039569   0.0146797  -0.0186366
  86  2  0.50  0.00  4.40  -0.0034474   0.0069760  -0.0104234
  87  2  0.50  0.00  4.60  -0.0029264   0.0017621  -0.0046886
  88  2  0.50  0.00  4.80  -0.0023934   0.0022573  -0.0046507
  89  2  0.50  0.00  5.00  -0.0018647   0.0024335  -0.0042982
  90  2  0.50  0.00  5.20  -0.0013666  -0.0002366  -0.0011300
  91  2  0.50  0.00  5.40  -0.0009224  -0.0000343  -0.0008881
  92  2  0.50  0.00  5.60  -0.0005335  -0.0000014  -0.0005322
  93  2  0.50  0.00  5.80  -0.0002101  -0.0000000  -0.0002101
  94  2  0.50  0.00  6.00   0.0000424  -0.0000000   0.0000424
  95  3  0.99  0.00 -5.00   8.4485172   8.7457885  -0.2972713
  96  3  0.99  0.00 -4.80   9.2096238   9.2766579  -0.0670342
  97  3  0.99  0.00 -4.60   7.8018882   7.7267423   0.0751460
  98  3  0.99  0.00 -4.40   5.0949056   4.9935617   0.1013439
  99  3  0.99  0.00 -4.20   2.4226629   2.3426122   0.0800508
 100  3  0.99  0.00 -4.00   0.5624511   0.5138388   0.0486123
 101  3  0.99  0.00 -3.80  -0.3896113  -0.3888886  -0.0007227
 102  3  0.99  0.00 -3.60  -0.6031798  -0.5758340  -0.0273458
 103  3  0.99  0.00 -3.40  -0.1465905  -0.1531257   0.0065352
 104  3  0.99  0.00 -3.20   1.1117578   1.0779073   0.0338505
 105  3  0.99  0.00 -3.00   3.2994253   3.2531290   0.0462963
 106  3  0.99  0.00 -2.80   6.1133258   6.0474178   0.0659080
 107  3  0.99  0.00 -2.60   8.5139201   8.4697615   0.0441586
 108  3  0.99  0.00 -2.40   9.1851412   9.2506245  -0.0654833
 109  3  0.99  0.00 -2.20   7.6970446   7.9126392  -0.2155945
 110  3  0.99  0.00 -2.00   4.9591734   5.2248063  -0.2656329
 111  3  0.99  0.00 -1.80   2.2983099   2.4735217  -0.1752118
 112  3  0.99  0.00 -1.60   0.4593177   0.4923278  -0.0330101
 113  3  0.99  0.00 -1.40  -0.4914792  -0.5525728   0.0610936
 114  3  0.99  0.00 -1.20  -0.7495507  -0.8596257   0.1100749
 115  3  0.99  0.00 -1.00  -0.4087267  -0.5584955   0.1497689
 116  3  0.99  0.00 -0.80   0.6561366   0.5209166   0.1352200
 117  3  0.99  0.00 -0.60   2.6246445   2.5478787   0.0767658
 118  3  0.99  0.00 -0.40   5.3287170   5.2716839   0.0570331
 119  3  0.99  0.00 -0.20   7.8723843   7.7803161   0.0920682
 120  3  0.99  0.00  0.00   8.9024681   8.7915874   0.1108808
 121  3  0.99  0.00  0.20   7.7224248   7.6724774   0.0499474
 122  3  0.99  0.00  0.40   5.0143068   5.0456837  -0.0313769
 123  3  0.99  0.00  0.60   2.1325373   2.1902593  -0.0577220
 124  3  0.99  0.00  0.80  -0.0074508   0.0219235  -0.0293743
 125  3  0.99  0.00  1.00  -1.2163271  -1.2133772  -0.0029498
 126  3  0.99  0.00  1.20  -1.6991187  -1.6855557  -0.0135630
 127  3  0.99  0.00  1.40  -1.7292176  -1.6889279  -0.0402898
 128  3  0.99  0.00  1.60  -1.5159720  -1.4509945  -0.0649775
 129  3  0.99  0.00  1.80  -1.1937069  -1.1363883  -0.0573186
 130  3  0.99  0.00  2.00  -0.8436702  -0.8375990  -0.0060711
 131  3  0.99  0.00  2.20  -0.5098087  -0.5839265   0.0741179
 132  3  0.99  0.00  2.40  -0.2666640  -0.3854640   0.1188000
 133  3  0.99  0.00  2.60  -0.1308350  -0.2385093   0.1076743
 134  3  0.99  0.00  2.80  -0.0624063  -0.1405447   0.0781384
 135  3  0.99  0.00  3.00  -0.0305329  -0.0723379   0.0418050
 136  3  0.99  0.00  3.20  -0.0160175  -0.0265398   0.0105222
 137  3  0.99  0.00  3.40  -0.0094603  -0.0010976  -0.0083626
 138  3  0.99  0.00  3.60  -0.0065348   0.0135677  -0.0201025
 139  3  0.99  0.00  3.80  -0.0052066   0.0144305  -0.0196372
 140  3  0.99  0.00  4.00  -0.0045096   0.0178215  -0.0223312
 141  3  0.99  0.00  4.20  -0.0039910   0.0191834  -0.0231744
 142  3  0.99  0.00  4.40  -0.0034878   0.0146111  -0.0180989
 143  3  0.99  0.00  4.60  -0.0029599   0.0076692  -0.0106290
 144  3  0.99  0.00  4.80  -0.0024181   0.0035952  -0.0060133
 145  3  0.99  0.00  5.00  -0.0018842   0.0016942  -0.0035784
 146  3  0.99  0.00  5.20  -0.0013892  -0.0001945  -0.0011947
 147  3  0.99  0.00  5.40  -0.0009533  -0.0000119  -0.0009414
 148  3  0.99  0.00  5.60  -0.0005723  -0.0000005  -0.0005718
 149  3  0.99  0.00  5.80  -0.0002513  -0.0000000  -0.0002513
 150  3  0.99  0.00  6.00  -0.0000002  -0.0000000  -0.0000002
 151  4  1.49  0.00 -4.20   5.6850676   5.4375632   0.2475044
 152  4  1.49  0.00 -4.00   2.0917281   2.0254535   0.0662746
 153  4  1.49  0.00 -3.80   0.3168925   0.3519396  -0.0350471
 154  4  1.49  0.00 -3.60  -0.0744761   0.0026272  -0.0771032
 155  4  1.49  0.00 -3.40   0.7671679   0.7998131  -0.0326452
 156  4  1.49  0.00 -3.20   3.1394036   3.0880379   0.0513657
 157  4  1.49  0.00 -3.00   7.4350211   7.1931685   0.2418526
 158  4  1.49  0.00 -1.80   5.4424901   5.7536036  -0.3111136
 159  4  1.49  0.00 -1.60   1.8565445   1.9778239  -0.1212794
 160  4  1.49  0.00 -1.40  -0.0307064  -0.1039060   0.0731996
 161  4  1.49  0.00 -1.20  -0.8439619  -1.0108982   0.1669364
 162  4  1.49  0.00 -1.00  -1.1146655  -1.2988025   0.1841370
 163  4  1.49  0.00 -0.80  -1.1281045  -1.3110137   0.1829091
 164  4  1.49  0.00 -0.60  -0.9983429  -1.1549471   0.1566041
 165  4  1.49  0.00 -0.40  -0.7985041  -0.8850941   0.0865899
 166  4  1.49  0.00 -0.20  -0.6341464  -0.6455535   0.0114071
 167  4  1.49  0.00  0.00  -0.6232422  -0.5713662  -0.0518760
 168  4  1.49  0.00  0.20  -0.8196054  -0.7367794  -0.0828259
 169  4  1.49  0.00  0.40  -1.1671304  -1.0807452  -0.0863852
 170  4  1.49  0.00  0.60  -1.5364316  -1.4466898  -0.0897418
 171  4  1.49  0.00  0.80  -1.8041650  -1.6958672  -0.1082978
 172  4  1.49  0.00  1.00  -1.9052169  -1.7661806  -0.1390363
 173  4  1.49  0.00  1.20  -1.8365502  -1.6728528  -0.1636974
 174  4  1.49  0.00  1.40  -1.6349436  -1.4546897  -0.1802538
 175  4  1.49  0.00  1.60  -1.3512819  -1.1828071  -0.1684748
 176  4  1.49  0.00  1.80  -1.0326422  -0.9138673  -0.1187749
 177  4  1.49  0.00  2.00  -0.7129287  -0.6629426  -0.0499861
 178  4  1.49  0.00  2.20  -0.4154697  -0.4611200   0.0456503
 179  4  1.49  0.00  2.40  -0.2177428  -0.3027952   0.0850523
 180  4  1.49  0.00  2.60  -0.1074132  -0.1874779   0.0800647
 181  4  1.49  0.00  2.80  -0.0519193  -0.1077147   0.0557955
 182  4  1.49  0.00  3.00  -0.0258827  -0.0477231   0.0218404
 183  4  1.49  0.00  3.20  -0.0139794  -0.0118978  -0.0020816
 184  4  1.49  0.00  3.40  -0.0086057  -0.0030610  -0.0055447
 185  4  1.49  0.00  3.60  -0.0062174   0.0083314  -0.0145487
 186  4  1.49  0.00  3.80  -0.0051224   0.0167569  -0.0218794
 187  4  1.49  0.00  4.00  -0.0044979   0.0204306  -0.0249285
 188  4  1.49  0.00  4.20  -0.0040071   0.0210070  -0.0250141
 189  4  1.49  0.00  4.40  -0.0035041   0.0171961  -0.0207002
 190  4  1.49  0.00  4.60  -0.0029747   0.0086737  -0.0116484
 191  4  1.49  0.00  4.80  -0.0024275   0.0072670  -0.0096945
 192  4  1.49  0.00  5.00  -0.0018864   0.0001256  -0.0020120
 193  4  1.49  0.00  5.20  -0.0013897  -0.0000605  -0.0013292
 194  4  1.49  0.00  5.40  -0.0009559  -0.0000029  -0.0009530
 195  4  1.49  0.00  5.60  -0.0005780  -0.0000001  -0.0005779
 196  4  1.49  0.00  5.80  -0.0002587  -0.0000000  -0.0002587
 197  4  1.49  0.00  6.00  -0.0000075  -0.0000000  -0.0000075
 198  5  0.74  0.43 -5.00  -0.3088082  -0.0719282  -0.2368800
 199  5  0.74  0.43 -4.80  -0.2372000  -0.0124184  -0.2247817
 200  5  0.74  0.43 -4.60  -0.3570495  -0.1863398  -0.1707097
 201  5  0.74  0.43 -4.40  -0.6028261  -0.4980660  -0.1047602
 202  5  0.74  0.43 -4.20  -0.8550733  -0.7952473  -0.0598260
 203  5  0.74  0.43 -4.00  -1.0064850  -0.9562869  -0.0501981
 204  5  0.74  0.43 -3.80  -0.9638158  -0.9398988  -0.0239170
 205  5  0.74  0.43 -3.60  -0.5574703  -0.5915007   0.0340304
 206  5  0.74  0.43 -3.40   0.5861213   0.5117155   0.0744058
 207  5  0.74  0.43 -3.20   3.0642952   2.9400775   0.1242178
 208  5  0.74  0.43 -3.00   7.3982095   7.1223919   0.2758176
 209  5  0.74  0.43 -1.80   5.4713330   5.8347592  -0.3634261
 210  5  0.74  0.43 -1.60   1.9312038   2.1554816  -0.2242778
 211  5  0.74  0.43 -1.40   0.1666764   0.2491418  -0.0824654
 212  5  0.74  0.43 -1.20  -0.2948857  -0.2783280  -0.0165577
 213  5  0.74  0.43 -1.00   0.3542775   0.3287761   0.0255014
 214  5  0.74  0.43 -0.80   2.3870729   2.3563695   0.0307034
 215  5  0.74  0.43 -0.60   6.2684103   6.1963985   0.0720117
 216  5  0.74  0.43  0.60   5.7664390   5.7932123  -0.0267733
 217  5  0.74  0.43  0.80   1.6845959   1.7534854  -0.0688894
 218  5  0.74  0.43  1.00  -0.5617080  -0.5397936  -0.0219144
 219  5  0.74  0.43  1.20  -1.5175203  -1.5231064   0.0055861
 220  5  0.74  0.43  1.40  -1.7357269  -1.7190804  -0.0166465
 221  5  0.74  0.43  1.60  -1.5836825  -1.5399970  -0.0436855
 222  5  0.74  0.43  1.80  -1.2698266  -1.2363818  -0.0334448
 223  5  0.74  0.43  2.00  -0.9084923  -0.9169547   0.0084624
 224  5  0.74  0.43  2.20  -0.5587177  -0.6459753   0.0872575
 225  5  0.74  0.43  2.40  -0.2925655  -0.4293273   0.1367617
 226  5  0.74  0.43  2.60  -0.1432468  -0.2667461   0.1234993
 227  5  0.74  0.43  2.80  -0.0679206  -0.1569799   0.0890593
 228  5  0.74  0.43  3.00  -0.0329417  -0.0810290   0.0480874
 229  5  0.74  0.43  3.20  -0.0170580  -0.0303073   0.0132492
 230  5  0.74  0.43  3.40  -0.0098911  -0.0002770  -0.0096141
 231  5  0.74  0.43  3.60  -0.0066962   0.0098361  -0.0165322
 232  5  0.74  0.43  3.80  -0.0052512   0.0175032  -0.0227544
 233  5  0.74  0.43  4.00  -0.0045129   0.0207252  -0.0252381
 234  5  0.74  0.43  4.20  -0.0039808   0.0137120  -0.0176928
 235  5  0.74  0.43  4.40  -0.0034755   0.0129242  -0.0163997
 236  5  0.74  0.43  4.60  -0.0029502   0.0080707  -0.0110208
 237  5  0.74  0.43  4.80  -0.0024093   0.0025480  -0.0049573
 238  5  0.74  0.43  5.00  -0.0018746   0.0020474  -0.0039220
 239  5  0.74  0.43  5.20  -0.0013799  -0.0002363  -0.0011436
 240  5  0.74  0.43  5.40  -0.0009412  -0.0000170  -0.0009243
 241  5  0.74  0.43  5.60  -0.0005604  -0.0000007  -0.0005597
 242  5  0.74  0.43  5.80  -0.0002399  -0.0000000  -0.0002399
 243  5  0.74  0.43  6.00   0.0000111  -0.0000000   0.0000112
 244  6  1.24  0.43 -5.00   0.2675544   0.4467244  -0.1791700
 245  6  1.24  0.43 -4.80   0.3859270   0.5437736  -0.1578466
 246  6  1.24  0.43 -4.60   0.1949903   0.2983965  -0.1034062
 247  6  1.24  0.43 -4.40  -0.1946857  -0.1430774  -0.0516083
 248  6  1.24  0.43 -4.20  -0.5793264  -0.5438480  -0.0354784
 249  6  1.24  0.43 -4.00  -0.7542145  -0.7110814  -0.0431331
 250  6  1.24  0.43 -3.80  -0.4496668  -0.4251176  -0.0245492
 251  6  1.24  0.43 -3.60   0.9781791   0.9361607   0.0420184
 252  6  1.24  0.43 -3.40   5.0959210   4.8338686   0.2620524
 253  6  1.24  0.43 -1.40   2.9572511   3.2467985  -0.2895474
 254  6  1.24  0.43 -1.20   0.1450625   0.1471229  -0.0020604
 255  6  1.24  0.43 -1.00  -0.7639143  -0.8891321   0.1252178
 256  6  1.24  0.43 -0.80  -0.8987999  -1.0737942   0.1749942
 257  6  1.24  0.43 -0.60  -0.6940922  -0.8817512   0.1876589
 258  6  1.24  0.43 -0.40  -0.3450376  -0.4984776   0.1534400
 259  6  1.24  0.43 -0.20  -0.0398038  -0.1373832   0.0975793
 260  6  1.24  0.43  0.00   0.0272150  -0.0207224   0.0479374
 261  6  1.24  0.43  0.20  -0.2320121  -0.2467216   0.0147095
 262  6  1.24  0.43  0.40  -0.7273728  -0.7184249  -0.0089479
 263  6  1.24  0.43  0.60  -1.2596512  -1.2305658  -0.0290854
 264  6  1.24  0.43  0.80  -1.6545010  -1.5955198  -0.0589812
 265  6  1.24  0.43  1.00  -1.8348651  -1.7331630  -0.1017021
 266  6  1.24  0.43  1.20  -1.8090427  -1.6638078  -0.1452349
 267  6  1.24  0.43  1.40  -1.6284617  -1.4604598  -0.1680020
 268  6  1.24  0.43  1.60  -1.3536471  -1.1990533  -0.1545939
 269  6  1.24  0.43  1.80  -1.0375695  -0.9239344  -0.1136351
 270  6  1.24  0.43  2.00  -0.7177797  -0.6819307  -0.0358490
 271  6  1.24  0.43  2.20  -0.4191638  -0.4768224   0.0576586
 272  6  1.24  0.43  2.40  -0.2195615  -0.3100456   0.0904840
 273  6  1.24  0.43  2.60  -0.1081583  -0.1880564   0.0798980
 274  6  1.24  0.43  2.80  -0.0521859  -0.1089577   0.0567718
 275  6  1.24  0.43  3.00  -0.0259841  -0.0528055   0.0268214
 276  6  1.24  0.43  3.20  -0.0140137  -0.0176947   0.0036810
 277  6  1.24  0.43  3.40  -0.0086257   0.0022931  -0.0109188
 278  6  1.24  0.43  3.60  -0.0062384   0.0143372  -0.0205756
 279  6  1.24  0.43  3.80  -0.0051343   0.0190092  -0.0241435
 280  6  1.24  0.43  4.00  -0.0044970   0.0196527  -0.0241497
 281  6  1.24  0.43  4.20  -0.0040028   0.0168671  -0.0208699
 282  6  1.24  0.43  4.40  -0.0035036   0.0148799  -0.0183835
 283  6  1.24  0.43  4.60  -0.0029741   0.0128061  -0.0157802
 284  6  1.24  0.43  4.80  -0.0024213   0.0059434  -0.0083648
 285  6  1.24  0.43  5.00  -0.0018770   0.0003105  -0.0021875
 286  6  1.24  0.43  5.20  -0.0013781  -0.0000838  -0.0012942
 287  6  1.24  0.43  5.40  -0.0009423  -0.0000041  -0.0009382
 288  6  1.24  0.43  5.60  -0.0005642  -0.0000002  -0.0005641
 289  6  1.24  0.43  5.80  -0.0002452  -0.0000000  -0.0002452
 290  6  1.24  0.43  6.00   0.0000053  -0.0000000   0.0000053
 291  7  1.49  0.86 -5.00  -1.0557223  -0.9163347  -0.1393876
 292  7  1.49  0.86 -4.80  -1.0280117  -0.9082381  -0.1197737
 293  7  1.49  0.86 -4.60  -1.0492853  -0.9639474  -0.0853379
 294  7  1.49  0.86 -4.40  -1.0976088  -1.0422915  -0.0553173
 295  7  1.49  0.86 -4.20  -1.1050955  -1.0686362  -0.0364593
 296  7  1.49  0.86 -4.00  -0.9136875  -0.9122089  -0.0014786
 297  7  1.49  0.86 -3.80  -0.0709761  -0.1227427   0.0517666
 298  7  1.49  0.86 -3.60   2.7413730   2.5676068   0.1737661
 299  7  1.49  0.86 -1.40   6.7220408   7.2588679  -0.5368271
 300  7  1.49  0.86 -1.20   1.2123060   1.2927938  -0.0804878
 301  7  1.49  0.86 -1.00  -0.5987596  -0.7684568   0.1696972
 302  7  1.49  0.86 -0.80  -1.1342721  -1.3647168   0.2304447
 303  7  1.49  0.86 -0.60  -1.2724582  -1.4959128   0.2234546
 304  7  1.49  0.86 -0.40  -1.3032891  -1.4918583   0.1885692
 305  7  1.49  0.86 -0.20  -1.3319933  -1.4614767   0.1294834
 306  7  1.49  0.86  0.00  -1.4090056  -1.4792615   0.0702559
 307  7  1.49  0.86  0.20  -1.5474835  -1.5572954   0.0098118
 308  7  1.49  0.86  0.40  -1.7198278  -1.6662910  -0.0535367
 309  7  1.49  0.86  0.60  -1.8706495  -1.7576749  -0.1129747
 310  7  1.49  0.86  0.80  -1.9447705  -1.7753656  -0.1694049
 311  7  1.49  0.86  1.00  -1.9108710  -1.6930616  -0.2178095
 312  7  1.49  0.86  1.20  -1.7683846  -1.5193208  -0.2490638
 313  7  1.49  0.86  1.40  -1.5400868  -1.2852858  -0.2548010
 314  7  1.49  0.86  1.60  -1.2587201  -1.0293902  -0.2293299
 315  7  1.49  0.86  1.80  -0.9553664  -0.8040723  -0.1512941
 316  7  1.49  0.86  2.00  -0.6539597  -0.5911195  -0.0628402
 317  7  1.49  0.86  2.20  -0.3763313  -0.4056643   0.0293330
 318  7  1.49  0.86  2.40  -0.1971953  -0.2718386   0.0746432
 319  7  1.49  0.86  2.60  -0.0974033  -0.1770619   0.0796587
 320  7  1.49  0.86  2.80  -0.0472863  -0.1045323   0.0572459
 321  7  1.49  0.86  3.00  -0.0237776  -0.0488477   0.0250700
 322  7  1.49  0.86  3.20  -0.0130472  -0.0120029  -0.0010442
 323  7  1.49  0.86  3.40  -0.0082333   0.0104417  -0.0186750
 324  7  1.49  0.86  3.60  -0.0061043   0.0225441  -0.0286484
 325  7  1.49  0.86  3.80  -0.0051001   0.0220783  -0.0271785
 326  7  1.49  0.86  4.00  -0.0044899   0.0150484  -0.0195383
 327  7  1.49  0.86  4.20  -0.0039934   0.0159219  -0.0199153
 328  7  1.49  0.86  4.40  -0.0035172   0.0156328  -0.0191500
 329  7  1.49  0.86  4.60  -0.0029876   0.0143186  -0.0173062
 330  7  1.49  0.86  4.80  -0.0024248   0.0090134  -0.0114382
 331  7  1.49  0.86  5.00  -0.0018701  -0.0002164  -0.0016537
 332  7  1.49  0.86  5.20  -0.0013670  -0.0000270  -0.0013400
 333  7  1.49  0.86  5.40  -0.0009295  -0.0000012  -0.0009282
 334  7  1.49  0.86  5.60  -0.0005500  -0.0000000  -0.0005499
 335  7  1.49  0.86  5.80  -0.0002292  -0.0000000  -0.0002292
 336  7  1.49  0.86  6.00   0.0000187  -0.0000000   0.0000188
 337  8  0.74 -0.43 -4.20   5.6394777   5.3411457   0.2983321
 338  8  0.74 -0.43 -4.00   1.9916167   1.8364732   0.1551435
 339  8  0.74 -0.43 -3.80   0.0625622  -0.0256753   0.0882375
 340  8  0.74 -0.43 -3.60  -0.7612694  -0.7873654   0.0260960
 341  8  0.74 -0.43 -3.40  -1.0100159  -0.9823195  -0.0276963
 342  8  0.74 -0.43 -3.20  -0.9726480  -0.9332933  -0.0393548
 343  8  0.74 -0.43 -3.00  -0.7764629  -0.7231128  -0.0533501
 344  8  0.74 -0.43 -2.80  -0.5140947  -0.4129103  -0.1011844
 345  8  0.74 -0.43 -2.60  -0.3021623  -0.1575726  -0.1445897
 346  8  0.74 -0.43 -2.40  -0.2497416  -0.0855941  -0.1641474
 347  8  0.74 -0.43 -2.20  -0.3879501  -0.2576680  -0.1302821
 348  8  0.74 -0.43 -2.00  -0.6460317  -0.5905355  -0.0554962
 349  8  0.74 -0.43 -1.80  -0.9045977  -0.9268846   0.0222868
 350  8  0.74 -0.43 -1.60  -1.0651501  -1.1476576   0.0825075
 351  8  0.74 -0.43 -1.40  -1.0560814  -1.1921045   0.1360231
 352  8  0.74 -0.43 -1.20  -0.7475216  -0.9382996   0.1907780
 353  8  0.74 -0.43 -1.00   0.1823347  -0.0014197   0.1837544
 354  8  0.74 -0.43 -0.80   2.3025245   2.1942264   0.1082981
 355  8  0.74 -0.43 -0.60   6.2085012   6.1203737   0.0881275
 356  8  0.74 -0.43  0.60   5.7459735   5.7962999  -0.0503264
 357  8  0.74 -0.43  0.80   1.6701628   1.7514750  -0.0813122
 358  8  0.74 -0.43  1.00  -0.5703121  -0.5564670  -0.0138451
 359  8  0.74 -0.43  1.20  -1.5213850  -1.5314699   0.0100849
 360  8  0.74 -0.43  1.40  -1.7362715  -1.7243387  -0.0119328
 361  8  0.74 -0.43  1.60  -1.5822073  -1.5420989  -0.0401084
 362  8  0.74 -0.43  1.80  -1.2673290  -1.2289746  -0.0383545
 363  8  0.74 -0.43  2.00  -0.9057170  -0.9146491   0.0089321
 364  8  0.74 -0.43  2.20  -0.5561453  -0.6441223   0.0879770
 365  8  0.74 -0.43  2.40  -0.2912656  -0.4244924   0.1332267
 366  8  0.74 -0.43  2.60  -0.1427234  -0.2713080   0.1285846
 367  8  0.74 -0.43  2.80  -0.0677455  -0.1571038   0.0893583
 368  8  0.74 -0.43  3.00  -0.0328937  -0.0810297   0.0481360
 369  8  0.74 -0.43  3.20  -0.0170492  -0.0303073   0.0132580
 370  8  0.74 -0.43  3.40  -0.0098951  -0.0002770  -0.0096181
 371  8  0.74 -0.43  3.60  -0.0067037   0.0098361  -0.0165398
 372  8  0.74 -0.43  3.80  -0.0052577   0.0175032  -0.0227609
 373  8  0.74 -0.43  4.00  -0.0045156   0.0207252  -0.0252408
 374  8  0.74 -0.43  4.20  -0.0039826   0.0137120  -0.0176947
 375  8  0.74 -0.43  4.40  -0.0034795   0.0129242  -0.0164037
 376  8  0.74 -0.43  4.60  -0.0029563   0.0080707  -0.0110270
 377  8  0.74 -0.43  4.80  -0.0024144   0.0025480  -0.0049624
 378  8  0.74 -0.43  5.00  -0.0018812   0.0020474  -0.0039286
 379  8  0.74 -0.43  5.20  -0.0013866  -0.0002363  -0.0011504
 380  8  0.74 -0.43  5.40  -0.0009474  -0.0000170  -0.0009305
 381  8  0.74 -0.43  5.60  -0.0005659  -0.0000007  -0.0005652
 382  8  0.74 -0.43  5.80  -0.0002438  -0.0000000  -0.0002438
 383  8  0.74 -0.43  6.00   0.0000083  -0.0000000   0.0000084
 384  9  1.24 -0.43 -3.80   3.1667892   2.9132624   0.2535268
 385  9  1.24 -0.43 -3.60   0.2718311   0.2184849   0.0533462
 386  9  1.24 -0.43 -3.40  -0.6406194  -0.6233797  -0.0172396
 387  9  1.24 -0.43 -3.20  -0.7313751  -0.7035204  -0.0278547
 388  9  1.24 -0.43 -3.00  -0.4597942  -0.4388675  -0.0209267
 389  9  1.24 -0.43 -2.80  -0.0505398  -0.0083537  -0.0421860
 390  9  1.24 -0.43 -2.60   0.2881238   0.3663249  -0.0782011
 391  9  1.24 -0.43 -2.40   0.3715391   0.4690538  -0.0975147
 392  9  1.24 -0.43 -2.20   0.1473970   0.2249446  -0.0775476
 393  9  1.24 -0.43 -2.00  -0.2663590  -0.2473435  -0.0190155
 394  9  1.24 -0.43 -1.80  -0.6812113  -0.7447730   0.0635617
 395  9  1.24 -0.43 -1.60  -0.9712501  -1.1056626   0.1344125
 396  9  1.24 -0.43 -1.40  -1.1194357  -1.2949934   0.1755577
 397  9  1.24 -0.43 -1.20  -1.1680154  -1.3706962   0.2026808
 398  9  1.24 -0.43 -1.00  -1.1426471  -1.3734295   0.2307824
 399  9  1.24 -0.43 -0.80  -1.0196947  -1.2559205   0.2362258
 400  9  1.24 -0.43 -0.60  -0.7646742  -0.9527894   0.1881151
 401  9  1.24 -0.43 -0.40  -0.4113169  -0.5293988   0.1180819
 402  9  1.24 -0.43 -0.20  -0.1031688  -0.1460283   0.0428595
 403  9  1.24 -0.43  0.00  -0.0282388  -0.0127115  -0.0155274
 404  9  1.24 -0.43  0.20  -0.2769841  -0.2341936  -0.0427905
 405  9  1.24 -0.43  0.40  -0.7615207  -0.7164917  -0.0450290
 406  9  1.24 -0.43  0.60  -1.2835875  -1.2345825  -0.0490050
 407  9  1.24 -0.43  0.80  -1.6692335  -1.6047610  -0.0644725
 408  9  1.24 -0.43  1.00  -1.8417137  -1.7466544  -0.0950593
 409  9  1.24 -0.43  1.20  -1.8098693  -1.6773423  -0.1325271
 410  9  1.24 -0.43  1.40  -1.6250876  -1.4712948  -0.1537929
 411  9  1.24 -0.43  1.60  -1.3478245  -1.2001648  -0.1476597
 412  9  1.24 -0.43  1.80  -1.0308091  -0.9246853  -0.1061239
 413  9  1.24 -0.43  2.00  -0.7112328  -0.6730778  -0.0381550
 414  9  1.24 -0.43  2.20  -0.4140700  -0.4654772   0.0514072
 415  9  1.24 -0.43  2.40  -0.2171433  -0.3083497   0.0912064
 416  9  1.24 -0.43  2.60  -0.1072022  -0.1936394   0.0864373
 417  9  1.24 -0.43  2.80  -0.0518748  -0.1093680   0.0574932
 418  9  1.24 -0.43  3.00  -0.0258912  -0.0528078   0.0269166
 419  9  1.24 -0.43  3.20  -0.0139953  -0.0176947   0.0036994
 420  9  1.24 -0.43  3.40  -0.0086314   0.0022931  -0.0109245
 421  9  1.24 -0.43  3.60  -0.0062494   0.0143372  -0.0205866
 422  9  1.24 -0.43  3.80  -0.0051427   0.0190092  -0.0241520
 423  9  1.24 -0.43  4.00  -0.0045037   0.0196527  -0.0241564
 424  9  1.24 -0.43  4.20  -0.0040086   0.0168671  -0.0208757
 425  9  1.24 -0.43  4.40  -0.0035119   0.0148799  -0.0183918
 426  9  1.24 -0.43  4.60  -0.0029851   0.0128061  -0.0157912
 427  9  1.24 -0.43  4.80  -0.0024347   0.0059434  -0.0083782
 428  9  1.24 -0.43  5.00  -0.0018921   0.0003105  -0.0022026
 429  9  1.24 -0.43  5.20  -0.0013948  -0.0000838  -0.0013110
 430  9  1.24 -0.43  5.40  -0.0009583  -0.0000041  -0.0009542
 431  9  1.24 -0.43  5.60  -0.0005785  -0.0000002  -0.0005784
 432  9  1.24 -0.43  5.80  -0.0002554  -0.0000000  -0.0002554
 433  9  1.24 -0.43  6.00  -0.0000047  -0.0000000  -0.0000047
 434 10  1.49 -0.86 -3.80   7.0795160   6.3834163   0.6960997
 435 10  1.49 -0.86 -3.60   1.3667311   1.1771556   0.1895755
 436 10  1.49 -0.86 -3.40  -0.4991558  -0.5657694   0.0666137
 437 10  1.49 -0.86 -3.20  -1.0240881  -1.0293406   0.0052525
 438 10  1.49 -0.86 -3.00  -1.1174713  -1.0983857  -0.0190856
 439 10  1.49 -0.86 -2.80  -1.0857216  -1.0546171  -0.0311045
 440 10  1.49 -0.86 -2.60  -1.0435948  -0.9957644  -0.0478304
 441 10  1.49 -0.86 -2.40  -1.0413499  -0.9845208  -0.0568292
 442 10  1.49 -0.86 -2.20  -1.0861071  -1.0367939  -0.0493132
 443 10  1.49 -0.86 -2.00  -1.1493283  -1.1403084  -0.0090199
 444 10  1.49 -0.86 -1.80  -1.1911338  -1.2422630   0.0511292
 445 10  1.49 -0.86 -1.60  -1.1933137  -1.3045829   0.1112691
 446 10  1.49 -0.86 -1.40  -1.1754482  -1.3332698   0.1578216
 447 10  1.49 -0.86 -1.20  -1.1773397  -1.3656485   0.1883087
 448 10  1.49 -0.86 -1.00  -1.2207245  -1.4213759   0.2006514
 449 10  1.49 -0.86 -0.80  -1.2891257  -1.4758543   0.1867285
 450 10  1.49 -0.86 -0.60  -1.3484606  -1.5141074   0.1656469
 451 10  1.49 -0.86 -0.40  -1.3848672  -1.4858655   0.1009983
 452 10  1.49 -0.86 -0.20  -1.4199336  -1.4483399   0.0284063
 453 10  1.49 -0.86  0.00  -1.4908863  -1.4706973  -0.0201890
 454 10  1.49 -0.86  0.20  -1.6152269  -1.5583004  -0.0569265
 455 10  1.49 -0.86  0.40  -1.7706858  -1.6764304  -0.0942553
 456 10  1.49 -0.86  0.60  -1.9050154  -1.7680199  -0.1369956
 457 10  1.49 -0.86  0.80  -1.9645906  -1.7849879  -0.1796027
 458 10  1.49 -0.86  1.00  -1.9188650  -1.7017188  -0.2171462
 459 10  1.49 -0.86  1.20  -1.7675721  -1.5273974  -0.2401747
 460 10  1.49 -0.86  1.40  -1.5334294  -1.3012644  -0.2321650
 461 10  1.49 -0.86  1.60  -1.2488399  -1.0502003  -0.1986396
 462 10  1.49 -0.86  1.80  -0.9444720  -0.7975023  -0.1469697
 463 10  1.49 -0.86  2.00  -0.6436750  -0.5739560  -0.0697189
 464 10  1.49 -0.86  2.20  -0.3689339  -0.3918851   0.0229513
 465 10  1.49 -0.86  2.40  -0.1936786  -0.2683912   0.0747127
 466 10  1.49 -0.86  2.60  -0.0960258  -0.1844418   0.0884159
 467 10  1.49 -0.86  2.80  -0.0468218  -0.1052700   0.0584481
 468 10  1.49 -0.86  3.00  -0.0236380  -0.0488521   0.0252141
 469 10  1.49 -0.86  3.20  -0.0130173  -0.0120029  -0.0010143
 470 10  1.49 -0.86  3.40  -0.0082413   0.0104417  -0.0186830
 471 10  1.49 -0.86  3.60  -0.0061235   0.0225441  -0.0286676
 472 10  1.49 -0.86  3.80  -0.0051172   0.0220783  -0.0271956
 473 10  1.49 -0.86  4.00  -0.0045018   0.0150484  -0.0195502
 474 10  1.49 -0.86  4.20  -0.0040017   0.0159219  -0.0199235
 475 10  1.49 -0.86  4.40  -0.0035248   0.0156328  -0.0191576
 476 10  1.49 -0.86  4.60  -0.0030019   0.0143186  -0.0173205
 477 10  1.49 -0.86  4.80  -0.0024457   0.0090134  -0.0114591
 478 10  1.49 -0.86  5.00  -0.0018945  -0.0002164  -0.0016781
 479 10  1.49 -0.86  5.20  -0.0013926  -0.0000270  -0.0013656
 480 10  1.49 -0.86  5.40  -0.0009545  -0.0000012  -0.0009532
 481 10  1.49 -0.86  5.60  -0.0005731  -0.0000000  -0.0005731
 482 10  1.49 -0.86  5.80  -0.0002497  -0.0000000  -0.0002497
 483 10  1.49 -0.86  6.00   0.0000000  -0.0000000   0.0000000
 rms error=  0.10472538607549024     
